17-Jan-2021 13:14:03.789 INFO [main] org.apache.catalina.startup.VersionLoggerListener.log Nombre de la versión del servidor: Apache Tomcat/9.0.41
17-Jan-2021 13:14:03.810 INFO [main] org.apache.catalina.startup.VersionLoggerListener.log Server built:                      Dec 3 2020 11:43:00 UTC
17-Jan-2021 13:14:03.810 INFO [main] org.apache.catalina.startup.VersionLoggerListener.log Número de versión de servidor:     9.0.41.0
17-Jan-2021 13:14:03.811 INFO [main] org.apache.catalina.startup.VersionLoggerListener.log OS Name:                           Mac OS X
17-Jan-2021 13:14:03.811 INFO [main] org.apache.catalina.startup.VersionLoggerListener.log Versión de Systema Operativo:      10.14.6
17-Jan-2021 13:14:03.811 INFO [main] org.apache.catalina.startup.VersionLoggerListener.log Arquitectura:                      x86_64
17-Jan-2021 13:14:03.812 INFO [main] org.apache.catalina.startup.VersionLoggerListener.log Java Home:                         /Library/Java/JavaVirtualMachines/jdk-11.0.8.jdk/Contents/Home
17-Jan-2021 13:14:03.812 INFO [main] org.apache.catalina.startup.VersionLoggerListener.log JVM Version:                       11.0.8+10-LTS
17-Jan-2021 13:14:03.812 INFO [main] org.apache.catalina.startup.VersionLoggerListener.log Vededor JVM:                       Oracle Corporation
17-Jan-2021 13:14:03.812 INFO [main] org.apache.catalina.startup.VersionLoggerListener.log CATALINA_BASE:                     /Users/antonio/Desktop/netbeans/Accesodatos/apache-tomcat-9.0.41
17-Jan-2021 13:14:03.813 INFO [main] org.apache.catalina.startup.VersionLoggerListener.log CATALINA_HOME:                     /Users/antonio/Desktop/netbeans/Accesodatos/apache-tomcat-9.0.41
17-Jan-2021 13:14:03.835 INFO [main] org.apache.catalina.startup.VersionLoggerListener.log Command line argument:             --add-opens=java.base/java.lang=ALL-UNNAMED
17-Jan-2021 13:14:03.836 INFO [main] org.apache.catalina.startup.VersionLoggerListener.log Command line argument:             --add-opens=java.base/java.io=ALL-UNNAMED
17-Jan-2021 13:14:03.836 INFO [main] org.apache.catalina.startup.VersionLoggerListener.log Command line argument:             --add-opens=java.rmi/sun.rmi.transport=ALL-UNNAMED
17-Jan-2021 13:14:03.836 INFO [main] org.apache.catalina.startup.VersionLoggerListener.log Command line argument:             -Djava.util.logging.config.file=/Users/antonio/Desktop/netbeans/Accesodatos/apache-tomcat-9.0.41/conf/logging.properties
17-Jan-2021 13:14:03.836 INFO [main] org.apache.catalina.startup.VersionLoggerListener.log Command line argument:             -Djava.util.logging.manager=org.apache.juli.ClassLoaderLogManager
17-Jan-2021 13:14:03.836 INFO [main] org.apache.catalina.startup.VersionLoggerListener.log Command line argument:             -Dhttp.nonProxyHosts=localhost|127.0.0.1|MacBook-Pro-de-antonio.local
17-Jan-2021 13:14:03.836 INFO [main] org.apache.catalina.startup.VersionLoggerListener.log Command line argument:             -Djdk.tls.ephemeralDHKeySize=2048
17-Jan-2021 13:14:03.836 INFO [main] org.apache.catalina.startup.VersionLoggerListener.log Command line argument:             -Djava.protocol.handler.pkgs=org.apache.catalina.webresources
17-Jan-2021 13:14:03.837 INFO [main] org.apache.catalina.startup.VersionLoggerListener.log Command line argument:             -Dorg.apache.catalina.security.SecurityListener.UMASK=0027
17-Jan-2021 13:14:03.837 INFO [main] org.apache.catalina.startup.VersionLoggerListener.log Command line argument:             -Dignore.endorsed.dirs=
17-Jan-2021 13:14:03.838 INFO [main] org.apache.catalina.startup.VersionLoggerListener.log Command line argument:             -Dcatalina.base=/Users/antonio/Desktop/netbeans/Accesodatos/apache-tomcat-9.0.41
17-Jan-2021 13:14:03.862 INFO [main] org.apache.catalina.startup.VersionLoggerListener.log Command line argument:             -Dcatalina.home=/Users/antonio/Desktop/netbeans/Accesodatos/apache-tomcat-9.0.41
17-Jan-2021 13:14:03.862 INFO [main] org.apache.catalina.startup.VersionLoggerListener.log Command line argument:             -Djava.io.tmpdir=/Users/antonio/Desktop/netbeans/Accesodatos/apache-tomcat-9.0.41/temp
17-Jan-2021 13:14:03.871 INFO [main] org.apache.catalina.core.AprLifecycleListener.lifecycleEvent La biblioteca nativa de Apache Tomcat basada en ARP que permite un rendimiento óptimo en entornos de desarrollo no ha sido hallada en java.library.path: [/Users/antonio/Library/Java/Extensions:/Library/Java/Extensions:/Network/Library/Java/Extensions:/System/Library/Java/Extensions:/usr/lib/java:.]
17-Jan-2021 13:14:06.045 INFO [main] org.apache.coyote.AbstractProtocol.init Inicializando el manejador de protocolo ["http-nio-8084"]

17-Jan-2021 13:14:06.323 INFO [main] org.apache.catalina.startup.Catalina.load Server initialization in [3862] milliseconds
17-Jan-2021 13:14:06.638 INFO [main] org.apache.catalina.core.StandardService.startInternal Arrancando servicio [Catalina]
17-Jan-2021 13:14:06.638 INFO [main] org.apache.catalina.core.StandardEngine.startInternal Starting Servlet engine: [Apache Tomcat/9.0.41]
17-Jan-2021 13:14:06.663 INFO [main] org.apache.catalina.startup.HostConfig.deployDescriptor Desplieque del descriptor de configuración [/Users/antonio/Desktop/netbeans/Accesodatos/apache-tomcat-9.0.41/conf/Catalina/localhost/WEBCOMPRIM.xml]
17-Jan-2021 13:14:06.796 WARNING [main] org.apache.catalina.startup.HostConfig.deployDescriptor The path attribute with value [/WEBCOMPRIM] in deployment descriptor [/Users/antonio/Desktop/netbeans/Accesodatos/apache-tomcat-9.0.41/conf/Catalina/localhost/WEBCOMPRIM.xml] has been ignored
17-Jan-2021 13:14:06.939 SEVERE [main] org.apache.catalina.startup.HostConfig.deployDescriptor Error durante el despliegue del descriptor de configuración [/Users/antonio/Desktop/netbeans/Accesodatos/apache-tomcat-9.0.41/conf/Catalina/localhost/WEBCOMPRIM.xml]
	java.lang.IllegalStateException: Error starting child
		at org.apache.catalina.core.ContainerBase.addChildInternal(ContainerBase.java:720)
		at org.apache.catalina.core.ContainerBase.addChild(ContainerBase.java:690)
		at org.apache.catalina.core.StandardHost.addChild(StandardHost.java:706)
		at org.apache.catalina.startup.HostConfig.deployDescriptor(HostConfig.java:631)
		at org.apache.catalina.startup.HostConfig$DeployDescriptor.run(HostConfig.java:1830)
		at java.base/java.util.concurrent.Executors$RunnableAdapter.call(Executors.java:515)
		at java.base/java.util.concurrent.FutureTask.run(FutureTask.java:264)
		at org.apache.tomcat.util.threads.InlineExecutorService.execute(InlineExecutorService.java:75)
		at java.base/java.util.concurrent.AbstractExecutorService.submit(AbstractExecutorService.java:118)
		at org.apache.catalina.startup.HostConfig.deployDescriptors(HostConfig.java:526)
		at org.apache.catalina.startup.HostConfig.deployApps(HostConfig.java:425)
		at org.apache.catalina.startup.HostConfig.start(HostConfig.java:1576)
		at org.apache.catalina.startup.HostConfig.lifecycleEvent(HostConfig.java:309)
		at org.apache.catalina.util.LifecycleBase.fireLifecycleEvent(LifecycleBase.java:123)
		at org.apache.catalina.util.LifecycleBase.setStateInternal(LifecycleBase.java:423)
		at org.apache.catalina.util.LifecycleBase.setState(LifecycleBase.java:366)
		at org.apache.catalina.core.ContainerBase.startInternal(ContainerBase.java:936)
		at org.apache.catalina.core.StandardHost.startInternal(StandardHost.java:843)
		at org.apache.catalina.util.LifecycleBase.start(LifecycleBase.java:183)
		at org.apache.catalina.core.ContainerBase$StartChild.call(ContainerBase.java:1384)
		at org.apache.catalina.core.ContainerBase$StartChild.call(ContainerBase.java:1374)
		at java.base/java.util.concurrent.FutureTask.run(FutureTask.java:264)
		at org.apache.tomcat.util.threads.InlineExecutorService.execute(InlineExecutorService.java:75)
		at java.base/java.util.concurrent.AbstractExecutorService.submit(AbstractExecutorService.java:140)
		at org.apache.catalina.core.ContainerBase.startInternal(ContainerBase.java:909)
		at org.apache.catalina.core.StandardEngine.startInternal(StandardEngine.java:262)
		at org.apache.catalina.util.LifecycleBase.start(LifecycleBase.java:183)
		at org.apache.catalina.core.StandardService.startInternal(StandardService.java:434)
		at org.apache.catalina.util.LifecycleBase.start(LifecycleBase.java:183)
		at org.apache.catalina.core.StandardServer.startInternal(StandardServer.java:930)
		at org.apache.catalina.util.LifecycleBase.start(LifecycleBase.java:183)
		at org.apache.catalina.startup.Catalina.start(Catalina.java:772)
		at java.base/jdk.internal.reflect.NativeMethodAccessorImpl.invoke0(Native Method)
		at java.base/jdk.internal.reflect.NativeMethodAccessorImpl.invoke(NativeMethodAccessorImpl.java:62)
		at java.base/jdk.internal.reflect.DelegatingMethodAccessorImpl.invoke(DelegatingMethodAccessorImpl.java:43)
		at java.base/java.lang.reflect.Method.invoke(Method.java:566)
		at org.apache.catalina.startup.Bootstrap.start(Bootstrap.java:342)
		at org.apache.catalina.startup.Bootstrap.main(Bootstrap.java:473)
	Caused by: org.apache.catalina.LifecycleException: Failed to start component [org.apache.catalina.webresources.StandardRoot@253d9f73]
		at org.apache.catalina.util.LifecycleBase.handleSubClassException(LifecycleBase.java:440)
		at org.apache.catalina.util.LifecycleBase.start(LifecycleBase.java:198)
		at org.apache.catalina.core.StandardContext.resourcesStart(StandardContext.java:4830)
		at org.apache.catalina.core.StandardContext.startInternal(StandardContext.java:4966)
		at org.apache.catalina.util.LifecycleBase.start(LifecycleBase.java:183)
		at org.apache.catalina.core.ContainerBase.addChildInternal(ContainerBase.java:717)
		... 37 more
	Caused by: java.lang.IllegalArgumentException: The main resource set specified [/Users/antonio/Desktop/netbeans/Accesodatos/WEBCOMPRIM/target/WEBCOMPRIM-1.0] is not valid
		at org.apache.catalina.webresources.StandardRoot.createMainResourceSet(StandardRoot.java:751)
		at org.apache.catalina.webresources.StandardRoot.startInternal(StandardRoot.java:708)
		at org.apache.catalina.util.LifecycleBase.start(LifecycleBase.java:183)
		... 41 more
17-Jan-2021 13:14:06.950 INFO [main] org.apache.catalina.startup.HostConfig.deployDescriptor Deployment of deployment descriptor [/Users/antonio/Desktop/netbeans/Accesodatos/apache-tomcat-9.0.41/conf/Catalina/localhost/WEBCOMPRIM.xml] has finished in [283] ms
17-Jan-2021 13:14:06.950 INFO [main] org.apache.catalina.startup.HostConfig.deployDescriptor Desplieque del descriptor de configuración [/Users/antonio/Desktop/netbeans/Accesodatos/apache-tomcat-9.0.41/conf/Catalina/localhost/Wcom.xml]
17-Jan-2021 13:14:06.954 WARNING [main] org.apache.catalina.startup.HostConfig.deployDescriptor The path attribute with value [/Wcom] in deployment descriptor [/Users/antonio/Desktop/netbeans/Accesodatos/apache-tomcat-9.0.41/conf/Catalina/localhost/Wcom.xml] has been ignored
17-Jan-2021 13:14:06.959 SEVERE [main] org.apache.catalina.startup.HostConfig.deployDescriptor Error durante el despliegue del descriptor de configuración [/Users/antonio/Desktop/netbeans/Accesodatos/apache-tomcat-9.0.41/conf/Catalina/localhost/Wcom.xml]
	java.lang.IllegalStateException: Error starting child
		at org.apache.catalina.core.ContainerBase.addChildInternal(ContainerBase.java:720)
		at org.apache.catalina.core.ContainerBase.addChild(ContainerBase.java:690)
		at org.apache.catalina.core.StandardHost.addChild(StandardHost.java:706)
		at org.apache.catalina.startup.HostConfig.deployDescriptor(HostConfig.java:631)
		at org.apache.catalina.startup.HostConfig$DeployDescriptor.run(HostConfig.java:1830)
		at java.base/java.util.concurrent.Executors$RunnableAdapter.call(Executors.java:515)
		at java.base/java.util.concurrent.FutureTask.run(FutureTask.java:264)
		at org.apache.tomcat.util.threads.InlineExecutorService.execute(InlineExecutorService.java:75)
		at java.base/java.util.concurrent.AbstractExecutorService.submit(AbstractExecutorService.java:118)
		at org.apache.catalina.startup.HostConfig.deployDescriptors(HostConfig.java:526)
		at org.apache.catalina.startup.HostConfig.deployApps(HostConfig.java:425)
		at org.apache.catalina.startup.HostConfig.start(HostConfig.java:1576)
		at org.apache.catalina.startup.HostConfig.lifecycleEvent(HostConfig.java:309)
		at org.apache.catalina.util.LifecycleBase.fireLifecycleEvent(LifecycleBase.java:123)
		at org.apache.catalina.util.LifecycleBase.setStateInternal(LifecycleBase.java:423)
		at org.apache.catalina.util.LifecycleBase.setState(LifecycleBase.java:366)
		at org.apache.catalina.core.ContainerBase.startInternal(ContainerBase.java:936)
		at org.apache.catalina.core.StandardHost.startInternal(StandardHost.java:843)
		at org.apache.catalina.util.LifecycleBase.start(LifecycleBase.java:183)
		at org.apache.catalina.core.ContainerBase$StartChild.call(ContainerBase.java:1384)
		at org.apache.catalina.core.ContainerBase$StartChild.call(ContainerBase.java:1374)
		at java.base/java.util.concurrent.FutureTask.run(FutureTask.java:264)
		at org.apache.tomcat.util.threads.InlineExecutorService.execute(InlineExecutorService.java:75)
		at java.base/java.util.concurrent.AbstractExecutorService.submit(AbstractExecutorService.java:140)
		at org.apache.catalina.core.ContainerBase.startInternal(ContainerBase.java:909)
		at org.apache.catalina.core.StandardEngine.startInternal(StandardEngine.java:262)
		at org.apache.catalina.util.LifecycleBase.start(LifecycleBase.java:183)
		at org.apache.catalina.core.StandardService.startInternal(StandardService.java:434)
		at org.apache.catalina.util.LifecycleBase.start(LifecycleBase.java:183)
		at org.apache.catalina.core.StandardServer.startInternal(StandardServer.java:930)
		at org.apache.catalina.util.LifecycleBase.start(LifecycleBase.java:183)
		at org.apache.catalina.startup.Catalina.start(Catalina.java:772)
		at java.base/jdk.internal.reflect.NativeMethodAccessorImpl.invoke0(Native Method)
		at java.base/jdk.internal.reflect.NativeMethodAccessorImpl.invoke(NativeMethodAccessorImpl.java:62)
		at java.base/jdk.internal.reflect.DelegatingMethodAccessorImpl.invoke(DelegatingMethodAccessorImpl.java:43)
		at java.base/java.lang.reflect.Method.invoke(Method.java:566)
		at org.apache.catalina.startup.Bootstrap.start(Bootstrap.java:342)
		at org.apache.catalina.startup.Bootstrap.main(Bootstrap.java:473)
	Caused by: org.apache.catalina.LifecycleException: Failed to start component [org.apache.catalina.webresources.StandardRoot@7502291e]
		at org.apache.catalina.util.LifecycleBase.handleSubClassException(LifecycleBase.java:440)
		at org.apache.catalina.util.LifecycleBase.start(LifecycleBase.java:198)
		at org.apache.catalina.core.StandardContext.resourcesStart(StandardContext.java:4830)
		at org.apache.catalina.core.StandardContext.startInternal(StandardContext.java:4966)
		at org.apache.catalina.util.LifecycleBase.start(LifecycleBase.java:183)
		at org.apache.catalina.core.ContainerBase.addChildInternal(ContainerBase.java:717)
		... 37 more
	Caused by: java.lang.IllegalArgumentException: The main resource set specified [/Users/antonio/Desktop/netbeans/Accesodatos/Wcom/target/WebComprin-1.0] is not valid
		at org.apache.catalina.webresources.StandardRoot.createMainResourceSet(StandardRoot.java:751)
		at org.apache.catalina.webresources.StandardRoot.startInternal(StandardRoot.java:708)
		at org.apache.catalina.util.LifecycleBase.start(LifecycleBase.java:183)
		... 41 more
17-Jan-2021 13:14:06.962 INFO [main] org.apache.catalina.startup.HostConfig.deployDescriptor Deployment of deployment descriptor [/Users/antonio/Desktop/netbeans/Accesodatos/apache-tomcat-9.0.41/conf/Catalina/localhost/Wcom.xml] has finished in [12] ms
17-Jan-2021 13:14:06.962 INFO [main] org.apache.catalina.startup.HostConfig.deployDescriptor Desplieque del descriptor de configuración [/Users/antonio/Desktop/netbeans/Accesodatos/apache-tomcat-9.0.41/conf/Catalina/localhost/WEMCOMPRIN1.xml]
17-Jan-2021 13:14:06.963 WARNING [main] org.apache.catalina.startup.HostConfig.deployDescriptor The path attribute with value [/WEMCOMPRIN1] in deployment descriptor [/Users/antonio/Desktop/netbeans/Accesodatos/apache-tomcat-9.0.41/conf/Catalina/localhost/WEMCOMPRIN1.xml] has been ignored
17-Jan-2021 13:14:12.924 INFO [main] org.apache.jasper.servlet.TldScanner.scanJars Al menos un JAR, que se ha explorado buscando TLDs, aún no contenía TLDs. Activar historial de depuración para este historiador para una completa lista de los JARs que fueron explorados y de los que nos se halló TLDs. Saltarse JARs no necesarios durante la exploración puede dar lugar a una mejora de tiempo significativa en el arranque y compilación de JSP .
17-Jan-2021 13:14:13.328 INFO [main] org.apache.catalina.startup.HostConfig.deployDescriptor Deployment of deployment descriptor [/Users/antonio/Desktop/netbeans/Accesodatos/apache-tomcat-9.0.41/conf/Catalina/localhost/WEMCOMPRIN1.xml] has finished in [6.365] ms
17-Jan-2021 13:14:13.328 INFO [main] org.apache.catalina.startup.HostConfig.deployDescriptor Desplieque del descriptor de configuración [/Users/antonio/Desktop/netbeans/Accesodatos/apache-tomcat-9.0.41/conf/Catalina/localhost/Agendaweb.xml]
17-Jan-2021 13:14:13.332 WARNING [main] org.apache.catalina.startup.HostConfig.deployDescriptor The path attribute with value [/Agendaweb] in deployment descriptor [/Users/antonio/Desktop/netbeans/Accesodatos/apache-tomcat-9.0.41/conf/Catalina/localhost/Agendaweb.xml] has been ignored
17-Jan-2021 13:14:16.741 INFO [main] org.apache.jasper.servlet.TldScanner.scanJars Al menos un JAR, que se ha explorado buscando TLDs, aún no contenía TLDs. Activar historial de depuración para este historiador para una completa lista de los JARs que fueron explorados y de los que nos se halló TLDs. Saltarse JARs no necesarios durante la exploración puede dar lugar a una mejora de tiempo significativa en el arranque y compilación de JSP .
17-Jan-2021 13:14:16.761 INFO [main] org.apache.catalina.startup.HostConfig.deployDescriptor Deployment of deployment descriptor [/Users/antonio/Desktop/netbeans/Accesodatos/apache-tomcat-9.0.41/conf/Catalina/localhost/Agendaweb.xml] has finished in [3.433] ms
17-Jan-2021 13:14:16.761 INFO [main] org.apache.catalina.startup.HostConfig.deployDescriptor Desplieque del descriptor de configuración [/Users/antonio/Desktop/netbeans/Accesodatos/apache-tomcat-9.0.41/conf/Catalina/localhost/NuevaAgendaWebJPA.xml]
17-Jan-2021 13:14:16.763 WARNING [main] org.apache.catalina.startup.HostConfig.deployDescriptor The path attribute with value [/NuevaAgendaWebJPA] in deployment descriptor [/Users/antonio/Desktop/netbeans/Accesodatos/apache-tomcat-9.0.41/conf/Catalina/localhost/NuevaAgendaWebJPA.xml] has been ignored
17-Jan-2021 13:14:18.701 INFO [main] org.apache.jasper.servlet.TldScanner.scanJars Al menos un JAR, que se ha explorado buscando TLDs, aún no contenía TLDs. Activar historial de depuración para este historiador para una completa lista de los JARs que fueron explorados y de los que nos se halló TLDs. Saltarse JARs no necesarios durante la exploración puede dar lugar a una mejora de tiempo significativa en el arranque y compilación de JSP .
17-Jan-2021 13:14:18.724 INFO [main] org.apache.catalina.startup.HostConfig.deployDescriptor Deployment of deployment descriptor [/Users/antonio/Desktop/netbeans/Accesodatos/apache-tomcat-9.0.41/conf/Catalina/localhost/NuevaAgendaWebJPA.xml] has finished in [1.962] ms
17-Jan-2021 13:14:18.727 INFO [main] org.apache.catalina.startup.HostConfig.deployDirectory Desplegando el directorio [/Users/antonio/Desktop/netbeans/Accesodatos/apache-tomcat-9.0.41/webapps/docs] de la aplicación web
17-Jan-2021 13:14:18.783 INFO [main] org.apache.catalina.startup.HostConfig.deployDirectory Deployment of web application directory [/Users/antonio/Desktop/netbeans/Accesodatos/apache-tomcat-9.0.41/webapps/docs] has finished in [55] ms
17-Jan-2021 13:14:18.783 INFO [main] org.apache.catalina.startup.HostConfig.deployDirectory Desplegando el directorio [/Users/antonio/Desktop/netbeans/Accesodatos/apache-tomcat-9.0.41/webapps/manager] de la aplicación web
17-Jan-2021 13:14:18.870 INFO [main] org.apache.catalina.startup.HostConfig.deployDirectory Deployment of web application directory [/Users/antonio/Desktop/netbeans/Accesodatos/apache-tomcat-9.0.41/webapps/manager] has finished in [87] ms
17-Jan-2021 13:14:18.871 INFO [main] org.apache.catalina.startup.HostConfig.deployDirectory Desplegando el directorio [/Users/antonio/Desktop/netbeans/Accesodatos/apache-tomcat-9.0.41/webapps/examples] de la aplicación web
17-Jan-2021 13:14:19.501 INFO [main] org.apache.catalina.startup.HostConfig.deployDirectory Deployment of web application directory [/Users/antonio/Desktop/netbeans/Accesodatos/apache-tomcat-9.0.41/webapps/examples] has finished in [630] ms
17-Jan-2021 13:14:19.502 INFO [main] org.apache.catalina.startup.HostConfig.deployDirectory Desplegando el directorio [/Users/antonio/Desktop/netbeans/Accesodatos/apache-tomcat-9.0.41/webapps/ROOT] de la aplicación web
17-Jan-2021 13:14:19.570 INFO [main] org.apache.catalina.startup.HostConfig.deployDirectory Deployment of web application directory [/Users/antonio/Desktop/netbeans/Accesodatos/apache-tomcat-9.0.41/webapps/ROOT] has finished in [64] ms
17-Jan-2021 13:14:19.573 INFO [main] org.apache.catalina.startup.HostConfig.deployDirectory Desplegando el directorio [/Users/antonio/Desktop/netbeans/Accesodatos/apache-tomcat-9.0.41/webapps/host-manager] de la aplicación web
17-Jan-2021 13:14:19.627 INFO [main] org.apache.catalina.startup.HostConfig.deployDirectory Deployment of web application directory [/Users/antonio/Desktop/netbeans/Accesodatos/apache-tomcat-9.0.41/webapps/host-manager] has finished in [54] ms
17-Jan-2021 13:14:19.645 INFO [main] org.apache.coyote.AbstractProtocol.start Starting ProtocolHandler ["http-nio-8084"]
17-Jan-2021 13:14:19.682 INFO [main] org.apache.catalina.startup.Catalina.start Server startup in [13358] milliseconds
17-Jan-2021 13:14:23.076 INFO [http-nio-8084-exec-1] org.apache.catalina.startup.HostConfig.undeploy Repliegue (undeploy) de la aplicación web que tiene como trayectoria de contexto [/WEMCOMPRIN1]
17-Jan-2021 13:14:23.114 INFO [http-nio-8084-exec-7] org.apache.catalina.startup.HostConfig.deployDescriptor Desplieque del descriptor de configuración [/Users/antonio/Desktop/netbeans/Accesodatos/apache-tomcat-9.0.41/conf/Catalina/localhost/WEMCOMPRIN1.xml]
17-Jan-2021 13:14:23.116 WARNING [http-nio-8084-exec-7] org.apache.catalina.startup.HostConfig.deployDescriptor The path attribute with value [/WEMCOMPRIN1] in deployment descriptor [/Users/antonio/Desktop/netbeans/Accesodatos/apache-tomcat-9.0.41/conf/Catalina/localhost/WEMCOMPRIN1.xml] has been ignored
17-Jan-2021 13:14:26.523 INFO [http-nio-8084-exec-7] org.apache.jasper.servlet.TldScanner.scanJars Al menos un JAR, que se ha explorado buscando TLDs, aún no contenía TLDs. Activar historial de depuración para este historiador para una completa lista de los JARs que fueron explorados y de los que nos se halló TLDs. Saltarse JARs no necesarios durante la exploración puede dar lugar a una mejora de tiempo significativa en el arranque y compilación de JSP .
17-Jan-2021 13:14:26.547 INFO [http-nio-8084-exec-7] org.apache.catalina.startup.HostConfig.deployDescriptor Deployment of deployment descriptor [/Users/antonio/Desktop/netbeans/Accesodatos/apache-tomcat-9.0.41/conf/Catalina/localhost/WEMCOMPRIN1.xml] has finished in [3.432] ms
17-Jan-2021 13:14:26.573 INFO [http-nio-8084-exec-7] org.apache.catalina.util.LifecycleBase.start The start() method was called on component [StandardEngine[Catalina].StandardHost[localhost].StandardContext[/WEMCOMPRIN1]] after start() had already been called. The second call will be ignored.
17-Jan-2021 13:14:56.166 INFO [main] org.apache.catalina.core.StandardServer.await Se ha recibido un comando de apagado a través del puerto de apagado. Parando la instancia del Servidor.
17-Jan-2021 13:14:56.167 INFO [main] org.apache.coyote.AbstractProtocol.pause Pausing ProtocolHandler ["http-nio-8084"]
17-Jan-2021 13:14:56.175 INFO [main] org.apache.catalina.core.StandardService.stopInternal Parando servicio [Catalina]
17-Jan-2021 13:14:56.222 INFO [main] org.apache.coyote.AbstractProtocol.stop Stopping ProtocolHandler ["http-nio-8084"]
17-Jan-2021 13:14:56.281 INFO [main] org.apache.coyote.AbstractProtocol.destroy Destroying ProtocolHandler ["http-nio-8084"]
17-Jan-2021 13:15:38.987 INFO [main] org.apache.catalina.startup.VersionLoggerListener.log Nombre de la versión del servidor: Apache Tomcat/9.0.41
17-Jan-2021 13:15:38.994 INFO [main] org.apache.catalina.startup.VersionLoggerListener.log Server built:                      Dec 3 2020 11:43:00 UTC
17-Jan-2021 13:15:38.995 INFO [main] org.apache.catalina.startup.VersionLoggerListener.log Número de versión de servidor:     9.0.41.0
17-Jan-2021 13:15:38.995 INFO [main] org.apache.catalina.startup.VersionLoggerListener.log OS Name:                           Mac OS X
17-Jan-2021 13:15:38.997 INFO [main] org.apache.catalina.startup.VersionLoggerListener.log Versión de Systema Operativo:      10.14.6
17-Jan-2021 13:15:38.997 INFO [main] org.apache.catalina.startup.VersionLoggerListener.log Arquitectura:                      x86_64
17-Jan-2021 13:15:38.998 INFO [main] org.apache.catalina.startup.VersionLoggerListener.log Java Home:                         /Library/Java/JavaVirtualMachines/jdk-11.0.8.jdk/Contents/Home
17-Jan-2021 13:15:38.998 INFO [main] org.apache.catalina.startup.VersionLoggerListener.log JVM Version:                       11.0.8+10-LTS
17-Jan-2021 13:15:38.998 INFO [main] org.apache.catalina.startup.VersionLoggerListener.log Vededor JVM:                       Oracle Corporation
17-Jan-2021 13:15:38.998 INFO [main] org.apache.catalina.startup.VersionLoggerListener.log CATALINA_BASE:                     /Users/antonio/Desktop/netbeans/Accesodatos/apache-tomcat-9.0.41
17-Jan-2021 13:15:38.998 INFO [main] org.apache.catalina.startup.VersionLoggerListener.log CATALINA_HOME:                     /Users/antonio/Desktop/netbeans/Accesodatos/apache-tomcat-9.0.41
17-Jan-2021 13:15:39.033 INFO [main] org.apache.catalina.startup.VersionLoggerListener.log Command line argument:             --add-opens=java.base/java.lang=ALL-UNNAMED
17-Jan-2021 13:15:39.034 INFO [main] org.apache.catalina.startup.VersionLoggerListener.log Command line argument:             --add-opens=java.base/java.io=ALL-UNNAMED
17-Jan-2021 13:15:39.034 INFO [main] org.apache.catalina.startup.VersionLoggerListener.log Command line argument:             --add-opens=java.rmi/sun.rmi.transport=ALL-UNNAMED
17-Jan-2021 13:15:39.034 INFO [main] org.apache.catalina.startup.VersionLoggerListener.log Command line argument:             -Djava.util.logging.config.file=/Users/antonio/Desktop/netbeans/Accesodatos/apache-tomcat-9.0.41/conf/logging.properties
17-Jan-2021 13:15:39.034 INFO [main] org.apache.catalina.startup.VersionLoggerListener.log Command line argument:             -Djava.util.logging.manager=org.apache.juli.ClassLoaderLogManager
17-Jan-2021 13:15:39.035 INFO [main] org.apache.catalina.startup.VersionLoggerListener.log Command line argument:             -Dhttp.nonProxyHosts=localhost|127.0.0.1|MacBook-Pro-de-antonio.local
17-Jan-2021 13:15:39.035 INFO [main] org.apache.catalina.startup.VersionLoggerListener.log Command line argument:             -Djdk.tls.ephemeralDHKeySize=2048
17-Jan-2021 13:15:39.037 INFO [main] org.apache.catalina.startup.VersionLoggerListener.log Command line argument:             -Djava.protocol.handler.pkgs=org.apache.catalina.webresources
17-Jan-2021 13:15:39.037 INFO [main] org.apache.catalina.startup.VersionLoggerListener.log Command line argument:             -Dorg.apache.catalina.security.SecurityListener.UMASK=0027
17-Jan-2021 13:15:39.037 INFO [main] org.apache.catalina.startup.VersionLoggerListener.log Command line argument:             -Dignore.endorsed.dirs=
17-Jan-2021 13:15:39.037 INFO [main] org.apache.catalina.startup.VersionLoggerListener.log Command line argument:             -Dcatalina.base=/Users/antonio/Desktop/netbeans/Accesodatos/apache-tomcat-9.0.41
17-Jan-2021 13:15:39.037 INFO [main] org.apache.catalina.startup.VersionLoggerListener.log Command line argument:             -Dcatalina.home=/Users/antonio/Desktop/netbeans/Accesodatos/apache-tomcat-9.0.41
17-Jan-2021 13:15:39.037 INFO [main] org.apache.catalina.startup.VersionLoggerListener.log Command line argument:             -Djava.io.tmpdir=/Users/antonio/Desktop/netbeans/Accesodatos/apache-tomcat-9.0.41/temp
17-Jan-2021 13:15:39.102 INFO [main] org.apache.catalina.core.AprLifecycleListener.lifecycleEvent La biblioteca nativa de Apache Tomcat basada en ARP que permite un rendimiento óptimo en entornos de desarrollo no ha sido hallada en java.library.path: [/Users/antonio/Library/Java/Extensions:/Library/Java/Extensions:/Network/Library/Java/Extensions:/System/Library/Java/Extensions:/usr/lib/java:.]
17-Jan-2021 13:15:41.341 INFO [main] org.apache.coyote.AbstractProtocol.init Inicializando el manejador de protocolo ["http-nio-8084"]

17-Jan-2021 13:15:41.588 INFO [main] org.apache.catalina.startup.Catalina.load Server initialization in [4066] milliseconds
17-Jan-2021 13:15:41.889 INFO [main] org.apache.catalina.core.StandardService.startInternal Arrancando servicio [Catalina]
17-Jan-2021 13:15:41.899 INFO [main] org.apache.catalina.core.StandardEngine.startInternal Starting Servlet engine: [Apache Tomcat/9.0.41]
17-Jan-2021 13:15:41.916 INFO [main] org.apache.catalina.startup.HostConfig.deployDescriptor Desplieque del descriptor de configuración [/Users/antonio/Desktop/netbeans/Accesodatos/apache-tomcat-9.0.41/conf/Catalina/localhost/WEBCOMPRIM.xml]
17-Jan-2021 13:15:42.043 WARNING [main] org.apache.catalina.startup.HostConfig.deployDescriptor The path attribute with value [/WEBCOMPRIM] in deployment descriptor [/Users/antonio/Desktop/netbeans/Accesodatos/apache-tomcat-9.0.41/conf/Catalina/localhost/WEBCOMPRIM.xml] has been ignored
17-Jan-2021 13:15:42.151 SEVERE [main] org.apache.catalina.startup.HostConfig.deployDescriptor Error durante el despliegue del descriptor de configuración [/Users/antonio/Desktop/netbeans/Accesodatos/apache-tomcat-9.0.41/conf/Catalina/localhost/WEBCOMPRIM.xml]
	java.lang.IllegalStateException: Error starting child
		at org.apache.catalina.core.ContainerBase.addChildInternal(ContainerBase.java:720)
		at org.apache.catalina.core.ContainerBase.addChild(ContainerBase.java:690)
		at org.apache.catalina.core.StandardHost.addChild(StandardHost.java:706)
		at org.apache.catalina.startup.HostConfig.deployDescriptor(HostConfig.java:631)
		at org.apache.catalina.startup.HostConfig$DeployDescriptor.run(HostConfig.java:1830)
		at java.base/java.util.concurrent.Executors$RunnableAdapter.call(Executors.java:515)
		at java.base/java.util.concurrent.FutureTask.run(FutureTask.java:264)
		at org.apache.tomcat.util.threads.InlineExecutorService.execute(InlineExecutorService.java:75)
		at java.base/java.util.concurrent.AbstractExecutorService.submit(AbstractExecutorService.java:118)
		at org.apache.catalina.startup.HostConfig.deployDescriptors(HostConfig.java:526)
		at org.apache.catalina.startup.HostConfig.deployApps(HostConfig.java:425)
		at org.apache.catalina.startup.HostConfig.start(HostConfig.java:1576)
		at org.apache.catalina.startup.HostConfig.lifecycleEvent(HostConfig.java:309)
		at org.apache.catalina.util.LifecycleBase.fireLifecycleEvent(LifecycleBase.java:123)
		at org.apache.catalina.util.LifecycleBase.setStateInternal(LifecycleBase.java:423)
		at org.apache.catalina.util.LifecycleBase.setState(LifecycleBase.java:366)
		at org.apache.catalina.core.ContainerBase.startInternal(ContainerBase.java:936)
		at org.apache.catalina.core.StandardHost.startInternal(StandardHost.java:843)
		at org.apache.catalina.util.LifecycleBase.start(LifecycleBase.java:183)
		at org.apache.catalina.core.ContainerBase$StartChild.call(ContainerBase.java:1384)
		at org.apache.catalina.core.ContainerBase$StartChild.call(ContainerBase.java:1374)
		at java.base/java.util.concurrent.FutureTask.run(FutureTask.java:264)
		at org.apache.tomcat.util.threads.InlineExecutorService.execute(InlineExecutorService.java:75)
		at java.base/java.util.concurrent.AbstractExecutorService.submit(AbstractExecutorService.java:140)
		at org.apache.catalina.core.ContainerBase.startInternal(ContainerBase.java:909)
		at org.apache.catalina.core.StandardEngine.startInternal(StandardEngine.java:262)
		at org.apache.catalina.util.LifecycleBase.start(LifecycleBase.java:183)
		at org.apache.catalina.core.StandardService.startInternal(StandardService.java:434)
		at org.apache.catalina.util.LifecycleBase.start(LifecycleBase.java:183)
		at org.apache.catalina.core.StandardServer.startInternal(StandardServer.java:930)
		at org.apache.catalina.util.LifecycleBase.start(LifecycleBase.java:183)
		at org.apache.catalina.startup.Catalina.start(Catalina.java:772)
		at java.base/jdk.internal.reflect.NativeMethodAccessorImpl.invoke0(Native Method)
		at java.base/jdk.internal.reflect.NativeMethodAccessorImpl.invoke(NativeMethodAccessorImpl.java:62)
		at java.base/jdk.internal.reflect.DelegatingMethodAccessorImpl.invoke(DelegatingMethodAccessorImpl.java:43)
		at java.base/java.lang.reflect.Method.invoke(Method.java:566)
		at org.apache.catalina.startup.Bootstrap.start(Bootstrap.java:342)
		at org.apache.catalina.startup.Bootstrap.main(Bootstrap.java:473)
	Caused by: org.apache.catalina.LifecycleException: Failed to start component [org.apache.catalina.webresources.StandardRoot@7e3181aa]
		at org.apache.catalina.util.LifecycleBase.handleSubClassException(LifecycleBase.java:440)
		at org.apache.catalina.util.LifecycleBase.start(LifecycleBase.java:198)
		at org.apache.catalina.core.StandardContext.resourcesStart(StandardContext.java:4830)
		at org.apache.catalina.core.StandardContext.startInternal(StandardContext.java:4966)
		at org.apache.catalina.util.LifecycleBase.start(LifecycleBase.java:183)
		at org.apache.catalina.core.ContainerBase.addChildInternal(ContainerBase.java:717)
		... 37 more
	Caused by: java.lang.IllegalArgumentException: The main resource set specified [/Users/antonio/Desktop/netbeans/Accesodatos/WEBCOMPRIM/target/WEBCOMPRIM-1.0] is not valid
		at org.apache.catalina.webresources.StandardRoot.createMainResourceSet(StandardRoot.java:751)
		at org.apache.catalina.webresources.StandardRoot.startInternal(StandardRoot.java:708)
		at org.apache.catalina.util.LifecycleBase.start(LifecycleBase.java:183)
		... 41 more
17-Jan-2021 13:15:42.156 INFO [main] org.apache.catalina.startup.HostConfig.deployDescriptor Deployment of deployment descriptor [/Users/antonio/Desktop/netbeans/Accesodatos/apache-tomcat-9.0.41/conf/Catalina/localhost/WEBCOMPRIM.xml] has finished in [237] ms
17-Jan-2021 13:15:42.156 INFO [main] org.apache.catalina.startup.HostConfig.deployDescriptor Desplieque del descriptor de configuración [/Users/antonio/Desktop/netbeans/Accesodatos/apache-tomcat-9.0.41/conf/Catalina/localhost/Wcom.xml]
17-Jan-2021 13:15:42.157 WARNING [main] org.apache.catalina.startup.HostConfig.deployDescriptor The path attribute with value [/Wcom] in deployment descriptor [/Users/antonio/Desktop/netbeans/Accesodatos/apache-tomcat-9.0.41/conf/Catalina/localhost/Wcom.xml] has been ignored
17-Jan-2021 13:15:42.164 SEVERE [main] org.apache.catalina.startup.HostConfig.deployDescriptor Error durante el despliegue del descriptor de configuración [/Users/antonio/Desktop/netbeans/Accesodatos/apache-tomcat-9.0.41/conf/Catalina/localhost/Wcom.xml]
	java.lang.IllegalStateException: Error starting child
		at org.apache.catalina.core.ContainerBase.addChildInternal(ContainerBase.java:720)
		at org.apache.catalina.core.ContainerBase.addChild(ContainerBase.java:690)
		at org.apache.catalina.core.StandardHost.addChild(StandardHost.java:706)
		at org.apache.catalina.startup.HostConfig.deployDescriptor(HostConfig.java:631)
		at org.apache.catalina.startup.HostConfig$DeployDescriptor.run(HostConfig.java:1830)
		at java.base/java.util.concurrent.Executors$RunnableAdapter.call(Executors.java:515)
		at java.base/java.util.concurrent.FutureTask.run(FutureTask.java:264)
		at org.apache.tomcat.util.threads.InlineExecutorService.execute(InlineExecutorService.java:75)
		at java.base/java.util.concurrent.AbstractExecutorService.submit(AbstractExecutorService.java:118)
		at org.apache.catalina.startup.HostConfig.deployDescriptors(HostConfig.java:526)
		at org.apache.catalina.startup.HostConfig.deployApps(HostConfig.java:425)
		at org.apache.catalina.startup.HostConfig.start(HostConfig.java:1576)
		at org.apache.catalina.startup.HostConfig.lifecycleEvent(HostConfig.java:309)
		at org.apache.catalina.util.LifecycleBase.fireLifecycleEvent(LifecycleBase.java:123)
		at org.apache.catalina.util.LifecycleBase.setStateInternal(LifecycleBase.java:423)
		at org.apache.catalina.util.LifecycleBase.setState(LifecycleBase.java:366)
		at org.apache.catalina.core.ContainerBase.startInternal(ContainerBase.java:936)
		at org.apache.catalina.core.StandardHost.startInternal(StandardHost.java:843)
		at org.apache.catalina.util.LifecycleBase.start(LifecycleBase.java:183)
		at org.apache.catalina.core.ContainerBase$StartChild.call(ContainerBase.java:1384)
		at org.apache.catalina.core.ContainerBase$StartChild.call(ContainerBase.java:1374)
		at java.base/java.util.concurrent.FutureTask.run(FutureTask.java:264)
		at org.apache.tomcat.util.threads.InlineExecutorService.execute(InlineExecutorService.java:75)
		at java.base/java.util.concurrent.AbstractExecutorService.submit(AbstractExecutorService.java:140)
		at org.apache.catalina.core.ContainerBase.startInternal(ContainerBase.java:909)
		at org.apache.catalina.core.StandardEngine.startInternal(StandardEngine.java:262)
		at org.apache.catalina.util.LifecycleBase.start(LifecycleBase.java:183)
		at org.apache.catalina.core.StandardService.startInternal(StandardService.java:434)
		at org.apache.catalina.util.LifecycleBase.start(LifecycleBase.java:183)
		at org.apache.catalina.core.StandardServer.startInternal(StandardServer.java:930)
		at org.apache.catalina.util.LifecycleBase.start(LifecycleBase.java:183)
		at org.apache.catalina.startup.Catalina.start(Catalina.java:772)
		at java.base/jdk.internal.reflect.NativeMethodAccessorImpl.invoke0(Native Method)
		at java.base/jdk.internal.reflect.NativeMethodAccessorImpl.invoke(NativeMethodAccessorImpl.java:62)
		at java.base/jdk.internal.reflect.DelegatingMethodAccessorImpl.invoke(DelegatingMethodAccessorImpl.java:43)
		at java.base/java.lang.reflect.Method.invoke(Method.java:566)
		at org.apache.catalina.startup.Bootstrap.start(Bootstrap.java:342)
		at org.apache.catalina.startup.Bootstrap.main(Bootstrap.java:473)
	Caused by: org.apache.catalina.LifecycleException: Failed to start component [org.apache.catalina.webresources.StandardRoot@487db668]
		at org.apache.catalina.util.LifecycleBase.handleSubClassException(LifecycleBase.java:440)
		at org.apache.catalina.util.LifecycleBase.start(LifecycleBase.java:198)
		at org.apache.catalina.core.StandardContext.resourcesStart(StandardContext.java:4830)
		at org.apache.catalina.core.StandardContext.startInternal(StandardContext.java:4966)
		at org.apache.catalina.util.LifecycleBase.start(LifecycleBase.java:183)
		at org.apache.catalina.core.ContainerBase.addChildInternal(ContainerBase.java:717)
		... 37 more
	Caused by: java.lang.IllegalArgumentException: The main resource set specified [/Users/antonio/Desktop/netbeans/Accesodatos/Wcom/target/WebComprin-1.0] is not valid
		at org.apache.catalina.webresources.StandardRoot.createMainResourceSet(StandardRoot.java:751)
		at org.apache.catalina.webresources.StandardRoot.startInternal(StandardRoot.java:708)
		at org.apache.catalina.util.LifecycleBase.start(LifecycleBase.java:183)
		... 41 more
17-Jan-2021 13:15:42.167 INFO [main] org.apache.catalina.startup.HostConfig.deployDescriptor Deployment of deployment descriptor [/Users/antonio/Desktop/netbeans/Accesodatos/apache-tomcat-9.0.41/conf/Catalina/localhost/Wcom.xml] has finished in [11] ms
17-Jan-2021 13:15:42.167 INFO [main] org.apache.catalina.startup.HostConfig.deployDescriptor Desplieque del descriptor de configuración [/Users/antonio/Desktop/netbeans/Accesodatos/apache-tomcat-9.0.41/conf/Catalina/localhost/WEMCOMPRIN1.xml]
17-Jan-2021 13:15:42.169 WARNING [main] org.apache.catalina.startup.HostConfig.deployDescriptor The path attribute with value [/WEMCOMPRIN1] in deployment descriptor [/Users/antonio/Desktop/netbeans/Accesodatos/apache-tomcat-9.0.41/conf/Catalina/localhost/WEMCOMPRIN1.xml] has been ignored
17-Jan-2021 13:15:47.949 INFO [main] org.apache.jasper.servlet.TldScanner.scanJars Al menos un JAR, que se ha explorado buscando TLDs, aún no contenía TLDs. Activar historial de depuración para este historiador para una completa lista de los JARs que fueron explorados y de los que nos se halló TLDs. Saltarse JARs no necesarios durante la exploración puede dar lugar a una mejora de tiempo significativa en el arranque y compilación de JSP .
17-Jan-2021 13:15:48.062 INFO [main] org.apache.catalina.startup.HostConfig.deployDescriptor Deployment of deployment descriptor [/Users/antonio/Desktop/netbeans/Accesodatos/apache-tomcat-9.0.41/conf/Catalina/localhost/WEMCOMPRIN1.xml] has finished in [5.895] ms
17-Jan-2021 13:15:48.063 INFO [main] org.apache.catalina.startup.HostConfig.deployDescriptor Desplieque del descriptor de configuración [/Users/antonio/Desktop/netbeans/Accesodatos/apache-tomcat-9.0.41/conf/Catalina/localhost/Agendaweb.xml]
17-Jan-2021 13:15:48.064 WARNING [main] org.apache.catalina.startup.HostConfig.deployDescriptor The path attribute with value [/Agendaweb] in deployment descriptor [/Users/antonio/Desktop/netbeans/Accesodatos/apache-tomcat-9.0.41/conf/Catalina/localhost/Agendaweb.xml] has been ignored
17-Jan-2021 13:15:51.814 INFO [main] org.apache.jasper.servlet.TldScanner.scanJars Al menos un JAR, que se ha explorado buscando TLDs, aún no contenía TLDs. Activar historial de depuración para este historiador para una completa lista de los JARs que fueron explorados y de los que nos se halló TLDs. Saltarse JARs no necesarios durante la exploración puede dar lugar a una mejora de tiempo significativa en el arranque y compilación de JSP .
17-Jan-2021 13:15:51.888 INFO [main] org.apache.catalina.startup.HostConfig.deployDescriptor Deployment of deployment descriptor [/Users/antonio/Desktop/netbeans/Accesodatos/apache-tomcat-9.0.41/conf/Catalina/localhost/Agendaweb.xml] has finished in [3.825] ms
17-Jan-2021 13:15:51.889 INFO [main] org.apache.catalina.startup.HostConfig.deployDescriptor Desplieque del descriptor de configuración [/Users/antonio/Desktop/netbeans/Accesodatos/apache-tomcat-9.0.41/conf/Catalina/localhost/NuevaAgendaWebJPA.xml]
17-Jan-2021 13:15:51.907 WARNING [main] org.apache.catalina.startup.HostConfig.deployDescriptor The path attribute with value [/NuevaAgendaWebJPA] in deployment descriptor [/Users/antonio/Desktop/netbeans/Accesodatos/apache-tomcat-9.0.41/conf/Catalina/localhost/NuevaAgendaWebJPA.xml] has been ignored
17-Jan-2021 13:15:56.046 INFO [main] org.apache.jasper.servlet.TldScanner.scanJars Al menos un JAR, que se ha explorado buscando TLDs, aún no contenía TLDs. Activar historial de depuración para este historiador para una completa lista de los JARs que fueron explorados y de los que nos se halló TLDs. Saltarse JARs no necesarios durante la exploración puede dar lugar a una mejora de tiempo significativa en el arranque y compilación de JSP .
17-Jan-2021 13:15:56.111 INFO [main] org.apache.catalina.startup.HostConfig.deployDescriptor Deployment of deployment descriptor [/Users/antonio/Desktop/netbeans/Accesodatos/apache-tomcat-9.0.41/conf/Catalina/localhost/NuevaAgendaWebJPA.xml] has finished in [4.221] ms
17-Jan-2021 13:15:56.120 INFO [main] org.apache.catalina.startup.HostConfig.deployDirectory Desplegando el directorio [/Users/antonio/Desktop/netbeans/Accesodatos/apache-tomcat-9.0.41/webapps/docs] de la aplicación web
17-Jan-2021 13:15:56.195 INFO [main] org.apache.catalina.startup.HostConfig.deployDirectory Deployment of web application directory [/Users/antonio/Desktop/netbeans/Accesodatos/apache-tomcat-9.0.41/webapps/docs] has finished in [75] ms
17-Jan-2021 13:15:56.195 INFO [main] org.apache.catalina.startup.HostConfig.deployDirectory Desplegando el directorio [/Users/antonio/Desktop/netbeans/Accesodatos/apache-tomcat-9.0.41/webapps/manager] de la aplicación web
17-Jan-2021 13:15:56.327 INFO [main] org.apache.catalina.startup.HostConfig.deployDirectory Deployment of web application directory [/Users/antonio/Desktop/netbeans/Accesodatos/apache-tomcat-9.0.41/webapps/manager] has finished in [131] ms
17-Jan-2021 13:15:56.327 INFO [main] org.apache.catalina.startup.HostConfig.deployDirectory Desplegando el directorio [/Users/antonio/Desktop/netbeans/Accesodatos/apache-tomcat-9.0.41/webapps/examples] de la aplicación web
17-Jan-2021 13:15:57.183 INFO [main] org.apache.catalina.startup.HostConfig.deployDirectory Deployment of web application directory [/Users/antonio/Desktop/netbeans/Accesodatos/apache-tomcat-9.0.41/webapps/examples] has finished in [856] ms
17-Jan-2021 13:15:57.183 INFO [main] org.apache.catalina.startup.HostConfig.deployDirectory Desplegando el directorio [/Users/antonio/Desktop/netbeans/Accesodatos/apache-tomcat-9.0.41/webapps/ROOT] de la aplicación web
17-Jan-2021 13:15:57.292 INFO [main] org.apache.catalina.startup.HostConfig.deployDirectory Deployment of web application directory [/Users/antonio/Desktop/netbeans/Accesodatos/apache-tomcat-9.0.41/webapps/ROOT] has finished in [109] ms
17-Jan-2021 13:15:57.292 INFO [main] org.apache.catalina.startup.HostConfig.deployDirectory Desplegando el directorio [/Users/antonio/Desktop/netbeans/Accesodatos/apache-tomcat-9.0.41/webapps/host-manager] de la aplicación web
17-Jan-2021 13:15:57.432 INFO [main] org.apache.catalina.startup.HostConfig.deployDirectory Deployment of web application directory [/Users/antonio/Desktop/netbeans/Accesodatos/apache-tomcat-9.0.41/webapps/host-manager] has finished in [123] ms
17-Jan-2021 13:15:57.479 INFO [main] org.apache.coyote.AbstractProtocol.start Starting ProtocolHandler ["http-nio-8084"]
17-Jan-2021 13:15:57.533 INFO [main] org.apache.catalina.startup.Catalina.start Server startup in [15934] milliseconds
17-Jan-2021 13:16:00.985 INFO [http-nio-8084-exec-2] org.apache.catalina.startup.HostConfig.undeploy Repliegue (undeploy) de la aplicación web que tiene como trayectoria de contexto [/WEMCOMPRIN1]
17-Jan-2021 13:16:01.045 INFO [http-nio-8084-exec-5] org.apache.catalina.startup.HostConfig.deployDescriptor Desplieque del descriptor de configuración [/Users/antonio/Desktop/netbeans/Accesodatos/apache-tomcat-9.0.41/conf/Catalina/localhost/WEMCOMPRIN1.xml]
17-Jan-2021 13:16:01.047 WARNING [http-nio-8084-exec-5] org.apache.catalina.startup.HostConfig.deployDescriptor The path attribute with value [/WEMCOMPRIN1] in deployment descriptor [/Users/antonio/Desktop/netbeans/Accesodatos/apache-tomcat-9.0.41/conf/Catalina/localhost/WEMCOMPRIN1.xml] has been ignored
17-Jan-2021 13:16:05.315 INFO [http-nio-8084-exec-5] org.apache.jasper.servlet.TldScanner.scanJars Al menos un JAR, que se ha explorado buscando TLDs, aún no contenía TLDs. Activar historial de depuración para este historiador para una completa lista de los JARs que fueron explorados y de los que nos se halló TLDs. Saltarse JARs no necesarios durante la exploración puede dar lugar a una mejora de tiempo significativa en el arranque y compilación de JSP .
17-Jan-2021 13:16:05.384 INFO [http-nio-8084-exec-5] org.apache.catalina.startup.HostConfig.deployDescriptor Deployment of deployment descriptor [/Users/antonio/Desktop/netbeans/Accesodatos/apache-tomcat-9.0.41/conf/Catalina/localhost/WEMCOMPRIN1.xml] has finished in [4.338] ms
17-Jan-2021 13:16:05.415 INFO [http-nio-8084-exec-6] org.apache.catalina.util.LifecycleBase.start The start() method was called on component [StandardEngine[Catalina].StandardHost[localhost].StandardContext[/WEMCOMPRIN1]] after start() had already been called. The second call will be ignored.
17-Jan-2021 13:18:16.262 INFO [http-nio-8084-exec-14] org.apache.catalina.core.StandardContext.reload Ha comenzado la recarga de Contexto [/WEMCOMPRIN1]
17-Jan-2021 13:18:16.283 WARNING [http-nio-8084-exec-14] org.apache.catalina.loader.WebappClassLoaderBase.clearReferencesJdbc La aplicación web [WEMCOMPRIN1] registró el conductor JDBC [com.mysql.cj.jdbc.Driver] pero falló al anular el registro mientras la aplicación web estaba parada. Para prevenir un fallo de memoria, se ha anulado el registro del conductor JDBC por la fuerza.
17-Jan-2021 13:18:16.284 WARNING [http-nio-8084-exec-14] org.apache.catalina.loader.WebappClassLoaderBase.clearReferencesThreads The web application [WEMCOMPRIN1] appears to have started a thread named [mysql-cj-abandoned-connection-cleanup] but has failed to stop it. This is very likely to create a memory leak. Stack trace of thread:
 java.base@11.0.8/java.lang.Object.wait(Native Method)
 java.base@11.0.8/java.lang.ref.ReferenceQueue.remove(ReferenceQueue.java:155)
 com.mysql.cj.jdbc.AbandonedConnectionCleanupThread.run(AbandonedConnectionCleanupThread.java:85)
 java.base@11.0.8/java.util.concurrent.ThreadPoolExecutor.runWorker(ThreadPoolExecutor.java:1128)
 java.base@11.0.8/java.util.concurrent.ThreadPoolExecutor$Worker.run(ThreadPoolExecutor.java:628)
 java.base@11.0.8/java.lang.Thread.run(Thread.java:834)
17-Jan-2021 13:18:16.331 INFO [33] org.apache.catalina.loader.WebappClassLoaderBase.checkStateForResourceLoading Acceso ilegal: esta instancia de aplicación web ya ha sido parada.  Could not load [].  La eventual traza de pila que sigue ha sido motivada por un error lanzado con motivos de depuración así como para intentar terminar el hilo que motivó el acceso ilegal y no tiene impacto funcional.
	java.lang.IllegalStateException: Acceso ilegal: esta instancia de aplicación web ya ha sido parada.  Could not load [].  La eventual traza de pila que sigue ha sido motivada por un error lanzado con motivos de depuración así como para intentar terminar el hilo que motivó el acceso ilegal y no tiene impacto funcional.
		at org.apache.catalina.loader.WebappClassLoaderBase.checkStateForResourceLoading(WebappClassLoaderBase.java:1385)
		at org.apache.catalina.loader.WebappClassLoaderBase.getResource(WebappClassLoaderBase.java:1038)
		at com.mysql.cj.jdbc.AbandonedConnectionCleanupThread.checkThreadContextClassLoader(AbandonedConnectionCleanupThread.java:117)
		at com.mysql.cj.jdbc.AbandonedConnectionCleanupThread.run(AbandonedConnectionCleanupThread.java:84)
		at java.base/java.util.concurrent.ThreadPoolExecutor.runWorker(ThreadPoolExecutor.java:1128)
		at java.base/java.util.concurrent.ThreadPoolExecutor$Worker.run(ThreadPoolExecutor.java:628)
		at java.base/java.lang.Thread.run(Thread.java:834)
17-Jan-2021 13:18:20.278 INFO [http-nio-8084-exec-14] org.apache.jasper.servlet.TldScanner.scanJars Al menos un JAR, que se ha explorado buscando TLDs, aún no contenía TLDs. Activar historial de depuración para este historiador para una completa lista de los JARs que fueron explorados y de los que nos se halló TLDs. Saltarse JARs no necesarios durante la exploración puede dar lugar a una mejora de tiempo significativa en el arranque y compilación de JSP .
17-Jan-2021 13:18:20.354 INFO [http-nio-8084-exec-14] org.apache.catalina.core.StandardContext.reload Se ha completado la recarga de este Contexto
17-Jan-2021 13:18:22.525 INFO [http-nio-8084-exec-16] org.apache.catalina.core.StandardContext.reload Ha comenzado la recarga de Contexto [/WEMCOMPRIN1]
17-Jan-2021 13:18:24.585 INFO [http-nio-8084-exec-16] org.apache.jasper.servlet.TldScanner.scanJars Al menos un JAR, que se ha explorado buscando TLDs, aún no contenía TLDs. Activar historial de depuración para este historiador para una completa lista de los JARs que fueron explorados y de los que nos se halló TLDs. Saltarse JARs no necesarios durante la exploración puede dar lugar a una mejora de tiempo significativa en el arranque y compilación de JSP .
17-Jan-2021 13:18:24.601 INFO [http-nio-8084-exec-16] org.apache.catalina.core.StandardContext.reload Se ha completado la recarga de este Contexto
17-Jan-2021 13:18:58.046 INFO [http-nio-8084-exec-22] org.apache.catalina.core.StandardContext.reload Ha comenzado la recarga de Contexto [/WEMCOMPRIN1]
17-Jan-2021 13:19:00.493 INFO [http-nio-8084-exec-22] org.apache.jasper.servlet.TldScanner.scanJars Al menos un JAR, que se ha explorado buscando TLDs, aún no contenía TLDs. Activar historial de depuración para este historiador para una completa lista de los JARs que fueron explorados y de los que nos se halló TLDs. Saltarse JARs no necesarios durante la exploración puede dar lugar a una mejora de tiempo significativa en el arranque y compilación de JSP .
17-Jan-2021 13:19:00.508 INFO [http-nio-8084-exec-22] org.apache.catalina.core.StandardContext.reload Se ha completado la recarga de este Contexto
17-Jan-2021 13:23:29.185 INFO [http-nio-8084-exec-27] org.apache.catalina.core.StandardContext.reload Ha comenzado la recarga de Contexto [/WEMCOMPRIN1]
17-Jan-2021 13:23:30.832 INFO [http-nio-8084-exec-27] org.apache.jasper.servlet.TldScanner.scanJars Al menos un JAR, que se ha explorado buscando TLDs, aún no contenía TLDs. Activar historial de depuración para este historiador para una completa lista de los JARs que fueron explorados y de los que nos se halló TLDs. Saltarse JARs no necesarios durante la exploración puede dar lugar a una mejora de tiempo significativa en el arranque y compilación de JSP .
17-Jan-2021 13:23:30.845 INFO [http-nio-8084-exec-27] org.apache.catalina.core.StandardContext.reload Se ha completado la recarga de este Contexto
17-Jan-2021 13:23:57.060 INFO [http-nio-8084-exec-32] org.apache.catalina.core.StandardContext.reload Ha comenzado la recarga de Contexto [/WEMCOMPRIN1]
17-Jan-2021 13:23:58.736 INFO [http-nio-8084-exec-32] org.apache.jasper.servlet.TldScanner.scanJars Al menos un JAR, que se ha explorado buscando TLDs, aún no contenía TLDs. Activar historial de depuración para este historiador para una completa lista de los JARs que fueron explorados y de los que nos se halló TLDs. Saltarse JARs no necesarios durante la exploración puede dar lugar a una mejora de tiempo significativa en el arranque y compilación de JSP .
17-Jan-2021 13:23:58.750 INFO [http-nio-8084-exec-32] org.apache.catalina.core.StandardContext.reload Se ha completado la recarga de este Contexto
17-Jan-2021 13:40:57.948 INFO [http-nio-8084-exec-37] org.apache.catalina.startup.HostConfig.undeploy Repliegue (undeploy) de la aplicación web que tiene como trayectoria de contexto [/WEMCOMPRIN1]
17-Jan-2021 13:41:42.627 INFO [http-nio-8084-exec-42] org.apache.catalina.startup.HostConfig.deployDescriptor Desplieque del descriptor de configuración [/Users/antonio/Desktop/netbeans/Accesodatos/apache-tomcat-9.0.41/conf/Catalina/localhost/WEMCOMPRIN1.xml]
17-Jan-2021 13:41:42.629 WARNING [http-nio-8084-exec-42] org.apache.catalina.startup.HostConfig.deployDescriptor The path attribute with value [/WEMCOMPRIN1] in deployment descriptor [/Users/antonio/Desktop/netbeans/Accesodatos/apache-tomcat-9.0.41/conf/Catalina/localhost/WEMCOMPRIN1.xml] has been ignored
17-Jan-2021 13:41:43.787 INFO [http-nio-8084-exec-42] org.apache.jasper.servlet.TldScanner.scanJars Al menos un JAR, que se ha explorado buscando TLDs, aún no contenía TLDs. Activar historial de depuración para este historiador para una completa lista de los JARs que fueron explorados y de los que nos se halló TLDs. Saltarse JARs no necesarios durante la exploración puede dar lugar a una mejora de tiempo significativa en el arranque y compilación de JSP .
17-Jan-2021 13:41:43.795 INFO [http-nio-8084-exec-42] org.apache.catalina.startup.HostConfig.deployDescriptor Deployment of deployment descriptor [/Users/antonio/Desktop/netbeans/Accesodatos/apache-tomcat-9.0.41/conf/Catalina/localhost/WEMCOMPRIN1.xml] has finished in [1.168] ms
17-Jan-2021 13:41:43.806 INFO [http-nio-8084-exec-35] org.apache.catalina.util.LifecycleBase.start The start() method was called on component [StandardEngine[Catalina].StandardHost[localhost].StandardContext[/WEMCOMPRIN1]] after start() had already been called. The second call will be ignored.
17-Jan-2021 13:41:51.789 INFO [http-nio-8084-exec-41] org.apache.catalina.startup.HostConfig.undeploy Repliegue (undeploy) de la aplicación web que tiene como trayectoria de contexto [/WEMCOMPRIN1]
17-Jan-2021 13:41:51.802 INFO [http-nio-8084-exec-35] org.apache.catalina.startup.HostConfig.deployDescriptor Desplieque del descriptor de configuración [/Users/antonio/Desktop/netbeans/Accesodatos/apache-tomcat-9.0.41/conf/Catalina/localhost/WEMCOMPRIN1.xml]
17-Jan-2021 13:41:51.802 WARNING [http-nio-8084-exec-35] org.apache.catalina.startup.HostConfig.deployDescriptor The path attribute with value [/WEMCOMPRIN1] in deployment descriptor [/Users/antonio/Desktop/netbeans/Accesodatos/apache-tomcat-9.0.41/conf/Catalina/localhost/WEMCOMPRIN1.xml] has been ignored
17-Jan-2021 13:41:52.638 INFO [http-nio-8084-exec-35] org.apache.jasper.servlet.TldScanner.scanJars Al menos un JAR, que se ha explorado buscando TLDs, aún no contenía TLDs. Activar historial de depuración para este historiador para una completa lista de los JARs que fueron explorados y de los que nos se halló TLDs. Saltarse JARs no necesarios durante la exploración puede dar lugar a una mejora de tiempo significativa en el arranque y compilación de JSP .
17-Jan-2021 13:41:52.659 INFO [http-nio-8084-exec-35] org.apache.catalina.startup.HostConfig.deployDescriptor Deployment of deployment descriptor [/Users/antonio/Desktop/netbeans/Accesodatos/apache-tomcat-9.0.41/conf/Catalina/localhost/WEMCOMPRIN1.xml] has finished in [857] ms
17-Jan-2021 13:41:52.670 INFO [http-nio-8084-exec-35] org.apache.catalina.util.LifecycleBase.start The start() method was called on component [StandardEngine[Catalina].StandardHost[localhost].StandardContext[/WEMCOMPRIN1]] after start() had already been called. The second call will be ignored.
17-Jan-2021 13:42:49.022 INFO [http-nio-8084-exec-44] org.apache.catalina.core.StandardContext.reload Ha comenzado la recarga de Contexto [/WEMCOMPRIN1]
17-Jan-2021 13:42:49.051 WARNING [http-nio-8084-exec-44] org.apache.catalina.loader.WebappClassLoaderBase.clearReferencesJdbc La aplicación web [WEMCOMPRIN1] registró el conductor JDBC [com.mysql.cj.jdbc.Driver] pero falló al anular el registro mientras la aplicación web estaba parada. Para prevenir un fallo de memoria, se ha anulado el registro del conductor JDBC por la fuerza.
17-Jan-2021 13:42:49.053 WARNING [http-nio-8084-exec-44] org.apache.catalina.loader.WebappClassLoaderBase.clearReferencesThreads The web application [WEMCOMPRIN1] appears to have started a thread named [mysql-cj-abandoned-connection-cleanup] but has failed to stop it. This is very likely to create a memory leak. Stack trace of thread:
 java.base@11.0.8/java.lang.Object.wait(Native Method)
 java.base@11.0.8/java.lang.ref.ReferenceQueue.remove(ReferenceQueue.java:155)
 com.mysql.cj.jdbc.AbandonedConnectionCleanupThread.run(AbandonedConnectionCleanupThread.java:85)
 java.base@11.0.8/java.util.concurrent.ThreadPoolExecutor.runWorker(ThreadPoolExecutor.java:1128)
 java.base@11.0.8/java.util.concurrent.ThreadPoolExecutor$Worker.run(ThreadPoolExecutor.java:628)
 java.base@11.0.8/java.lang.Thread.run(Thread.java:834)
17-Jan-2021 13:42:49.842 INFO [mysql-cj-abandoned-connection-cleanup] org.apache.catalina.loader.WebappClassLoaderBase.checkStateForResourceLoading Acceso ilegal: esta instancia de aplicación web ya ha sido parada.  Could not load [].  La eventual traza de pila que sigue ha sido motivada por un error lanzado con motivos de depuración así como para intentar terminar el hilo que motivó el acceso ilegal y no tiene impacto funcional.
	java.lang.IllegalStateException: Acceso ilegal: esta instancia de aplicación web ya ha sido parada.  Could not load [].  La eventual traza de pila que sigue ha sido motivada por un error lanzado con motivos de depuración así como para intentar terminar el hilo que motivó el acceso ilegal y no tiene impacto funcional.
		at org.apache.catalina.loader.WebappClassLoaderBase.checkStateForResourceLoading(WebappClassLoaderBase.java:1385)
		at org.apache.catalina.loader.WebappClassLoaderBase.getResource(WebappClassLoaderBase.java:1038)
		at com.mysql.cj.jdbc.AbandonedConnectionCleanupThread.checkThreadContextClassLoader(AbandonedConnectionCleanupThread.java:117)
		at com.mysql.cj.jdbc.AbandonedConnectionCleanupThread.run(AbandonedConnectionCleanupThread.java:84)
		at java.base/java.util.concurrent.ThreadPoolExecutor.runWorker(ThreadPoolExecutor.java:1128)
		at java.base/java.util.concurrent.ThreadPoolExecutor$Worker.run(ThreadPoolExecutor.java:628)
		at java.base/java.lang.Thread.run(Thread.java:834)
17-Jan-2021 13:42:50.302 INFO [http-nio-8084-exec-44] org.apache.jasper.servlet.TldScanner.scanJars Al menos un JAR, que se ha explorado buscando TLDs, aún no contenía TLDs. Activar historial de depuración para este historiador para una completa lista de los JARs que fueron explorados y de los que nos se halló TLDs. Saltarse JARs no necesarios durante la exploración puede dar lugar a una mejora de tiempo significativa en el arranque y compilación de JSP .
17-Jan-2021 13:42:50.313 INFO [http-nio-8084-exec-44] org.apache.catalina.core.StandardContext.reload Se ha completado la recarga de este Contexto
17-Jan-2021 13:42:50.698 INFO [http-nio-8084-exec-41] org.apache.catalina.core.StandardContext.reload Ha comenzado la recarga de Contexto [/WEMCOMPRIN1]
17-Jan-2021 13:42:51.726 INFO [http-nio-8084-exec-41] org.apache.jasper.servlet.TldScanner.scanJars Al menos un JAR, que se ha explorado buscando TLDs, aún no contenía TLDs. Activar historial de depuración para este historiador para una completa lista de los JARs que fueron explorados y de los que nos se halló TLDs. Saltarse JARs no necesarios durante la exploración puede dar lugar a una mejora de tiempo significativa en el arranque y compilación de JSP .
17-Jan-2021 13:42:51.739 INFO [http-nio-8084-exec-41] org.apache.catalina.core.StandardContext.reload Se ha completado la recarga de este Contexto
17-Jan-2021 13:43:47.596 INFO [http-nio-8084-exec-39] org.apache.catalina.core.StandardContext.reload Ha comenzado la recarga de Contexto [/WEMCOMPRIN1]
17-Jan-2021 13:43:48.847 INFO [http-nio-8084-exec-39] org.apache.jasper.servlet.TldScanner.scanJars Al menos un JAR, que se ha explorado buscando TLDs, aún no contenía TLDs. Activar historial de depuración para este historiador para una completa lista de los JARs que fueron explorados y de los que nos se halló TLDs. Saltarse JARs no necesarios durante la exploración puede dar lugar a una mejora de tiempo significativa en el arranque y compilación de JSP .
17-Jan-2021 13:43:48.855 INFO [http-nio-8084-exec-39] org.apache.catalina.core.StandardContext.reload Se ha completado la recarga de este Contexto
17-Jan-2021 13:43:49.229 INFO [http-nio-8084-exec-55] org.apache.catalina.core.StandardContext.reload Ha comenzado la recarga de Contexto [/WEMCOMPRIN1]
17-Jan-2021 13:43:50.610 INFO [http-nio-8084-exec-55] org.apache.jasper.servlet.TldScanner.scanJars Al menos un JAR, que se ha explorado buscando TLDs, aún no contenía TLDs. Activar historial de depuración para este historiador para una completa lista de los JARs que fueron explorados y de los que nos se halló TLDs. Saltarse JARs no necesarios durante la exploración puede dar lugar a una mejora de tiempo significativa en el arranque y compilación de JSP .
17-Jan-2021 13:43:50.618 INFO [http-nio-8084-exec-55] org.apache.catalina.core.StandardContext.reload Se ha completado la recarga de este Contexto
17-Jan-2021 13:43:58.430 INFO [http-nio-8084-exec-56] org.apache.catalina.startup.HostConfig.undeploy Repliegue (undeploy) de la aplicación web que tiene como trayectoria de contexto [/WEMCOMPRIN1]
17-Jan-2021 13:43:58.445 INFO [http-nio-8084-exec-59] org.apache.catalina.startup.HostConfig.deployDescriptor Desplieque del descriptor de configuración [/Users/antonio/Desktop/netbeans/Accesodatos/apache-tomcat-9.0.41/conf/Catalina/localhost/WEMCOMPRIN1.xml]
17-Jan-2021 13:43:58.446 WARNING [http-nio-8084-exec-59] org.apache.catalina.startup.HostConfig.deployDescriptor The path attribute with value [/WEMCOMPRIN1] in deployment descriptor [/Users/antonio/Desktop/netbeans/Accesodatos/apache-tomcat-9.0.41/conf/Catalina/localhost/WEMCOMPRIN1.xml] has been ignored
17-Jan-2021 13:43:59.203 INFO [http-nio-8084-exec-59] org.apache.jasper.servlet.TldScanner.scanJars Al menos un JAR, que se ha explorado buscando TLDs, aún no contenía TLDs. Activar historial de depuración para este historiador para una completa lista de los JARs que fueron explorados y de los que nos se halló TLDs. Saltarse JARs no necesarios durante la exploración puede dar lugar a una mejora de tiempo significativa en el arranque y compilación de JSP .
17-Jan-2021 13:43:59.209 INFO [http-nio-8084-exec-59] org.apache.catalina.startup.HostConfig.deployDescriptor Deployment of deployment descriptor [/Users/antonio/Desktop/netbeans/Accesodatos/apache-tomcat-9.0.41/conf/Catalina/localhost/WEMCOMPRIN1.xml] has finished in [763] ms
17-Jan-2021 13:43:59.216 INFO [http-nio-8084-exec-58] org.apache.catalina.util.LifecycleBase.start The start() method was called on component [StandardEngine[Catalina].StandardHost[localhost].StandardContext[/WEMCOMPRIN1]] after start() had already been called. The second call will be ignored.
17-Jan-2021 13:45:18.807 WARNING [http-nio-8084-exec-44] org.apache.catalina.loader.WebappClassLoaderBase.clearReferencesJdbc La aplicación web [WEMCOMPRIN1] registró el conductor JDBC [com.mysql.cj.jdbc.Driver] pero falló al anular el registro mientras la aplicación web estaba parada. Para prevenir un fallo de memoria, se ha anulado el registro del conductor JDBC por la fuerza.
17-Jan-2021 13:45:18.807 WARNING [http-nio-8084-exec-44] org.apache.catalina.loader.WebappClassLoaderBase.clearReferencesThreads The web application [WEMCOMPRIN1] appears to have started a thread named [mysql-cj-abandoned-connection-cleanup] but has failed to stop it. This is very likely to create a memory leak. Stack trace of thread:
 java.base@11.0.8/java.lang.Object.wait(Native Method)
 java.base@11.0.8/java.lang.ref.ReferenceQueue.remove(ReferenceQueue.java:155)
 com.mysql.cj.jdbc.AbandonedConnectionCleanupThread.run(AbandonedConnectionCleanupThread.java:85)
 java.base@11.0.8/java.util.concurrent.ThreadPoolExecutor.runWorker(ThreadPoolExecutor.java:1128)
 java.base@11.0.8/java.util.concurrent.ThreadPoolExecutor$Worker.run(ThreadPoolExecutor.java:628)
 java.base@11.0.8/java.lang.Thread.run(Thread.java:834)
17-Jan-2021 13:45:19.314 INFO [http-nio-8084-exec-44] org.apache.catalina.startup.HostConfig.undeploy Repliegue (undeploy) de la aplicación web que tiene como trayectoria de contexto [/WEMCOMPRIN1]
17-Jan-2021 13:45:19.326 INFO [http-nio-8084-exec-68] org.apache.catalina.startup.HostConfig.deployDescriptor Desplieque del descriptor de configuración [/Users/antonio/Desktop/netbeans/Accesodatos/apache-tomcat-9.0.41/conf/Catalina/localhost/WEMCOMPRIN1.xml]
17-Jan-2021 13:45:19.327 WARNING [http-nio-8084-exec-68] org.apache.catalina.startup.HostConfig.deployDescriptor The path attribute with value [/WEMCOMPRIN1] in deployment descriptor [/Users/antonio/Desktop/netbeans/Accesodatos/apache-tomcat-9.0.41/conf/Catalina/localhost/WEMCOMPRIN1.xml] has been ignored
17-Jan-2021 13:45:19.381 INFO [mysql-cj-abandoned-connection-cleanup] org.apache.catalina.loader.WebappClassLoaderBase.checkStateForResourceLoading Acceso ilegal: esta instancia de aplicación web ya ha sido parada.  Could not load [].  La eventual traza de pila que sigue ha sido motivada por un error lanzado con motivos de depuración así como para intentar terminar el hilo que motivó el acceso ilegal y no tiene impacto funcional.
	java.lang.IllegalStateException: Acceso ilegal: esta instancia de aplicación web ya ha sido parada.  Could not load [].  La eventual traza de pila que sigue ha sido motivada por un error lanzado con motivos de depuración así como para intentar terminar el hilo que motivó el acceso ilegal y no tiene impacto funcional.
		at org.apache.catalina.loader.WebappClassLoaderBase.checkStateForResourceLoading(WebappClassLoaderBase.java:1385)
		at org.apache.catalina.loader.WebappClassLoaderBase.getResource(WebappClassLoaderBase.java:1038)
		at com.mysql.cj.jdbc.AbandonedConnectionCleanupThread.checkThreadContextClassLoader(AbandonedConnectionCleanupThread.java:117)
		at com.mysql.cj.jdbc.AbandonedConnectionCleanupThread.run(AbandonedConnectionCleanupThread.java:84)
		at java.base/java.util.concurrent.ThreadPoolExecutor.runWorker(ThreadPoolExecutor.java:1128)
		at java.base/java.util.concurrent.ThreadPoolExecutor$Worker.run(ThreadPoolExecutor.java:628)
		at java.base/java.lang.Thread.run(Thread.java:834)
17-Jan-2021 13:45:20.177 INFO [http-nio-8084-exec-68] org.apache.jasper.servlet.TldScanner.scanJars Al menos un JAR, que se ha explorado buscando TLDs, aún no contenía TLDs. Activar historial de depuración para este historiador para una completa lista de los JARs que fueron explorados y de los que nos se halló TLDs. Saltarse JARs no necesarios durante la exploración puede dar lugar a una mejora de tiempo significativa en el arranque y compilación de JSP .
17-Jan-2021 13:45:20.185 INFO [http-nio-8084-exec-68] org.apache.catalina.startup.HostConfig.deployDescriptor Deployment of deployment descriptor [/Users/antonio/Desktop/netbeans/Accesodatos/apache-tomcat-9.0.41/conf/Catalina/localhost/WEMCOMPRIN1.xml] has finished in [859] ms
17-Jan-2021 13:45:20.195 INFO [http-nio-8084-exec-66] org.apache.catalina.util.LifecycleBase.start The start() method was called on component [StandardEngine[Catalina].StandardHost[localhost].StandardContext[/WEMCOMPRIN1]] after start() had already been called. The second call will be ignored.
17-Jan-2021 13:45:59.162 WARNING [http-nio-8084-exec-70] org.apache.catalina.loader.WebappClassLoaderBase.clearReferencesJdbc La aplicación web [WEMCOMPRIN1] registró el conductor JDBC [com.mysql.cj.jdbc.Driver] pero falló al anular el registro mientras la aplicación web estaba parada. Para prevenir un fallo de memoria, se ha anulado el registro del conductor JDBC por la fuerza.
17-Jan-2021 13:45:59.162 WARNING [http-nio-8084-exec-70] org.apache.catalina.loader.WebappClassLoaderBase.clearReferencesThreads The web application [WEMCOMPRIN1] appears to have started a thread named [mysql-cj-abandoned-connection-cleanup] but has failed to stop it. This is very likely to create a memory leak. Stack trace of thread:
 java.base@11.0.8/java.lang.Object.wait(Native Method)
 java.base@11.0.8/java.lang.ref.ReferenceQueue.remove(ReferenceQueue.java:155)
 com.mysql.cj.jdbc.AbandonedConnectionCleanupThread.run(AbandonedConnectionCleanupThread.java:85)
 java.base@11.0.8/java.util.concurrent.ThreadPoolExecutor.runWorker(ThreadPoolExecutor.java:1128)
 java.base@11.0.8/java.util.concurrent.ThreadPoolExecutor$Worker.run(ThreadPoolExecutor.java:628)
 java.base@11.0.8/java.lang.Thread.run(Thread.java:834)
17-Jan-2021 13:45:59.670 INFO [http-nio-8084-exec-70] org.apache.catalina.startup.HostConfig.undeploy Repliegue (undeploy) de la aplicación web que tiene como trayectoria de contexto [/WEMCOMPRIN1]
17-Jan-2021 13:45:59.687 INFO [http-nio-8084-exec-66] org.apache.catalina.startup.HostConfig.deployDescriptor Desplieque del descriptor de configuración [/Users/antonio/Desktop/netbeans/Accesodatos/apache-tomcat-9.0.41/conf/Catalina/localhost/WEMCOMPRIN1.xml]
17-Jan-2021 13:45:59.688 WARNING [http-nio-8084-exec-66] org.apache.catalina.startup.HostConfig.deployDescriptor The path attribute with value [/WEMCOMPRIN1] in deployment descriptor [/Users/antonio/Desktop/netbeans/Accesodatos/apache-tomcat-9.0.41/conf/Catalina/localhost/WEMCOMPRIN1.xml] has been ignored
17-Jan-2021 13:45:59.989 INFO [mysql-cj-abandoned-connection-cleanup] org.apache.catalina.loader.WebappClassLoaderBase.checkStateForResourceLoading Acceso ilegal: esta instancia de aplicación web ya ha sido parada.  Could not load [].  La eventual traza de pila que sigue ha sido motivada por un error lanzado con motivos de depuración así como para intentar terminar el hilo que motivó el acceso ilegal y no tiene impacto funcional.
	java.lang.IllegalStateException: Acceso ilegal: esta instancia de aplicación web ya ha sido parada.  Could not load [].  La eventual traza de pila que sigue ha sido motivada por un error lanzado con motivos de depuración así como para intentar terminar el hilo que motivó el acceso ilegal y no tiene impacto funcional.
		at org.apache.catalina.loader.WebappClassLoaderBase.checkStateForResourceLoading(WebappClassLoaderBase.java:1385)
		at org.apache.catalina.loader.WebappClassLoaderBase.getResource(WebappClassLoaderBase.java:1038)
		at com.mysql.cj.jdbc.AbandonedConnectionCleanupThread.checkThreadContextClassLoader(AbandonedConnectionCleanupThread.java:117)
		at com.mysql.cj.jdbc.AbandonedConnectionCleanupThread.run(AbandonedConnectionCleanupThread.java:84)
		at java.base/java.util.concurrent.ThreadPoolExecutor.runWorker(ThreadPoolExecutor.java:1128)
		at java.base/java.util.concurrent.ThreadPoolExecutor$Worker.run(ThreadPoolExecutor.java:628)
		at java.base/java.lang.Thread.run(Thread.java:834)
17-Jan-2021 13:46:00.534 INFO [http-nio-8084-exec-66] org.apache.jasper.servlet.TldScanner.scanJars Al menos un JAR, que se ha explorado buscando TLDs, aún no contenía TLDs. Activar historial de depuración para este historiador para una completa lista de los JARs que fueron explorados y de los que nos se halló TLDs. Saltarse JARs no necesarios durante la exploración puede dar lugar a una mejora de tiempo significativa en el arranque y compilación de JSP .
17-Jan-2021 13:46:00.539 INFO [http-nio-8084-exec-66] org.apache.catalina.startup.HostConfig.deployDescriptor Deployment of deployment descriptor [/Users/antonio/Desktop/netbeans/Accesodatos/apache-tomcat-9.0.41/conf/Catalina/localhost/WEMCOMPRIN1.xml] has finished in [851] ms
17-Jan-2021 13:46:00.550 INFO [http-nio-8084-exec-73] org.apache.catalina.util.LifecycleBase.start The start() method was called on component [StandardEngine[Catalina].StandardHost[localhost].StandardContext[/WEMCOMPRIN1]] after start() had already been called. The second call will be ignored.
