21-Dec-2020 10:54:18.811 INFO [main] org.apache.catalina.startup.VersionLoggerListener.log Nombre de la versión del servidor: Apache Tomcat/9.0.41
21-Dec-2020 10:54:18.851 INFO [main] org.apache.catalina.startup.VersionLoggerListener.log Server built:                      Dec 3 2020 11:43:00 UTC
21-Dec-2020 10:54:18.852 INFO [main] org.apache.catalina.startup.VersionLoggerListener.log Número de versión de servidor:     9.0.41.0
21-Dec-2020 10:54:18.852 INFO [main] org.apache.catalina.startup.VersionLoggerListener.log OS Name:                           Mac OS X
21-Dec-2020 10:54:18.852 INFO [main] org.apache.catalina.startup.VersionLoggerListener.log Versión de Systema Operativo:      10.14.6
21-Dec-2020 10:54:18.852 INFO [main] org.apache.catalina.startup.VersionLoggerListener.log Arquitectura:                      x86_64
21-Dec-2020 10:54:18.852 INFO [main] org.apache.catalina.startup.VersionLoggerListener.log Java Home:                         /Library/Java/JavaVirtualMachines/jdk-11.0.8.jdk/Contents/Home
21-Dec-2020 10:54:18.852 INFO [main] org.apache.catalina.startup.VersionLoggerListener.log JVM Version:                       11.0.8+10-LTS
21-Dec-2020 10:54:18.852 INFO [main] org.apache.catalina.startup.VersionLoggerListener.log Vededor JVM:                       Oracle Corporation
21-Dec-2020 10:54:18.853 INFO [main] org.apache.catalina.startup.VersionLoggerListener.log CATALINA_BASE:                     /Users/antonio/Desktop/netbeans/Accesodatos/apache-tomcat-9.0.41
21-Dec-2020 10:54:18.853 INFO [main] org.apache.catalina.startup.VersionLoggerListener.log CATALINA_HOME:                     /Users/antonio/Desktop/netbeans/Accesodatos/apache-tomcat-9.0.41
21-Dec-2020 10:54:18.882 INFO [main] org.apache.catalina.startup.VersionLoggerListener.log Command line argument:             --add-opens=java.base/java.lang=ALL-UNNAMED
21-Dec-2020 10:54:18.883 INFO [main] org.apache.catalina.startup.VersionLoggerListener.log Command line argument:             --add-opens=java.base/java.io=ALL-UNNAMED
21-Dec-2020 10:54:18.884 INFO [main] org.apache.catalina.startup.VersionLoggerListener.log Command line argument:             --add-opens=java.rmi/sun.rmi.transport=ALL-UNNAMED
21-Dec-2020 10:54:18.884 INFO [main] org.apache.catalina.startup.VersionLoggerListener.log Command line argument:             -Djava.util.logging.config.file=/Users/antonio/Desktop/netbeans/Accesodatos/apache-tomcat-9.0.41/conf/logging.properties
21-Dec-2020 10:54:18.884 INFO [main] org.apache.catalina.startup.VersionLoggerListener.log Command line argument:             -Djava.util.logging.manager=org.apache.juli.ClassLoaderLogManager
21-Dec-2020 10:54:18.884 INFO [main] org.apache.catalina.startup.VersionLoggerListener.log Command line argument:             -Dhttp.nonProxyHosts=localhost|127.0.0.1|MacBook-Pro-de-antonio.local
21-Dec-2020 10:54:18.885 INFO [main] org.apache.catalina.startup.VersionLoggerListener.log Command line argument:             -Djdk.tls.ephemeralDHKeySize=2048
21-Dec-2020 10:54:18.885 INFO [main] org.apache.catalina.startup.VersionLoggerListener.log Command line argument:             -Djava.protocol.handler.pkgs=org.apache.catalina.webresources
21-Dec-2020 10:54:18.885 INFO [main] org.apache.catalina.startup.VersionLoggerListener.log Command line argument:             -Dorg.apache.catalina.security.SecurityListener.UMASK=0027
21-Dec-2020 10:54:18.885 INFO [main] org.apache.catalina.startup.VersionLoggerListener.log Command line argument:             -Dignore.endorsed.dirs=
21-Dec-2020 10:54:18.885 INFO [main] org.apache.catalina.startup.VersionLoggerListener.log Command line argument:             -Dcatalina.base=/Users/antonio/Desktop/netbeans/Accesodatos/apache-tomcat-9.0.41
21-Dec-2020 10:54:18.886 INFO [main] org.apache.catalina.startup.VersionLoggerListener.log Command line argument:             -Dcatalina.home=/Users/antonio/Desktop/netbeans/Accesodatos/apache-tomcat-9.0.41
21-Dec-2020 10:54:18.886 INFO [main] org.apache.catalina.startup.VersionLoggerListener.log Command line argument:             -Djava.io.tmpdir=/Users/antonio/Desktop/netbeans/Accesodatos/apache-tomcat-9.0.41/temp
21-Dec-2020 10:54:18.894 INFO [main] org.apache.catalina.core.AprLifecycleListener.lifecycleEvent La biblioteca nativa de Apache Tomcat basada en ARP que permite un rendimiento óptimo en entornos de desarrollo no ha sido hallada en java.library.path: [/Users/antonio/Library/Java/Extensions:/Library/Java/Extensions:/Network/Library/Java/Extensions:/System/Library/Java/Extensions:/usr/lib/java:.]
21-Dec-2020 10:54:20.624 INFO [main] org.apache.coyote.AbstractProtocol.init Inicializando el manejador de protocolo ["http-nio-8084"]

21-Dec-2020 10:54:20.832 INFO [main] org.apache.catalina.startup.Catalina.load Server initialization in [2959] milliseconds
21-Dec-2020 10:54:21.241 INFO [main] org.apache.catalina.core.StandardService.startInternal Arrancando servicio [Catalina]
21-Dec-2020 10:54:21.241 INFO [main] org.apache.catalina.core.StandardEngine.startInternal Starting Servlet engine: [Apache Tomcat/9.0.41]
21-Dec-2020 10:54:21.348 INFO [main] org.apache.catalina.startup.HostConfig.deployDescriptor Desplieque del descriptor de configuración [/Users/antonio/Desktop/netbeans/Accesodatos/apache-tomcat-9.0.41/conf/Catalina/localhost/Agendaweb.xml]
21-Dec-2020 10:54:21.394 WARNING [main] org.apache.catalina.startup.HostConfig.deployDescriptor The path attribute with value [/Agendaweb] in deployment descriptor [/Users/antonio/Desktop/netbeans/Accesodatos/apache-tomcat-9.0.41/conf/Catalina/localhost/Agendaweb.xml] has been ignored
21-Dec-2020 10:54:24.640 INFO [main] org.apache.jasper.servlet.TldScanner.scanJars Al menos un JAR, que se ha explorado buscando TLDs, aún no contenía TLDs. Activar historial de depuración para este historiador para una completa lista de los JARs que fueron explorados y de los que nos se halló TLDs. Saltarse JARs no necesarios durante la exploración puede dar lugar a una mejora de tiempo significativa en el arranque y compilación de JSP .
21-Dec-2020 10:54:24.757 INFO [main] org.apache.catalina.startup.HostConfig.deployDescriptor Deployment of deployment descriptor [/Users/antonio/Desktop/netbeans/Accesodatos/apache-tomcat-9.0.41/conf/Catalina/localhost/Agendaweb.xml] has finished in [3.364] ms
21-Dec-2020 10:54:24.765 INFO [main] org.apache.catalina.startup.HostConfig.deployDirectory Desplegando el directorio [/Users/antonio/Desktop/netbeans/Accesodatos/apache-tomcat-9.0.41/webapps/docs] de la aplicación web
21-Dec-2020 10:54:24.888 INFO [main] org.apache.catalina.startup.HostConfig.deployDirectory Deployment of web application directory [/Users/antonio/Desktop/netbeans/Accesodatos/apache-tomcat-9.0.41/webapps/docs] has finished in [123] ms
21-Dec-2020 10:54:24.889 INFO [main] org.apache.catalina.startup.HostConfig.deployDirectory Desplegando el directorio [/Users/antonio/Desktop/netbeans/Accesodatos/apache-tomcat-9.0.41/webapps/manager] de la aplicación web
21-Dec-2020 10:54:25.086 INFO [main] org.apache.catalina.startup.HostConfig.deployDirectory Deployment of web application directory [/Users/antonio/Desktop/netbeans/Accesodatos/apache-tomcat-9.0.41/webapps/manager] has finished in [196] ms
21-Dec-2020 10:54:25.087 INFO [main] org.apache.catalina.startup.HostConfig.deployDirectory Desplegando el directorio [/Users/antonio/Desktop/netbeans/Accesodatos/apache-tomcat-9.0.41/webapps/examples] de la aplicación web
21-Dec-2020 10:54:25.864 INFO [main] org.apache.catalina.startup.HostConfig.deployDirectory Deployment of web application directory [/Users/antonio/Desktop/netbeans/Accesodatos/apache-tomcat-9.0.41/webapps/examples] has finished in [777] ms
21-Dec-2020 10:54:25.865 INFO [main] org.apache.catalina.startup.HostConfig.deployDirectory Desplegando el directorio [/Users/antonio/Desktop/netbeans/Accesodatos/apache-tomcat-9.0.41/webapps/ROOT] de la aplicación web
21-Dec-2020 10:54:25.918 INFO [main] org.apache.catalina.startup.HostConfig.deployDirectory Deployment of web application directory [/Users/antonio/Desktop/netbeans/Accesodatos/apache-tomcat-9.0.41/webapps/ROOT] has finished in [51] ms
21-Dec-2020 10:54:25.923 INFO [main] org.apache.catalina.startup.HostConfig.deployDirectory Desplegando el directorio [/Users/antonio/Desktop/netbeans/Accesodatos/apache-tomcat-9.0.41/webapps/host-manager] de la aplicación web
21-Dec-2020 10:54:26.046 INFO [main] org.apache.catalina.startup.HostConfig.deployDirectory Deployment of web application directory [/Users/antonio/Desktop/netbeans/Accesodatos/apache-tomcat-9.0.41/webapps/host-manager] has finished in [123] ms
21-Dec-2020 10:54:26.073 INFO [main] org.apache.coyote.AbstractProtocol.start Starting ProtocolHandler ["http-nio-8084"]
21-Dec-2020 10:54:26.169 INFO [main] org.apache.catalina.startup.Catalina.start Server startup in [5335] milliseconds
21-Dec-2020 10:54:29.543 INFO [http-nio-8084-exec-10] org.apache.catalina.startup.HostConfig.undeploy Repliegue (undeploy) de la aplicación web que tiene como trayectoria de contexto [/Agendaweb]
21-Dec-2020 10:54:29.586 INFO [http-nio-8084-exec-2] org.apache.catalina.startup.HostConfig.deployDescriptor Desplieque del descriptor de configuración [/Users/antonio/Desktop/netbeans/Accesodatos/apache-tomcat-9.0.41/conf/Catalina/localhost/Agendaweb.xml]
21-Dec-2020 10:54:29.590 WARNING [http-nio-8084-exec-2] org.apache.catalina.startup.HostConfig.deployDescriptor The path attribute with value [/Agendaweb] in deployment descriptor [/Users/antonio/Desktop/netbeans/Accesodatos/apache-tomcat-9.0.41/conf/Catalina/localhost/Agendaweb.xml] has been ignored
21-Dec-2020 10:54:31.230 INFO [http-nio-8084-exec-2] org.apache.jasper.servlet.TldScanner.scanJars Al menos un JAR, que se ha explorado buscando TLDs, aún no contenía TLDs. Activar historial de depuración para este historiador para una completa lista de los JARs que fueron explorados y de los que nos se halló TLDs. Saltarse JARs no necesarios durante la exploración puede dar lugar a una mejora de tiempo significativa en el arranque y compilación de JSP .
21-Dec-2020 10:54:31.237 INFO [http-nio-8084-exec-2] org.apache.catalina.startup.HostConfig.deployDescriptor Deployment of deployment descriptor [/Users/antonio/Desktop/netbeans/Accesodatos/apache-tomcat-9.0.41/conf/Catalina/localhost/Agendaweb.xml] has finished in [1.650] ms
21-Dec-2020 10:54:31.251 INFO [http-nio-8084-exec-6] org.apache.catalina.util.LifecycleBase.start The start() method was called on component [StandardEngine[Catalina].StandardHost[localhost].StandardContext[/Agendaweb]] after start() had already been called. The second call will be ignored.
21-Dec-2020 10:54:54.959 INFO [main] org.apache.catalina.core.StandardServer.await Se ha recibido un comando de apagado a través del puerto de apagado. Parando la instancia del Servidor.
21-Dec-2020 10:54:54.960 INFO [main] org.apache.coyote.AbstractProtocol.pause Pausing ProtocolHandler ["http-nio-8084"]
21-Dec-2020 10:54:54.971 INFO [main] org.apache.catalina.core.StandardService.stopInternal Parando servicio [Catalina]
21-Dec-2020 10:54:55.015 INFO [main] org.apache.coyote.AbstractProtocol.stop Stopping ProtocolHandler ["http-nio-8084"]
21-Dec-2020 10:54:55.074 INFO [main] org.apache.coyote.AbstractProtocol.destroy Destroying ProtocolHandler ["http-nio-8084"]
21-Dec-2020 10:55:03.275 INFO [main] org.apache.catalina.startup.VersionLoggerListener.log Nombre de la versión del servidor: Apache Tomcat/9.0.41
21-Dec-2020 10:55:03.297 INFO [main] org.apache.catalina.startup.VersionLoggerListener.log Server built:                      Dec 3 2020 11:43:00 UTC
21-Dec-2020 10:55:03.298 INFO [main] org.apache.catalina.startup.VersionLoggerListener.log Número de versión de servidor:     9.0.41.0
21-Dec-2020 10:55:03.298 INFO [main] org.apache.catalina.startup.VersionLoggerListener.log OS Name:                           Mac OS X
21-Dec-2020 10:55:03.298 INFO [main] org.apache.catalina.startup.VersionLoggerListener.log Versión de Systema Operativo:      10.14.6
21-Dec-2020 10:55:03.298 INFO [main] org.apache.catalina.startup.VersionLoggerListener.log Arquitectura:                      x86_64
21-Dec-2020 10:55:03.298 INFO [main] org.apache.catalina.startup.VersionLoggerListener.log Java Home:                         /Library/Java/JavaVirtualMachines/jdk-11.0.8.jdk/Contents/Home
21-Dec-2020 10:55:03.298 INFO [main] org.apache.catalina.startup.VersionLoggerListener.log JVM Version:                       11.0.8+10-LTS
21-Dec-2020 10:55:03.298 INFO [main] org.apache.catalina.startup.VersionLoggerListener.log Vededor JVM:                       Oracle Corporation
21-Dec-2020 10:55:03.299 INFO [main] org.apache.catalina.startup.VersionLoggerListener.log CATALINA_BASE:                     /Users/antonio/Desktop/netbeans/Accesodatos/apache-tomcat-9.0.41
21-Dec-2020 10:55:03.299 INFO [main] org.apache.catalina.startup.VersionLoggerListener.log CATALINA_HOME:                     /Users/antonio/Desktop/netbeans/Accesodatos/apache-tomcat-9.0.41
21-Dec-2020 10:55:03.391 INFO [main] org.apache.catalina.startup.VersionLoggerListener.log Command line argument:             --add-opens=java.base/java.lang=ALL-UNNAMED
21-Dec-2020 10:55:03.393 INFO [main] org.apache.catalina.startup.VersionLoggerListener.log Command line argument:             --add-opens=java.base/java.io=ALL-UNNAMED
21-Dec-2020 10:55:03.393 INFO [main] org.apache.catalina.startup.VersionLoggerListener.log Command line argument:             --add-opens=java.rmi/sun.rmi.transport=ALL-UNNAMED
21-Dec-2020 10:55:03.393 INFO [main] org.apache.catalina.startup.VersionLoggerListener.log Command line argument:             -Djava.util.logging.config.file=/Users/antonio/Desktop/netbeans/Accesodatos/apache-tomcat-9.0.41/conf/logging.properties
21-Dec-2020 10:55:03.393 INFO [main] org.apache.catalina.startup.VersionLoggerListener.log Command line argument:             -Djava.util.logging.manager=org.apache.juli.ClassLoaderLogManager
21-Dec-2020 10:55:03.393 INFO [main] org.apache.catalina.startup.VersionLoggerListener.log Command line argument:             -Dhttp.nonProxyHosts=localhost|127.0.0.1|MacBook-Pro-de-antonio.local
21-Dec-2020 10:55:03.393 INFO [main] org.apache.catalina.startup.VersionLoggerListener.log Command line argument:             -Djdk.tls.ephemeralDHKeySize=2048
21-Dec-2020 10:55:03.394 INFO [main] org.apache.catalina.startup.VersionLoggerListener.log Command line argument:             -Djava.protocol.handler.pkgs=org.apache.catalina.webresources
21-Dec-2020 10:55:03.394 INFO [main] org.apache.catalina.startup.VersionLoggerListener.log Command line argument:             -Dorg.apache.catalina.security.SecurityListener.UMASK=0027
21-Dec-2020 10:55:03.394 INFO [main] org.apache.catalina.startup.VersionLoggerListener.log Command line argument:             -Dignore.endorsed.dirs=
21-Dec-2020 10:55:03.394 INFO [main] org.apache.catalina.startup.VersionLoggerListener.log Command line argument:             -Dcatalina.base=/Users/antonio/Desktop/netbeans/Accesodatos/apache-tomcat-9.0.41
21-Dec-2020 10:55:03.394 INFO [main] org.apache.catalina.startup.VersionLoggerListener.log Command line argument:             -Dcatalina.home=/Users/antonio/Desktop/netbeans/Accesodatos/apache-tomcat-9.0.41
21-Dec-2020 10:55:03.395 INFO [main] org.apache.catalina.startup.VersionLoggerListener.log Command line argument:             -Djava.io.tmpdir=/Users/antonio/Desktop/netbeans/Accesodatos/apache-tomcat-9.0.41/temp
21-Dec-2020 10:55:03.398 INFO [main] org.apache.catalina.core.AprLifecycleListener.lifecycleEvent La biblioteca nativa de Apache Tomcat basada en ARP que permite un rendimiento óptimo en entornos de desarrollo no ha sido hallada en java.library.path: [/Users/antonio/Library/Java/Extensions:/Library/Java/Extensions:/Network/Library/Java/Extensions:/System/Library/Java/Extensions:/usr/lib/java:.]
21-Dec-2020 10:55:04.355 INFO [main] org.apache.coyote.AbstractProtocol.init Inicializando el manejador de protocolo ["http-nio-8084"]

21-Dec-2020 10:55:04.421 INFO [main] org.apache.catalina.startup.Catalina.load Server initialization in [1637] milliseconds
21-Dec-2020 10:55:04.608 INFO [main] org.apache.catalina.core.StandardService.startInternal Arrancando servicio [Catalina]
21-Dec-2020 10:55:04.608 INFO [main] org.apache.catalina.core.StandardEngine.startInternal Starting Servlet engine: [Apache Tomcat/9.0.41]
21-Dec-2020 10:55:04.625 INFO [main] org.apache.catalina.startup.HostConfig.deployDescriptor Desplieque del descriptor de configuración [/Users/antonio/Desktop/netbeans/Accesodatos/apache-tomcat-9.0.41/conf/Catalina/localhost/Agendaweb.xml]
21-Dec-2020 10:55:04.694 WARNING [main] org.apache.catalina.startup.HostConfig.deployDescriptor The path attribute with value [/Agendaweb] in deployment descriptor [/Users/antonio/Desktop/netbeans/Accesodatos/apache-tomcat-9.0.41/conf/Catalina/localhost/Agendaweb.xml] has been ignored
21-Dec-2020 10:55:07.274 INFO [main] org.apache.jasper.servlet.TldScanner.scanJars Al menos un JAR, que se ha explorado buscando TLDs, aún no contenía TLDs. Activar historial de depuración para este historiador para una completa lista de los JARs que fueron explorados y de los que nos se halló TLDs. Saltarse JARs no necesarios durante la exploración puede dar lugar a una mejora de tiempo significativa en el arranque y compilación de JSP .
21-Dec-2020 10:55:07.327 INFO [main] org.apache.catalina.startup.HostConfig.deployDescriptor Deployment of deployment descriptor [/Users/antonio/Desktop/netbeans/Accesodatos/apache-tomcat-9.0.41/conf/Catalina/localhost/Agendaweb.xml] has finished in [2.699] ms
21-Dec-2020 10:55:07.328 INFO [main] org.apache.catalina.startup.HostConfig.deployDirectory Desplegando el directorio [/Users/antonio/Desktop/netbeans/Accesodatos/apache-tomcat-9.0.41/webapps/docs] de la aplicación web
21-Dec-2020 10:55:07.360 INFO [main] org.apache.catalina.startup.HostConfig.deployDirectory Deployment of web application directory [/Users/antonio/Desktop/netbeans/Accesodatos/apache-tomcat-9.0.41/webapps/docs] has finished in [32] ms
21-Dec-2020 10:55:07.363 INFO [main] org.apache.catalina.startup.HostConfig.deployDirectory Desplegando el directorio [/Users/antonio/Desktop/netbeans/Accesodatos/apache-tomcat-9.0.41/webapps/manager] de la aplicación web
21-Dec-2020 10:55:07.507 INFO [main] org.apache.catalina.startup.HostConfig.deployDirectory Deployment of web application directory [/Users/antonio/Desktop/netbeans/Accesodatos/apache-tomcat-9.0.41/webapps/manager] has finished in [145] ms
21-Dec-2020 10:55:07.509 INFO [main] org.apache.catalina.startup.HostConfig.deployDirectory Desplegando el directorio [/Users/antonio/Desktop/netbeans/Accesodatos/apache-tomcat-9.0.41/webapps/examples] de la aplicación web
21-Dec-2020 10:55:08.095 INFO [main] org.apache.catalina.startup.HostConfig.deployDirectory Deployment of web application directory [/Users/antonio/Desktop/netbeans/Accesodatos/apache-tomcat-9.0.41/webapps/examples] has finished in [586] ms
21-Dec-2020 10:55:08.095 INFO [main] org.apache.catalina.startup.HostConfig.deployDirectory Desplegando el directorio [/Users/antonio/Desktop/netbeans/Accesodatos/apache-tomcat-9.0.41/webapps/ROOT] de la aplicación web
21-Dec-2020 10:55:08.190 INFO [main] org.apache.catalina.startup.HostConfig.deployDirectory Deployment of web application directory [/Users/antonio/Desktop/netbeans/Accesodatos/apache-tomcat-9.0.41/webapps/ROOT] has finished in [94] ms
21-Dec-2020 10:55:08.191 INFO [main] org.apache.catalina.startup.HostConfig.deployDirectory Desplegando el directorio [/Users/antonio/Desktop/netbeans/Accesodatos/apache-tomcat-9.0.41/webapps/host-manager] de la aplicación web
21-Dec-2020 10:55:08.290 INFO [main] org.apache.catalina.startup.HostConfig.deployDirectory Deployment of web application directory [/Users/antonio/Desktop/netbeans/Accesodatos/apache-tomcat-9.0.41/webapps/host-manager] has finished in [99] ms
21-Dec-2020 10:55:08.300 INFO [main] org.apache.coyote.AbstractProtocol.start Starting ProtocolHandler ["http-nio-8084"]
21-Dec-2020 10:55:08.350 INFO [main] org.apache.catalina.startup.Catalina.start Server startup in [3927] milliseconds
21-Dec-2020 10:55:09.220 INFO [http-nio-8084-exec-7] org.apache.catalina.startup.HostConfig.undeploy Repliegue (undeploy) de la aplicación web que tiene como trayectoria de contexto [/Agendaweb]
21-Dec-2020 10:55:09.250 INFO [http-nio-8084-exec-3] org.apache.catalina.startup.HostConfig.deployDescriptor Desplieque del descriptor de configuración [/Users/antonio/Desktop/netbeans/Accesodatos/apache-tomcat-9.0.41/conf/Catalina/localhost/Agendaweb.xml]
21-Dec-2020 10:55:09.252 WARNING [http-nio-8084-exec-3] org.apache.catalina.startup.HostConfig.deployDescriptor The path attribute with value [/Agendaweb] in deployment descriptor [/Users/antonio/Desktop/netbeans/Accesodatos/apache-tomcat-9.0.41/conf/Catalina/localhost/Agendaweb.xml] has been ignored
21-Dec-2020 10:55:10.580 INFO [http-nio-8084-exec-3] org.apache.jasper.servlet.TldScanner.scanJars Al menos un JAR, que se ha explorado buscando TLDs, aún no contenía TLDs. Activar historial de depuración para este historiador para una completa lista de los JARs que fueron explorados y de los que nos se halló TLDs. Saltarse JARs no necesarios durante la exploración puede dar lugar a una mejora de tiempo significativa en el arranque y compilación de JSP .
21-Dec-2020 10:55:10.583 INFO [http-nio-8084-exec-3] org.apache.catalina.startup.HostConfig.deployDescriptor Deployment of deployment descriptor [/Users/antonio/Desktop/netbeans/Accesodatos/apache-tomcat-9.0.41/conf/Catalina/localhost/Agendaweb.xml] has finished in [1.333] ms
21-Dec-2020 10:55:10.593 INFO [http-nio-8084-exec-4] org.apache.catalina.util.LifecycleBase.start The start() method was called on component [StandardEngine[Catalina].StandardHost[localhost].StandardContext[/Agendaweb]] after start() had already been called. The second call will be ignored.
21-Dec-2020 10:55:31.405 INFO [main] org.apache.catalina.core.StandardServer.await Se ha recibido un comando de apagado a través del puerto de apagado. Parando la instancia del Servidor.
21-Dec-2020 10:55:31.407 INFO [main] org.apache.coyote.AbstractProtocol.pause Pausing ProtocolHandler ["http-nio-8084"]
21-Dec-2020 10:55:31.420 INFO [main] org.apache.catalina.core.StandardService.stopInternal Parando servicio [Catalina]
21-Dec-2020 10:55:31.598 INFO [main] org.apache.coyote.AbstractProtocol.stop Stopping ProtocolHandler ["http-nio-8084"]
21-Dec-2020 10:55:31.642 INFO [main] org.apache.coyote.AbstractProtocol.destroy Destroying ProtocolHandler ["http-nio-8084"]
21-Dec-2020 10:55:45.439 INFO [main] org.apache.catalina.startup.VersionLoggerListener.log Nombre de la versión del servidor: Apache Tomcat/9.0.41
21-Dec-2020 10:55:45.456 INFO [main] org.apache.catalina.startup.VersionLoggerListener.log Server built:                      Dec 3 2020 11:43:00 UTC
21-Dec-2020 10:55:45.457 INFO [main] org.apache.catalina.startup.VersionLoggerListener.log Número de versión de servidor:     9.0.41.0
21-Dec-2020 10:55:45.457 INFO [main] org.apache.catalina.startup.VersionLoggerListener.log OS Name:                           Mac OS X
21-Dec-2020 10:55:45.457 INFO [main] org.apache.catalina.startup.VersionLoggerListener.log Versión de Systema Operativo:      10.14.6
21-Dec-2020 10:55:45.458 INFO [main] org.apache.catalina.startup.VersionLoggerListener.log Arquitectura:                      x86_64
21-Dec-2020 10:55:45.458 INFO [main] org.apache.catalina.startup.VersionLoggerListener.log Java Home:                         /Library/Java/JavaVirtualMachines/jdk-11.0.8.jdk/Contents/Home
21-Dec-2020 10:55:45.458 INFO [main] org.apache.catalina.startup.VersionLoggerListener.log JVM Version:                       11.0.8+10-LTS
21-Dec-2020 10:55:45.458 INFO [main] org.apache.catalina.startup.VersionLoggerListener.log Vededor JVM:                       Oracle Corporation
21-Dec-2020 10:55:45.458 INFO [main] org.apache.catalina.startup.VersionLoggerListener.log CATALINA_BASE:                     /Users/antonio/Desktop/netbeans/Accesodatos/apache-tomcat-9.0.41
21-Dec-2020 10:55:45.459 INFO [main] org.apache.catalina.startup.VersionLoggerListener.log CATALINA_HOME:                     /Users/antonio/Desktop/netbeans/Accesodatos/apache-tomcat-9.0.41
21-Dec-2020 10:55:45.488 INFO [main] org.apache.catalina.startup.VersionLoggerListener.log Command line argument:             --add-opens=java.base/java.lang=ALL-UNNAMED
21-Dec-2020 10:55:45.488 INFO [main] org.apache.catalina.startup.VersionLoggerListener.log Command line argument:             --add-opens=java.base/java.io=ALL-UNNAMED
21-Dec-2020 10:55:45.488 INFO [main] org.apache.catalina.startup.VersionLoggerListener.log Command line argument:             --add-opens=java.rmi/sun.rmi.transport=ALL-UNNAMED
21-Dec-2020 10:55:45.488 INFO [main] org.apache.catalina.startup.VersionLoggerListener.log Command line argument:             -Djava.util.logging.config.file=/Users/antonio/Desktop/netbeans/Accesodatos/apache-tomcat-9.0.41/conf/logging.properties
21-Dec-2020 10:55:45.489 INFO [main] org.apache.catalina.startup.VersionLoggerListener.log Command line argument:             -Djava.util.logging.manager=org.apache.juli.ClassLoaderLogManager
21-Dec-2020 10:55:45.489 INFO [main] org.apache.catalina.startup.VersionLoggerListener.log Command line argument:             -Dhttp.nonProxyHosts=localhost|127.0.0.1|MacBook-Pro-de-antonio.local
21-Dec-2020 10:55:45.489 INFO [main] org.apache.catalina.startup.VersionLoggerListener.log Command line argument:             -Djdk.tls.ephemeralDHKeySize=2048
21-Dec-2020 10:55:45.489 INFO [main] org.apache.catalina.startup.VersionLoggerListener.log Command line argument:             -Djava.protocol.handler.pkgs=org.apache.catalina.webresources
21-Dec-2020 10:55:45.489 INFO [main] org.apache.catalina.startup.VersionLoggerListener.log Command line argument:             -Dorg.apache.catalina.security.SecurityListener.UMASK=0027
21-Dec-2020 10:55:45.489 INFO [main] org.apache.catalina.startup.VersionLoggerListener.log Command line argument:             -Dignore.endorsed.dirs=
21-Dec-2020 10:55:45.490 INFO [main] org.apache.catalina.startup.VersionLoggerListener.log Command line argument:             -Dcatalina.base=/Users/antonio/Desktop/netbeans/Accesodatos/apache-tomcat-9.0.41
21-Dec-2020 10:55:45.490 INFO [main] org.apache.catalina.startup.VersionLoggerListener.log Command line argument:             -Dcatalina.home=/Users/antonio/Desktop/netbeans/Accesodatos/apache-tomcat-9.0.41
21-Dec-2020 10:55:45.490 INFO [main] org.apache.catalina.startup.VersionLoggerListener.log Command line argument:             -Djava.io.tmpdir=/Users/antonio/Desktop/netbeans/Accesodatos/apache-tomcat-9.0.41/temp
21-Dec-2020 10:55:45.493 INFO [main] org.apache.catalina.core.AprLifecycleListener.lifecycleEvent La biblioteca nativa de Apache Tomcat basada en ARP que permite un rendimiento óptimo en entornos de desarrollo no ha sido hallada en java.library.path: [/Users/antonio/Library/Java/Extensions:/Library/Java/Extensions:/Network/Library/Java/Extensions:/System/Library/Java/Extensions:/usr/lib/java:.]
21-Dec-2020 10:55:46.577 INFO [main] org.apache.coyote.AbstractProtocol.init Inicializando el manejador de protocolo ["http-nio-8084"]

21-Dec-2020 10:55:46.657 INFO [main] org.apache.catalina.startup.Catalina.load Server initialization in [1903] milliseconds
21-Dec-2020 10:55:46.840 INFO [main] org.apache.catalina.core.StandardService.startInternal Arrancando servicio [Catalina]
21-Dec-2020 10:55:46.841 INFO [main] org.apache.catalina.core.StandardEngine.startInternal Starting Servlet engine: [Apache Tomcat/9.0.41]
21-Dec-2020 10:55:46.857 INFO [main] org.apache.catalina.startup.HostConfig.deployDescriptor Desplieque del descriptor de configuración [/Users/antonio/Desktop/netbeans/Accesodatos/apache-tomcat-9.0.41/conf/Catalina/localhost/Agendaweb.xml]
21-Dec-2020 10:55:46.948 WARNING [main] org.apache.catalina.startup.HostConfig.deployDescriptor The path attribute with value [/Agendaweb] in deployment descriptor [/Users/antonio/Desktop/netbeans/Accesodatos/apache-tomcat-9.0.41/conf/Catalina/localhost/Agendaweb.xml] has been ignored
21-Dec-2020 10:55:49.694 INFO [main] org.apache.jasper.servlet.TldScanner.scanJars Al menos un JAR, que se ha explorado buscando TLDs, aún no contenía TLDs. Activar historial de depuración para este historiador para una completa lista de los JARs que fueron explorados y de los que nos se halló TLDs. Saltarse JARs no necesarios durante la exploración puede dar lugar a una mejora de tiempo significativa en el arranque y compilación de JSP .
21-Dec-2020 10:55:49.754 INFO [main] org.apache.catalina.startup.HostConfig.deployDescriptor Deployment of deployment descriptor [/Users/antonio/Desktop/netbeans/Accesodatos/apache-tomcat-9.0.41/conf/Catalina/localhost/Agendaweb.xml] has finished in [2.896] ms
21-Dec-2020 10:55:49.755 INFO [main] org.apache.catalina.startup.HostConfig.deployDirectory Desplegando el directorio [/Users/antonio/Desktop/netbeans/Accesodatos/apache-tomcat-9.0.41/webapps/docs] de la aplicación web
21-Dec-2020 10:55:49.792 INFO [main] org.apache.catalina.startup.HostConfig.deployDirectory Deployment of web application directory [/Users/antonio/Desktop/netbeans/Accesodatos/apache-tomcat-9.0.41/webapps/docs] has finished in [37] ms
21-Dec-2020 10:55:49.793 INFO [main] org.apache.catalina.startup.HostConfig.deployDirectory Desplegando el directorio [/Users/antonio/Desktop/netbeans/Accesodatos/apache-tomcat-9.0.41/webapps/manager] de la aplicación web
21-Dec-2020 10:55:49.957 INFO [main] org.apache.catalina.startup.HostConfig.deployDirectory Deployment of web application directory [/Users/antonio/Desktop/netbeans/Accesodatos/apache-tomcat-9.0.41/webapps/manager] has finished in [164] ms
21-Dec-2020 10:55:49.958 INFO [main] org.apache.catalina.startup.HostConfig.deployDirectory Desplegando el directorio [/Users/antonio/Desktop/netbeans/Accesodatos/apache-tomcat-9.0.41/webapps/examples] de la aplicación web
21-Dec-2020 10:55:50.523 INFO [main] org.apache.catalina.startup.HostConfig.deployDirectory Deployment of web application directory [/Users/antonio/Desktop/netbeans/Accesodatos/apache-tomcat-9.0.41/webapps/examples] has finished in [565] ms
21-Dec-2020 10:55:50.524 INFO [main] org.apache.catalina.startup.HostConfig.deployDirectory Desplegando el directorio [/Users/antonio/Desktop/netbeans/Accesodatos/apache-tomcat-9.0.41/webapps/ROOT] de la aplicación web
21-Dec-2020 10:55:50.696 INFO [main] org.apache.catalina.startup.HostConfig.deployDirectory Deployment of web application directory [/Users/antonio/Desktop/netbeans/Accesodatos/apache-tomcat-9.0.41/webapps/ROOT] has finished in [168] ms
21-Dec-2020 10:55:50.699 INFO [main] org.apache.catalina.startup.HostConfig.deployDirectory Desplegando el directorio [/Users/antonio/Desktop/netbeans/Accesodatos/apache-tomcat-9.0.41/webapps/host-manager] de la aplicación web
21-Dec-2020 10:55:50.787 INFO [main] org.apache.catalina.startup.HostConfig.deployDirectory Deployment of web application directory [/Users/antonio/Desktop/netbeans/Accesodatos/apache-tomcat-9.0.41/webapps/host-manager] has finished in [89] ms
21-Dec-2020 10:55:50.807 INFO [main] org.apache.coyote.AbstractProtocol.start Starting ProtocolHandler ["http-nio-8084"]
21-Dec-2020 10:55:50.902 INFO [main] org.apache.catalina.startup.Catalina.start Server startup in [4244] milliseconds
21-Dec-2020 10:55:51.818 INFO [http-nio-8084-exec-6] org.apache.catalina.startup.HostConfig.undeploy Repliegue (undeploy) de la aplicación web que tiene como trayectoria de contexto [/Agendaweb]
21-Dec-2020 10:55:51.853 INFO [http-nio-8084-exec-4] org.apache.catalina.startup.HostConfig.deployDescriptor Desplieque del descriptor de configuración [/Users/antonio/Desktop/netbeans/Accesodatos/apache-tomcat-9.0.41/conf/Catalina/localhost/Agendaweb.xml]
21-Dec-2020 10:55:51.855 WARNING [http-nio-8084-exec-4] org.apache.catalina.startup.HostConfig.deployDescriptor The path attribute with value [/Agendaweb] in deployment descriptor [/Users/antonio/Desktop/netbeans/Accesodatos/apache-tomcat-9.0.41/conf/Catalina/localhost/Agendaweb.xml] has been ignored
21-Dec-2020 10:55:54.909 INFO [http-nio-8084-exec-4] org.apache.jasper.servlet.TldScanner.scanJars Al menos un JAR, que se ha explorado buscando TLDs, aún no contenía TLDs. Activar historial de depuración para este historiador para una completa lista de los JARs que fueron explorados y de los que nos se halló TLDs. Saltarse JARs no necesarios durante la exploración puede dar lugar a una mejora de tiempo significativa en el arranque y compilación de JSP .
21-Dec-2020 10:55:54.926 INFO [http-nio-8084-exec-4] org.apache.catalina.startup.HostConfig.deployDescriptor Deployment of deployment descriptor [/Users/antonio/Desktop/netbeans/Accesodatos/apache-tomcat-9.0.41/conf/Catalina/localhost/Agendaweb.xml] has finished in [3.072] ms
21-Dec-2020 10:55:54.957 INFO [http-nio-8084-exec-10] org.apache.catalina.util.LifecycleBase.start The start() method was called on component [StandardEngine[Catalina].StandardHost[localhost].StandardContext[/Agendaweb]] after start() had already been called. The second call will be ignored.
21-Dec-2020 10:56:30.923 INFO [main] org.apache.catalina.core.StandardServer.await Se ha recibido un comando de apagado a través del puerto de apagado. Parando la instancia del Servidor.
21-Dec-2020 10:56:30.924 INFO [main] org.apache.coyote.AbstractProtocol.pause Pausing ProtocolHandler ["http-nio-8084"]
21-Dec-2020 10:56:30.933 INFO [main] org.apache.catalina.core.StandardService.stopInternal Parando servicio [Catalina]
21-Dec-2020 10:56:30.980 INFO [main] org.apache.coyote.AbstractProtocol.stop Stopping ProtocolHandler ["http-nio-8084"]
21-Dec-2020 10:56:31.035 INFO [main] org.apache.coyote.AbstractProtocol.destroy Destroying ProtocolHandler ["http-nio-8084"]
21-Dec-2020 10:59:11.931 INFO [main] org.apache.catalina.startup.VersionLoggerListener.log Nombre de la versión del servidor: Apache Tomcat/9.0.41
21-Dec-2020 10:59:11.975 INFO [main] org.apache.catalina.startup.VersionLoggerListener.log Server built:                      Dec 3 2020 11:43:00 UTC
21-Dec-2020 10:59:11.975 INFO [main] org.apache.catalina.startup.VersionLoggerListener.log Número de versión de servidor:     9.0.41.0
21-Dec-2020 10:59:11.976 INFO [main] org.apache.catalina.startup.VersionLoggerListener.log OS Name:                           Mac OS X
21-Dec-2020 10:59:11.976 INFO [main] org.apache.catalina.startup.VersionLoggerListener.log Versión de Systema Operativo:      10.14.6
21-Dec-2020 10:59:11.976 INFO [main] org.apache.catalina.startup.VersionLoggerListener.log Arquitectura:                      x86_64
21-Dec-2020 10:59:11.976 INFO [main] org.apache.catalina.startup.VersionLoggerListener.log Java Home:                         /Library/Java/JavaVirtualMachines/jdk-11.0.8.jdk/Contents/Home
21-Dec-2020 10:59:11.976 INFO [main] org.apache.catalina.startup.VersionLoggerListener.log JVM Version:                       11.0.8+10-LTS
21-Dec-2020 10:59:11.976 INFO [main] org.apache.catalina.startup.VersionLoggerListener.log Vededor JVM:                       Oracle Corporation
21-Dec-2020 10:59:11.977 INFO [main] org.apache.catalina.startup.VersionLoggerListener.log CATALINA_BASE:                     /Users/antonio/Desktop/netbeans/Accesodatos/apache-tomcat-9.0.41
21-Dec-2020 10:59:11.977 INFO [main] org.apache.catalina.startup.VersionLoggerListener.log CATALINA_HOME:                     /Users/antonio/Desktop/netbeans/Accesodatos/apache-tomcat-9.0.41
21-Dec-2020 10:59:11.997 INFO [main] org.apache.catalina.startup.VersionLoggerListener.log Command line argument:             --add-opens=java.base/java.lang=ALL-UNNAMED
21-Dec-2020 10:59:11.997 INFO [main] org.apache.catalina.startup.VersionLoggerListener.log Command line argument:             --add-opens=java.base/java.io=ALL-UNNAMED
21-Dec-2020 10:59:11.997 INFO [main] org.apache.catalina.startup.VersionLoggerListener.log Command line argument:             --add-opens=java.rmi/sun.rmi.transport=ALL-UNNAMED
21-Dec-2020 10:59:11.998 INFO [main] org.apache.catalina.startup.VersionLoggerListener.log Command line argument:             -Djava.util.logging.config.file=/Users/antonio/Desktop/netbeans/Accesodatos/apache-tomcat-9.0.41/conf/logging.properties
21-Dec-2020 10:59:11.998 INFO [main] org.apache.catalina.startup.VersionLoggerListener.log Command line argument:             -Djava.util.logging.manager=org.apache.juli.ClassLoaderLogManager
21-Dec-2020 10:59:11.998 INFO [main] org.apache.catalina.startup.VersionLoggerListener.log Command line argument:             -Dhttp.nonProxyHosts=localhost|127.0.0.1|MacBook-Pro-de-antonio.local
21-Dec-2020 10:59:11.998 INFO [main] org.apache.catalina.startup.VersionLoggerListener.log Command line argument:             -Djdk.tls.ephemeralDHKeySize=2048
21-Dec-2020 10:59:11.998 INFO [main] org.apache.catalina.startup.VersionLoggerListener.log Command line argument:             -Djava.protocol.handler.pkgs=org.apache.catalina.webresources
21-Dec-2020 10:59:11.999 INFO [main] org.apache.catalina.startup.VersionLoggerListener.log Command line argument:             -Dorg.apache.catalina.security.SecurityListener.UMASK=0027
21-Dec-2020 10:59:11.999 INFO [main] org.apache.catalina.startup.VersionLoggerListener.log Command line argument:             -Dignore.endorsed.dirs=
21-Dec-2020 10:59:11.999 INFO [main] org.apache.catalina.startup.VersionLoggerListener.log Command line argument:             -Dcatalina.base=/Users/antonio/Desktop/netbeans/Accesodatos/apache-tomcat-9.0.41
21-Dec-2020 10:59:11.999 INFO [main] org.apache.catalina.startup.VersionLoggerListener.log Command line argument:             -Dcatalina.home=/Users/antonio/Desktop/netbeans/Accesodatos/apache-tomcat-9.0.41
21-Dec-2020 10:59:11.999 INFO [main] org.apache.catalina.startup.VersionLoggerListener.log Command line argument:             -Djava.io.tmpdir=/Users/antonio/Desktop/netbeans/Accesodatos/apache-tomcat-9.0.41/temp
21-Dec-2020 10:59:12.004 INFO [main] org.apache.catalina.core.AprLifecycleListener.lifecycleEvent La biblioteca nativa de Apache Tomcat basada en ARP que permite un rendimiento óptimo en entornos de desarrollo no ha sido hallada en java.library.path: [/Users/antonio/Library/Java/Extensions:/Library/Java/Extensions:/Network/Library/Java/Extensions:/System/Library/Java/Extensions:/usr/lib/java:.]
21-Dec-2020 10:59:13.437 INFO [main] org.apache.coyote.AbstractProtocol.init Inicializando el manejador de protocolo ["http-nio-8084"]

21-Dec-2020 10:59:13.596 INFO [main] org.apache.catalina.startup.Catalina.load Server initialization in [2607] milliseconds
21-Dec-2020 10:59:13.897 INFO [main] org.apache.catalina.core.StandardService.startInternal Arrancando servicio [Catalina]
21-Dec-2020 10:59:13.897 INFO [main] org.apache.catalina.core.StandardEngine.startInternal Starting Servlet engine: [Apache Tomcat/9.0.41]
21-Dec-2020 10:59:13.940 INFO [main] org.apache.catalina.startup.HostConfig.deployDescriptor Desplieque del descriptor de configuración [/Users/antonio/Desktop/netbeans/Accesodatos/apache-tomcat-9.0.41/conf/Catalina/localhost/Agendaweb.xml]
21-Dec-2020 10:59:14.035 WARNING [main] org.apache.catalina.startup.HostConfig.deployDescriptor The path attribute with value [/Agendaweb] in deployment descriptor [/Users/antonio/Desktop/netbeans/Accesodatos/apache-tomcat-9.0.41/conf/Catalina/localhost/Agendaweb.xml] has been ignored
21-Dec-2020 10:59:17.017 INFO [main] org.apache.jasper.servlet.TldScanner.scanJars Al menos un JAR, que se ha explorado buscando TLDs, aún no contenía TLDs. Activar historial de depuración para este historiador para una completa lista de los JARs que fueron explorados y de los que nos se halló TLDs. Saltarse JARs no necesarios durante la exploración puede dar lugar a una mejora de tiempo significativa en el arranque y compilación de JSP .
21-Dec-2020 10:59:17.189 INFO [main] org.apache.catalina.startup.HostConfig.deployDescriptor Deployment of deployment descriptor [/Users/antonio/Desktop/netbeans/Accesodatos/apache-tomcat-9.0.41/conf/Catalina/localhost/Agendaweb.xml] has finished in [3.234] ms
21-Dec-2020 10:59:17.191 INFO [main] org.apache.catalina.startup.HostConfig.deployDirectory Desplegando el directorio [/Users/antonio/Desktop/netbeans/Accesodatos/apache-tomcat-9.0.41/webapps/docs] de la aplicación web
21-Dec-2020 10:59:17.326 INFO [main] org.apache.catalina.startup.HostConfig.deployDirectory Deployment of web application directory [/Users/antonio/Desktop/netbeans/Accesodatos/apache-tomcat-9.0.41/webapps/docs] has finished in [135] ms
21-Dec-2020 10:59:17.327 INFO [main] org.apache.catalina.startup.HostConfig.deployDirectory Desplegando el directorio [/Users/antonio/Desktop/netbeans/Accesodatos/apache-tomcat-9.0.41/webapps/manager] de la aplicación web
21-Dec-2020 10:59:17.463 INFO [main] org.apache.catalina.startup.HostConfig.deployDirectory Deployment of web application directory [/Users/antonio/Desktop/netbeans/Accesodatos/apache-tomcat-9.0.41/webapps/manager] has finished in [137] ms
21-Dec-2020 10:59:17.464 INFO [main] org.apache.catalina.startup.HostConfig.deployDirectory Desplegando el directorio [/Users/antonio/Desktop/netbeans/Accesodatos/apache-tomcat-9.0.41/webapps/examples] de la aplicación web
21-Dec-2020 10:59:18.173 INFO [main] org.apache.catalina.startup.HostConfig.deployDirectory Deployment of web application directory [/Users/antonio/Desktop/netbeans/Accesodatos/apache-tomcat-9.0.41/webapps/examples] has finished in [709] ms
21-Dec-2020 10:59:18.174 INFO [main] org.apache.catalina.startup.HostConfig.deployDirectory Desplegando el directorio [/Users/antonio/Desktop/netbeans/Accesodatos/apache-tomcat-9.0.41/webapps/ROOT] de la aplicación web
21-Dec-2020 10:59:18.213 INFO [main] org.apache.catalina.startup.HostConfig.deployDirectory Deployment of web application directory [/Users/antonio/Desktop/netbeans/Accesodatos/apache-tomcat-9.0.41/webapps/ROOT] has finished in [39] ms
21-Dec-2020 10:59:18.213 INFO [main] org.apache.catalina.startup.HostConfig.deployDirectory Desplegando el directorio [/Users/antonio/Desktop/netbeans/Accesodatos/apache-tomcat-9.0.41/webapps/host-manager] de la aplicación web
21-Dec-2020 10:59:18.331 INFO [main] org.apache.catalina.startup.HostConfig.deployDirectory Deployment of web application directory [/Users/antonio/Desktop/netbeans/Accesodatos/apache-tomcat-9.0.41/webapps/host-manager] has finished in [117] ms
21-Dec-2020 10:59:18.342 INFO [main] org.apache.coyote.AbstractProtocol.start Starting ProtocolHandler ["http-nio-8084"]
21-Dec-2020 10:59:18.374 INFO [main] org.apache.catalina.startup.Catalina.start Server startup in [4776] milliseconds
21-Dec-2020 10:59:21.224 INFO [http-nio-8084-exec-10] org.apache.catalina.startup.HostConfig.undeploy Repliegue (undeploy) de la aplicación web que tiene como trayectoria de contexto [/Agendaweb]
21-Dec-2020 10:59:21.262 INFO [http-nio-8084-exec-3] org.apache.catalina.startup.HostConfig.deployDescriptor Desplieque del descriptor de configuración [/Users/antonio/Desktop/netbeans/Accesodatos/apache-tomcat-9.0.41/conf/Catalina/localhost/Agendaweb.xml]
21-Dec-2020 10:59:21.264 WARNING [http-nio-8084-exec-3] org.apache.catalina.startup.HostConfig.deployDescriptor The path attribute with value [/Agendaweb] in deployment descriptor [/Users/antonio/Desktop/netbeans/Accesodatos/apache-tomcat-9.0.41/conf/Catalina/localhost/Agendaweb.xml] has been ignored
21-Dec-2020 10:59:22.530 INFO [http-nio-8084-exec-3] org.apache.jasper.servlet.TldScanner.scanJars Al menos un JAR, que se ha explorado buscando TLDs, aún no contenía TLDs. Activar historial de depuración para este historiador para una completa lista de los JARs que fueron explorados y de los que nos se halló TLDs. Saltarse JARs no necesarios durante la exploración puede dar lugar a una mejora de tiempo significativa en el arranque y compilación de JSP .
21-Dec-2020 10:59:22.535 INFO [http-nio-8084-exec-3] org.apache.catalina.startup.HostConfig.deployDescriptor Deployment of deployment descriptor [/Users/antonio/Desktop/netbeans/Accesodatos/apache-tomcat-9.0.41/conf/Catalina/localhost/Agendaweb.xml] has finished in [1.273] ms
21-Dec-2020 10:59:22.547 INFO [http-nio-8084-exec-9] org.apache.catalina.util.LifecycleBase.start The start() method was called on component [StandardEngine[Catalina].StandardHost[localhost].StandardContext[/Agendaweb]] after start() had already been called. The second call will be ignored.
21-Dec-2020 10:59:47.356 INFO [http-nio-8084-exec-2] org.apache.catalina.startup.HostConfig.undeploy Repliegue (undeploy) de la aplicación web que tiene como trayectoria de contexto [/Agendaweb]
21-Dec-2020 10:59:47.380 INFO [http-nio-8084-exec-11] org.apache.catalina.startup.HostConfig.deployDescriptor Desplieque del descriptor de configuración [/Users/antonio/Desktop/netbeans/Accesodatos/apache-tomcat-9.0.41/conf/Catalina/localhost/Agendaweb.xml]
21-Dec-2020 10:59:47.382 WARNING [http-nio-8084-exec-11] org.apache.catalina.startup.HostConfig.deployDescriptor The path attribute with value [/Agendaweb] in deployment descriptor [/Users/antonio/Desktop/netbeans/Accesodatos/apache-tomcat-9.0.41/conf/Catalina/localhost/Agendaweb.xml] has been ignored
21-Dec-2020 10:59:49.104 INFO [http-nio-8084-exec-11] org.apache.jasper.servlet.TldScanner.scanJars Al menos un JAR, que se ha explorado buscando TLDs, aún no contenía TLDs. Activar historial de depuración para este historiador para una completa lista de los JARs que fueron explorados y de los que nos se halló TLDs. Saltarse JARs no necesarios durante la exploración puede dar lugar a una mejora de tiempo significativa en el arranque y compilación de JSP .
21-Dec-2020 10:59:49.108 INFO [http-nio-8084-exec-11] org.apache.catalina.startup.HostConfig.deployDescriptor Deployment of deployment descriptor [/Users/antonio/Desktop/netbeans/Accesodatos/apache-tomcat-9.0.41/conf/Catalina/localhost/Agendaweb.xml] has finished in [1.727] ms
21-Dec-2020 10:59:49.121 INFO [http-nio-8084-exec-6] org.apache.catalina.util.LifecycleBase.start The start() method was called on component [StandardEngine[Catalina].StandardHost[localhost].StandardContext[/Agendaweb]] after start() had already been called. The second call will be ignored.
21-Dec-2020 11:00:55.224 INFO [http-nio-8084-exec-17] org.apache.catalina.startup.HostConfig.undeploy Repliegue (undeploy) de la aplicación web que tiene como trayectoria de contexto [/Agendaweb]
21-Dec-2020 11:00:55.244 INFO [http-nio-8084-exec-16] org.apache.catalina.startup.HostConfig.deployDescriptor Desplieque del descriptor de configuración [/Users/antonio/Desktop/netbeans/Accesodatos/apache-tomcat-9.0.41/conf/Catalina/localhost/Agendaweb.xml]
21-Dec-2020 11:00:55.245 WARNING [http-nio-8084-exec-16] org.apache.catalina.startup.HostConfig.deployDescriptor The path attribute with value [/Agendaweb] in deployment descriptor [/Users/antonio/Desktop/netbeans/Accesodatos/apache-tomcat-9.0.41/conf/Catalina/localhost/Agendaweb.xml] has been ignored
21-Dec-2020 11:00:56.269 INFO [http-nio-8084-exec-16] org.apache.jasper.servlet.TldScanner.scanJars Al menos un JAR, que se ha explorado buscando TLDs, aún no contenía TLDs. Activar historial de depuración para este historiador para una completa lista de los JARs que fueron explorados y de los que nos se halló TLDs. Saltarse JARs no necesarios durante la exploración puede dar lugar a una mejora de tiempo significativa en el arranque y compilación de JSP .
21-Dec-2020 11:00:56.271 INFO [http-nio-8084-exec-16] org.apache.catalina.startup.HostConfig.deployDescriptor Deployment of deployment descriptor [/Users/antonio/Desktop/netbeans/Accesodatos/apache-tomcat-9.0.41/conf/Catalina/localhost/Agendaweb.xml] has finished in [1.027] ms
21-Dec-2020 11:00:56.278 INFO [http-nio-8084-exec-18] org.apache.catalina.util.LifecycleBase.start The start() method was called on component [StandardEngine[Catalina].StandardHost[localhost].StandardContext[/Agendaweb]] after start() had already been called. The second call will be ignored.
21-Dec-2020 11:01:14.021 INFO [http-nio-8084-exec-17] org.apache.catalina.startup.HostConfig.undeploy Repliegue (undeploy) de la aplicación web que tiene como trayectoria de contexto [/Agendaweb]
21-Dec-2020 11:01:14.039 INFO [http-nio-8084-exec-18] org.apache.catalina.startup.HostConfig.deployDescriptor Desplieque del descriptor de configuración [/Users/antonio/Desktop/netbeans/Accesodatos/apache-tomcat-9.0.41/conf/Catalina/localhost/Agendaweb.xml]
21-Dec-2020 11:01:14.040 WARNING [http-nio-8084-exec-18] org.apache.catalina.startup.HostConfig.deployDescriptor The path attribute with value [/Agendaweb] in deployment descriptor [/Users/antonio/Desktop/netbeans/Accesodatos/apache-tomcat-9.0.41/conf/Catalina/localhost/Agendaweb.xml] has been ignored
21-Dec-2020 11:01:15.119 INFO [http-nio-8084-exec-18] org.apache.jasper.servlet.TldScanner.scanJars Al menos un JAR, que se ha explorado buscando TLDs, aún no contenía TLDs. Activar historial de depuración para este historiador para una completa lista de los JARs que fueron explorados y de los que nos se halló TLDs. Saltarse JARs no necesarios durante la exploración puede dar lugar a una mejora de tiempo significativa en el arranque y compilación de JSP .
21-Dec-2020 11:01:15.121 INFO [http-nio-8084-exec-18] org.apache.catalina.startup.HostConfig.deployDescriptor Deployment of deployment descriptor [/Users/antonio/Desktop/netbeans/Accesodatos/apache-tomcat-9.0.41/conf/Catalina/localhost/Agendaweb.xml] has finished in [1.082] ms
21-Dec-2020 11:01:15.126 INFO [http-nio-8084-exec-1] org.apache.catalina.util.LifecycleBase.start The start() method was called on component [StandardEngine[Catalina].StandardHost[localhost].StandardContext[/Agendaweb]] after start() had already been called. The second call will be ignored.
21-Dec-2020 11:01:54.933 INFO [http-nio-8084-exec-24] org.apache.catalina.startup.HostConfig.undeploy Repliegue (undeploy) de la aplicación web que tiene como trayectoria de contexto [/Agendaweb]
21-Dec-2020 11:01:54.984 INFO [http-nio-8084-exec-1] org.apache.catalina.startup.HostConfig.deployDescriptor Desplieque del descriptor de configuración [/Users/antonio/Desktop/netbeans/Accesodatos/apache-tomcat-9.0.41/conf/Catalina/localhost/Agendaweb.xml]
21-Dec-2020 11:01:54.985 WARNING [http-nio-8084-exec-1] org.apache.catalina.startup.HostConfig.deployDescriptor The path attribute with value [/Agendaweb] in deployment descriptor [/Users/antonio/Desktop/netbeans/Accesodatos/apache-tomcat-9.0.41/conf/Catalina/localhost/Agendaweb.xml] has been ignored
21-Dec-2020 11:01:55.995 INFO [http-nio-8084-exec-1] org.apache.jasper.servlet.TldScanner.scanJars Al menos un JAR, que se ha explorado buscando TLDs, aún no contenía TLDs. Activar historial de depuración para este historiador para una completa lista de los JARs que fueron explorados y de los que nos se halló TLDs. Saltarse JARs no necesarios durante la exploración puede dar lugar a una mejora de tiempo significativa en el arranque y compilación de JSP .
21-Dec-2020 11:01:55.998 INFO [http-nio-8084-exec-1] org.apache.catalina.startup.HostConfig.deployDescriptor Deployment of deployment descriptor [/Users/antonio/Desktop/netbeans/Accesodatos/apache-tomcat-9.0.41/conf/Catalina/localhost/Agendaweb.xml] has finished in [1.013] ms
21-Dec-2020 11:01:56.005 INFO [http-nio-8084-exec-15] org.apache.catalina.util.LifecycleBase.start The start() method was called on component [StandardEngine[Catalina].StandardHost[localhost].StandardContext[/Agendaweb]] after start() had already been called. The second call will be ignored.
21-Dec-2020 11:02:23.920 INFO [http-nio-8084-exec-22] org.apache.catalina.startup.HostConfig.undeploy Repliegue (undeploy) de la aplicación web que tiene como trayectoria de contexto [/Agendaweb]
21-Dec-2020 11:02:23.940 INFO [http-nio-8084-exec-29] org.apache.catalina.startup.HostConfig.deployDescriptor Desplieque del descriptor de configuración [/Users/antonio/Desktop/netbeans/Accesodatos/apache-tomcat-9.0.41/conf/Catalina/localhost/Agendaweb.xml]
21-Dec-2020 11:02:23.942 WARNING [http-nio-8084-exec-29] org.apache.catalina.startup.HostConfig.deployDescriptor The path attribute with value [/Agendaweb] in deployment descriptor [/Users/antonio/Desktop/netbeans/Accesodatos/apache-tomcat-9.0.41/conf/Catalina/localhost/Agendaweb.xml] has been ignored
21-Dec-2020 11:02:25.684 INFO [http-nio-8084-exec-29] org.apache.jasper.servlet.TldScanner.scanJars Al menos un JAR, que se ha explorado buscando TLDs, aún no contenía TLDs. Activar historial de depuración para este historiador para una completa lista de los JARs que fueron explorados y de los que nos se halló TLDs. Saltarse JARs no necesarios durante la exploración puede dar lugar a una mejora de tiempo significativa en el arranque y compilación de JSP .
21-Dec-2020 11:02:25.695 INFO [http-nio-8084-exec-29] org.apache.catalina.startup.HostConfig.deployDescriptor Deployment of deployment descriptor [/Users/antonio/Desktop/netbeans/Accesodatos/apache-tomcat-9.0.41/conf/Catalina/localhost/Agendaweb.xml] has finished in [1.754] ms
21-Dec-2020 11:02:25.703 INFO [http-nio-8084-exec-22] org.apache.catalina.core.StandardContext.reload Ha comenzado la recarga de Contexto [/Agendaweb]
21-Dec-2020 11:02:26.734 INFO [http-nio-8084-exec-22] org.apache.jasper.servlet.TldScanner.scanJars Al menos un JAR, que se ha explorado buscando TLDs, aún no contenía TLDs. Activar historial de depuración para este historiador para una completa lista de los JARs que fueron explorados y de los que nos se halló TLDs. Saltarse JARs no necesarios durante la exploración puede dar lugar a una mejora de tiempo significativa en el arranque y compilación de JSP .
21-Dec-2020 11:02:26.743 INFO [http-nio-8084-exec-22] org.apache.catalina.core.StandardContext.reload Se ha completado la recarga de este Contexto
21-Dec-2020 11:02:26.758 INFO [http-nio-8084-exec-15] org.apache.catalina.util.LifecycleBase.start The start() method was called on component [StandardEngine[Catalina].StandardHost[localhost].StandardContext[/Agendaweb]] after start() had already been called. The second call will be ignored.
21-Dec-2020 11:14:53.550 INFO [main] org.apache.catalina.core.StandardServer.await Se ha recibido un comando de apagado a través del puerto de apagado. Parando la instancia del Servidor.
21-Dec-2020 11:14:53.553 INFO [main] org.apache.coyote.AbstractProtocol.pause Pausing ProtocolHandler ["http-nio-8084"]
21-Dec-2020 11:14:53.563 INFO [main] org.apache.catalina.core.StandardService.stopInternal Parando servicio [Catalina]
21-Dec-2020 11:14:53.635 WARNING [main] org.apache.catalina.loader.WebappClassLoaderBase.clearReferencesJdbc La aplicación web [Agendaweb] registró el conductor JDBC [com.mysql.cj.jdbc.Driver] pero falló al anular el registro mientras la aplicación web estaba parada. Para prevenir un fallo de memoria, se ha anulado el registro del conductor JDBC por la fuerza.
21-Dec-2020 11:14:53.637 WARNING [main] org.apache.catalina.loader.WebappClassLoaderBase.clearReferencesThreads The web application [Agendaweb] appears to have started a thread named [mysql-cj-abandoned-connection-cleanup] but has failed to stop it. This is very likely to create a memory leak. Stack trace of thread:
 java.base@11.0.8/java.lang.Object.wait(Native Method)
 java.base@11.0.8/java.lang.ref.ReferenceQueue.remove(ReferenceQueue.java:155)
 com.mysql.cj.jdbc.AbandonedConnectionCleanupThread.run(AbandonedConnectionCleanupThread.java:85)
 java.base@11.0.8/java.util.concurrent.ThreadPoolExecutor.runWorker(ThreadPoolExecutor.java:1128)
 java.base@11.0.8/java.util.concurrent.ThreadPoolExecutor$Worker.run(ThreadPoolExecutor.java:628)
 java.base@11.0.8/java.lang.Thread.run(Thread.java:834)
21-Dec-2020 11:14:53.655 INFO [main] org.apache.coyote.AbstractProtocol.stop Stopping ProtocolHandler ["http-nio-8084"]
21-Dec-2020 11:14:53.669 INFO [main] org.apache.coyote.AbstractProtocol.destroy Destroying ProtocolHandler ["http-nio-8084"]
