12-Jan-2021 10:15:27.286 INFO [main] org.apache.catalina.startup.VersionLoggerListener.log Nombre de la versión del servidor: Apache Tomcat/9.0.41
12-Jan-2021 10:15:27.338 INFO [main] org.apache.catalina.startup.VersionLoggerListener.log Server built:                      Dec 3 2020 11:43:00 UTC
12-Jan-2021 10:15:27.343 INFO [main] org.apache.catalina.startup.VersionLoggerListener.log Número de versión de servidor:     9.0.41.0
12-Jan-2021 10:15:27.343 INFO [main] org.apache.catalina.startup.VersionLoggerListener.log OS Name:                           Mac OS X
12-Jan-2021 10:15:27.344 INFO [main] org.apache.catalina.startup.VersionLoggerListener.log Versión de Systema Operativo:      10.14.6
12-Jan-2021 10:15:27.344 INFO [main] org.apache.catalina.startup.VersionLoggerListener.log Arquitectura:                      x86_64
12-Jan-2021 10:15:27.344 INFO [main] org.apache.catalina.startup.VersionLoggerListener.log Java Home:                         /Library/Java/JavaVirtualMachines/jdk-11.0.8.jdk/Contents/Home
12-Jan-2021 10:15:27.345 INFO [main] org.apache.catalina.startup.VersionLoggerListener.log JVM Version:                       11.0.8+10-LTS
12-Jan-2021 10:15:27.345 INFO [main] org.apache.catalina.startup.VersionLoggerListener.log Vededor JVM:                       Oracle Corporation
12-Jan-2021 10:15:27.345 INFO [main] org.apache.catalina.startup.VersionLoggerListener.log CATALINA_BASE:                     /Users/antonio/Desktop/netbeans/Accesodatos/apache-tomcat-9.0.41
12-Jan-2021 10:15:27.345 INFO [main] org.apache.catalina.startup.VersionLoggerListener.log CATALINA_HOME:                     /Users/antonio/Desktop/netbeans/Accesodatos/apache-tomcat-9.0.41
12-Jan-2021 10:15:27.396 INFO [main] org.apache.catalina.startup.VersionLoggerListener.log Command line argument:             --add-opens=java.base/java.lang=ALL-UNNAMED
12-Jan-2021 10:15:27.399 INFO [main] org.apache.catalina.startup.VersionLoggerListener.log Command line argument:             --add-opens=java.base/java.io=ALL-UNNAMED
12-Jan-2021 10:15:27.400 INFO [main] org.apache.catalina.startup.VersionLoggerListener.log Command line argument:             --add-opens=java.rmi/sun.rmi.transport=ALL-UNNAMED
12-Jan-2021 10:15:27.401 INFO [main] org.apache.catalina.startup.VersionLoggerListener.log Command line argument:             -Djava.util.logging.config.file=/Users/antonio/Desktop/netbeans/Accesodatos/apache-tomcat-9.0.41/conf/logging.properties
12-Jan-2021 10:15:27.401 INFO [main] org.apache.catalina.startup.VersionLoggerListener.log Command line argument:             -Djava.util.logging.manager=org.apache.juli.ClassLoaderLogManager
12-Jan-2021 10:15:27.401 INFO [main] org.apache.catalina.startup.VersionLoggerListener.log Command line argument:             -Dhttp.nonProxyHosts=localhost|127.0.0.1|MacBook-Pro-de-antonio.local
12-Jan-2021 10:15:27.402 INFO [main] org.apache.catalina.startup.VersionLoggerListener.log Command line argument:             -Djdk.tls.ephemeralDHKeySize=2048
12-Jan-2021 10:15:27.402 INFO [main] org.apache.catalina.startup.VersionLoggerListener.log Command line argument:             -Djava.protocol.handler.pkgs=org.apache.catalina.webresources
12-Jan-2021 10:15:27.402 INFO [main] org.apache.catalina.startup.VersionLoggerListener.log Command line argument:             -Dorg.apache.catalina.security.SecurityListener.UMASK=0027
12-Jan-2021 10:15:27.402 INFO [main] org.apache.catalina.startup.VersionLoggerListener.log Command line argument:             -Dignore.endorsed.dirs=
12-Jan-2021 10:15:27.402 INFO [main] org.apache.catalina.startup.VersionLoggerListener.log Command line argument:             -Dcatalina.base=/Users/antonio/Desktop/netbeans/Accesodatos/apache-tomcat-9.0.41
12-Jan-2021 10:15:27.402 INFO [main] org.apache.catalina.startup.VersionLoggerListener.log Command line argument:             -Dcatalina.home=/Users/antonio/Desktop/netbeans/Accesodatos/apache-tomcat-9.0.41
12-Jan-2021 10:15:27.402 INFO [main] org.apache.catalina.startup.VersionLoggerListener.log Command line argument:             -Djava.io.tmpdir=/Users/antonio/Desktop/netbeans/Accesodatos/apache-tomcat-9.0.41/temp
12-Jan-2021 10:15:27.417 INFO [main] org.apache.catalina.core.AprLifecycleListener.lifecycleEvent La biblioteca nativa de Apache Tomcat basada en ARP que permite un rendimiento óptimo en entornos de desarrollo no ha sido hallada en java.library.path: [/Users/antonio/Library/Java/Extensions:/Library/Java/Extensions:/Network/Library/Java/Extensions:/System/Library/Java/Extensions:/usr/lib/java:.]
12-Jan-2021 10:15:29.195 INFO [main] org.apache.coyote.AbstractProtocol.init Inicializando el manejador de protocolo ["http-nio-8084"]

12-Jan-2021 10:15:29.471 INFO [main] org.apache.catalina.startup.Catalina.load Server initialization in [3842] milliseconds
12-Jan-2021 10:15:29.732 INFO [main] org.apache.catalina.core.StandardService.startInternal Arrancando servicio [Catalina]
12-Jan-2021 10:15:29.732 INFO [main] org.apache.catalina.core.StandardEngine.startInternal Starting Servlet engine: [Apache Tomcat/9.0.41]
12-Jan-2021 10:15:29.828 INFO [main] org.apache.catalina.startup.HostConfig.deployDescriptor Desplieque del descriptor de configuración [/Users/antonio/Desktop/netbeans/Accesodatos/apache-tomcat-9.0.41/conf/Catalina/localhost/Wcom.xml]
12-Jan-2021 10:15:29.940 WARNING [main] org.apache.catalina.startup.HostConfig.deployDescriptor The path attribute with value [/Wcom] in deployment descriptor [/Users/antonio/Desktop/netbeans/Accesodatos/apache-tomcat-9.0.41/conf/Catalina/localhost/Wcom.xml] has been ignored
12-Jan-2021 10:15:35.403 INFO [main] org.apache.jasper.servlet.TldScanner.scanJars Al menos un JAR, que se ha explorado buscando TLDs, aún no contenía TLDs. Activar historial de depuración para este historiador para una completa lista de los JARs que fueron explorados y de los que nos se halló TLDs. Saltarse JARs no necesarios durante la exploración puede dar lugar a una mejora de tiempo significativa en el arranque y compilación de JSP .
12-Jan-2021 10:15:35.459 INFO [main] org.apache.catalina.startup.HostConfig.deployDescriptor Deployment of deployment descriptor [/Users/antonio/Desktop/netbeans/Accesodatos/apache-tomcat-9.0.41/conf/Catalina/localhost/Wcom.xml] has finished in [5.629] ms
12-Jan-2021 10:15:35.459 INFO [main] org.apache.catalina.startup.HostConfig.deployDescriptor Desplieque del descriptor de configuración [/Users/antonio/Desktop/netbeans/Accesodatos/apache-tomcat-9.0.41/conf/Catalina/localhost/Agendaweb.xml]
12-Jan-2021 10:15:35.461 WARNING [main] org.apache.catalina.startup.HostConfig.deployDescriptor The path attribute with value [/Agendaweb] in deployment descriptor [/Users/antonio/Desktop/netbeans/Accesodatos/apache-tomcat-9.0.41/conf/Catalina/localhost/Agendaweb.xml] has been ignored
12-Jan-2021 10:15:38.524 INFO [main] org.apache.jasper.servlet.TldScanner.scanJars Al menos un JAR, que se ha explorado buscando TLDs, aún no contenía TLDs. Activar historial de depuración para este historiador para una completa lista de los JARs que fueron explorados y de los que nos se halló TLDs. Saltarse JARs no necesarios durante la exploración puede dar lugar a una mejora de tiempo significativa en el arranque y compilación de JSP .
12-Jan-2021 10:15:38.571 INFO [main] org.apache.catalina.startup.HostConfig.deployDescriptor Deployment of deployment descriptor [/Users/antonio/Desktop/netbeans/Accesodatos/apache-tomcat-9.0.41/conf/Catalina/localhost/Agendaweb.xml] has finished in [3.111] ms
12-Jan-2021 10:15:38.571 INFO [main] org.apache.catalina.startup.HostConfig.deployDescriptor Desplieque del descriptor de configuración [/Users/antonio/Desktop/netbeans/Accesodatos/apache-tomcat-9.0.41/conf/Catalina/localhost/NuevaAgendaWebJPA.xml]
12-Jan-2021 10:15:38.573 WARNING [main] org.apache.catalina.startup.HostConfig.deployDescriptor The path attribute with value [/NuevaAgendaWebJPA] in deployment descriptor [/Users/antonio/Desktop/netbeans/Accesodatos/apache-tomcat-9.0.41/conf/Catalina/localhost/NuevaAgendaWebJPA.xml] has been ignored
12-Jan-2021 10:15:40.904 INFO [main] org.apache.jasper.servlet.TldScanner.scanJars Al menos un JAR, que se ha explorado buscando TLDs, aún no contenía TLDs. Activar historial de depuración para este historiador para una completa lista de los JARs que fueron explorados y de los que nos se halló TLDs. Saltarse JARs no necesarios durante la exploración puede dar lugar a una mejora de tiempo significativa en el arranque y compilación de JSP .
12-Jan-2021 10:15:40.973 INFO [main] org.apache.catalina.startup.HostConfig.deployDescriptor Deployment of deployment descriptor [/Users/antonio/Desktop/netbeans/Accesodatos/apache-tomcat-9.0.41/conf/Catalina/localhost/NuevaAgendaWebJPA.xml] has finished in [2.401] ms
12-Jan-2021 10:15:40.975 INFO [main] org.apache.catalina.startup.HostConfig.deployDirectory Desplegando el directorio [/Users/antonio/Desktop/netbeans/Accesodatos/apache-tomcat-9.0.41/webapps/docs] de la aplicación web
12-Jan-2021 10:15:41.090 INFO [main] org.apache.catalina.startup.HostConfig.deployDirectory Deployment of web application directory [/Users/antonio/Desktop/netbeans/Accesodatos/apache-tomcat-9.0.41/webapps/docs] has finished in [114] ms
12-Jan-2021 10:15:41.090 INFO [main] org.apache.catalina.startup.HostConfig.deployDirectory Desplegando el directorio [/Users/antonio/Desktop/netbeans/Accesodatos/apache-tomcat-9.0.41/webapps/manager] de la aplicación web
12-Jan-2021 10:15:41.193 INFO [main] org.apache.catalina.startup.HostConfig.deployDirectory Deployment of web application directory [/Users/antonio/Desktop/netbeans/Accesodatos/apache-tomcat-9.0.41/webapps/manager] has finished in [103] ms
12-Jan-2021 10:15:41.194 INFO [main] org.apache.catalina.startup.HostConfig.deployDirectory Desplegando el directorio [/Users/antonio/Desktop/netbeans/Accesodatos/apache-tomcat-9.0.41/webapps/examples] de la aplicación web
12-Jan-2021 10:15:41.875 INFO [main] org.apache.catalina.startup.HostConfig.deployDirectory Deployment of web application directory [/Users/antonio/Desktop/netbeans/Accesodatos/apache-tomcat-9.0.41/webapps/examples] has finished in [680] ms
12-Jan-2021 10:15:41.875 INFO [main] org.apache.catalina.startup.HostConfig.deployDirectory Desplegando el directorio [/Users/antonio/Desktop/netbeans/Accesodatos/apache-tomcat-9.0.41/webapps/ROOT] de la aplicación web
12-Jan-2021 10:15:41.928 INFO [main] org.apache.catalina.startup.HostConfig.deployDirectory Deployment of web application directory [/Users/antonio/Desktop/netbeans/Accesodatos/apache-tomcat-9.0.41/webapps/ROOT] has finished in [53] ms
12-Jan-2021 10:15:41.929 INFO [main] org.apache.catalina.startup.HostConfig.deployDirectory Desplegando el directorio [/Users/antonio/Desktop/netbeans/Accesodatos/apache-tomcat-9.0.41/webapps/host-manager] de la aplicación web
12-Jan-2021 10:15:42.061 INFO [main] org.apache.catalina.startup.HostConfig.deployDirectory Deployment of web application directory [/Users/antonio/Desktop/netbeans/Accesodatos/apache-tomcat-9.0.41/webapps/host-manager] has finished in [132] ms
12-Jan-2021 10:15:42.081 INFO [main] org.apache.coyote.AbstractProtocol.start Starting ProtocolHandler ["http-nio-8084"]
12-Jan-2021 10:15:42.131 INFO [main] org.apache.catalina.startup.Catalina.start Server startup in [12658] milliseconds
12-Jan-2021 10:15:44.812 INFO [http-nio-8084-exec-4] org.apache.catalina.startup.HostConfig.undeploy Repliegue (undeploy) de la aplicación web que tiene como trayectoria de contexto [/Wcom]
12-Jan-2021 10:15:44.856 INFO [http-nio-8084-exec-1] org.apache.catalina.startup.HostConfig.deployDescriptor Desplieque del descriptor de configuración [/Users/antonio/Desktop/netbeans/Accesodatos/apache-tomcat-9.0.41/conf/Catalina/localhost/Wcom.xml]
12-Jan-2021 10:15:44.857 WARNING [http-nio-8084-exec-1] org.apache.catalina.startup.HostConfig.deployDescriptor The path attribute with value [/Wcom] in deployment descriptor [/Users/antonio/Desktop/netbeans/Accesodatos/apache-tomcat-9.0.41/conf/Catalina/localhost/Wcom.xml] has been ignored
12-Jan-2021 10:15:46.522 INFO [http-nio-8084-exec-1] org.apache.jasper.servlet.TldScanner.scanJars Al menos un JAR, que se ha explorado buscando TLDs, aún no contenía TLDs. Activar historial de depuración para este historiador para una completa lista de los JARs que fueron explorados y de los que nos se halló TLDs. Saltarse JARs no necesarios durante la exploración puede dar lugar a una mejora de tiempo significativa en el arranque y compilación de JSP .
12-Jan-2021 10:15:46.539 INFO [http-nio-8084-exec-1] org.apache.catalina.startup.HostConfig.deployDescriptor Deployment of deployment descriptor [/Users/antonio/Desktop/netbeans/Accesodatos/apache-tomcat-9.0.41/conf/Catalina/localhost/Wcom.xml] has finished in [1.683] ms
12-Jan-2021 10:15:46.555 INFO [http-nio-8084-exec-6] org.apache.catalina.util.LifecycleBase.start The start() method was called on component [StandardEngine[Catalina].StandardHost[localhost].StandardContext[/Wcom]] after start() had already been called. The second call will be ignored.
12-Jan-2021 10:38:40.257 WARNING [http-nio-8084-exec-15] org.apache.catalina.loader.WebappClassLoaderBase.clearReferencesJdbc La aplicación web [Wcom] registró el conductor JDBC [com.mysql.cj.jdbc.Driver] pero falló al anular el registro mientras la aplicación web estaba parada. Para prevenir un fallo de memoria, se ha anulado el registro del conductor JDBC por la fuerza.
12-Jan-2021 10:38:40.259 WARNING [http-nio-8084-exec-15] org.apache.catalina.loader.WebappClassLoaderBase.clearReferencesThreads The web application [Wcom] appears to have started a thread named [mysql-cj-abandoned-connection-cleanup] but has failed to stop it. This is very likely to create a memory leak. Stack trace of thread:
 java.base@11.0.8/java.lang.Object.wait(Native Method)
 java.base@11.0.8/java.lang.ref.ReferenceQueue.remove(ReferenceQueue.java:155)
 com.mysql.cj.jdbc.AbandonedConnectionCleanupThread.run(AbandonedConnectionCleanupThread.java:85)
 java.base@11.0.8/java.util.concurrent.ThreadPoolExecutor.runWorker(ThreadPoolExecutor.java:1128)
 java.base@11.0.8/java.util.concurrent.ThreadPoolExecutor$Worker.run(ThreadPoolExecutor.java:628)
 java.base@11.0.8/java.lang.Thread.run(Thread.java:834)
12-Jan-2021 10:38:40.775 INFO [http-nio-8084-exec-15] org.apache.catalina.startup.HostConfig.undeploy Repliegue (undeploy) de la aplicación web que tiene como trayectoria de contexto [/Wcom]
12-Jan-2021 10:38:40.802 INFO [http-nio-8084-exec-13] org.apache.catalina.startup.HostConfig.deployDescriptor Desplieque del descriptor de configuración [/Users/antonio/Desktop/netbeans/Accesodatos/apache-tomcat-9.0.41/conf/Catalina/localhost/Wcom.xml]
12-Jan-2021 10:38:40.812 WARNING [http-nio-8084-exec-13] org.apache.catalina.startup.HostConfig.deployDescriptor The path attribute with value [/Wcom] in deployment descriptor [/Users/antonio/Desktop/netbeans/Accesodatos/apache-tomcat-9.0.41/conf/Catalina/localhost/Wcom.xml] has been ignored
12-Jan-2021 10:38:42.941 INFO [mysql-cj-abandoned-connection-cleanup] org.apache.catalina.loader.WebappClassLoaderBase.checkStateForResourceLoading Acceso ilegal: esta instancia de aplicación web ya ha sido parada.  Could not load [].  La eventual traza de pila que sigue ha sido motivada por un error lanzado con motivos de depuración así como para intentar terminar el hilo que motivó el acceso ilegal y no tiene impacto funcional.
	java.lang.IllegalStateException: Acceso ilegal: esta instancia de aplicación web ya ha sido parada.  Could not load [].  La eventual traza de pila que sigue ha sido motivada por un error lanzado con motivos de depuración así como para intentar terminar el hilo que motivó el acceso ilegal y no tiene impacto funcional.
		at org.apache.catalina.loader.WebappClassLoaderBase.checkStateForResourceLoading(WebappClassLoaderBase.java:1385)
		at org.apache.catalina.loader.WebappClassLoaderBase.getResource(WebappClassLoaderBase.java:1038)
		at com.mysql.cj.jdbc.AbandonedConnectionCleanupThread.checkThreadContextClassLoader(AbandonedConnectionCleanupThread.java:117)
		at com.mysql.cj.jdbc.AbandonedConnectionCleanupThread.run(AbandonedConnectionCleanupThread.java:84)
		at java.base/java.util.concurrent.ThreadPoolExecutor.runWorker(ThreadPoolExecutor.java:1128)
		at java.base/java.util.concurrent.ThreadPoolExecutor$Worker.run(ThreadPoolExecutor.java:628)
		at java.base/java.lang.Thread.run(Thread.java:834)
12-Jan-2021 10:38:44.554 INFO [http-nio-8084-exec-13] org.apache.jasper.servlet.TldScanner.scanJars Al menos un JAR, que se ha explorado buscando TLDs, aún no contenía TLDs. Activar historial de depuración para este historiador para una completa lista de los JARs que fueron explorados y de los que nos se halló TLDs. Saltarse JARs no necesarios durante la exploración puede dar lugar a una mejora de tiempo significativa en el arranque y compilación de JSP .
12-Jan-2021 10:38:44.568 INFO [http-nio-8084-exec-13] org.apache.catalina.startup.HostConfig.deployDescriptor Deployment of deployment descriptor [/Users/antonio/Desktop/netbeans/Accesodatos/apache-tomcat-9.0.41/conf/Catalina/localhost/Wcom.xml] has finished in [3.767] ms
12-Jan-2021 10:38:44.591 INFO [http-nio-8084-exec-20] org.apache.catalina.util.LifecycleBase.start The start() method was called on component [StandardEngine[Catalina].StandardHost[localhost].StandardContext[/Wcom]] after start() had already been called. The second call will be ignored.
12-Jan-2021 10:40:52.161 INFO [main] org.apache.catalina.core.StandardServer.await Se ha recibido un comando de apagado a través del puerto de apagado. Parando la instancia del Servidor.
12-Jan-2021 10:40:52.162 INFO [main] org.apache.coyote.AbstractProtocol.pause Pausing ProtocolHandler ["http-nio-8084"]
12-Jan-2021 10:40:52.169 INFO [main] org.apache.catalina.core.StandardService.stopInternal Parando servicio [Catalina]
12-Jan-2021 10:40:52.188 WARNING [main] org.apache.catalina.loader.WebappClassLoaderBase.clearReferencesJdbc La aplicación web [Wcom] registró el conductor JDBC [com.mysql.cj.jdbc.Driver] pero falló al anular el registro mientras la aplicación web estaba parada. Para prevenir un fallo de memoria, se ha anulado el registro del conductor JDBC por la fuerza.
12-Jan-2021 10:40:52.189 WARNING [main] org.apache.catalina.loader.WebappClassLoaderBase.clearReferencesThreads The web application [Wcom] appears to have started a thread named [mysql-cj-abandoned-connection-cleanup] but has failed to stop it. This is very likely to create a memory leak. Stack trace of thread:
 java.base@11.0.8/java.lang.Object.wait(Native Method)
 java.base@11.0.8/java.lang.ref.ReferenceQueue.remove(ReferenceQueue.java:155)
 com.mysql.cj.jdbc.AbandonedConnectionCleanupThread.run(AbandonedConnectionCleanupThread.java:85)
 java.base@11.0.8/java.util.concurrent.ThreadPoolExecutor.runWorker(ThreadPoolExecutor.java:1128)
 java.base@11.0.8/java.util.concurrent.ThreadPoolExecutor$Worker.run(ThreadPoolExecutor.java:628)
 java.base@11.0.8/java.lang.Thread.run(Thread.java:834)
12-Jan-2021 10:40:52.216 INFO [main] org.apache.coyote.AbstractProtocol.stop Stopping ProtocolHandler ["http-nio-8084"]
12-Jan-2021 10:40:52.239 INFO [main] org.apache.coyote.AbstractProtocol.destroy Destroying ProtocolHandler ["http-nio-8084"]
12-Jan-2021 10:47:58.898 INFO [main] org.apache.catalina.startup.VersionLoggerListener.log Nombre de la versión del servidor: Apache Tomcat/9.0.41
12-Jan-2021 10:47:58.917 INFO [main] org.apache.catalina.startup.VersionLoggerListener.log Server built:                      Dec 3 2020 11:43:00 UTC
12-Jan-2021 10:47:58.919 INFO [main] org.apache.catalina.startup.VersionLoggerListener.log Número de versión de servidor:     9.0.41.0
12-Jan-2021 10:47:58.920 INFO [main] org.apache.catalina.startup.VersionLoggerListener.log OS Name:                           Mac OS X
12-Jan-2021 10:47:58.921 INFO [main] org.apache.catalina.startup.VersionLoggerListener.log Versión de Systema Operativo:      10.14.6
12-Jan-2021 10:47:58.922 INFO [main] org.apache.catalina.startup.VersionLoggerListener.log Arquitectura:                      x86_64
12-Jan-2021 10:47:58.923 INFO [main] org.apache.catalina.startup.VersionLoggerListener.log Java Home:                         /Library/Java/JavaVirtualMachines/jdk-11.0.8.jdk/Contents/Home
12-Jan-2021 10:47:58.923 INFO [main] org.apache.catalina.startup.VersionLoggerListener.log JVM Version:                       11.0.8+10-LTS
12-Jan-2021 10:47:58.924 INFO [main] org.apache.catalina.startup.VersionLoggerListener.log Vededor JVM:                       Oracle Corporation
12-Jan-2021 10:47:58.924 INFO [main] org.apache.catalina.startup.VersionLoggerListener.log CATALINA_BASE:                     /Users/antonio/Desktop/netbeans/Accesodatos/apache-tomcat-9.0.41
12-Jan-2021 10:47:58.924 INFO [main] org.apache.catalina.startup.VersionLoggerListener.log CATALINA_HOME:                     /Users/antonio/Desktop/netbeans/Accesodatos/apache-tomcat-9.0.41
12-Jan-2021 10:47:58.961 INFO [main] org.apache.catalina.startup.VersionLoggerListener.log Command line argument:             --add-opens=java.base/java.lang=ALL-UNNAMED
12-Jan-2021 10:47:58.962 INFO [main] org.apache.catalina.startup.VersionLoggerListener.log Command line argument:             --add-opens=java.base/java.io=ALL-UNNAMED
12-Jan-2021 10:47:58.962 INFO [main] org.apache.catalina.startup.VersionLoggerListener.log Command line argument:             --add-opens=java.rmi/sun.rmi.transport=ALL-UNNAMED
12-Jan-2021 10:47:58.962 INFO [main] org.apache.catalina.startup.VersionLoggerListener.log Command line argument:             -Djava.util.logging.config.file=/Users/antonio/Desktop/netbeans/Accesodatos/apache-tomcat-9.0.41/conf/logging.properties
12-Jan-2021 10:47:58.962 INFO [main] org.apache.catalina.startup.VersionLoggerListener.log Command line argument:             -Djava.util.logging.manager=org.apache.juli.ClassLoaderLogManager
12-Jan-2021 10:47:58.962 INFO [main] org.apache.catalina.startup.VersionLoggerListener.log Command line argument:             -Dhttp.nonProxyHosts=localhost|127.0.0.1|MacBook-Pro-de-antonio.local
12-Jan-2021 10:47:58.963 INFO [main] org.apache.catalina.startup.VersionLoggerListener.log Command line argument:             -Djdk.tls.ephemeralDHKeySize=2048
12-Jan-2021 10:47:58.963 INFO [main] org.apache.catalina.startup.VersionLoggerListener.log Command line argument:             -Djava.protocol.handler.pkgs=org.apache.catalina.webresources
12-Jan-2021 10:47:58.963 INFO [main] org.apache.catalina.startup.VersionLoggerListener.log Command line argument:             -Dorg.apache.catalina.security.SecurityListener.UMASK=0027
12-Jan-2021 10:47:58.964 INFO [main] org.apache.catalina.startup.VersionLoggerListener.log Command line argument:             -Dignore.endorsed.dirs=
12-Jan-2021 10:47:58.964 INFO [main] org.apache.catalina.startup.VersionLoggerListener.log Command line argument:             -Dcatalina.base=/Users/antonio/Desktop/netbeans/Accesodatos/apache-tomcat-9.0.41
12-Jan-2021 10:47:58.964 INFO [main] org.apache.catalina.startup.VersionLoggerListener.log Command line argument:             -Dcatalina.home=/Users/antonio/Desktop/netbeans/Accesodatos/apache-tomcat-9.0.41
12-Jan-2021 10:47:58.964 INFO [main] org.apache.catalina.startup.VersionLoggerListener.log Command line argument:             -Djava.io.tmpdir=/Users/antonio/Desktop/netbeans/Accesodatos/apache-tomcat-9.0.41/temp
12-Jan-2021 10:47:58.969 INFO [main] org.apache.catalina.core.AprLifecycleListener.lifecycleEvent La biblioteca nativa de Apache Tomcat basada en ARP que permite un rendimiento óptimo en entornos de desarrollo no ha sido hallada en java.library.path: [/Users/antonio/Library/Java/Extensions:/Library/Java/Extensions:/Network/Library/Java/Extensions:/System/Library/Java/Extensions:/usr/lib/java:.]
12-Jan-2021 10:48:00.894 INFO [main] org.apache.coyote.AbstractProtocol.init Inicializando el manejador de protocolo ["http-nio-8084"]

12-Jan-2021 10:48:01.101 INFO [main] org.apache.catalina.startup.Catalina.load Server initialization in [3415] milliseconds
12-Jan-2021 10:48:01.631 INFO [main] org.apache.catalina.core.StandardService.startInternal Arrancando servicio [Catalina]
12-Jan-2021 10:48:01.632 INFO [main] org.apache.catalina.core.StandardEngine.startInternal Starting Servlet engine: [Apache Tomcat/9.0.41]
12-Jan-2021 10:48:01.660 INFO [main] org.apache.catalina.startup.HostConfig.deployDescriptor Desplieque del descriptor de configuración [/Users/antonio/Desktop/netbeans/Accesodatos/apache-tomcat-9.0.41/conf/Catalina/localhost/Wcom.xml]
12-Jan-2021 10:48:01.724 WARNING [main] org.apache.catalina.startup.HostConfig.deployDescriptor The path attribute with value [/Wcom] in deployment descriptor [/Users/antonio/Desktop/netbeans/Accesodatos/apache-tomcat-9.0.41/conf/Catalina/localhost/Wcom.xml] has been ignored
12-Jan-2021 10:48:04.738 INFO [main] org.apache.jasper.servlet.TldScanner.scanJars Al menos un JAR, que se ha explorado buscando TLDs, aún no contenía TLDs. Activar historial de depuración para este historiador para una completa lista de los JARs que fueron explorados y de los que nos se halló TLDs. Saltarse JARs no necesarios durante la exploración puede dar lugar a una mejora de tiempo significativa en el arranque y compilación de JSP .
12-Jan-2021 10:48:04.894 INFO [main] org.apache.catalina.startup.HostConfig.deployDescriptor Deployment of deployment descriptor [/Users/antonio/Desktop/netbeans/Accesodatos/apache-tomcat-9.0.41/conf/Catalina/localhost/Wcom.xml] has finished in [3.226] ms
12-Jan-2021 10:48:04.896 INFO [main] org.apache.catalina.startup.HostConfig.deployDescriptor Desplieque del descriptor de configuración [/Users/antonio/Desktop/netbeans/Accesodatos/apache-tomcat-9.0.41/conf/Catalina/localhost/Agendaweb.xml]
12-Jan-2021 10:48:04.897 WARNING [main] org.apache.catalina.startup.HostConfig.deployDescriptor The path attribute with value [/Agendaweb] in deployment descriptor [/Users/antonio/Desktop/netbeans/Accesodatos/apache-tomcat-9.0.41/conf/Catalina/localhost/Agendaweb.xml] has been ignored
12-Jan-2021 10:48:06.671 INFO [main] org.apache.jasper.servlet.TldScanner.scanJars Al menos un JAR, que se ha explorado buscando TLDs, aún no contenía TLDs. Activar historial de depuración para este historiador para una completa lista de los JARs que fueron explorados y de los que nos se halló TLDs. Saltarse JARs no necesarios durante la exploración puede dar lugar a una mejora de tiempo significativa en el arranque y compilación de JSP .
12-Jan-2021 10:48:06.709 INFO [main] org.apache.catalina.startup.HostConfig.deployDescriptor Deployment of deployment descriptor [/Users/antonio/Desktop/netbeans/Accesodatos/apache-tomcat-9.0.41/conf/Catalina/localhost/Agendaweb.xml] has finished in [1.813] ms
12-Jan-2021 10:48:06.710 INFO [main] org.apache.catalina.startup.HostConfig.deployDescriptor Desplieque del descriptor de configuración [/Users/antonio/Desktop/netbeans/Accesodatos/apache-tomcat-9.0.41/conf/Catalina/localhost/NuevaAgendaWebJPA.xml]
12-Jan-2021 10:48:06.713 WARNING [main] org.apache.catalina.startup.HostConfig.deployDescriptor The path attribute with value [/NuevaAgendaWebJPA] in deployment descriptor [/Users/antonio/Desktop/netbeans/Accesodatos/apache-tomcat-9.0.41/conf/Catalina/localhost/NuevaAgendaWebJPA.xml] has been ignored
12-Jan-2021 10:48:08.197 INFO [main] org.apache.jasper.servlet.TldScanner.scanJars Al menos un JAR, que se ha explorado buscando TLDs, aún no contenía TLDs. Activar historial de depuración para este historiador para una completa lista de los JARs que fueron explorados y de los que nos se halló TLDs. Saltarse JARs no necesarios durante la exploración puede dar lugar a una mejora de tiempo significativa en el arranque y compilación de JSP .
12-Jan-2021 10:48:08.225 INFO [main] org.apache.catalina.startup.HostConfig.deployDescriptor Deployment of deployment descriptor [/Users/antonio/Desktop/netbeans/Accesodatos/apache-tomcat-9.0.41/conf/Catalina/localhost/NuevaAgendaWebJPA.xml] has finished in [1.514] ms
12-Jan-2021 10:48:08.226 INFO [main] org.apache.catalina.startup.HostConfig.deployDirectory Desplegando el directorio [/Users/antonio/Desktop/netbeans/Accesodatos/apache-tomcat-9.0.41/webapps/docs] de la aplicación web
12-Jan-2021 10:48:08.259 INFO [main] org.apache.catalina.startup.HostConfig.deployDirectory Deployment of web application directory [/Users/antonio/Desktop/netbeans/Accesodatos/apache-tomcat-9.0.41/webapps/docs] has finished in [34] ms
12-Jan-2021 10:48:08.260 INFO [main] org.apache.catalina.startup.HostConfig.deployDirectory Desplegando el directorio [/Users/antonio/Desktop/netbeans/Accesodatos/apache-tomcat-9.0.41/webapps/manager] de la aplicación web
12-Jan-2021 10:48:08.343 INFO [main] org.apache.catalina.startup.HostConfig.deployDirectory Deployment of web application directory [/Users/antonio/Desktop/netbeans/Accesodatos/apache-tomcat-9.0.41/webapps/manager] has finished in [82] ms
12-Jan-2021 10:48:08.343 INFO [main] org.apache.catalina.startup.HostConfig.deployDirectory Desplegando el directorio [/Users/antonio/Desktop/netbeans/Accesodatos/apache-tomcat-9.0.41/webapps/examples] de la aplicación web
12-Jan-2021 10:48:08.732 INFO [main] org.apache.catalina.startup.HostConfig.deployDirectory Deployment of web application directory [/Users/antonio/Desktop/netbeans/Accesodatos/apache-tomcat-9.0.41/webapps/examples] has finished in [389] ms
12-Jan-2021 10:48:08.733 INFO [main] org.apache.catalina.startup.HostConfig.deployDirectory Desplegando el directorio [/Users/antonio/Desktop/netbeans/Accesodatos/apache-tomcat-9.0.41/webapps/ROOT] de la aplicación web
12-Jan-2021 10:48:08.782 INFO [main] org.apache.catalina.startup.HostConfig.deployDirectory Deployment of web application directory [/Users/antonio/Desktop/netbeans/Accesodatos/apache-tomcat-9.0.41/webapps/ROOT] has finished in [49] ms
12-Jan-2021 10:48:08.782 INFO [main] org.apache.catalina.startup.HostConfig.deployDirectory Desplegando el directorio [/Users/antonio/Desktop/netbeans/Accesodatos/apache-tomcat-9.0.41/webapps/host-manager] de la aplicación web
12-Jan-2021 10:48:08.887 INFO [main] org.apache.catalina.startup.HostConfig.deployDirectory Deployment of web application directory [/Users/antonio/Desktop/netbeans/Accesodatos/apache-tomcat-9.0.41/webapps/host-manager] has finished in [105] ms
12-Jan-2021 10:48:08.916 INFO [main] org.apache.coyote.AbstractProtocol.start Starting ProtocolHandler ["http-nio-8084"]
12-Jan-2021 10:48:08.954 INFO [main] org.apache.catalina.startup.Catalina.start Server startup in [7851] milliseconds
12-Jan-2021 10:48:11.418 INFO [http-nio-8084-exec-3] org.apache.catalina.startup.HostConfig.undeploy Repliegue (undeploy) de la aplicación web que tiene como trayectoria de contexto [/Wcom]
12-Jan-2021 10:48:11.465 INFO [http-nio-8084-exec-1] org.apache.catalina.startup.HostConfig.deployDescriptor Desplieque del descriptor de configuración [/Users/antonio/Desktop/netbeans/Accesodatos/apache-tomcat-9.0.41/conf/Catalina/localhost/Wcom.xml]
12-Jan-2021 10:48:11.471 WARNING [http-nio-8084-exec-1] org.apache.catalina.startup.HostConfig.deployDescriptor The path attribute with value [/Wcom] in deployment descriptor [/Users/antonio/Desktop/netbeans/Accesodatos/apache-tomcat-9.0.41/conf/Catalina/localhost/Wcom.xml] has been ignored
12-Jan-2021 10:48:13.712 INFO [http-nio-8084-exec-1] org.apache.jasper.servlet.TldScanner.scanJars Al menos un JAR, que se ha explorado buscando TLDs, aún no contenía TLDs. Activar historial de depuración para este historiador para una completa lista de los JARs que fueron explorados y de los que nos se halló TLDs. Saltarse JARs no necesarios durante la exploración puede dar lugar a una mejora de tiempo significativa en el arranque y compilación de JSP .
12-Jan-2021 10:48:13.738 INFO [http-nio-8084-exec-1] org.apache.catalina.startup.HostConfig.deployDescriptor Deployment of deployment descriptor [/Users/antonio/Desktop/netbeans/Accesodatos/apache-tomcat-9.0.41/conf/Catalina/localhost/Wcom.xml] has finished in [2.273] ms
12-Jan-2021 10:48:13.761 INFO [http-nio-8084-exec-9] org.apache.catalina.util.LifecycleBase.start The start() method was called on component [StandardEngine[Catalina].StandardHost[localhost].StandardContext[/Wcom]] after start() had already been called. The second call will be ignored.
12-Jan-2021 10:53:56.699 INFO [main] org.apache.catalina.core.StandardServer.await Se ha recibido un comando de apagado a través del puerto de apagado. Parando la instancia del Servidor.
12-Jan-2021 10:53:56.700 INFO [main] org.apache.coyote.AbstractProtocol.pause Pausing ProtocolHandler ["http-nio-8084"]
12-Jan-2021 10:53:56.707 INFO [main] org.apache.catalina.core.StandardService.stopInternal Parando servicio [Catalina]
12-Jan-2021 10:53:56.727 WARNING [main] org.apache.catalina.loader.WebappClassLoaderBase.clearReferencesJdbc La aplicación web [Wcom] registró el conductor JDBC [com.mysql.cj.jdbc.Driver] pero falló al anular el registro mientras la aplicación web estaba parada. Para prevenir un fallo de memoria, se ha anulado el registro del conductor JDBC por la fuerza.
12-Jan-2021 10:53:56.728 WARNING [main] org.apache.catalina.loader.WebappClassLoaderBase.clearReferencesThreads The web application [Wcom] appears to have started a thread named [mysql-cj-abandoned-connection-cleanup] but has failed to stop it. This is very likely to create a memory leak. Stack trace of thread:
 java.base@11.0.8/java.lang.Object.wait(Native Method)
 java.base@11.0.8/java.lang.ref.ReferenceQueue.remove(ReferenceQueue.java:155)
 com.mysql.cj.jdbc.AbandonedConnectionCleanupThread.run(AbandonedConnectionCleanupThread.java:85)
 java.base@11.0.8/java.util.concurrent.ThreadPoolExecutor.runWorker(ThreadPoolExecutor.java:1128)
 java.base@11.0.8/java.util.concurrent.ThreadPoolExecutor$Worker.run(ThreadPoolExecutor.java:628)
 java.base@11.0.8/java.lang.Thread.run(Thread.java:834)
12-Jan-2021 10:53:56.752 INFO [main] org.apache.coyote.AbstractProtocol.stop Stopping ProtocolHandler ["http-nio-8084"]
12-Jan-2021 10:53:56.809 INFO [main] org.apache.coyote.AbstractProtocol.destroy Destroying ProtocolHandler ["http-nio-8084"]
12-Jan-2021 13:06:42.327 INFO [main] org.apache.catalina.startup.VersionLoggerListener.log Nombre de la versión del servidor: Apache Tomcat/9.0.41
12-Jan-2021 13:06:42.331 INFO [main] org.apache.catalina.startup.VersionLoggerListener.log Server built:                      Dec 3 2020 11:43:00 UTC
12-Jan-2021 13:06:42.332 INFO [main] org.apache.catalina.startup.VersionLoggerListener.log Número de versión de servidor:     9.0.41.0
12-Jan-2021 13:06:42.332 INFO [main] org.apache.catalina.startup.VersionLoggerListener.log OS Name:                           Mac OS X
12-Jan-2021 13:06:42.332 INFO [main] org.apache.catalina.startup.VersionLoggerListener.log Versión de Systema Operativo:      10.14.6
12-Jan-2021 13:06:42.332 INFO [main] org.apache.catalina.startup.VersionLoggerListener.log Arquitectura:                      x86_64
12-Jan-2021 13:06:42.332 INFO [main] org.apache.catalina.startup.VersionLoggerListener.log Java Home:                         /Library/Java/JavaVirtualMachines/jdk-11.0.8.jdk/Contents/Home
12-Jan-2021 13:06:42.332 INFO [main] org.apache.catalina.startup.VersionLoggerListener.log JVM Version:                       11.0.8+10-LTS
12-Jan-2021 13:06:42.332 INFO [main] org.apache.catalina.startup.VersionLoggerListener.log Vededor JVM:                       Oracle Corporation
12-Jan-2021 13:06:42.332 INFO [main] org.apache.catalina.startup.VersionLoggerListener.log CATALINA_BASE:                     /Users/antonio/Desktop/netbeans/Accesodatos/apache-tomcat-9.0.41
12-Jan-2021 13:06:42.332 INFO [main] org.apache.catalina.startup.VersionLoggerListener.log CATALINA_HOME:                     /Users/antonio/Desktop/netbeans/Accesodatos/apache-tomcat-9.0.41
12-Jan-2021 13:06:42.358 INFO [main] org.apache.catalina.startup.VersionLoggerListener.log Command line argument:             --add-opens=java.base/java.lang=ALL-UNNAMED
12-Jan-2021 13:06:42.359 INFO [main] org.apache.catalina.startup.VersionLoggerListener.log Command line argument:             --add-opens=java.base/java.io=ALL-UNNAMED
12-Jan-2021 13:06:42.359 INFO [main] org.apache.catalina.startup.VersionLoggerListener.log Command line argument:             --add-opens=java.rmi/sun.rmi.transport=ALL-UNNAMED
12-Jan-2021 13:06:42.359 INFO [main] org.apache.catalina.startup.VersionLoggerListener.log Command line argument:             -Djava.util.logging.config.file=/Users/antonio/Desktop/netbeans/Accesodatos/apache-tomcat-9.0.41/conf/logging.properties
12-Jan-2021 13:06:42.363 INFO [main] org.apache.catalina.startup.VersionLoggerListener.log Command line argument:             -Djava.util.logging.manager=org.apache.juli.ClassLoaderLogManager
12-Jan-2021 13:06:42.390 INFO [main] org.apache.catalina.startup.VersionLoggerListener.log Command line argument:             -Dhttp.nonProxyHosts=localhost|127.0.0.1|MacBook-Pro-de-antonio.local
12-Jan-2021 13:06:42.395 INFO [main] org.apache.catalina.startup.VersionLoggerListener.log Command line argument:             -Djdk.tls.ephemeralDHKeySize=2048
12-Jan-2021 13:06:42.396 INFO [main] org.apache.catalina.startup.VersionLoggerListener.log Command line argument:             -Djava.protocol.handler.pkgs=org.apache.catalina.webresources
12-Jan-2021 13:06:42.397 INFO [main] org.apache.catalina.startup.VersionLoggerListener.log Command line argument:             -Dorg.apache.catalina.security.SecurityListener.UMASK=0027
12-Jan-2021 13:06:42.398 INFO [main] org.apache.catalina.startup.VersionLoggerListener.log Command line argument:             -Dignore.endorsed.dirs=
12-Jan-2021 13:06:42.399 INFO [main] org.apache.catalina.startup.VersionLoggerListener.log Command line argument:             -Dcatalina.base=/Users/antonio/Desktop/netbeans/Accesodatos/apache-tomcat-9.0.41
12-Jan-2021 13:06:42.399 INFO [main] org.apache.catalina.startup.VersionLoggerListener.log Command line argument:             -Dcatalina.home=/Users/antonio/Desktop/netbeans/Accesodatos/apache-tomcat-9.0.41
12-Jan-2021 13:06:42.400 INFO [main] org.apache.catalina.startup.VersionLoggerListener.log Command line argument:             -Djava.io.tmpdir=/Users/antonio/Desktop/netbeans/Accesodatos/apache-tomcat-9.0.41/temp
12-Jan-2021 13:06:42.410 INFO [main] org.apache.catalina.core.AprLifecycleListener.lifecycleEvent La biblioteca nativa de Apache Tomcat basada en ARP que permite un rendimiento óptimo en entornos de desarrollo no ha sido hallada en java.library.path: [/Users/antonio/Library/Java/Extensions:/Library/Java/Extensions:/Network/Library/Java/Extensions:/System/Library/Java/Extensions:/usr/lib/java:.]
12-Jan-2021 13:06:43.744 INFO [main] org.apache.coyote.AbstractProtocol.init Inicializando el manejador de protocolo ["http-nio-8084"]

12-Jan-2021 13:06:43.825 INFO [main] org.apache.catalina.startup.Catalina.load Server initialization in [2082] milliseconds
12-Jan-2021 13:06:44.026 INFO [main] org.apache.catalina.core.StandardService.startInternal Arrancando servicio [Catalina]
12-Jan-2021 13:06:44.031 INFO [main] org.apache.catalina.core.StandardEngine.startInternal Starting Servlet engine: [Apache Tomcat/9.0.41]
12-Jan-2021 13:06:44.050 INFO [main] org.apache.catalina.startup.HostConfig.deployDescriptor Desplieque del descriptor de configuración [/Users/antonio/Desktop/netbeans/Accesodatos/apache-tomcat-9.0.41/conf/Catalina/localhost/Wcom.xml]
12-Jan-2021 13:06:44.121 WARNING [main] org.apache.catalina.startup.HostConfig.deployDescriptor The path attribute with value [/Wcom] in deployment descriptor [/Users/antonio/Desktop/netbeans/Accesodatos/apache-tomcat-9.0.41/conf/Catalina/localhost/Wcom.xml] has been ignored
12-Jan-2021 13:06:47.156 INFO [main] org.apache.jasper.servlet.TldScanner.scanJars Al menos un JAR, que se ha explorado buscando TLDs, aún no contenía TLDs. Activar historial de depuración para este historiador para una completa lista de los JARs que fueron explorados y de los que nos se halló TLDs. Saltarse JARs no necesarios durante la exploración puede dar lugar a una mejora de tiempo significativa en el arranque y compilación de JSP .
12-Jan-2021 13:06:47.260 INFO [main] org.apache.catalina.startup.HostConfig.deployDescriptor Deployment of deployment descriptor [/Users/antonio/Desktop/netbeans/Accesodatos/apache-tomcat-9.0.41/conf/Catalina/localhost/Wcom.xml] has finished in [3.206] ms
12-Jan-2021 13:06:47.261 INFO [main] org.apache.catalina.startup.HostConfig.deployDescriptor Desplieque del descriptor de configuración [/Users/antonio/Desktop/netbeans/Accesodatos/apache-tomcat-9.0.41/conf/Catalina/localhost/Agendaweb.xml]
12-Jan-2021 13:06:47.263 WARNING [main] org.apache.catalina.startup.HostConfig.deployDescriptor The path attribute with value [/Agendaweb] in deployment descriptor [/Users/antonio/Desktop/netbeans/Accesodatos/apache-tomcat-9.0.41/conf/Catalina/localhost/Agendaweb.xml] has been ignored
12-Jan-2021 13:06:49.369 INFO [main] org.apache.jasper.servlet.TldScanner.scanJars Al menos un JAR, que se ha explorado buscando TLDs, aún no contenía TLDs. Activar historial de depuración para este historiador para una completa lista de los JARs que fueron explorados y de los que nos se halló TLDs. Saltarse JARs no necesarios durante la exploración puede dar lugar a una mejora de tiempo significativa en el arranque y compilación de JSP .
12-Jan-2021 13:06:49.383 INFO [main] org.apache.catalina.startup.HostConfig.deployDescriptor Deployment of deployment descriptor [/Users/antonio/Desktop/netbeans/Accesodatos/apache-tomcat-9.0.41/conf/Catalina/localhost/Agendaweb.xml] has finished in [2.122] ms
12-Jan-2021 13:06:49.384 INFO [main] org.apache.catalina.startup.HostConfig.deployDescriptor Desplieque del descriptor de configuración [/Users/antonio/Desktop/netbeans/Accesodatos/apache-tomcat-9.0.41/conf/Catalina/localhost/NuevaAgendaWebJPA.xml]
12-Jan-2021 13:06:49.396 WARNING [main] org.apache.catalina.startup.HostConfig.deployDescriptor The path attribute with value [/NuevaAgendaWebJPA] in deployment descriptor [/Users/antonio/Desktop/netbeans/Accesodatos/apache-tomcat-9.0.41/conf/Catalina/localhost/NuevaAgendaWebJPA.xml] has been ignored
12-Jan-2021 13:06:51.715 INFO [main] org.apache.jasper.servlet.TldScanner.scanJars Al menos un JAR, que se ha explorado buscando TLDs, aún no contenía TLDs. Activar historial de depuración para este historiador para una completa lista de los JARs que fueron explorados y de los que nos se halló TLDs. Saltarse JARs no necesarios durante la exploración puede dar lugar a una mejora de tiempo significativa en el arranque y compilación de JSP .
12-Jan-2021 13:06:51.729 INFO [main] org.apache.catalina.startup.HostConfig.deployDescriptor Deployment of deployment descriptor [/Users/antonio/Desktop/netbeans/Accesodatos/apache-tomcat-9.0.41/conf/Catalina/localhost/NuevaAgendaWebJPA.xml] has finished in [2.345] ms
12-Jan-2021 13:06:51.730 INFO [main] org.apache.catalina.startup.HostConfig.deployDirectory Desplegando el directorio [/Users/antonio/Desktop/netbeans/Accesodatos/apache-tomcat-9.0.41/webapps/docs] de la aplicación web
12-Jan-2021 13:06:51.771 INFO [main] org.apache.catalina.startup.HostConfig.deployDirectory Deployment of web application directory [/Users/antonio/Desktop/netbeans/Accesodatos/apache-tomcat-9.0.41/webapps/docs] has finished in [41] ms
12-Jan-2021 13:06:51.771 INFO [main] org.apache.catalina.startup.HostConfig.deployDirectory Desplegando el directorio [/Users/antonio/Desktop/netbeans/Accesodatos/apache-tomcat-9.0.41/webapps/manager] de la aplicación web
12-Jan-2021 13:06:51.847 INFO [main] org.apache.catalina.startup.HostConfig.deployDirectory Deployment of web application directory [/Users/antonio/Desktop/netbeans/Accesodatos/apache-tomcat-9.0.41/webapps/manager] has finished in [76] ms
12-Jan-2021 13:06:51.847 INFO [main] org.apache.catalina.startup.HostConfig.deployDirectory Desplegando el directorio [/Users/antonio/Desktop/netbeans/Accesodatos/apache-tomcat-9.0.41/webapps/examples] de la aplicación web
12-Jan-2021 13:06:52.431 INFO [main] org.apache.catalina.startup.HostConfig.deployDirectory Deployment of web application directory [/Users/antonio/Desktop/netbeans/Accesodatos/apache-tomcat-9.0.41/webapps/examples] has finished in [584] ms
12-Jan-2021 13:06:52.431 INFO [main] org.apache.catalina.startup.HostConfig.deployDirectory Desplegando el directorio [/Users/antonio/Desktop/netbeans/Accesodatos/apache-tomcat-9.0.41/webapps/ROOT] de la aplicación web
12-Jan-2021 13:06:52.462 INFO [main] org.apache.catalina.startup.HostConfig.deployDirectory Deployment of web application directory [/Users/antonio/Desktop/netbeans/Accesodatos/apache-tomcat-9.0.41/webapps/ROOT] has finished in [31] ms
12-Jan-2021 13:06:52.463 INFO [main] org.apache.catalina.startup.HostConfig.deployDirectory Desplegando el directorio [/Users/antonio/Desktop/netbeans/Accesodatos/apache-tomcat-9.0.41/webapps/host-manager] de la aplicación web
12-Jan-2021 13:06:52.543 INFO [main] org.apache.catalina.startup.HostConfig.deployDirectory Deployment of web application directory [/Users/antonio/Desktop/netbeans/Accesodatos/apache-tomcat-9.0.41/webapps/host-manager] has finished in [76] ms
12-Jan-2021 13:06:52.635 INFO [main] org.apache.coyote.AbstractProtocol.start Starting ProtocolHandler ["http-nio-8084"]
12-Jan-2021 13:06:52.654 INFO [main] org.apache.catalina.startup.Catalina.start Server startup in [8827] milliseconds
12-Jan-2021 13:06:55.907 INFO [http-nio-8084-exec-3] org.apache.catalina.startup.HostConfig.undeploy Repliegue (undeploy) de la aplicación web que tiene como trayectoria de contexto [/Wcom]
12-Jan-2021 13:06:55.948 INFO [http-nio-8084-exec-6] org.apache.catalina.startup.HostConfig.deployDescriptor Desplieque del descriptor de configuración [/Users/antonio/Desktop/netbeans/Accesodatos/apache-tomcat-9.0.41/conf/Catalina/localhost/Wcom.xml]
12-Jan-2021 13:06:55.949 WARNING [http-nio-8084-exec-6] org.apache.catalina.startup.HostConfig.deployDescriptor The path attribute with value [/Wcom] in deployment descriptor [/Users/antonio/Desktop/netbeans/Accesodatos/apache-tomcat-9.0.41/conf/Catalina/localhost/Wcom.xml] has been ignored
12-Jan-2021 13:06:57.006 INFO [http-nio-8084-exec-6] org.apache.jasper.servlet.TldScanner.scanJars Al menos un JAR, que se ha explorado buscando TLDs, aún no contenía TLDs. Activar historial de depuración para este historiador para una completa lista de los JARs que fueron explorados y de los que nos se halló TLDs. Saltarse JARs no necesarios durante la exploración puede dar lugar a una mejora de tiempo significativa en el arranque y compilación de JSP .
12-Jan-2021 13:06:57.024 INFO [http-nio-8084-exec-6] org.apache.catalina.startup.HostConfig.deployDescriptor Deployment of deployment descriptor [/Users/antonio/Desktop/netbeans/Accesodatos/apache-tomcat-9.0.41/conf/Catalina/localhost/Wcom.xml] has finished in [1.076] ms
12-Jan-2021 13:06:57.035 INFO [http-nio-8084-exec-5] org.apache.catalina.util.LifecycleBase.start The start() method was called on component [StandardEngine[Catalina].StandardHost[localhost].StandardContext[/Wcom]] after start() had already been called. The second call will be ignored.
12-Jan-2021 13:08:06.383 WARNING [http-nio-8084-exec-16] org.apache.catalina.loader.WebappClassLoaderBase.clearReferencesJdbc La aplicación web [Wcom] registró el conductor JDBC [com.mysql.cj.jdbc.Driver] pero falló al anular el registro mientras la aplicación web estaba parada. Para prevenir un fallo de memoria, se ha anulado el registro del conductor JDBC por la fuerza.
12-Jan-2021 13:08:06.385 WARNING [http-nio-8084-exec-16] org.apache.catalina.loader.WebappClassLoaderBase.clearReferencesThreads The web application [Wcom] appears to have started a thread named [mysql-cj-abandoned-connection-cleanup] but has failed to stop it. This is very likely to create a memory leak. Stack trace of thread:
 java.base@11.0.8/java.lang.Object.wait(Native Method)
 java.base@11.0.8/java.lang.ref.ReferenceQueue.remove(ReferenceQueue.java:155)
 com.mysql.cj.jdbc.AbandonedConnectionCleanupThread.run(AbandonedConnectionCleanupThread.java:85)
 java.base@11.0.8/java.util.concurrent.ThreadPoolExecutor.runWorker(ThreadPoolExecutor.java:1128)
 java.base@11.0.8/java.util.concurrent.ThreadPoolExecutor$Worker.run(ThreadPoolExecutor.java:628)
 java.base@11.0.8/java.lang.Thread.run(Thread.java:834)
12-Jan-2021 13:08:06.892 INFO [http-nio-8084-exec-16] org.apache.catalina.startup.HostConfig.undeploy Repliegue (undeploy) de la aplicación web que tiene como trayectoria de contexto [/Wcom]
12-Jan-2021 13:08:10.717 INFO [mysql-cj-abandoned-connection-cleanup] org.apache.catalina.loader.WebappClassLoaderBase.checkStateForResourceLoading Acceso ilegal: esta instancia de aplicación web ya ha sido parada.  Could not load [].  La eventual traza de pila que sigue ha sido motivada por un error lanzado con motivos de depuración así como para intentar terminar el hilo que motivó el acceso ilegal y no tiene impacto funcional.
	java.lang.IllegalStateException: Acceso ilegal: esta instancia de aplicación web ya ha sido parada.  Could not load [].  La eventual traza de pila que sigue ha sido motivada por un error lanzado con motivos de depuración así como para intentar terminar el hilo que motivó el acceso ilegal y no tiene impacto funcional.
		at org.apache.catalina.loader.WebappClassLoaderBase.checkStateForResourceLoading(WebappClassLoaderBase.java:1385)
		at org.apache.catalina.loader.WebappClassLoaderBase.getResource(WebappClassLoaderBase.java:1038)
		at com.mysql.cj.jdbc.AbandonedConnectionCleanupThread.checkThreadContextClassLoader(AbandonedConnectionCleanupThread.java:117)
		at com.mysql.cj.jdbc.AbandonedConnectionCleanupThread.run(AbandonedConnectionCleanupThread.java:84)
		at java.base/java.util.concurrent.ThreadPoolExecutor.runWorker(ThreadPoolExecutor.java:1128)
		at java.base/java.util.concurrent.ThreadPoolExecutor$Worker.run(ThreadPoolExecutor.java:628)
		at java.base/java.lang.Thread.run(Thread.java:834)
12-Jan-2021 13:08:25.582 INFO [http-nio-8084-exec-18] org.apache.catalina.startup.HostConfig.deployDescriptor Desplieque del descriptor de configuración [/Users/antonio/Desktop/netbeans/Accesodatos/apache-tomcat-9.0.41/conf/Catalina/localhost/Wcom.xml]
12-Jan-2021 13:08:25.585 WARNING [http-nio-8084-exec-18] org.apache.catalina.startup.HostConfig.deployDescriptor The path attribute with value [/Wcom] in deployment descriptor [/Users/antonio/Desktop/netbeans/Accesodatos/apache-tomcat-9.0.41/conf/Catalina/localhost/Wcom.xml] has been ignored
12-Jan-2021 13:08:26.809 INFO [http-nio-8084-exec-18] org.apache.jasper.servlet.TldScanner.scanJars Al menos un JAR, que se ha explorado buscando TLDs, aún no contenía TLDs. Activar historial de depuración para este historiador para una completa lista de los JARs que fueron explorados y de los que nos se halló TLDs. Saltarse JARs no necesarios durante la exploración puede dar lugar a una mejora de tiempo significativa en el arranque y compilación de JSP .
12-Jan-2021 13:08:26.826 INFO [http-nio-8084-exec-18] org.apache.catalina.startup.HostConfig.deployDescriptor Deployment of deployment descriptor [/Users/antonio/Desktop/netbeans/Accesodatos/apache-tomcat-9.0.41/conf/Catalina/localhost/Wcom.xml] has finished in [1.243] ms
12-Jan-2021 13:08:26.838 INFO [http-nio-8084-exec-14] org.apache.catalina.util.LifecycleBase.start The start() method was called on component [StandardEngine[Catalina].StandardHost[localhost].StandardContext[/Wcom]] after start() had already been called. The second call will be ignored.
12-Jan-2021 13:13:16.192 WARNING [http-nio-8084-exec-25] org.apache.catalina.loader.WebappClassLoaderBase.clearReferencesJdbc La aplicación web [Wcom] registró el conductor JDBC [com.mysql.cj.jdbc.Driver] pero falló al anular el registro mientras la aplicación web estaba parada. Para prevenir un fallo de memoria, se ha anulado el registro del conductor JDBC por la fuerza.
12-Jan-2021 13:13:16.193 WARNING [http-nio-8084-exec-25] org.apache.catalina.loader.WebappClassLoaderBase.clearReferencesThreads The web application [Wcom] appears to have started a thread named [mysql-cj-abandoned-connection-cleanup] but has failed to stop it. This is very likely to create a memory leak. Stack trace of thread:
 java.base@11.0.8/java.lang.Object.wait(Native Method)
 java.base@11.0.8/java.lang.ref.ReferenceQueue.remove(ReferenceQueue.java:155)
 com.mysql.cj.jdbc.AbandonedConnectionCleanupThread.run(AbandonedConnectionCleanupThread.java:85)
 java.base@11.0.8/java.util.concurrent.ThreadPoolExecutor.runWorker(ThreadPoolExecutor.java:1128)
 java.base@11.0.8/java.util.concurrent.ThreadPoolExecutor$Worker.run(ThreadPoolExecutor.java:628)
 java.base@11.0.8/java.lang.Thread.run(Thread.java:834)
12-Jan-2021 13:13:16.702 INFO [http-nio-8084-exec-25] org.apache.catalina.startup.HostConfig.undeploy Repliegue (undeploy) de la aplicación web que tiene como trayectoria de contexto [/Wcom]
12-Jan-2021 13:13:16.715 INFO [http-nio-8084-exec-21] org.apache.catalina.startup.HostConfig.deployDescriptor Desplieque del descriptor de configuración [/Users/antonio/Desktop/netbeans/Accesodatos/apache-tomcat-9.0.41/conf/Catalina/localhost/Wcom.xml]
12-Jan-2021 13:13:16.719 WARNING [http-nio-8084-exec-21] org.apache.catalina.startup.HostConfig.deployDescriptor The path attribute with value [/Wcom] in deployment descriptor [/Users/antonio/Desktop/netbeans/Accesodatos/apache-tomcat-9.0.41/conf/Catalina/localhost/Wcom.xml] has been ignored
12-Jan-2021 13:13:17.508 INFO [mysql-cj-abandoned-connection-cleanup] org.apache.catalina.loader.WebappClassLoaderBase.checkStateForResourceLoading Acceso ilegal: esta instancia de aplicación web ya ha sido parada.  Could not load [].  La eventual traza de pila que sigue ha sido motivada por un error lanzado con motivos de depuración así como para intentar terminar el hilo que motivó el acceso ilegal y no tiene impacto funcional.
	java.lang.IllegalStateException: Acceso ilegal: esta instancia de aplicación web ya ha sido parada.  Could not load [].  La eventual traza de pila que sigue ha sido motivada por un error lanzado con motivos de depuración así como para intentar terminar el hilo que motivó el acceso ilegal y no tiene impacto funcional.
		at org.apache.catalina.loader.WebappClassLoaderBase.checkStateForResourceLoading(WebappClassLoaderBase.java:1385)
		at org.apache.catalina.loader.WebappClassLoaderBase.getResource(WebappClassLoaderBase.java:1038)
		at com.mysql.cj.jdbc.AbandonedConnectionCleanupThread.checkThreadContextClassLoader(AbandonedConnectionCleanupThread.java:117)
		at com.mysql.cj.jdbc.AbandonedConnectionCleanupThread.run(AbandonedConnectionCleanupThread.java:84)
		at java.base/java.util.concurrent.ThreadPoolExecutor.runWorker(ThreadPoolExecutor.java:1128)
		at java.base/java.util.concurrent.ThreadPoolExecutor$Worker.run(ThreadPoolExecutor.java:628)
		at java.base/java.lang.Thread.run(Thread.java:834)
12-Jan-2021 13:13:17.857 INFO [http-nio-8084-exec-21] org.apache.jasper.servlet.TldScanner.scanJars Al menos un JAR, que se ha explorado buscando TLDs, aún no contenía TLDs. Activar historial de depuración para este historiador para una completa lista de los JARs que fueron explorados y de los que nos se halló TLDs. Saltarse JARs no necesarios durante la exploración puede dar lugar a una mejora de tiempo significativa en el arranque y compilación de JSP .
12-Jan-2021 13:13:17.884 INFO [http-nio-8084-exec-21] org.apache.catalina.startup.HostConfig.deployDescriptor Deployment of deployment descriptor [/Users/antonio/Desktop/netbeans/Accesodatos/apache-tomcat-9.0.41/conf/Catalina/localhost/Wcom.xml] has finished in [1.169] ms
12-Jan-2021 13:13:17.901 INFO [http-nio-8084-exec-23] org.apache.catalina.util.LifecycleBase.start The start() method was called on component [StandardEngine[Catalina].StandardHost[localhost].StandardContext[/Wcom]] after start() had already been called. The second call will be ignored.
12-Jan-2021 13:16:07.794 INFO [main] org.apache.catalina.core.StandardServer.await Se ha recibido un comando de apagado a través del puerto de apagado. Parando la instancia del Servidor.
12-Jan-2021 13:16:07.795 INFO [main] org.apache.coyote.AbstractProtocol.pause Pausing ProtocolHandler ["http-nio-8084"]
12-Jan-2021 13:16:07.803 INFO [main] org.apache.catalina.core.StandardService.stopInternal Parando servicio [Catalina]
12-Jan-2021 13:16:07.822 WARNING [main] org.apache.catalina.loader.WebappClassLoaderBase.clearReferencesJdbc La aplicación web [Wcom] registró el conductor JDBC [com.mysql.cj.jdbc.Driver] pero falló al anular el registro mientras la aplicación web estaba parada. Para prevenir un fallo de memoria, se ha anulado el registro del conductor JDBC por la fuerza.
12-Jan-2021 13:16:07.823 WARNING [main] org.apache.catalina.loader.WebappClassLoaderBase.clearReferencesThreads The web application [Wcom] appears to have started a thread named [mysql-cj-abandoned-connection-cleanup] but has failed to stop it. This is very likely to create a memory leak. Stack trace of thread:
 java.base@11.0.8/java.lang.Object.wait(Native Method)
 java.base@11.0.8/java.lang.ref.ReferenceQueue.remove(ReferenceQueue.java:155)
 com.mysql.cj.jdbc.AbandonedConnectionCleanupThread.run(AbandonedConnectionCleanupThread.java:85)
 java.base@11.0.8/java.util.concurrent.ThreadPoolExecutor.runWorker(ThreadPoolExecutor.java:1128)
 java.base@11.0.8/java.util.concurrent.ThreadPoolExecutor$Worker.run(ThreadPoolExecutor.java:628)
 java.base@11.0.8/java.lang.Thread.run(Thread.java:834)
12-Jan-2021 13:16:07.844 INFO [main] org.apache.coyote.AbstractProtocol.stop Stopping ProtocolHandler ["http-nio-8084"]
12-Jan-2021 13:16:07.853 INFO [main] org.apache.coyote.AbstractProtocol.destroy Destroying ProtocolHandler ["http-nio-8084"]
12-Jan-2021 14:32:13.600 INFO [main] org.apache.catalina.startup.VersionLoggerListener.log Nombre de la versión del servidor: Apache Tomcat/9.0.41
12-Jan-2021 14:32:13.653 INFO [main] org.apache.catalina.startup.VersionLoggerListener.log Server built:                      Dec 3 2020 11:43:00 UTC
12-Jan-2021 14:32:13.653 INFO [main] org.apache.catalina.startup.VersionLoggerListener.log Número de versión de servidor:     9.0.41.0
12-Jan-2021 14:32:13.654 INFO [main] org.apache.catalina.startup.VersionLoggerListener.log OS Name:                           Mac OS X
12-Jan-2021 14:32:13.654 INFO [main] org.apache.catalina.startup.VersionLoggerListener.log Versión de Systema Operativo:      10.14.6
12-Jan-2021 14:32:13.654 INFO [main] org.apache.catalina.startup.VersionLoggerListener.log Arquitectura:                      x86_64
12-Jan-2021 14:32:13.655 INFO [main] org.apache.catalina.startup.VersionLoggerListener.log Java Home:                         /Library/Java/JavaVirtualMachines/jdk-11.0.8.jdk/Contents/Home
12-Jan-2021 14:32:13.655 INFO [main] org.apache.catalina.startup.VersionLoggerListener.log JVM Version:                       11.0.8+10-LTS
12-Jan-2021 14:32:13.655 INFO [main] org.apache.catalina.startup.VersionLoggerListener.log Vededor JVM:                       Oracle Corporation
12-Jan-2021 14:32:13.656 INFO [main] org.apache.catalina.startup.VersionLoggerListener.log CATALINA_BASE:                     /Users/antonio/Desktop/netbeans/Accesodatos/apache-tomcat-9.0.41
12-Jan-2021 14:32:13.656 INFO [main] org.apache.catalina.startup.VersionLoggerListener.log CATALINA_HOME:                     /Users/antonio/Desktop/netbeans/Accesodatos/apache-tomcat-9.0.41
12-Jan-2021 14:32:13.673 INFO [main] org.apache.catalina.startup.VersionLoggerListener.log Command line argument:             --add-opens=java.base/java.lang=ALL-UNNAMED
12-Jan-2021 14:32:13.673 INFO [main] org.apache.catalina.startup.VersionLoggerListener.log Command line argument:             --add-opens=java.base/java.io=ALL-UNNAMED
12-Jan-2021 14:32:13.673 INFO [main] org.apache.catalina.startup.VersionLoggerListener.log Command line argument:             --add-opens=java.rmi/sun.rmi.transport=ALL-UNNAMED
12-Jan-2021 14:32:13.676 INFO [main] org.apache.catalina.startup.VersionLoggerListener.log Command line argument:             -Djava.util.logging.config.file=/Users/antonio/Desktop/netbeans/Accesodatos/apache-tomcat-9.0.41/conf/logging.properties
12-Jan-2021 14:32:13.677 INFO [main] org.apache.catalina.startup.VersionLoggerListener.log Command line argument:             -Djava.util.logging.manager=org.apache.juli.ClassLoaderLogManager
12-Jan-2021 14:32:13.677 INFO [main] org.apache.catalina.startup.VersionLoggerListener.log Command line argument:             -Dhttp.nonProxyHosts=localhost|127.0.0.1|MacBook-Pro-de-antonio.local
12-Jan-2021 14:32:13.677 INFO [main] org.apache.catalina.startup.VersionLoggerListener.log Command line argument:             -Djdk.tls.ephemeralDHKeySize=2048
12-Jan-2021 14:32:13.677 INFO [main] org.apache.catalina.startup.VersionLoggerListener.log Command line argument:             -Djava.protocol.handler.pkgs=org.apache.catalina.webresources
12-Jan-2021 14:32:13.677 INFO [main] org.apache.catalina.startup.VersionLoggerListener.log Command line argument:             -Dorg.apache.catalina.security.SecurityListener.UMASK=0027
12-Jan-2021 14:32:13.677 INFO [main] org.apache.catalina.startup.VersionLoggerListener.log Command line argument:             -Dignore.endorsed.dirs=
12-Jan-2021 14:32:13.677 INFO [main] org.apache.catalina.startup.VersionLoggerListener.log Command line argument:             -Dcatalina.base=/Users/antonio/Desktop/netbeans/Accesodatos/apache-tomcat-9.0.41
12-Jan-2021 14:32:13.677 INFO [main] org.apache.catalina.startup.VersionLoggerListener.log Command line argument:             -Dcatalina.home=/Users/antonio/Desktop/netbeans/Accesodatos/apache-tomcat-9.0.41
12-Jan-2021 14:32:13.680 INFO [main] org.apache.catalina.startup.VersionLoggerListener.log Command line argument:             -Djava.io.tmpdir=/Users/antonio/Desktop/netbeans/Accesodatos/apache-tomcat-9.0.41/temp
12-Jan-2021 14:32:13.684 INFO [main] org.apache.catalina.core.AprLifecycleListener.lifecycleEvent La biblioteca nativa de Apache Tomcat basada en ARP que permite un rendimiento óptimo en entornos de desarrollo no ha sido hallada en java.library.path: [/Users/antonio/Library/Java/Extensions:/Library/Java/Extensions:/Network/Library/Java/Extensions:/System/Library/Java/Extensions:/usr/lib/java:.]
12-Jan-2021 14:32:15.566 INFO [main] org.apache.coyote.AbstractProtocol.init Inicializando el manejador de protocolo ["http-nio-8084"]

12-Jan-2021 14:32:15.805 INFO [main] org.apache.catalina.startup.Catalina.load Server initialization in [3317] milliseconds
12-Jan-2021 14:32:16.041 INFO [main] org.apache.catalina.core.StandardService.startInternal Arrancando servicio [Catalina]
12-Jan-2021 14:32:16.043 INFO [main] org.apache.catalina.core.StandardEngine.startInternal Starting Servlet engine: [Apache Tomcat/9.0.41]
12-Jan-2021 14:32:16.086 INFO [main] org.apache.catalina.startup.HostConfig.deployDescriptor Desplieque del descriptor de configuración [/Users/antonio/Desktop/netbeans/Accesodatos/apache-tomcat-9.0.41/conf/Catalina/localhost/Wcom.xml]
12-Jan-2021 14:32:16.194 WARNING [main] org.apache.catalina.startup.HostConfig.deployDescriptor The path attribute with value [/Wcom] in deployment descriptor [/Users/antonio/Desktop/netbeans/Accesodatos/apache-tomcat-9.0.41/conf/Catalina/localhost/Wcom.xml] has been ignored
12-Jan-2021 14:32:20.167 INFO [main] org.apache.jasper.servlet.TldScanner.scanJars Al menos un JAR, que se ha explorado buscando TLDs, aún no contenía TLDs. Activar historial de depuración para este historiador para una completa lista de los JARs que fueron explorados y de los que nos se halló TLDs. Saltarse JARs no necesarios durante la exploración puede dar lugar a una mejora de tiempo significativa en el arranque y compilación de JSP .
12-Jan-2021 14:32:20.465 INFO [main] org.apache.catalina.startup.HostConfig.deployDescriptor Deployment of deployment descriptor [/Users/antonio/Desktop/netbeans/Accesodatos/apache-tomcat-9.0.41/conf/Catalina/localhost/Wcom.xml] has finished in [4.374] ms
12-Jan-2021 14:32:20.465 INFO [main] org.apache.catalina.startup.HostConfig.deployDescriptor Desplieque del descriptor de configuración [/Users/antonio/Desktop/netbeans/Accesodatos/apache-tomcat-9.0.41/conf/Catalina/localhost/Agendaweb.xml]
12-Jan-2021 14:32:20.473 WARNING [main] org.apache.catalina.startup.HostConfig.deployDescriptor The path attribute with value [/Agendaweb] in deployment descriptor [/Users/antonio/Desktop/netbeans/Accesodatos/apache-tomcat-9.0.41/conf/Catalina/localhost/Agendaweb.xml] has been ignored
12-Jan-2021 14:32:23.120 INFO [main] org.apache.jasper.servlet.TldScanner.scanJars Al menos un JAR, que se ha explorado buscando TLDs, aún no contenía TLDs. Activar historial de depuración para este historiador para una completa lista de los JARs que fueron explorados y de los que nos se halló TLDs. Saltarse JARs no necesarios durante la exploración puede dar lugar a una mejora de tiempo significativa en el arranque y compilación de JSP .
12-Jan-2021 14:32:23.148 INFO [main] org.apache.catalina.startup.HostConfig.deployDescriptor Deployment of deployment descriptor [/Users/antonio/Desktop/netbeans/Accesodatos/apache-tomcat-9.0.41/conf/Catalina/localhost/Agendaweb.xml] has finished in [2.682] ms
12-Jan-2021 14:32:23.148 INFO [main] org.apache.catalina.startup.HostConfig.deployDescriptor Desplieque del descriptor de configuración [/Users/antonio/Desktop/netbeans/Accesodatos/apache-tomcat-9.0.41/conf/Catalina/localhost/NuevaAgendaWebJPA.xml]
12-Jan-2021 14:32:23.153 WARNING [main] org.apache.catalina.startup.HostConfig.deployDescriptor The path attribute with value [/NuevaAgendaWebJPA] in deployment descriptor [/Users/antonio/Desktop/netbeans/Accesodatos/apache-tomcat-9.0.41/conf/Catalina/localhost/NuevaAgendaWebJPA.xml] has been ignored
12-Jan-2021 14:32:25.558 INFO [main] org.apache.jasper.servlet.TldScanner.scanJars Al menos un JAR, que se ha explorado buscando TLDs, aún no contenía TLDs. Activar historial de depuración para este historiador para una completa lista de los JARs que fueron explorados y de los que nos se halló TLDs. Saltarse JARs no necesarios durante la exploración puede dar lugar a una mejora de tiempo significativa en el arranque y compilación de JSP .
12-Jan-2021 14:32:25.586 INFO [main] org.apache.catalina.startup.HostConfig.deployDescriptor Deployment of deployment descriptor [/Users/antonio/Desktop/netbeans/Accesodatos/apache-tomcat-9.0.41/conf/Catalina/localhost/NuevaAgendaWebJPA.xml] has finished in [2.438] ms
12-Jan-2021 14:32:25.587 INFO [main] org.apache.catalina.startup.HostConfig.deployDirectory Desplegando el directorio [/Users/antonio/Desktop/netbeans/Accesodatos/apache-tomcat-9.0.41/webapps/docs] de la aplicación web
12-Jan-2021 14:32:25.732 INFO [main] org.apache.catalina.startup.HostConfig.deployDirectory Deployment of web application directory [/Users/antonio/Desktop/netbeans/Accesodatos/apache-tomcat-9.0.41/webapps/docs] has finished in [144] ms
12-Jan-2021 14:32:25.732 INFO [main] org.apache.catalina.startup.HostConfig.deployDirectory Desplegando el directorio [/Users/antonio/Desktop/netbeans/Accesodatos/apache-tomcat-9.0.41/webapps/manager] de la aplicación web
12-Jan-2021 14:32:25.892 INFO [main] org.apache.catalina.startup.HostConfig.deployDirectory Deployment of web application directory [/Users/antonio/Desktop/netbeans/Accesodatos/apache-tomcat-9.0.41/webapps/manager] has finished in [159] ms
12-Jan-2021 14:32:25.893 INFO [main] org.apache.catalina.startup.HostConfig.deployDirectory Desplegando el directorio [/Users/antonio/Desktop/netbeans/Accesodatos/apache-tomcat-9.0.41/webapps/examples] de la aplicación web
12-Jan-2021 14:32:26.521 INFO [main] org.apache.catalina.startup.HostConfig.deployDirectory Deployment of web application directory [/Users/antonio/Desktop/netbeans/Accesodatos/apache-tomcat-9.0.41/webapps/examples] has finished in [629] ms
12-Jan-2021 14:32:26.521 INFO [main] org.apache.catalina.startup.HostConfig.deployDirectory Desplegando el directorio [/Users/antonio/Desktop/netbeans/Accesodatos/apache-tomcat-9.0.41/webapps/ROOT] de la aplicación web
12-Jan-2021 14:32:26.627 INFO [main] org.apache.catalina.startup.HostConfig.deployDirectory Deployment of web application directory [/Users/antonio/Desktop/netbeans/Accesodatos/apache-tomcat-9.0.41/webapps/ROOT] has finished in [106] ms
12-Jan-2021 14:32:26.628 INFO [main] org.apache.catalina.startup.HostConfig.deployDirectory Desplegando el directorio [/Users/antonio/Desktop/netbeans/Accesodatos/apache-tomcat-9.0.41/webapps/host-manager] de la aplicación web
12-Jan-2021 14:32:26.748 INFO [main] org.apache.catalina.startup.HostConfig.deployDirectory Deployment of web application directory [/Users/antonio/Desktop/netbeans/Accesodatos/apache-tomcat-9.0.41/webapps/host-manager] has finished in [119] ms
12-Jan-2021 14:32:26.766 INFO [main] org.apache.coyote.AbstractProtocol.start Starting ProtocolHandler ["http-nio-8084"]
12-Jan-2021 14:32:26.833 INFO [main] org.apache.catalina.startup.Catalina.start Server startup in [11026] milliseconds
12-Jan-2021 14:32:41.342 INFO [http-nio-8084-exec-4] org.apache.catalina.startup.HostConfig.undeploy Repliegue (undeploy) de la aplicación web que tiene como trayectoria de contexto [/Wcom]
12-Jan-2021 14:32:41.377 INFO [http-nio-8084-exec-5] org.apache.catalina.startup.HostConfig.deployDescriptor Desplieque del descriptor de configuración [/Users/antonio/Desktop/netbeans/Accesodatos/apache-tomcat-9.0.41/conf/Catalina/localhost/Wcom.xml]
12-Jan-2021 14:32:41.378 WARNING [http-nio-8084-exec-5] org.apache.catalina.startup.HostConfig.deployDescriptor The path attribute with value [/Wcom] in deployment descriptor [/Users/antonio/Desktop/netbeans/Accesodatos/apache-tomcat-9.0.41/conf/Catalina/localhost/Wcom.xml] has been ignored
12-Jan-2021 14:32:42.526 INFO [http-nio-8084-exec-5] org.apache.jasper.servlet.TldScanner.scanJars Al menos un JAR, que se ha explorado buscando TLDs, aún no contenía TLDs. Activar historial de depuración para este historiador para una completa lista de los JARs que fueron explorados y de los que nos se halló TLDs. Saltarse JARs no necesarios durante la exploración puede dar lugar a una mejora de tiempo significativa en el arranque y compilación de JSP .
12-Jan-2021 14:32:42.554 INFO [http-nio-8084-exec-5] org.apache.catalina.startup.HostConfig.deployDescriptor Deployment of deployment descriptor [/Users/antonio/Desktop/netbeans/Accesodatos/apache-tomcat-9.0.41/conf/Catalina/localhost/Wcom.xml] has finished in [1.177] ms
12-Jan-2021 14:32:42.562 INFO [http-nio-8084-exec-9] org.apache.catalina.util.LifecycleBase.start The start() method was called on component [StandardEngine[Catalina].StandardHost[localhost].StandardContext[/Wcom]] after start() had already been called. The second call will be ignored.
12-Jan-2021 14:33:50.435 INFO [http-nio-8084-exec-12] org.apache.catalina.core.StandardContext.reload Ha comenzado la recarga de Contexto [/Wcom]
12-Jan-2021 14:33:50.447 WARNING [http-nio-8084-exec-12] org.apache.catalina.loader.WebappClassLoaderBase.clearReferencesJdbc La aplicación web [Wcom] registró el conductor JDBC [com.mysql.cj.jdbc.Driver] pero falló al anular el registro mientras la aplicación web estaba parada. Para prevenir un fallo de memoria, se ha anulado el registro del conductor JDBC por la fuerza.
12-Jan-2021 14:33:50.448 WARNING [http-nio-8084-exec-12] org.apache.catalina.loader.WebappClassLoaderBase.clearReferencesThreads The web application [Wcom] appears to have started a thread named [mysql-cj-abandoned-connection-cleanup] but has failed to stop it. This is very likely to create a memory leak. Stack trace of thread:
 java.base@11.0.8/java.lang.Object.wait(Native Method)
 java.base@11.0.8/java.lang.ref.ReferenceQueue.remove(ReferenceQueue.java:155)
 com.mysql.cj.jdbc.AbandonedConnectionCleanupThread.run(AbandonedConnectionCleanupThread.java:85)
 java.base@11.0.8/java.util.concurrent.ThreadPoolExecutor.runWorker(ThreadPoolExecutor.java:1128)
 java.base@11.0.8/java.util.concurrent.ThreadPoolExecutor$Worker.run(ThreadPoolExecutor.java:628)
 java.base@11.0.8/java.lang.Thread.run(Thread.java:834)
12-Jan-2021 14:33:51.375 INFO [mysql-cj-abandoned-connection-cleanup] org.apache.catalina.loader.WebappClassLoaderBase.checkStateForResourceLoading Acceso ilegal: esta instancia de aplicación web ya ha sido parada.  Could not load [].  La eventual traza de pila que sigue ha sido motivada por un error lanzado con motivos de depuración así como para intentar terminar el hilo que motivó el acceso ilegal y no tiene impacto funcional.
	java.lang.IllegalStateException: Acceso ilegal: esta instancia de aplicación web ya ha sido parada.  Could not load [].  La eventual traza de pila que sigue ha sido motivada por un error lanzado con motivos de depuración así como para intentar terminar el hilo que motivó el acceso ilegal y no tiene impacto funcional.
		at org.apache.catalina.loader.WebappClassLoaderBase.checkStateForResourceLoading(WebappClassLoaderBase.java:1385)
		at org.apache.catalina.loader.WebappClassLoaderBase.getResource(WebappClassLoaderBase.java:1038)
		at com.mysql.cj.jdbc.AbandonedConnectionCleanupThread.checkThreadContextClassLoader(AbandonedConnectionCleanupThread.java:117)
		at com.mysql.cj.jdbc.AbandonedConnectionCleanupThread.run(AbandonedConnectionCleanupThread.java:84)
		at java.base/java.util.concurrent.ThreadPoolExecutor.runWorker(ThreadPoolExecutor.java:1128)
		at java.base/java.util.concurrent.ThreadPoolExecutor$Worker.run(ThreadPoolExecutor.java:628)
		at java.base/java.lang.Thread.run(Thread.java:834)
12-Jan-2021 14:33:53.155 INFO [http-nio-8084-exec-12] org.apache.jasper.servlet.TldScanner.scanJars Al menos un JAR, que se ha explorado buscando TLDs, aún no contenía TLDs. Activar historial de depuración para este historiador para una completa lista de los JARs que fueron explorados y de los que nos se halló TLDs. Saltarse JARs no necesarios durante la exploración puede dar lugar a una mejora de tiempo significativa en el arranque y compilación de JSP .
12-Jan-2021 14:33:53.175 INFO [http-nio-8084-exec-12] org.apache.catalina.core.StandardContext.reload Se ha completado la recarga de este Contexto
12-Jan-2021 14:33:57.651 INFO [main] org.apache.catalina.core.StandardServer.await Se ha recibido un comando de apagado a través del puerto de apagado. Parando la instancia del Servidor.
12-Jan-2021 14:33:57.652 INFO [main] org.apache.coyote.AbstractProtocol.pause Pausing ProtocolHandler ["http-nio-8084"]
12-Jan-2021 14:33:57.659 INFO [main] org.apache.catalina.core.StandardService.stopInternal Parando servicio [Catalina]
12-Jan-2021 14:33:57.708 INFO [main] org.apache.coyote.AbstractProtocol.stop Stopping ProtocolHandler ["http-nio-8084"]
12-Jan-2021 14:33:57.759 INFO [main] org.apache.coyote.AbstractProtocol.destroy Destroying ProtocolHandler ["http-nio-8084"]
12-Jan-2021 14:36:32.748 INFO [main] org.apache.catalina.startup.VersionLoggerListener.log Nombre de la versión del servidor: Apache Tomcat/9.0.41
12-Jan-2021 14:36:32.758 INFO [main] org.apache.catalina.startup.VersionLoggerListener.log Server built:                      Dec 3 2020 11:43:00 UTC
12-Jan-2021 14:36:32.758 INFO [main] org.apache.catalina.startup.VersionLoggerListener.log Número de versión de servidor:     9.0.41.0
12-Jan-2021 14:36:32.758 INFO [main] org.apache.catalina.startup.VersionLoggerListener.log OS Name:                           Mac OS X
12-Jan-2021 14:36:32.758 INFO [main] org.apache.catalina.startup.VersionLoggerListener.log Versión de Systema Operativo:      10.14.6
12-Jan-2021 14:36:32.759 INFO [main] org.apache.catalina.startup.VersionLoggerListener.log Arquitectura:                      x86_64
12-Jan-2021 14:36:32.759 INFO [main] org.apache.catalina.startup.VersionLoggerListener.log Java Home:                         /Library/Java/JavaVirtualMachines/jdk-11.0.8.jdk/Contents/Home
12-Jan-2021 14:36:32.759 INFO [main] org.apache.catalina.startup.VersionLoggerListener.log JVM Version:                       11.0.8+10-LTS
12-Jan-2021 14:36:32.760 INFO [main] org.apache.catalina.startup.VersionLoggerListener.log Vededor JVM:                       Oracle Corporation
12-Jan-2021 14:36:32.760 INFO [main] org.apache.catalina.startup.VersionLoggerListener.log CATALINA_BASE:                     /Users/antonio/Desktop/netbeans/Accesodatos/apache-tomcat-9.0.41
12-Jan-2021 14:36:32.760 INFO [main] org.apache.catalina.startup.VersionLoggerListener.log CATALINA_HOME:                     /Users/antonio/Desktop/netbeans/Accesodatos/apache-tomcat-9.0.41
12-Jan-2021 14:36:32.819 INFO [main] org.apache.catalina.startup.VersionLoggerListener.log Command line argument:             --add-opens=java.base/java.lang=ALL-UNNAMED
12-Jan-2021 14:36:32.819 INFO [main] org.apache.catalina.startup.VersionLoggerListener.log Command line argument:             --add-opens=java.base/java.io=ALL-UNNAMED
12-Jan-2021 14:36:32.819 INFO [main] org.apache.catalina.startup.VersionLoggerListener.log Command line argument:             --add-opens=java.rmi/sun.rmi.transport=ALL-UNNAMED
12-Jan-2021 14:36:32.819 INFO [main] org.apache.catalina.startup.VersionLoggerListener.log Command line argument:             -Djava.util.logging.config.file=/Users/antonio/Desktop/netbeans/Accesodatos/apache-tomcat-9.0.41/conf/logging.properties
12-Jan-2021 14:36:32.820 INFO [main] org.apache.catalina.startup.VersionLoggerListener.log Command line argument:             -Djava.util.logging.manager=org.apache.juli.ClassLoaderLogManager
12-Jan-2021 14:36:32.820 INFO [main] org.apache.catalina.startup.VersionLoggerListener.log Command line argument:             -Dhttp.nonProxyHosts=localhost|127.0.0.1|MacBook-Pro-de-antonio.local
12-Jan-2021 14:36:32.820 INFO [main] org.apache.catalina.startup.VersionLoggerListener.log Command line argument:             -Djdk.tls.ephemeralDHKeySize=2048
12-Jan-2021 14:36:32.820 INFO [main] org.apache.catalina.startup.VersionLoggerListener.log Command line argument:             -Djava.protocol.handler.pkgs=org.apache.catalina.webresources
12-Jan-2021 14:36:32.820 INFO [main] org.apache.catalina.startup.VersionLoggerListener.log Command line argument:             -Dorg.apache.catalina.security.SecurityListener.UMASK=0027
12-Jan-2021 14:36:32.820 INFO [main] org.apache.catalina.startup.VersionLoggerListener.log Command line argument:             -Dignore.endorsed.dirs=
12-Jan-2021 14:36:32.820 INFO [main] org.apache.catalina.startup.VersionLoggerListener.log Command line argument:             -Dcatalina.base=/Users/antonio/Desktop/netbeans/Accesodatos/apache-tomcat-9.0.41
12-Jan-2021 14:36:32.820 INFO [main] org.apache.catalina.startup.VersionLoggerListener.log Command line argument:             -Dcatalina.home=/Users/antonio/Desktop/netbeans/Accesodatos/apache-tomcat-9.0.41
12-Jan-2021 14:36:32.821 INFO [main] org.apache.catalina.startup.VersionLoggerListener.log Command line argument:             -Djava.io.tmpdir=/Users/antonio/Desktop/netbeans/Accesodatos/apache-tomcat-9.0.41/temp
12-Jan-2021 14:36:32.830 INFO [main] org.apache.catalina.core.AprLifecycleListener.lifecycleEvent La biblioteca nativa de Apache Tomcat basada en ARP que permite un rendimiento óptimo en entornos de desarrollo no ha sido hallada en java.library.path: [/Users/antonio/Library/Java/Extensions:/Library/Java/Extensions:/Network/Library/Java/Extensions:/System/Library/Java/Extensions:/usr/lib/java:.]
12-Jan-2021 14:36:34.032 INFO [main] org.apache.coyote.AbstractProtocol.init Inicializando el manejador de protocolo ["http-nio-8084"]

12-Jan-2021 14:36:34.114 INFO [main] org.apache.catalina.startup.Catalina.load Server initialization in [2250] milliseconds
12-Jan-2021 14:36:34.424 INFO [main] org.apache.catalina.core.StandardService.startInternal Arrancando servicio [Catalina]
12-Jan-2021 14:36:34.425 INFO [main] org.apache.catalina.core.StandardEngine.startInternal Starting Servlet engine: [Apache Tomcat/9.0.41]
12-Jan-2021 14:36:34.489 INFO [main] org.apache.catalina.startup.HostConfig.deployDescriptor Desplieque del descriptor de configuración [/Users/antonio/Desktop/netbeans/Accesodatos/apache-tomcat-9.0.41/conf/Catalina/localhost/Wcom.xml]
12-Jan-2021 14:36:34.533 WARNING [main] org.apache.catalina.startup.HostConfig.deployDescriptor The path attribute with value [/Wcom] in deployment descriptor [/Users/antonio/Desktop/netbeans/Accesodatos/apache-tomcat-9.0.41/conf/Catalina/localhost/Wcom.xml] has been ignored
12-Jan-2021 14:36:37.328 INFO [main] org.apache.jasper.servlet.TldScanner.scanJars Al menos un JAR, que se ha explorado buscando TLDs, aún no contenía TLDs. Activar historial de depuración para este historiador para una completa lista de los JARs que fueron explorados y de los que nos se halló TLDs. Saltarse JARs no necesarios durante la exploración puede dar lugar a una mejora de tiempo significativa en el arranque y compilación de JSP .
12-Jan-2021 14:36:37.396 INFO [main] org.apache.catalina.startup.HostConfig.deployDescriptor Deployment of deployment descriptor [/Users/antonio/Desktop/netbeans/Accesodatos/apache-tomcat-9.0.41/conf/Catalina/localhost/Wcom.xml] has finished in [2.903] ms
12-Jan-2021 14:36:37.396 INFO [main] org.apache.catalina.startup.HostConfig.deployDescriptor Desplieque del descriptor de configuración [/Users/antonio/Desktop/netbeans/Accesodatos/apache-tomcat-9.0.41/conf/Catalina/localhost/Agendaweb.xml]
12-Jan-2021 14:36:37.397 WARNING [main] org.apache.catalina.startup.HostConfig.deployDescriptor The path attribute with value [/Agendaweb] in deployment descriptor [/Users/antonio/Desktop/netbeans/Accesodatos/apache-tomcat-9.0.41/conf/Catalina/localhost/Agendaweb.xml] has been ignored
12-Jan-2021 14:36:38.967 INFO [main] org.apache.jasper.servlet.TldScanner.scanJars Al menos un JAR, que se ha explorado buscando TLDs, aún no contenía TLDs. Activar historial de depuración para este historiador para una completa lista de los JARs que fueron explorados y de los que nos se halló TLDs. Saltarse JARs no necesarios durante la exploración puede dar lugar a una mejora de tiempo significativa en el arranque y compilación de JSP .
12-Jan-2021 14:36:38.986 INFO [main] org.apache.catalina.startup.HostConfig.deployDescriptor Deployment of deployment descriptor [/Users/antonio/Desktop/netbeans/Accesodatos/apache-tomcat-9.0.41/conf/Catalina/localhost/Agendaweb.xml] has finished in [1.590] ms
12-Jan-2021 14:36:38.987 INFO [main] org.apache.catalina.startup.HostConfig.deployDescriptor Desplieque del descriptor de configuración [/Users/antonio/Desktop/netbeans/Accesodatos/apache-tomcat-9.0.41/conf/Catalina/localhost/NuevaAgendaWebJPA.xml]
12-Jan-2021 14:36:38.988 WARNING [main] org.apache.catalina.startup.HostConfig.deployDescriptor The path attribute with value [/NuevaAgendaWebJPA] in deployment descriptor [/Users/antonio/Desktop/netbeans/Accesodatos/apache-tomcat-9.0.41/conf/Catalina/localhost/NuevaAgendaWebJPA.xml] has been ignored
12-Jan-2021 14:36:40.337 INFO [main] org.apache.jasper.servlet.TldScanner.scanJars Al menos un JAR, que se ha explorado buscando TLDs, aún no contenía TLDs. Activar historial de depuración para este historiador para una completa lista de los JARs que fueron explorados y de los que nos se halló TLDs. Saltarse JARs no necesarios durante la exploración puede dar lugar a una mejora de tiempo significativa en el arranque y compilación de JSP .
12-Jan-2021 14:36:40.357 INFO [main] org.apache.catalina.startup.HostConfig.deployDescriptor Deployment of deployment descriptor [/Users/antonio/Desktop/netbeans/Accesodatos/apache-tomcat-9.0.41/conf/Catalina/localhost/NuevaAgendaWebJPA.xml] has finished in [1.369] ms
12-Jan-2021 14:36:40.360 INFO [main] org.apache.catalina.startup.HostConfig.deployDirectory Desplegando el directorio [/Users/antonio/Desktop/netbeans/Accesodatos/apache-tomcat-9.0.41/webapps/docs] de la aplicación web
12-Jan-2021 14:36:40.446 INFO [main] org.apache.catalina.startup.HostConfig.deployDirectory Deployment of web application directory [/Users/antonio/Desktop/netbeans/Accesodatos/apache-tomcat-9.0.41/webapps/docs] has finished in [86] ms
12-Jan-2021 14:36:40.447 INFO [main] org.apache.catalina.startup.HostConfig.deployDirectory Desplegando el directorio [/Users/antonio/Desktop/netbeans/Accesodatos/apache-tomcat-9.0.41/webapps/manager] de la aplicación web
12-Jan-2021 14:36:40.590 INFO [main] org.apache.catalina.startup.HostConfig.deployDirectory Deployment of web application directory [/Users/antonio/Desktop/netbeans/Accesodatos/apache-tomcat-9.0.41/webapps/manager] has finished in [139] ms
12-Jan-2021 14:36:40.598 INFO [main] org.apache.catalina.startup.HostConfig.deployDirectory Desplegando el directorio [/Users/antonio/Desktop/netbeans/Accesodatos/apache-tomcat-9.0.41/webapps/examples] de la aplicación web
12-Jan-2021 14:36:41.131 INFO [main] org.apache.catalina.startup.HostConfig.deployDirectory Deployment of web application directory [/Users/antonio/Desktop/netbeans/Accesodatos/apache-tomcat-9.0.41/webapps/examples] has finished in [534] ms
12-Jan-2021 14:36:41.132 INFO [main] org.apache.catalina.startup.HostConfig.deployDirectory Desplegando el directorio [/Users/antonio/Desktop/netbeans/Accesodatos/apache-tomcat-9.0.41/webapps/ROOT] de la aplicación web
12-Jan-2021 14:36:41.223 INFO [main] org.apache.catalina.startup.HostConfig.deployDirectory Deployment of web application directory [/Users/antonio/Desktop/netbeans/Accesodatos/apache-tomcat-9.0.41/webapps/ROOT] has finished in [91] ms
12-Jan-2021 14:36:41.224 INFO [main] org.apache.catalina.startup.HostConfig.deployDirectory Desplegando el directorio [/Users/antonio/Desktop/netbeans/Accesodatos/apache-tomcat-9.0.41/webapps/host-manager] de la aplicación web
12-Jan-2021 14:36:41.335 INFO [main] org.apache.catalina.startup.HostConfig.deployDirectory Deployment of web application directory [/Users/antonio/Desktop/netbeans/Accesodatos/apache-tomcat-9.0.41/webapps/host-manager] has finished in [112] ms
12-Jan-2021 14:36:41.342 INFO [main] org.apache.coyote.AbstractProtocol.start Starting ProtocolHandler ["http-nio-8084"]
12-Jan-2021 14:36:41.429 INFO [main] org.apache.catalina.startup.Catalina.start Server startup in [7308] milliseconds
12-Jan-2021 14:36:42.247 INFO [http-nio-8084-exec-9] org.apache.catalina.startup.HostConfig.undeploy Repliegue (undeploy) de la aplicación web que tiene como trayectoria de contexto [/Wcom]
12-Jan-2021 14:36:42.285 INFO [http-nio-8084-exec-8] org.apache.catalina.startup.HostConfig.deployDescriptor Desplieque del descriptor de configuración [/Users/antonio/Desktop/netbeans/Accesodatos/apache-tomcat-9.0.41/conf/Catalina/localhost/Wcom.xml]
12-Jan-2021 14:36:42.289 WARNING [http-nio-8084-exec-8] org.apache.catalina.startup.HostConfig.deployDescriptor The path attribute with value [/Wcom] in deployment descriptor [/Users/antonio/Desktop/netbeans/Accesodatos/apache-tomcat-9.0.41/conf/Catalina/localhost/Wcom.xml] has been ignored
12-Jan-2021 14:36:43.564 INFO [http-nio-8084-exec-8] org.apache.jasper.servlet.TldScanner.scanJars Al menos un JAR, que se ha explorado buscando TLDs, aún no contenía TLDs. Activar historial de depuración para este historiador para una completa lista de los JARs que fueron explorados y de los que nos se halló TLDs. Saltarse JARs no necesarios durante la exploración puede dar lugar a una mejora de tiempo significativa en el arranque y compilación de JSP .
12-Jan-2021 14:36:43.577 INFO [http-nio-8084-exec-8] org.apache.catalina.startup.HostConfig.deployDescriptor Deployment of deployment descriptor [/Users/antonio/Desktop/netbeans/Accesodatos/apache-tomcat-9.0.41/conf/Catalina/localhost/Wcom.xml] has finished in [1.292] ms
12-Jan-2021 14:36:43.591 INFO [http-nio-8084-exec-6] org.apache.catalina.util.LifecycleBase.start The start() method was called on component [StandardEngine[Catalina].StandardHost[localhost].StandardContext[/Wcom]] after start() had already been called. The second call will be ignored.
12-Jan-2021 14:39:35.644 INFO [main] org.apache.catalina.core.StandardServer.await Se ha recibido un comando de apagado a través del puerto de apagado. Parando la instancia del Servidor.
12-Jan-2021 14:39:35.644 INFO [main] org.apache.coyote.AbstractProtocol.pause Pausing ProtocolHandler ["http-nio-8084"]
12-Jan-2021 14:39:35.652 INFO [main] org.apache.catalina.core.StandardService.stopInternal Parando servicio [Catalina]
12-Jan-2021 14:39:35.670 WARNING [main] org.apache.catalina.loader.WebappClassLoaderBase.clearReferencesJdbc La aplicación web [Wcom] registró el conductor JDBC [com.mysql.cj.jdbc.Driver] pero falló al anular el registro mientras la aplicación web estaba parada. Para prevenir un fallo de memoria, se ha anulado el registro del conductor JDBC por la fuerza.
12-Jan-2021 14:39:35.671 WARNING [main] org.apache.catalina.loader.WebappClassLoaderBase.clearReferencesThreads The web application [Wcom] appears to have started a thread named [mysql-cj-abandoned-connection-cleanup] but has failed to stop it. This is very likely to create a memory leak. Stack trace of thread:
 java.base@11.0.8/java.lang.Object.wait(Native Method)
 java.base@11.0.8/java.lang.ref.ReferenceQueue.remove(ReferenceQueue.java:155)
 com.mysql.cj.jdbc.AbandonedConnectionCleanupThread.run(AbandonedConnectionCleanupThread.java:85)
 java.base@11.0.8/java.util.concurrent.ThreadPoolExecutor.runWorker(ThreadPoolExecutor.java:1128)
 java.base@11.0.8/java.util.concurrent.ThreadPoolExecutor$Worker.run(ThreadPoolExecutor.java:628)
 java.base@11.0.8/java.lang.Thread.run(Thread.java:834)
12-Jan-2021 14:39:35.692 INFO [main] org.apache.coyote.AbstractProtocol.stop Stopping ProtocolHandler ["http-nio-8084"]
12-Jan-2021 14:39:35.728 INFO [main] org.apache.coyote.AbstractProtocol.destroy Destroying ProtocolHandler ["http-nio-8084"]
