14-Dec-2020 20:59:37.811 INFO [main] org.apache.catalina.startup.VersionLoggerListener.log Nombre de la versión del servidor: Apache Tomcat/9.0.41
14-Dec-2020 20:59:37.823 INFO [main] org.apache.catalina.startup.VersionLoggerListener.log Server built:                      Dec 3 2020 11:43:00 UTC
14-Dec-2020 20:59:37.824 INFO [main] org.apache.catalina.startup.VersionLoggerListener.log Número de versión de servidor:     9.0.41.0
14-Dec-2020 20:59:37.825 INFO [main] org.apache.catalina.startup.VersionLoggerListener.log OS Name:                           Mac OS X
14-Dec-2020 20:59:37.826 INFO [main] org.apache.catalina.startup.VersionLoggerListener.log Versión de Systema Operativo:      10.14.6
14-Dec-2020 20:59:37.826 INFO [main] org.apache.catalina.startup.VersionLoggerListener.log Arquitectura:                      x86_64
14-Dec-2020 20:59:37.826 INFO [main] org.apache.catalina.startup.VersionLoggerListener.log Java Home:                         /Library/Java/JavaVirtualMachines/jdk-11.0.8.jdk/Contents/Home
14-Dec-2020 20:59:37.826 INFO [main] org.apache.catalina.startup.VersionLoggerListener.log JVM Version:                       11.0.8+10-LTS
14-Dec-2020 20:59:37.826 INFO [main] org.apache.catalina.startup.VersionLoggerListener.log Vededor JVM:                       Oracle Corporation
14-Dec-2020 20:59:37.830 INFO [main] org.apache.catalina.startup.VersionLoggerListener.log CATALINA_BASE:                     /Users/antonio/Desktop/netbeans/Accesodatos/apache-tomcat-9.0.41
14-Dec-2020 20:59:37.831 INFO [main] org.apache.catalina.startup.VersionLoggerListener.log CATALINA_HOME:                     /Users/antonio/Desktop/netbeans/Accesodatos/apache-tomcat-9.0.41
14-Dec-2020 20:59:37.859 INFO [main] org.apache.catalina.startup.VersionLoggerListener.log Command line argument:             --add-opens=java.base/java.lang=ALL-UNNAMED
14-Dec-2020 20:59:37.859 INFO [main] org.apache.catalina.startup.VersionLoggerListener.log Command line argument:             --add-opens=java.base/java.io=ALL-UNNAMED
14-Dec-2020 20:59:37.859 INFO [main] org.apache.catalina.startup.VersionLoggerListener.log Command line argument:             --add-opens=java.rmi/sun.rmi.transport=ALL-UNNAMED
14-Dec-2020 20:59:37.859 INFO [main] org.apache.catalina.startup.VersionLoggerListener.log Command line argument:             -Djava.util.logging.config.file=/Users/antonio/Desktop/netbeans/Accesodatos/apache-tomcat-9.0.41/conf/logging.properties
14-Dec-2020 20:59:37.878 INFO [main] org.apache.catalina.startup.VersionLoggerListener.log Command line argument:             -Djava.util.logging.manager=org.apache.juli.ClassLoaderLogManager
14-Dec-2020 20:59:37.878 INFO [main] org.apache.catalina.startup.VersionLoggerListener.log Command line argument:             -Dhttp.nonProxyHosts=localhost|127.0.0.1|MacBook-Pro-de-antonio.local
14-Dec-2020 20:59:37.878 INFO [main] org.apache.catalina.startup.VersionLoggerListener.log Command line argument:             -Djdk.tls.ephemeralDHKeySize=2048
14-Dec-2020 20:59:37.881 INFO [main] org.apache.catalina.startup.VersionLoggerListener.log Command line argument:             -Djava.protocol.handler.pkgs=org.apache.catalina.webresources
14-Dec-2020 20:59:37.882 INFO [main] org.apache.catalina.startup.VersionLoggerListener.log Command line argument:             -Dorg.apache.catalina.security.SecurityListener.UMASK=0027
14-Dec-2020 20:59:37.882 INFO [main] org.apache.catalina.startup.VersionLoggerListener.log Command line argument:             -Dignore.endorsed.dirs=
14-Dec-2020 20:59:37.883 INFO [main] org.apache.catalina.startup.VersionLoggerListener.log Command line argument:             -Dcatalina.base=/Users/antonio/Desktop/netbeans/Accesodatos/apache-tomcat-9.0.41
14-Dec-2020 20:59:37.883 INFO [main] org.apache.catalina.startup.VersionLoggerListener.log Command line argument:             -Dcatalina.home=/Users/antonio/Desktop/netbeans/Accesodatos/apache-tomcat-9.0.41
14-Dec-2020 20:59:37.883 INFO [main] org.apache.catalina.startup.VersionLoggerListener.log Command line argument:             -Djava.io.tmpdir=/Users/antonio/Desktop/netbeans/Accesodatos/apache-tomcat-9.0.41/temp
14-Dec-2020 20:59:37.892 INFO [main] org.apache.catalina.core.AprLifecycleListener.lifecycleEvent La biblioteca nativa de Apache Tomcat basada en ARP que permite un rendimiento óptimo en entornos de desarrollo no ha sido hallada en java.library.path: [/Users/antonio/Library/Java/Extensions:/Library/Java/Extensions:/Network/Library/Java/Extensions:/System/Library/Java/Extensions:/usr/lib/java:.]
14-Dec-2020 20:59:39.209 INFO [main] org.apache.coyote.AbstractProtocol.init Inicializando el manejador de protocolo ["http-nio-8084"]

14-Dec-2020 20:59:39.637 INFO [main] org.apache.catalina.startup.Catalina.load Server initialization in [3239] milliseconds
14-Dec-2020 20:59:40.002 INFO [main] org.apache.catalina.core.StandardService.startInternal Arrancando servicio [Catalina]
14-Dec-2020 20:59:40.007 INFO [main] org.apache.catalina.core.StandardEngine.startInternal Starting Servlet engine: [Apache Tomcat/9.0.41]
14-Dec-2020 20:59:40.167 INFO [main] org.apache.catalina.startup.HostConfig.deployDirectory Desplegando el directorio [/Users/antonio/Desktop/netbeans/Accesodatos/apache-tomcat-9.0.41/webapps/docs] de la aplicación web
14-Dec-2020 20:59:41.191 WARNING [main] org.apache.catalina.util.SessionIdGeneratorBase.createSecureRandom Creation of SecureRandom instance for session ID generation using [SHA1PRNG] took [146] milliseconds.
14-Dec-2020 20:59:41.286 INFO [main] org.apache.catalina.startup.HostConfig.deployDirectory Deployment of web application directory [/Users/antonio/Desktop/netbeans/Accesodatos/apache-tomcat-9.0.41/webapps/docs] has finished in [1.118] ms
14-Dec-2020 20:59:41.286 INFO [main] org.apache.catalina.startup.HostConfig.deployDirectory Desplegando el directorio [/Users/antonio/Desktop/netbeans/Accesodatos/apache-tomcat-9.0.41/webapps/manager] de la aplicación web
14-Dec-2020 20:59:41.510 INFO [main] org.apache.catalina.startup.HostConfig.deployDirectory Deployment of web application directory [/Users/antonio/Desktop/netbeans/Accesodatos/apache-tomcat-9.0.41/webapps/manager] has finished in [224] ms
14-Dec-2020 20:59:41.511 INFO [main] org.apache.catalina.startup.HostConfig.deployDirectory Desplegando el directorio [/Users/antonio/Desktop/netbeans/Accesodatos/apache-tomcat-9.0.41/webapps/examples] de la aplicación web
14-Dec-2020 20:59:42.488 INFO [main] org.apache.catalina.startup.HostConfig.deployDirectory Deployment of web application directory [/Users/antonio/Desktop/netbeans/Accesodatos/apache-tomcat-9.0.41/webapps/examples] has finished in [977] ms
14-Dec-2020 20:59:42.490 INFO [main] org.apache.catalina.startup.HostConfig.deployDirectory Desplegando el directorio [/Users/antonio/Desktop/netbeans/Accesodatos/apache-tomcat-9.0.41/webapps/ROOT] de la aplicación web
14-Dec-2020 20:59:42.559 INFO [main] org.apache.catalina.startup.HostConfig.deployDirectory Deployment of web application directory [/Users/antonio/Desktop/netbeans/Accesodatos/apache-tomcat-9.0.41/webapps/ROOT] has finished in [69] ms
14-Dec-2020 20:59:42.561 INFO [main] org.apache.catalina.startup.HostConfig.deployDirectory Desplegando el directorio [/Users/antonio/Desktop/netbeans/Accesodatos/apache-tomcat-9.0.41/webapps/host-manager] de la aplicación web
14-Dec-2020 20:59:42.657 INFO [main] org.apache.catalina.startup.HostConfig.deployDirectory Deployment of web application directory [/Users/antonio/Desktop/netbeans/Accesodatos/apache-tomcat-9.0.41/webapps/host-manager] has finished in [96] ms
14-Dec-2020 20:59:42.667 INFO [main] org.apache.coyote.AbstractProtocol.start Starting ProtocolHandler ["http-nio-8084"]
14-Dec-2020 20:59:42.703 INFO [main] org.apache.catalina.startup.Catalina.start Server startup in [3064] milliseconds
14-Dec-2020 20:59:53.926 INFO [http-nio-8084-exec-2] org.apache.catalina.startup.HostConfig.deployDescriptor Desplieque del descriptor de configuración [/Users/antonio/Desktop/netbeans/Accesodatos/apache-tomcat-9.0.41/conf/Catalina/localhost/Agendaweb.xml]
14-Dec-2020 20:59:53.929 WARNING [http-nio-8084-exec-2] org.apache.catalina.startup.HostConfig.deployDescriptor The path attribute with value [/Agendaweb] in deployment descriptor [/Users/antonio/Desktop/netbeans/Accesodatos/apache-tomcat-9.0.41/conf/Catalina/localhost/Agendaweb.xml] has been ignored
14-Dec-2020 20:59:56.182 INFO [http-nio-8084-exec-2] org.apache.jasper.servlet.TldScanner.scanJars Al menos un JAR, que se ha explorado buscando TLDs, aún no contenía TLDs. Activar historial de depuración para este historiador para una completa lista de los JARs que fueron explorados y de los que nos se halló TLDs. Saltarse JARs no necesarios durante la exploración puede dar lugar a una mejora de tiempo significativa en el arranque y compilación de JSP .
14-Dec-2020 20:59:56.192 INFO [http-nio-8084-exec-2] org.apache.catalina.startup.HostConfig.deployDescriptor Deployment of deployment descriptor [/Users/antonio/Desktop/netbeans/Accesodatos/apache-tomcat-9.0.41/conf/Catalina/localhost/Agendaweb.xml] has finished in [2.266] ms
14-Dec-2020 20:59:56.202 INFO [http-nio-8084-exec-3] org.apache.catalina.util.LifecycleBase.start The start() method was called on component [StandardEngine[Catalina].StandardHost[localhost].StandardContext[/Agendaweb]] after start() had already been called. The second call will be ignored.
14-Dec-2020 21:00:22.737 INFO [main] org.apache.catalina.core.StandardServer.await Se ha recibido un comando de apagado a través del puerto de apagado. Parando la instancia del Servidor.
14-Dec-2020 21:00:22.738 INFO [main] org.apache.coyote.AbstractProtocol.pause Pausing ProtocolHandler ["http-nio-8084"]
14-Dec-2020 21:00:22.749 INFO [main] org.apache.catalina.core.StandardService.stopInternal Parando servicio [Catalina]
14-Dec-2020 21:00:22.892 INFO [main] org.apache.coyote.AbstractProtocol.stop Stopping ProtocolHandler ["http-nio-8084"]
14-Dec-2020 21:00:22.930 INFO [main] org.apache.coyote.AbstractProtocol.destroy Destroying ProtocolHandler ["http-nio-8084"]
14-Dec-2020 21:06:28.282 INFO [main] org.apache.catalina.startup.VersionLoggerListener.log Nombre de la versión del servidor: Apache Tomcat/9.0.41
14-Dec-2020 21:06:28.299 INFO [main] org.apache.catalina.startup.VersionLoggerListener.log Server built:                      Dec 3 2020 11:43:00 UTC
14-Dec-2020 21:06:28.300 INFO [main] org.apache.catalina.startup.VersionLoggerListener.log Número de versión de servidor:     9.0.41.0
14-Dec-2020 21:06:28.300 INFO [main] org.apache.catalina.startup.VersionLoggerListener.log OS Name:                           Mac OS X
14-Dec-2020 21:06:28.300 INFO [main] org.apache.catalina.startup.VersionLoggerListener.log Versión de Systema Operativo:      10.14.6
14-Dec-2020 21:06:28.300 INFO [main] org.apache.catalina.startup.VersionLoggerListener.log Arquitectura:                      x86_64
14-Dec-2020 21:06:28.300 INFO [main] org.apache.catalina.startup.VersionLoggerListener.log Java Home:                         /Library/Java/JavaVirtualMachines/jdk-11.0.8.jdk/Contents/Home
14-Dec-2020 21:06:28.300 INFO [main] org.apache.catalina.startup.VersionLoggerListener.log JVM Version:                       11.0.8+10-LTS
14-Dec-2020 21:06:28.301 INFO [main] org.apache.catalina.startup.VersionLoggerListener.log Vededor JVM:                       Oracle Corporation
14-Dec-2020 21:06:28.301 INFO [main] org.apache.catalina.startup.VersionLoggerListener.log CATALINA_BASE:                     /Users/antonio/Desktop/netbeans/Accesodatos/apache-tomcat-9.0.41
14-Dec-2020 21:06:28.301 INFO [main] org.apache.catalina.startup.VersionLoggerListener.log CATALINA_HOME:                     /Users/antonio/Desktop/netbeans/Accesodatos/apache-tomcat-9.0.41
14-Dec-2020 21:06:28.329 INFO [main] org.apache.catalina.startup.VersionLoggerListener.log Command line argument:             --add-opens=java.base/java.lang=ALL-UNNAMED
14-Dec-2020 21:06:28.329 INFO [main] org.apache.catalina.startup.VersionLoggerListener.log Command line argument:             --add-opens=java.base/java.io=ALL-UNNAMED
14-Dec-2020 21:06:28.329 INFO [main] org.apache.catalina.startup.VersionLoggerListener.log Command line argument:             --add-opens=java.rmi/sun.rmi.transport=ALL-UNNAMED
14-Dec-2020 21:06:28.330 INFO [main] org.apache.catalina.startup.VersionLoggerListener.log Command line argument:             -Djava.util.logging.config.file=/Users/antonio/Desktop/netbeans/Accesodatos/apache-tomcat-9.0.41/conf/logging.properties
14-Dec-2020 21:06:28.330 INFO [main] org.apache.catalina.startup.VersionLoggerListener.log Command line argument:             -Djava.util.logging.manager=org.apache.juli.ClassLoaderLogManager
14-Dec-2020 21:06:28.330 INFO [main] org.apache.catalina.startup.VersionLoggerListener.log Command line argument:             -Dhttp.nonProxyHosts=localhost|127.0.0.1|MacBook-Pro-de-antonio.local
14-Dec-2020 21:06:28.330 INFO [main] org.apache.catalina.startup.VersionLoggerListener.log Command line argument:             -Djdk.tls.ephemeralDHKeySize=2048
14-Dec-2020 21:06:28.330 INFO [main] org.apache.catalina.startup.VersionLoggerListener.log Command line argument:             -Djava.protocol.handler.pkgs=org.apache.catalina.webresources
14-Dec-2020 21:06:28.331 INFO [main] org.apache.catalina.startup.VersionLoggerListener.log Command line argument:             -Dorg.apache.catalina.security.SecurityListener.UMASK=0027
14-Dec-2020 21:06:28.331 INFO [main] org.apache.catalina.startup.VersionLoggerListener.log Command line argument:             -Dignore.endorsed.dirs=
14-Dec-2020 21:06:28.331 INFO [main] org.apache.catalina.startup.VersionLoggerListener.log Command line argument:             -Dcatalina.base=/Users/antonio/Desktop/netbeans/Accesodatos/apache-tomcat-9.0.41
14-Dec-2020 21:06:28.331 INFO [main] org.apache.catalina.startup.VersionLoggerListener.log Command line argument:             -Dcatalina.home=/Users/antonio/Desktop/netbeans/Accesodatos/apache-tomcat-9.0.41
14-Dec-2020 21:06:28.331 INFO [main] org.apache.catalina.startup.VersionLoggerListener.log Command line argument:             -Djava.io.tmpdir=/Users/antonio/Desktop/netbeans/Accesodatos/apache-tomcat-9.0.41/temp
14-Dec-2020 21:06:28.338 INFO [main] org.apache.catalina.core.AprLifecycleListener.lifecycleEvent La biblioteca nativa de Apache Tomcat basada en ARP que permite un rendimiento óptimo en entornos de desarrollo no ha sido hallada en java.library.path: [/Users/antonio/Library/Java/Extensions:/Library/Java/Extensions:/Network/Library/Java/Extensions:/System/Library/Java/Extensions:/usr/lib/java:.]
14-Dec-2020 21:06:29.905 INFO [main] org.apache.coyote.AbstractProtocol.init Inicializando el manejador de protocolo ["http-nio-8084"]

14-Dec-2020 21:06:29.999 INFO [main] org.apache.catalina.startup.Catalina.load Server initialization in [2644] milliseconds
14-Dec-2020 21:06:30.202 INFO [main] org.apache.catalina.core.StandardService.startInternal Arrancando servicio [Catalina]
14-Dec-2020 21:06:30.203 INFO [main] org.apache.catalina.core.StandardEngine.startInternal Starting Servlet engine: [Apache Tomcat/9.0.41]
14-Dec-2020 21:06:30.239 INFO [main] org.apache.catalina.startup.HostConfig.deployDescriptor Desplieque del descriptor de configuración [/Users/antonio/Desktop/netbeans/Accesodatos/apache-tomcat-9.0.41/conf/Catalina/localhost/Agendaweb.xml]
14-Dec-2020 21:06:30.297 WARNING [main] org.apache.catalina.startup.HostConfig.deployDescriptor The path attribute with value [/Agendaweb] in deployment descriptor [/Users/antonio/Desktop/netbeans/Accesodatos/apache-tomcat-9.0.41/conf/Catalina/localhost/Agendaweb.xml] has been ignored
14-Dec-2020 21:06:34.589 INFO [main] org.apache.jasper.servlet.TldScanner.scanJars Al menos un JAR, que se ha explorado buscando TLDs, aún no contenía TLDs. Activar historial de depuración para este historiador para una completa lista de los JARs que fueron explorados y de los que nos se halló TLDs. Saltarse JARs no necesarios durante la exploración puede dar lugar a una mejora de tiempo significativa en el arranque y compilación de JSP .
14-Dec-2020 21:06:34.664 INFO [main] org.apache.catalina.startup.HostConfig.deployDescriptor Deployment of deployment descriptor [/Users/antonio/Desktop/netbeans/Accesodatos/apache-tomcat-9.0.41/conf/Catalina/localhost/Agendaweb.xml] has finished in [4.418] ms
14-Dec-2020 21:06:34.665 INFO [main] org.apache.catalina.startup.HostConfig.deployDirectory Desplegando el directorio [/Users/antonio/Desktop/netbeans/Accesodatos/apache-tomcat-9.0.41/webapps/docs] de la aplicación web
14-Dec-2020 21:06:35.083 INFO [main] org.apache.catalina.startup.HostConfig.deployDirectory Deployment of web application directory [/Users/antonio/Desktop/netbeans/Accesodatos/apache-tomcat-9.0.41/webapps/docs] has finished in [418] ms
14-Dec-2020 21:06:35.085 INFO [main] org.apache.catalina.startup.HostConfig.deployDirectory Desplegando el directorio [/Users/antonio/Desktop/netbeans/Accesodatos/apache-tomcat-9.0.41/webapps/manager] de la aplicación web
14-Dec-2020 21:06:35.603 INFO [main] org.apache.catalina.startup.HostConfig.deployDirectory Deployment of web application directory [/Users/antonio/Desktop/netbeans/Accesodatos/apache-tomcat-9.0.41/webapps/manager] has finished in [518] ms
14-Dec-2020 21:06:35.604 INFO [main] org.apache.catalina.startup.HostConfig.deployDirectory Desplegando el directorio [/Users/antonio/Desktop/netbeans/Accesodatos/apache-tomcat-9.0.41/webapps/examples] de la aplicación web
14-Dec-2020 21:06:38.499 INFO [main] org.apache.catalina.startup.HostConfig.deployDirectory Deployment of web application directory [/Users/antonio/Desktop/netbeans/Accesodatos/apache-tomcat-9.0.41/webapps/examples] has finished in [2.896] ms
14-Dec-2020 21:06:38.500 INFO [main] org.apache.catalina.startup.HostConfig.deployDirectory Desplegando el directorio [/Users/antonio/Desktop/netbeans/Accesodatos/apache-tomcat-9.0.41/webapps/ROOT] de la aplicación web
14-Dec-2020 21:06:38.589 INFO [main] org.apache.catalina.startup.HostConfig.deployDirectory Deployment of web application directory [/Users/antonio/Desktop/netbeans/Accesodatos/apache-tomcat-9.0.41/webapps/ROOT] has finished in [90] ms
14-Dec-2020 21:06:38.589 INFO [main] org.apache.catalina.startup.HostConfig.deployDirectory Desplegando el directorio [/Users/antonio/Desktop/netbeans/Accesodatos/apache-tomcat-9.0.41/webapps/host-manager] de la aplicación web
14-Dec-2020 21:06:38.716 INFO [main] org.apache.catalina.startup.HostConfig.deployDirectory Deployment of web application directory [/Users/antonio/Desktop/netbeans/Accesodatos/apache-tomcat-9.0.41/webapps/host-manager] has finished in [127] ms
14-Dec-2020 21:06:38.752 INFO [main] org.apache.coyote.AbstractProtocol.start Starting ProtocolHandler ["http-nio-8084"]
14-Dec-2020 21:06:38.910 INFO [main] org.apache.catalina.startup.Catalina.start Server startup in [8909] milliseconds
14-Dec-2020 21:06:39.845 INFO [http-nio-8084-exec-9] org.apache.catalina.startup.HostConfig.undeploy Repliegue (undeploy) de la aplicación web que tiene como trayectoria de contexto [/Agendaweb]
14-Dec-2020 21:06:39.880 INFO [http-nio-8084-exec-4] org.apache.catalina.startup.HostConfig.deployDescriptor Desplieque del descriptor de configuración [/Users/antonio/Desktop/netbeans/Accesodatos/apache-tomcat-9.0.41/conf/Catalina/localhost/Agendaweb.xml]
14-Dec-2020 21:06:39.882 WARNING [http-nio-8084-exec-4] org.apache.catalina.startup.HostConfig.deployDescriptor The path attribute with value [/Agendaweb] in deployment descriptor [/Users/antonio/Desktop/netbeans/Accesodatos/apache-tomcat-9.0.41/conf/Catalina/localhost/Agendaweb.xml] has been ignored
14-Dec-2020 21:06:42.789 INFO [http-nio-8084-exec-4] org.apache.jasper.servlet.TldScanner.scanJars Al menos un JAR, que se ha explorado buscando TLDs, aún no contenía TLDs. Activar historial de depuración para este historiador para una completa lista de los JARs que fueron explorados y de los que nos se halló TLDs. Saltarse JARs no necesarios durante la exploración puede dar lugar a una mejora de tiempo significativa en el arranque y compilación de JSP .
14-Dec-2020 21:06:42.798 INFO [http-nio-8084-exec-4] org.apache.catalina.startup.HostConfig.deployDescriptor Deployment of deployment descriptor [/Users/antonio/Desktop/netbeans/Accesodatos/apache-tomcat-9.0.41/conf/Catalina/localhost/Agendaweb.xml] has finished in [2.918] ms
14-Dec-2020 21:06:42.808 INFO [http-nio-8084-exec-8] org.apache.catalina.util.LifecycleBase.start The start() method was called on component [StandardEngine[Catalina].StandardHost[localhost].StandardContext[/Agendaweb]] after start() had already been called. The second call will be ignored.
14-Dec-2020 21:07:58.301 INFO [main] org.apache.catalina.core.StandardServer.await Se ha recibido un comando de apagado a través del puerto de apagado. Parando la instancia del Servidor.
14-Dec-2020 21:07:58.301 INFO [main] org.apache.coyote.AbstractProtocol.pause Pausing ProtocolHandler ["http-nio-8084"]
14-Dec-2020 21:07:58.311 INFO [main] org.apache.catalina.core.StandardService.stopInternal Parando servicio [Catalina]
14-Dec-2020 21:07:58.356 INFO [main] org.apache.coyote.AbstractProtocol.stop Stopping ProtocolHandler ["http-nio-8084"]
14-Dec-2020 21:07:58.363 INFO [main] org.apache.coyote.AbstractProtocol.destroy Destroying ProtocolHandler ["http-nio-8084"]
