13-Feb-2021 15:03:19.330 INFO [main] org.apache.catalina.core.ApplicationContext.log ContextListener: contextInitialized()
13-Feb-2021 15:03:19.331 INFO [main] org.apache.catalina.core.ApplicationContext.log SessionListener: contextInitialized()
13-Feb-2021 15:03:19.333 INFO [main] org.apache.catalina.core.ApplicationContext.log ContextListener: attributeAdded('StockTicker', 'async.Stockticker@40f2ae53')
13-Feb-2021 15:07:34.395 SEVERE [http-nio-8084-exec-23] org.apache.catalina.core.ApplicationDispatcher.invoke El Servlet.service() para servlet [servlets.EliminarAction] lanzó una excepción
	javax.persistence.RollbackException: Exception [EclipseLink-4002] (Eclipse Persistence Services - 2.7.4.v20190115-ad5b7c6b2a): org.eclipse.persistence.exceptions.DatabaseException
Internal Exception: java.sql.SQLIntegrityConstraintViolationException: Cannot delete or update a parent row: a foreign key constraint fails (`comprin`.`compra`, CONSTRAINT `fk_Compra_E-wallet` FOREIGN KEY (`idwallet`) REFERENCES `ewallet` (`idwallet`))
Error Code: 1451
Call: DELETE FROM ewallet WHERE (idwallet = ?)
	bind => [1 parameter bound]
Query: DeleteObjectQuery( 6)
		at org.eclipse.persistence.internal.jpa.transaction.EntityTransactionImpl.commit(EntityTransactionImpl.java:161)
		at modelo.GestionEwallet.borrarwallet(GestionEwallet.java:60)
		at servlets.EliminarAction.service(EliminarAction.java:27)
		at javax.servlet.http.HttpServlet.service(HttpServlet.java:733)
		at org.apache.catalina.core.ApplicationFilterChain.internalDoFilter(ApplicationFilterChain.java:231)
		at org.apache.catalina.core.ApplicationFilterChain.doFilter(ApplicationFilterChain.java:166)
		at org.apache.tomcat.websocket.server.WsFilter.doFilter(WsFilter.java:53)
		at org.apache.catalina.core.ApplicationFilterChain.internalDoFilter(ApplicationFilterChain.java:193)
		at org.apache.catalina.core.ApplicationFilterChain.doFilter(ApplicationFilterChain.java:166)
		at org.apache.catalina.core.ApplicationDispatcher.invoke(ApplicationDispatcher.java:712)
		at org.apache.catalina.core.ApplicationDispatcher.processRequest(ApplicationDispatcher.java:459)
		at org.apache.catalina.core.ApplicationDispatcher.doForward(ApplicationDispatcher.java:384)
		at org.apache.catalina.core.ApplicationDispatcher.forward(ApplicationDispatcher.java:312)
		at servlets.Controller.service(Controller.java:67)
		at javax.servlet.http.HttpServlet.service(HttpServlet.java:733)
		at org.apache.catalina.core.ApplicationFilterChain.internalDoFilter(ApplicationFilterChain.java:231)
		at org.apache.catalina.core.ApplicationFilterChain.doFilter(ApplicationFilterChain.java:166)
		at org.apache.tomcat.websocket.server.WsFilter.doFilter(WsFilter.java:53)
		at org.apache.catalina.core.ApplicationFilterChain.internalDoFilter(ApplicationFilterChain.java:193)
		at org.apache.catalina.core.ApplicationFilterChain.doFilter(ApplicationFilterChain.java:166)
		at org.apache.catalina.core.StandardWrapperValve.invoke(StandardWrapperValve.java:202)
		at org.apache.catalina.core.StandardContextValve.invoke(StandardContextValve.java:97)
		at org.apache.catalina.authenticator.AuthenticatorBase.invoke(AuthenticatorBase.java:542)
		at org.apache.catalina.core.StandardHostValve.invoke(StandardHostValve.java:143)
		at org.apache.catalina.valves.ErrorReportValve.invoke(ErrorReportValve.java:92)
		at org.apache.catalina.valves.AbstractAccessLogValve.invoke(AbstractAccessLogValve.java:690)
		at org.apache.catalina.core.StandardEngineValve.invoke(StandardEngineValve.java:78)
		at org.apache.catalina.connector.CoyoteAdapter.service(CoyoteAdapter.java:343)
		at org.apache.coyote.http11.Http11Processor.service(Http11Processor.java:374)
		at org.apache.coyote.AbstractProcessorLight.process(AbstractProcessorLight.java:65)
		at org.apache.coyote.AbstractProtocol$ConnectionHandler.process(AbstractProtocol.java:888)
		at org.apache.tomcat.util.net.NioEndpoint$SocketProcessor.doRun(NioEndpoint.java:1597)
		at org.apache.tomcat.util.net.SocketProcessorBase.run(SocketProcessorBase.java:49)
		at java.base/java.util.concurrent.ThreadPoolExecutor.runWorker(ThreadPoolExecutor.java:1128)
		at java.base/java.util.concurrent.ThreadPoolExecutor$Worker.run(ThreadPoolExecutor.java:628)
		at org.apache.tomcat.util.threads.TaskThread$WrappingRunnable.run(TaskThread.java:61)
		at java.base/java.lang.Thread.run(Thread.java:834)
	Caused by: Exception [EclipseLink-4002] (Eclipse Persistence Services - 2.7.4.v20190115-ad5b7c6b2a): org.eclipse.persistence.exceptions.DatabaseException
Internal Exception: java.sql.SQLIntegrityConstraintViolationException: Cannot delete or update a parent row: a foreign key constraint fails (`comprin`.`compra`, CONSTRAINT `fk_Compra_E-wallet` FOREIGN KEY (`idwallet`) REFERENCES `ewallet` (`idwallet`))
Error Code: 1451
Call: DELETE FROM ewallet WHERE (idwallet = ?)
	bind => [1 parameter bound]
Query: DeleteObjectQuery( 6)
		at org.eclipse.persistence.exceptions.DatabaseException.sqlException(DatabaseException.java:333)
		at org.eclipse.persistence.internal.databaseaccess.DatabaseAccessor.executeDirectNoSelect(DatabaseAccessor.java:908)
		at org.eclipse.persistence.internal.databaseaccess.DatabaseAccessor.executeNoSelect(DatabaseAccessor.java:970)
		at org.eclipse.persistence.internal.databaseaccess.DatabaseAccessor.basicExecuteCall(DatabaseAccessor.java:640)
		at org.eclipse.persistence.internal.databaseaccess.DatabaseAccessor.executeCall(DatabaseAccessor.java:567)
		at org.eclipse.persistence.internal.sessions.AbstractSession.basicExecuteCall(AbstractSession.java:2096)
		at org.eclipse.persistence.sessions.server.ClientSession.executeCall(ClientSession.java:311)
		at org.eclipse.persistence.internal.queries.DatasourceCallQueryMechanism.executeCall(DatasourceCallQueryMechanism.java:275)
		at org.eclipse.persistence.internal.queries.DatasourceCallQueryMechanism.executeCall(DatasourceCallQueryMechanism.java:261)
		at org.eclipse.persistence.internal.queries.DatasourceCallQueryMechanism.deleteObject(DatasourceCallQueryMechanism.java:243)
		at org.eclipse.persistence.internal.queries.StatementQueryMechanism.deleteObject(StatementQueryMechanism.java:106)
		at org.eclipse.persistence.queries.DeleteObjectQuery.executeDatabaseQuery(DeleteObjectQuery.java:220)
		at org.eclipse.persistence.queries.DatabaseQuery.execute(DatabaseQuery.java:914)
		at org.eclipse.persistence.queries.DatabaseQuery.executeInUnitOfWork(DatabaseQuery.java:813)
		at org.eclipse.persistence.queries.ObjectLevelModifyQuery.executeInUnitOfWorkObjectLevelModifyQuery(ObjectLevelModifyQuery.java:110)
		at org.eclipse.persistence.queries.DeleteObjectQuery.executeInUnitOfWorkObjectLevelModifyQuery(DeleteObjectQuery.java:121)
		at org.eclipse.persistence.queries.ObjectLevelModifyQuery.executeInUnitOfWork(ObjectLevelModifyQuery.java:87)
		at org.eclipse.persistence.internal.sessions.UnitOfWorkImpl.internalExecuteQuery(UnitOfWorkImpl.java:2981)
		at org.eclipse.persistence.internal.sessions.AbstractSession.executeQuery(AbstractSession.java:1895)
		at org.eclipse.persistence.internal.sessions.AbstractSession.executeQuery(AbstractSession.java:1877)
		at org.eclipse.persistence.internal.sessions.AbstractSession.executeQuery(AbstractSession.java:1827)
		at org.eclipse.persistence.internal.sessions.CommitManager.deleteAllObjects(CommitManager.java:344)
		at org.eclipse.persistence.internal.sessions.CommitManager.deleteAllObjects(CommitManager.java:293)
		at org.eclipse.persistence.internal.sessions.UnitOfWorkImpl.commitToDatabase(UnitOfWorkImpl.java:1496)
		at org.eclipse.persistence.internal.sessions.UnitOfWorkImpl.commitToDatabaseWithChangeSet(UnitOfWorkImpl.java:1583)
		at org.eclipse.persistence.internal.sessions.RepeatableWriteUnitOfWork.commitRootUnitOfWork(RepeatableWriteUnitOfWork.java:280)
		at org.eclipse.persistence.internal.sessions.UnitOfWorkImpl.commitAndResume(UnitOfWorkImpl.java:1220)
		at org.eclipse.persistence.internal.jpa.transaction.EntityTransactionImpl.commit(EntityTransactionImpl.java:136)
		... 36 more
	Caused by: java.sql.SQLIntegrityConstraintViolationException: Cannot delete or update a parent row: a foreign key constraint fails (`comprin`.`compra`, CONSTRAINT `fk_Compra_E-wallet` FOREIGN KEY (`idwallet`) REFERENCES `ewallet` (`idwallet`))
		at com.mysql.cj.jdbc.exceptions.SQLError.createSQLException(SQLError.java:117)
		at com.mysql.cj.jdbc.exceptions.SQLError.createSQLException(SQLError.java:97)
		at com.mysql.cj.jdbc.exceptions.SQLExceptionsMapping.translateException(SQLExceptionsMapping.java:122)
		at com.mysql.cj.jdbc.ClientPreparedStatement.executeInternal(ClientPreparedStatement.java:953)
		at com.mysql.cj.jdbc.ClientPreparedStatement.executeUpdateInternal(ClientPreparedStatement.java:1092)
		at com.mysql.cj.jdbc.ClientPreparedStatement.executeUpdateInternal(ClientPreparedStatement.java:1040)
		at com.mysql.cj.jdbc.ClientPreparedStatement.executeLargeUpdate(ClientPreparedStatement.java:1340)
		at com.mysql.cj.jdbc.ClientPreparedStatement.executeUpdate(ClientPreparedStatement.java:1025)
		at org.eclipse.persistence.internal.databaseaccess.DatabaseAccessor.executeDirectNoSelect(DatabaseAccessor.java:898)
		... 62 more
13-Feb-2021 15:07:34.396 SEVERE [http-nio-8084-exec-23] org.apache.catalina.core.StandardWrapperValve.invoke Servlet.service() para servlet [servlets.Controller] lanzó excepción
	javax.persistence.RollbackException: Exception [EclipseLink-4002] (Eclipse Persistence Services - 2.7.4.v20190115-ad5b7c6b2a): org.eclipse.persistence.exceptions.DatabaseException
Internal Exception: java.sql.SQLIntegrityConstraintViolationException: Cannot delete or update a parent row: a foreign key constraint fails (`comprin`.`compra`, CONSTRAINT `fk_Compra_E-wallet` FOREIGN KEY (`idwallet`) REFERENCES `ewallet` (`idwallet`))
Error Code: 1451
Call: DELETE FROM ewallet WHERE (idwallet = ?)
	bind => [1 parameter bound]
Query: DeleteObjectQuery( 6)
		at org.eclipse.persistence.internal.jpa.transaction.EntityTransactionImpl.commit(EntityTransactionImpl.java:161)
		at modelo.GestionEwallet.borrarwallet(GestionEwallet.java:60)
		at servlets.EliminarAction.service(EliminarAction.java:27)
		at javax.servlet.http.HttpServlet.service(HttpServlet.java:733)
		at org.apache.catalina.core.ApplicationFilterChain.internalDoFilter(ApplicationFilterChain.java:231)
		at org.apache.catalina.core.ApplicationFilterChain.doFilter(ApplicationFilterChain.java:166)
		at org.apache.tomcat.websocket.server.WsFilter.doFilter(WsFilter.java:53)
		at org.apache.catalina.core.ApplicationFilterChain.internalDoFilter(ApplicationFilterChain.java:193)
		at org.apache.catalina.core.ApplicationFilterChain.doFilter(ApplicationFilterChain.java:166)
		at org.apache.catalina.core.ApplicationDispatcher.invoke(ApplicationDispatcher.java:712)
		at org.apache.catalina.core.ApplicationDispatcher.processRequest(ApplicationDispatcher.java:459)
		at org.apache.catalina.core.ApplicationDispatcher.doForward(ApplicationDispatcher.java:384)
		at org.apache.catalina.core.ApplicationDispatcher.forward(ApplicationDispatcher.java:312)
		at servlets.Controller.service(Controller.java:67)
		at javax.servlet.http.HttpServlet.service(HttpServlet.java:733)
		at org.apache.catalina.core.ApplicationFilterChain.internalDoFilter(ApplicationFilterChain.java:231)
		at org.apache.catalina.core.ApplicationFilterChain.doFilter(ApplicationFilterChain.java:166)
		at org.apache.tomcat.websocket.server.WsFilter.doFilter(WsFilter.java:53)
		at org.apache.catalina.core.ApplicationFilterChain.internalDoFilter(ApplicationFilterChain.java:193)
		at org.apache.catalina.core.ApplicationFilterChain.doFilter(ApplicationFilterChain.java:166)
		at org.apache.catalina.core.StandardWrapperValve.invoke(StandardWrapperValve.java:202)
		at org.apache.catalina.core.StandardContextValve.invoke(StandardContextValve.java:97)
		at org.apache.catalina.authenticator.AuthenticatorBase.invoke(AuthenticatorBase.java:542)
		at org.apache.catalina.core.StandardHostValve.invoke(StandardHostValve.java:143)
		at org.apache.catalina.valves.ErrorReportValve.invoke(ErrorReportValve.java:92)
		at org.apache.catalina.valves.AbstractAccessLogValve.invoke(AbstractAccessLogValve.java:690)
		at org.apache.catalina.core.StandardEngineValve.invoke(StandardEngineValve.java:78)
		at org.apache.catalina.connector.CoyoteAdapter.service(CoyoteAdapter.java:343)
		at org.apache.coyote.http11.Http11Processor.service(Http11Processor.java:374)
		at org.apache.coyote.AbstractProcessorLight.process(AbstractProcessorLight.java:65)
		at org.apache.coyote.AbstractProtocol$ConnectionHandler.process(AbstractProtocol.java:888)
		at org.apache.tomcat.util.net.NioEndpoint$SocketProcessor.doRun(NioEndpoint.java:1597)
		at org.apache.tomcat.util.net.SocketProcessorBase.run(SocketProcessorBase.java:49)
		at java.base/java.util.concurrent.ThreadPoolExecutor.runWorker(ThreadPoolExecutor.java:1128)
		at java.base/java.util.concurrent.ThreadPoolExecutor$Worker.run(ThreadPoolExecutor.java:628)
		at org.apache.tomcat.util.threads.TaskThread$WrappingRunnable.run(TaskThread.java:61)
		at java.base/java.lang.Thread.run(Thread.java:834)
	Caused by: Exception [EclipseLink-4002] (Eclipse Persistence Services - 2.7.4.v20190115-ad5b7c6b2a): org.eclipse.persistence.exceptions.DatabaseException
Internal Exception: java.sql.SQLIntegrityConstraintViolationException: Cannot delete or update a parent row: a foreign key constraint fails (`comprin`.`compra`, CONSTRAINT `fk_Compra_E-wallet` FOREIGN KEY (`idwallet`) REFERENCES `ewallet` (`idwallet`))
Error Code: 1451
Call: DELETE FROM ewallet WHERE (idwallet = ?)
	bind => [1 parameter bound]
Query: DeleteObjectQuery( 6)
		at org.eclipse.persistence.exceptions.DatabaseException.sqlException(DatabaseException.java:333)
		at org.eclipse.persistence.internal.databaseaccess.DatabaseAccessor.executeDirectNoSelect(DatabaseAccessor.java:908)
		at org.eclipse.persistence.internal.databaseaccess.DatabaseAccessor.executeNoSelect(DatabaseAccessor.java:970)
		at org.eclipse.persistence.internal.databaseaccess.DatabaseAccessor.basicExecuteCall(DatabaseAccessor.java:640)
		at org.eclipse.persistence.internal.databaseaccess.DatabaseAccessor.executeCall(DatabaseAccessor.java:567)
		at org.eclipse.persistence.internal.sessions.AbstractSession.basicExecuteCall(AbstractSession.java:2096)
		at org.eclipse.persistence.sessions.server.ClientSession.executeCall(ClientSession.java:311)
		at org.eclipse.persistence.internal.queries.DatasourceCallQueryMechanism.executeCall(DatasourceCallQueryMechanism.java:275)
		at org.eclipse.persistence.internal.queries.DatasourceCallQueryMechanism.executeCall(DatasourceCallQueryMechanism.java:261)
		at org.eclipse.persistence.internal.queries.DatasourceCallQueryMechanism.deleteObject(DatasourceCallQueryMechanism.java:243)
		at org.eclipse.persistence.internal.queries.StatementQueryMechanism.deleteObject(StatementQueryMechanism.java:106)
		at org.eclipse.persistence.queries.DeleteObjectQuery.executeDatabaseQuery(DeleteObjectQuery.java:220)
		at org.eclipse.persistence.queries.DatabaseQuery.execute(DatabaseQuery.java:914)
		at org.eclipse.persistence.queries.DatabaseQuery.executeInUnitOfWork(DatabaseQuery.java:813)
		at org.eclipse.persistence.queries.ObjectLevelModifyQuery.executeInUnitOfWorkObjectLevelModifyQuery(ObjectLevelModifyQuery.java:110)
		at org.eclipse.persistence.queries.DeleteObjectQuery.executeInUnitOfWorkObjectLevelModifyQuery(DeleteObjectQuery.java:121)
		at org.eclipse.persistence.queries.ObjectLevelModifyQuery.executeInUnitOfWork(ObjectLevelModifyQuery.java:87)
		at org.eclipse.persistence.internal.sessions.UnitOfWorkImpl.internalExecuteQuery(UnitOfWorkImpl.java:2981)
		at org.eclipse.persistence.internal.sessions.AbstractSession.executeQuery(AbstractSession.java:1895)
		at org.eclipse.persistence.internal.sessions.AbstractSession.executeQuery(AbstractSession.java:1877)
		at org.eclipse.persistence.internal.sessions.AbstractSession.executeQuery(AbstractSession.java:1827)
		at org.eclipse.persistence.internal.sessions.CommitManager.deleteAllObjects(CommitManager.java:344)
		at org.eclipse.persistence.internal.sessions.CommitManager.deleteAllObjects(CommitManager.java:293)
		at org.eclipse.persistence.internal.sessions.UnitOfWorkImpl.commitToDatabase(UnitOfWorkImpl.java:1496)
		at org.eclipse.persistence.internal.sessions.UnitOfWorkImpl.commitToDatabaseWithChangeSet(UnitOfWorkImpl.java:1583)
		at org.eclipse.persistence.internal.sessions.RepeatableWriteUnitOfWork.commitRootUnitOfWork(RepeatableWriteUnitOfWork.java:280)
		at org.eclipse.persistence.internal.sessions.UnitOfWorkImpl.commitAndResume(UnitOfWorkImpl.java:1220)
		at org.eclipse.persistence.internal.jpa.transaction.EntityTransactionImpl.commit(EntityTransactionImpl.java:136)
		... 36 more
	Caused by: java.sql.SQLIntegrityConstraintViolationException: Cannot delete or update a parent row: a foreign key constraint fails (`comprin`.`compra`, CONSTRAINT `fk_Compra_E-wallet` FOREIGN KEY (`idwallet`) REFERENCES `ewallet` (`idwallet`))
		at com.mysql.cj.jdbc.exceptions.SQLError.createSQLException(SQLError.java:117)
		at com.mysql.cj.jdbc.exceptions.SQLError.createSQLException(SQLError.java:97)
		at com.mysql.cj.jdbc.exceptions.SQLExceptionsMapping.translateException(SQLExceptionsMapping.java:122)
		at com.mysql.cj.jdbc.ClientPreparedStatement.executeInternal(ClientPreparedStatement.java:953)
		at com.mysql.cj.jdbc.ClientPreparedStatement.executeUpdateInternal(ClientPreparedStatement.java:1092)
		at com.mysql.cj.jdbc.ClientPreparedStatement.executeUpdateInternal(ClientPreparedStatement.java:1040)
		at com.mysql.cj.jdbc.ClientPreparedStatement.executeLargeUpdate(ClientPreparedStatement.java:1340)
		at com.mysql.cj.jdbc.ClientPreparedStatement.executeUpdate(ClientPreparedStatement.java:1025)
		at org.eclipse.persistence.internal.databaseaccess.DatabaseAccessor.executeDirectNoSelect(DatabaseAccessor.java:898)
		... 62 more
13-Feb-2021 15:08:48.206 INFO [main] org.apache.catalina.core.ApplicationContext.log SessionListener: contextDestroyed()
13-Feb-2021 15:08:48.206 INFO [main] org.apache.catalina.core.ApplicationContext.log ContextListener: contextDestroyed()
13-Feb-2021 15:17:49.576 INFO [main] org.apache.catalina.core.ApplicationContext.log ContextListener: contextInitialized()
13-Feb-2021 15:17:49.577 INFO [main] org.apache.catalina.core.ApplicationContext.log SessionListener: contextInitialized()
13-Feb-2021 15:17:49.579 INFO [main] org.apache.catalina.core.ApplicationContext.log ContextListener: attributeAdded('StockTicker', 'async.Stockticker@6fc294ae')
13-Feb-2021 15:18:13.608 SEVERE [http-nio-8084-exec-2] org.apache.catalina.core.ApplicationDispatcher.invoke El Servlet.service() para servlet [servlets.EliminarAction] lanzó una excepción
	javax.persistence.RollbackException: Exception [EclipseLink-4002] (Eclipse Persistence Services - 2.7.4.v20190115-ad5b7c6b2a): org.eclipse.persistence.exceptions.DatabaseException
Internal Exception: java.sql.SQLIntegrityConstraintViolationException: Cannot delete or update a parent row: a foreign key constraint fails (`comprin`.`compra`, CONSTRAINT `fk_Compra_E-wallet` FOREIGN KEY (`idwallet`) REFERENCES `ewallet` (`idwallet`))
Error Code: 1451
Call: DELETE FROM ewallet WHERE (idwallet = ?)
	bind => [1 parameter bound]
Query: DeleteObjectQuery( 6)
		at org.eclipse.persistence.internal.jpa.transaction.EntityTransactionImpl.commit(EntityTransactionImpl.java:161)
		at modelo.GestionEwallet.borrarwallet(GestionEwallet.java:60)
		at servlets.EliminarAction.service(EliminarAction.java:27)
		at javax.servlet.http.HttpServlet.service(HttpServlet.java:733)
		at org.apache.catalina.core.ApplicationFilterChain.internalDoFilter(ApplicationFilterChain.java:231)
		at org.apache.catalina.core.ApplicationFilterChain.doFilter(ApplicationFilterChain.java:166)
		at org.apache.tomcat.websocket.server.WsFilter.doFilter(WsFilter.java:53)
		at org.apache.catalina.core.ApplicationFilterChain.internalDoFilter(ApplicationFilterChain.java:193)
		at org.apache.catalina.core.ApplicationFilterChain.doFilter(ApplicationFilterChain.java:166)
		at org.apache.catalina.core.ApplicationDispatcher.invoke(ApplicationDispatcher.java:712)
		at org.apache.catalina.core.ApplicationDispatcher.processRequest(ApplicationDispatcher.java:459)
		at org.apache.catalina.core.ApplicationDispatcher.doForward(ApplicationDispatcher.java:384)
		at org.apache.catalina.core.ApplicationDispatcher.forward(ApplicationDispatcher.java:312)
		at servlets.Controller.service(Controller.java:72)
		at javax.servlet.http.HttpServlet.service(HttpServlet.java:733)
		at org.apache.catalina.core.ApplicationFilterChain.internalDoFilter(ApplicationFilterChain.java:231)
		at org.apache.catalina.core.ApplicationFilterChain.doFilter(ApplicationFilterChain.java:166)
		at org.apache.tomcat.websocket.server.WsFilter.doFilter(WsFilter.java:53)
		at org.apache.catalina.core.ApplicationFilterChain.internalDoFilter(ApplicationFilterChain.java:193)
		at org.apache.catalina.core.ApplicationFilterChain.doFilter(ApplicationFilterChain.java:166)
		at org.apache.catalina.core.StandardWrapperValve.invoke(StandardWrapperValve.java:202)
		at org.apache.catalina.core.StandardContextValve.invoke(StandardContextValve.java:97)
		at org.apache.catalina.authenticator.AuthenticatorBase.invoke(AuthenticatorBase.java:542)
		at org.apache.catalina.core.StandardHostValve.invoke(StandardHostValve.java:143)
		at org.apache.catalina.valves.ErrorReportValve.invoke(ErrorReportValve.java:92)
		at org.apache.catalina.valves.AbstractAccessLogValve.invoke(AbstractAccessLogValve.java:690)
		at org.apache.catalina.core.StandardEngineValve.invoke(StandardEngineValve.java:78)
		at org.apache.catalina.connector.CoyoteAdapter.service(CoyoteAdapter.java:343)
		at org.apache.coyote.http11.Http11Processor.service(Http11Processor.java:374)
		at org.apache.coyote.AbstractProcessorLight.process(AbstractProcessorLight.java:65)
		at org.apache.coyote.AbstractProtocol$ConnectionHandler.process(AbstractProtocol.java:888)
		at org.apache.tomcat.util.net.NioEndpoint$SocketProcessor.doRun(NioEndpoint.java:1597)
		at org.apache.tomcat.util.net.SocketProcessorBase.run(SocketProcessorBase.java:49)
		at java.base/java.util.concurrent.ThreadPoolExecutor.runWorker(ThreadPoolExecutor.java:1128)
		at java.base/java.util.concurrent.ThreadPoolExecutor$Worker.run(ThreadPoolExecutor.java:628)
		at org.apache.tomcat.util.threads.TaskThread$WrappingRunnable.run(TaskThread.java:61)
		at java.base/java.lang.Thread.run(Thread.java:834)
	Caused by: Exception [EclipseLink-4002] (Eclipse Persistence Services - 2.7.4.v20190115-ad5b7c6b2a): org.eclipse.persistence.exceptions.DatabaseException
Internal Exception: java.sql.SQLIntegrityConstraintViolationException: Cannot delete or update a parent row: a foreign key constraint fails (`comprin`.`compra`, CONSTRAINT `fk_Compra_E-wallet` FOREIGN KEY (`idwallet`) REFERENCES `ewallet` (`idwallet`))
Error Code: 1451
Call: DELETE FROM ewallet WHERE (idwallet = ?)
	bind => [1 parameter bound]
Query: DeleteObjectQuery( 6)
		at org.eclipse.persistence.exceptions.DatabaseException.sqlException(DatabaseException.java:333)
		at org.eclipse.persistence.internal.databaseaccess.DatabaseAccessor.executeDirectNoSelect(DatabaseAccessor.java:908)
		at org.eclipse.persistence.internal.databaseaccess.DatabaseAccessor.executeNoSelect(DatabaseAccessor.java:970)
		at org.eclipse.persistence.internal.databaseaccess.DatabaseAccessor.basicExecuteCall(DatabaseAccessor.java:640)
		at org.eclipse.persistence.internal.databaseaccess.DatabaseAccessor.executeCall(DatabaseAccessor.java:567)
		at org.eclipse.persistence.internal.sessions.AbstractSession.basicExecuteCall(AbstractSession.java:2096)
		at org.eclipse.persistence.sessions.server.ClientSession.executeCall(ClientSession.java:311)
		at org.eclipse.persistence.internal.queries.DatasourceCallQueryMechanism.executeCall(DatasourceCallQueryMechanism.java:275)
		at org.eclipse.persistence.internal.queries.DatasourceCallQueryMechanism.executeCall(DatasourceCallQueryMechanism.java:261)
		at org.eclipse.persistence.internal.queries.DatasourceCallQueryMechanism.deleteObject(DatasourceCallQueryMechanism.java:243)
		at org.eclipse.persistence.internal.queries.StatementQueryMechanism.deleteObject(StatementQueryMechanism.java:106)
		at org.eclipse.persistence.queries.DeleteObjectQuery.executeDatabaseQuery(DeleteObjectQuery.java:220)
		at org.eclipse.persistence.queries.DatabaseQuery.execute(DatabaseQuery.java:914)
		at org.eclipse.persistence.queries.DatabaseQuery.executeInUnitOfWork(DatabaseQuery.java:813)
		at org.eclipse.persistence.queries.ObjectLevelModifyQuery.executeInUnitOfWorkObjectLevelModifyQuery(ObjectLevelModifyQuery.java:110)
		at org.eclipse.persistence.queries.DeleteObjectQuery.executeInUnitOfWorkObjectLevelModifyQuery(DeleteObjectQuery.java:121)
		at org.eclipse.persistence.queries.ObjectLevelModifyQuery.executeInUnitOfWork(ObjectLevelModifyQuery.java:87)
		at org.eclipse.persistence.internal.sessions.UnitOfWorkImpl.internalExecuteQuery(UnitOfWorkImpl.java:2981)
		at org.eclipse.persistence.internal.sessions.AbstractSession.executeQuery(AbstractSession.java:1895)
		at org.eclipse.persistence.internal.sessions.AbstractSession.executeQuery(AbstractSession.java:1877)
		at org.eclipse.persistence.internal.sessions.AbstractSession.executeQuery(AbstractSession.java:1827)
		at org.eclipse.persistence.internal.sessions.CommitManager.deleteAllObjects(CommitManager.java:344)
		at org.eclipse.persistence.internal.sessions.CommitManager.deleteAllObjects(CommitManager.java:293)
		at org.eclipse.persistence.internal.sessions.UnitOfWorkImpl.commitToDatabase(UnitOfWorkImpl.java:1496)
		at org.eclipse.persistence.internal.sessions.UnitOfWorkImpl.commitToDatabaseWithChangeSet(UnitOfWorkImpl.java:1583)
		at org.eclipse.persistence.internal.sessions.RepeatableWriteUnitOfWork.commitRootUnitOfWork(RepeatableWriteUnitOfWork.java:280)
		at org.eclipse.persistence.internal.sessions.UnitOfWorkImpl.commitAndResume(UnitOfWorkImpl.java:1220)
		at org.eclipse.persistence.internal.jpa.transaction.EntityTransactionImpl.commit(EntityTransactionImpl.java:136)
		... 36 more
	Caused by: java.sql.SQLIntegrityConstraintViolationException: Cannot delete or update a parent row: a foreign key constraint fails (`comprin`.`compra`, CONSTRAINT `fk_Compra_E-wallet` FOREIGN KEY (`idwallet`) REFERENCES `ewallet` (`idwallet`))
		at com.mysql.cj.jdbc.exceptions.SQLError.createSQLException(SQLError.java:117)
		at com.mysql.cj.jdbc.exceptions.SQLError.createSQLException(SQLError.java:97)
		at com.mysql.cj.jdbc.exceptions.SQLExceptionsMapping.translateException(SQLExceptionsMapping.java:122)
		at com.mysql.cj.jdbc.ClientPreparedStatement.executeInternal(ClientPreparedStatement.java:953)
		at com.mysql.cj.jdbc.ClientPreparedStatement.executeUpdateInternal(ClientPreparedStatement.java:1092)
		at com.mysql.cj.jdbc.ClientPreparedStatement.executeUpdateInternal(ClientPreparedStatement.java:1040)
		at com.mysql.cj.jdbc.ClientPreparedStatement.executeLargeUpdate(ClientPreparedStatement.java:1340)
		at com.mysql.cj.jdbc.ClientPreparedStatement.executeUpdate(ClientPreparedStatement.java:1025)
		at org.eclipse.persistence.internal.databaseaccess.DatabaseAccessor.executeDirectNoSelect(DatabaseAccessor.java:898)
		... 62 more
13-Feb-2021 15:18:13.609 SEVERE [http-nio-8084-exec-2] org.apache.catalina.core.StandardWrapperValve.invoke Servlet.service() para servlet [servlets.Controller] lanzó excepción
	javax.persistence.RollbackException: Exception [EclipseLink-4002] (Eclipse Persistence Services - 2.7.4.v20190115-ad5b7c6b2a): org.eclipse.persistence.exceptions.DatabaseException
Internal Exception: java.sql.SQLIntegrityConstraintViolationException: Cannot delete or update a parent row: a foreign key constraint fails (`comprin`.`compra`, CONSTRAINT `fk_Compra_E-wallet` FOREIGN KEY (`idwallet`) REFERENCES `ewallet` (`idwallet`))
Error Code: 1451
Call: DELETE FROM ewallet WHERE (idwallet = ?)
	bind => [1 parameter bound]
Query: DeleteObjectQuery( 6)
		at org.eclipse.persistence.internal.jpa.transaction.EntityTransactionImpl.commit(EntityTransactionImpl.java:161)
		at modelo.GestionEwallet.borrarwallet(GestionEwallet.java:60)
		at servlets.EliminarAction.service(EliminarAction.java:27)
		at javax.servlet.http.HttpServlet.service(HttpServlet.java:733)
		at org.apache.catalina.core.ApplicationFilterChain.internalDoFilter(ApplicationFilterChain.java:231)
		at org.apache.catalina.core.ApplicationFilterChain.doFilter(ApplicationFilterChain.java:166)
		at org.apache.tomcat.websocket.server.WsFilter.doFilter(WsFilter.java:53)
		at org.apache.catalina.core.ApplicationFilterChain.internalDoFilter(ApplicationFilterChain.java:193)
		at org.apache.catalina.core.ApplicationFilterChain.doFilter(ApplicationFilterChain.java:166)
		at org.apache.catalina.core.ApplicationDispatcher.invoke(ApplicationDispatcher.java:712)
		at org.apache.catalina.core.ApplicationDispatcher.processRequest(ApplicationDispatcher.java:459)
		at org.apache.catalina.core.ApplicationDispatcher.doForward(ApplicationDispatcher.java:384)
		at org.apache.catalina.core.ApplicationDispatcher.forward(ApplicationDispatcher.java:312)
		at servlets.Controller.service(Controller.java:72)
		at javax.servlet.http.HttpServlet.service(HttpServlet.java:733)
		at org.apache.catalina.core.ApplicationFilterChain.internalDoFilter(ApplicationFilterChain.java:231)
		at org.apache.catalina.core.ApplicationFilterChain.doFilter(ApplicationFilterChain.java:166)
		at org.apache.tomcat.websocket.server.WsFilter.doFilter(WsFilter.java:53)
		at org.apache.catalina.core.ApplicationFilterChain.internalDoFilter(ApplicationFilterChain.java:193)
		at org.apache.catalina.core.ApplicationFilterChain.doFilter(ApplicationFilterChain.java:166)
		at org.apache.catalina.core.StandardWrapperValve.invoke(StandardWrapperValve.java:202)
		at org.apache.catalina.core.StandardContextValve.invoke(StandardContextValve.java:97)
		at org.apache.catalina.authenticator.AuthenticatorBase.invoke(AuthenticatorBase.java:542)
		at org.apache.catalina.core.StandardHostValve.invoke(StandardHostValve.java:143)
		at org.apache.catalina.valves.ErrorReportValve.invoke(ErrorReportValve.java:92)
		at org.apache.catalina.valves.AbstractAccessLogValve.invoke(AbstractAccessLogValve.java:690)
		at org.apache.catalina.core.StandardEngineValve.invoke(StandardEngineValve.java:78)
		at org.apache.catalina.connector.CoyoteAdapter.service(CoyoteAdapter.java:343)
		at org.apache.coyote.http11.Http11Processor.service(Http11Processor.java:374)
		at org.apache.coyote.AbstractProcessorLight.process(AbstractProcessorLight.java:65)
		at org.apache.coyote.AbstractProtocol$ConnectionHandler.process(AbstractProtocol.java:888)
		at org.apache.tomcat.util.net.NioEndpoint$SocketProcessor.doRun(NioEndpoint.java:1597)
		at org.apache.tomcat.util.net.SocketProcessorBase.run(SocketProcessorBase.java:49)
		at java.base/java.util.concurrent.ThreadPoolExecutor.runWorker(ThreadPoolExecutor.java:1128)
		at java.base/java.util.concurrent.ThreadPoolExecutor$Worker.run(ThreadPoolExecutor.java:628)
		at org.apache.tomcat.util.threads.TaskThread$WrappingRunnable.run(TaskThread.java:61)
		at java.base/java.lang.Thread.run(Thread.java:834)
	Caused by: Exception [EclipseLink-4002] (Eclipse Persistence Services - 2.7.4.v20190115-ad5b7c6b2a): org.eclipse.persistence.exceptions.DatabaseException
Internal Exception: java.sql.SQLIntegrityConstraintViolationException: Cannot delete or update a parent row: a foreign key constraint fails (`comprin`.`compra`, CONSTRAINT `fk_Compra_E-wallet` FOREIGN KEY (`idwallet`) REFERENCES `ewallet` (`idwallet`))
Error Code: 1451
Call: DELETE FROM ewallet WHERE (idwallet = ?)
	bind => [1 parameter bound]
Query: DeleteObjectQuery( 6)
		at org.eclipse.persistence.exceptions.DatabaseException.sqlException(DatabaseException.java:333)
		at org.eclipse.persistence.internal.databaseaccess.DatabaseAccessor.executeDirectNoSelect(DatabaseAccessor.java:908)
		at org.eclipse.persistence.internal.databaseaccess.DatabaseAccessor.executeNoSelect(DatabaseAccessor.java:970)
		at org.eclipse.persistence.internal.databaseaccess.DatabaseAccessor.basicExecuteCall(DatabaseAccessor.java:640)
		at org.eclipse.persistence.internal.databaseaccess.DatabaseAccessor.executeCall(DatabaseAccessor.java:567)
		at org.eclipse.persistence.internal.sessions.AbstractSession.basicExecuteCall(AbstractSession.java:2096)
		at org.eclipse.persistence.sessions.server.ClientSession.executeCall(ClientSession.java:311)
		at org.eclipse.persistence.internal.queries.DatasourceCallQueryMechanism.executeCall(DatasourceCallQueryMechanism.java:275)
		at org.eclipse.persistence.internal.queries.DatasourceCallQueryMechanism.executeCall(DatasourceCallQueryMechanism.java:261)
		at org.eclipse.persistence.internal.queries.DatasourceCallQueryMechanism.deleteObject(DatasourceCallQueryMechanism.java:243)
		at org.eclipse.persistence.internal.queries.StatementQueryMechanism.deleteObject(StatementQueryMechanism.java:106)
		at org.eclipse.persistence.queries.DeleteObjectQuery.executeDatabaseQuery(DeleteObjectQuery.java:220)
		at org.eclipse.persistence.queries.DatabaseQuery.execute(DatabaseQuery.java:914)
		at org.eclipse.persistence.queries.DatabaseQuery.executeInUnitOfWork(DatabaseQuery.java:813)
		at org.eclipse.persistence.queries.ObjectLevelModifyQuery.executeInUnitOfWorkObjectLevelModifyQuery(ObjectLevelModifyQuery.java:110)
		at org.eclipse.persistence.queries.DeleteObjectQuery.executeInUnitOfWorkObjectLevelModifyQuery(DeleteObjectQuery.java:121)
		at org.eclipse.persistence.queries.ObjectLevelModifyQuery.executeInUnitOfWork(ObjectLevelModifyQuery.java:87)
		at org.eclipse.persistence.internal.sessions.UnitOfWorkImpl.internalExecuteQuery(UnitOfWorkImpl.java:2981)
		at org.eclipse.persistence.internal.sessions.AbstractSession.executeQuery(AbstractSession.java:1895)
		at org.eclipse.persistence.internal.sessions.AbstractSession.executeQuery(AbstractSession.java:1877)
		at org.eclipse.persistence.internal.sessions.AbstractSession.executeQuery(AbstractSession.java:1827)
		at org.eclipse.persistence.internal.sessions.CommitManager.deleteAllObjects(CommitManager.java:344)
		at org.eclipse.persistence.internal.sessions.CommitManager.deleteAllObjects(CommitManager.java:293)
		at org.eclipse.persistence.internal.sessions.UnitOfWorkImpl.commitToDatabase(UnitOfWorkImpl.java:1496)
		at org.eclipse.persistence.internal.sessions.UnitOfWorkImpl.commitToDatabaseWithChangeSet(UnitOfWorkImpl.java:1583)
		at org.eclipse.persistence.internal.sessions.RepeatableWriteUnitOfWork.commitRootUnitOfWork(RepeatableWriteUnitOfWork.java:280)
		at org.eclipse.persistence.internal.sessions.UnitOfWorkImpl.commitAndResume(UnitOfWorkImpl.java:1220)
		at org.eclipse.persistence.internal.jpa.transaction.EntityTransactionImpl.commit(EntityTransactionImpl.java:136)
		... 36 more
	Caused by: java.sql.SQLIntegrityConstraintViolationException: Cannot delete or update a parent row: a foreign key constraint fails (`comprin`.`compra`, CONSTRAINT `fk_Compra_E-wallet` FOREIGN KEY (`idwallet`) REFERENCES `ewallet` (`idwallet`))
		at com.mysql.cj.jdbc.exceptions.SQLError.createSQLException(SQLError.java:117)
		at com.mysql.cj.jdbc.exceptions.SQLError.createSQLException(SQLError.java:97)
		at com.mysql.cj.jdbc.exceptions.SQLExceptionsMapping.translateException(SQLExceptionsMapping.java:122)
		at com.mysql.cj.jdbc.ClientPreparedStatement.executeInternal(ClientPreparedStatement.java:953)
		at com.mysql.cj.jdbc.ClientPreparedStatement.executeUpdateInternal(ClientPreparedStatement.java:1092)
		at com.mysql.cj.jdbc.ClientPreparedStatement.executeUpdateInternal(ClientPreparedStatement.java:1040)
		at com.mysql.cj.jdbc.ClientPreparedStatement.executeLargeUpdate(ClientPreparedStatement.java:1340)
		at com.mysql.cj.jdbc.ClientPreparedStatement.executeUpdate(ClientPreparedStatement.java:1025)
		at org.eclipse.persistence.internal.databaseaccess.DatabaseAccessor.executeDirectNoSelect(DatabaseAccessor.java:898)
		... 62 more
13-Feb-2021 15:25:31.275 INFO [main] org.apache.catalina.core.ApplicationContext.log SessionListener: contextDestroyed()
13-Feb-2021 15:25:31.275 INFO [main] org.apache.catalina.core.ApplicationContext.log ContextListener: contextDestroyed()
13-Feb-2021 15:59:05.793 INFO [main] org.apache.catalina.core.ApplicationContext.log ContextListener: contextInitialized()
13-Feb-2021 15:59:05.793 INFO [main] org.apache.catalina.core.ApplicationContext.log SessionListener: contextInitialized()
13-Feb-2021 15:59:05.797 INFO [main] org.apache.catalina.core.ApplicationContext.log ContextListener: attributeAdded('StockTicker', 'async.Stockticker@4891aee2')
13-Feb-2021 16:02:36.750 SEVERE [http-nio-8084-exec-17] org.apache.catalina.core.ApplicationDispatcher.invoke El Servlet.service() para servlet [servlets.RealizarDevolucion] lanzó una excepción
	java.lang.NumberFormatException: null
		at java.base/java.lang.Integer.parseInt(Integer.java:614)
		at java.base/java.lang.Integer.parseInt(Integer.java:770)
		at servlets.RealizarDevolucion.service(RealizarDevolucion.java:37)
		at javax.servlet.http.HttpServlet.service(HttpServlet.java:733)
		at org.apache.catalina.core.ApplicationFilterChain.internalDoFilter(ApplicationFilterChain.java:231)
		at org.apache.catalina.core.ApplicationFilterChain.doFilter(ApplicationFilterChain.java:166)
		at org.apache.tomcat.websocket.server.WsFilter.doFilter(WsFilter.java:53)
		at org.apache.catalina.core.ApplicationFilterChain.internalDoFilter(ApplicationFilterChain.java:193)
		at org.apache.catalina.core.ApplicationFilterChain.doFilter(ApplicationFilterChain.java:166)
		at org.apache.catalina.core.ApplicationDispatcher.invoke(ApplicationDispatcher.java:712)
		at org.apache.catalina.core.ApplicationDispatcher.processRequest(ApplicationDispatcher.java:459)
		at org.apache.catalina.core.ApplicationDispatcher.doForward(ApplicationDispatcher.java:384)
		at org.apache.catalina.core.ApplicationDispatcher.forward(ApplicationDispatcher.java:312)
		at servlets.Controller.service(Controller.java:73)
		at javax.servlet.http.HttpServlet.service(HttpServlet.java:733)
		at org.apache.catalina.core.ApplicationFilterChain.internalDoFilter(ApplicationFilterChain.java:231)
		at org.apache.catalina.core.ApplicationFilterChain.doFilter(ApplicationFilterChain.java:166)
		at org.apache.tomcat.websocket.server.WsFilter.doFilter(WsFilter.java:53)
		at org.apache.catalina.core.ApplicationFilterChain.internalDoFilter(ApplicationFilterChain.java:193)
		at org.apache.catalina.core.ApplicationFilterChain.doFilter(ApplicationFilterChain.java:166)
		at org.apache.catalina.core.StandardWrapperValve.invoke(StandardWrapperValve.java:202)
		at org.apache.catalina.core.StandardContextValve.invoke(StandardContextValve.java:97)
		at org.apache.catalina.authenticator.AuthenticatorBase.invoke(AuthenticatorBase.java:542)
		at org.apache.catalina.core.StandardHostValve.invoke(StandardHostValve.java:143)
		at org.apache.catalina.valves.ErrorReportValve.invoke(ErrorReportValve.java:92)
		at org.apache.catalina.valves.AbstractAccessLogValve.invoke(AbstractAccessLogValve.java:690)
		at org.apache.catalina.core.StandardEngineValve.invoke(StandardEngineValve.java:78)
		at org.apache.catalina.connector.CoyoteAdapter.service(CoyoteAdapter.java:343)
		at org.apache.coyote.http11.Http11Processor.service(Http11Processor.java:374)
		at org.apache.coyote.AbstractProcessorLight.process(AbstractProcessorLight.java:65)
		at org.apache.coyote.AbstractProtocol$ConnectionHandler.process(AbstractProtocol.java:888)
		at org.apache.tomcat.util.net.NioEndpoint$SocketProcessor.doRun(NioEndpoint.java:1597)
		at org.apache.tomcat.util.net.SocketProcessorBase.run(SocketProcessorBase.java:49)
		at java.base/java.util.concurrent.ThreadPoolExecutor.runWorker(ThreadPoolExecutor.java:1128)
		at java.base/java.util.concurrent.ThreadPoolExecutor$Worker.run(ThreadPoolExecutor.java:628)
		at org.apache.tomcat.util.threads.TaskThread$WrappingRunnable.run(TaskThread.java:61)
		at java.base/java.lang.Thread.run(Thread.java:834)
13-Feb-2021 16:02:36.750 SEVERE [http-nio-8084-exec-17] org.apache.catalina.core.StandardWrapperValve.invoke Servlet.service() para servlet [servlets.Controller] lanzó excepción
	java.lang.NumberFormatException: null
		at java.base/java.lang.Integer.parseInt(Integer.java:614)
		at java.base/java.lang.Integer.parseInt(Integer.java:770)
		at servlets.RealizarDevolucion.service(RealizarDevolucion.java:37)
		at javax.servlet.http.HttpServlet.service(HttpServlet.java:733)
		at org.apache.catalina.core.ApplicationFilterChain.internalDoFilter(ApplicationFilterChain.java:231)
		at org.apache.catalina.core.ApplicationFilterChain.doFilter(ApplicationFilterChain.java:166)
		at org.apache.tomcat.websocket.server.WsFilter.doFilter(WsFilter.java:53)
		at org.apache.catalina.core.ApplicationFilterChain.internalDoFilter(ApplicationFilterChain.java:193)
		at org.apache.catalina.core.ApplicationFilterChain.doFilter(ApplicationFilterChain.java:166)
		at org.apache.catalina.core.ApplicationDispatcher.invoke(ApplicationDispatcher.java:712)
		at org.apache.catalina.core.ApplicationDispatcher.processRequest(ApplicationDispatcher.java:459)
		at org.apache.catalina.core.ApplicationDispatcher.doForward(ApplicationDispatcher.java:384)
		at org.apache.catalina.core.ApplicationDispatcher.forward(ApplicationDispatcher.java:312)
		at servlets.Controller.service(Controller.java:73)
		at javax.servlet.http.HttpServlet.service(HttpServlet.java:733)
		at org.apache.catalina.core.ApplicationFilterChain.internalDoFilter(ApplicationFilterChain.java:231)
		at org.apache.catalina.core.ApplicationFilterChain.doFilter(ApplicationFilterChain.java:166)
		at org.apache.tomcat.websocket.server.WsFilter.doFilter(WsFilter.java:53)
		at org.apache.catalina.core.ApplicationFilterChain.internalDoFilter(ApplicationFilterChain.java:193)
		at org.apache.catalina.core.ApplicationFilterChain.doFilter(ApplicationFilterChain.java:166)
		at org.apache.catalina.core.StandardWrapperValve.invoke(StandardWrapperValve.java:202)
		at org.apache.catalina.core.StandardContextValve.invoke(StandardContextValve.java:97)
		at org.apache.catalina.authenticator.AuthenticatorBase.invoke(AuthenticatorBase.java:542)
		at org.apache.catalina.core.StandardHostValve.invoke(StandardHostValve.java:143)
		at org.apache.catalina.valves.ErrorReportValve.invoke(ErrorReportValve.java:92)
		at org.apache.catalina.valves.AbstractAccessLogValve.invoke(AbstractAccessLogValve.java:690)
		at org.apache.catalina.core.StandardEngineValve.invoke(StandardEngineValve.java:78)
		at org.apache.catalina.connector.CoyoteAdapter.service(CoyoteAdapter.java:343)
		at org.apache.coyote.http11.Http11Processor.service(Http11Processor.java:374)
		at org.apache.coyote.AbstractProcessorLight.process(AbstractProcessorLight.java:65)
		at org.apache.coyote.AbstractProtocol$ConnectionHandler.process(AbstractProtocol.java:888)
		at org.apache.tomcat.util.net.NioEndpoint$SocketProcessor.doRun(NioEndpoint.java:1597)
		at org.apache.tomcat.util.net.SocketProcessorBase.run(SocketProcessorBase.java:49)
		at java.base/java.util.concurrent.ThreadPoolExecutor.runWorker(ThreadPoolExecutor.java:1128)
		at java.base/java.util.concurrent.ThreadPoolExecutor$Worker.run(ThreadPoolExecutor.java:628)
		at org.apache.tomcat.util.threads.TaskThread$WrappingRunnable.run(TaskThread.java:61)
		at java.base/java.lang.Thread.run(Thread.java:834)
13-Feb-2021 16:25:36.805 SEVERE [http-nio-8084-exec-75] org.apache.catalina.core.ApplicationDispatcher.invoke El Servlet.service() para servlet [servlets.RealizarDevolucion] lanzó una excepción
	java.lang.NumberFormatException: null
		at java.base/java.lang.Integer.parseInt(Integer.java:614)
		at java.base/java.lang.Integer.parseInt(Integer.java:770)
		at servlets.RealizarDevolucion.service(RealizarDevolucion.java:37)
		at javax.servlet.http.HttpServlet.service(HttpServlet.java:733)
		at org.apache.catalina.core.ApplicationFilterChain.internalDoFilter(ApplicationFilterChain.java:231)
		at org.apache.catalina.core.ApplicationFilterChain.doFilter(ApplicationFilterChain.java:166)
		at org.apache.tomcat.websocket.server.WsFilter.doFilter(WsFilter.java:53)
		at org.apache.catalina.core.ApplicationFilterChain.internalDoFilter(ApplicationFilterChain.java:193)
		at org.apache.catalina.core.ApplicationFilterChain.doFilter(ApplicationFilterChain.java:166)
		at org.apache.catalina.core.ApplicationDispatcher.invoke(ApplicationDispatcher.java:712)
		at org.apache.catalina.core.ApplicationDispatcher.processRequest(ApplicationDispatcher.java:459)
		at org.apache.catalina.core.ApplicationDispatcher.doForward(ApplicationDispatcher.java:384)
		at org.apache.catalina.core.ApplicationDispatcher.forward(ApplicationDispatcher.java:312)
		at servlets.Controller.service(Controller.java:73)
		at javax.servlet.http.HttpServlet.service(HttpServlet.java:733)
		at org.apache.catalina.core.ApplicationFilterChain.internalDoFilter(ApplicationFilterChain.java:231)
		at org.apache.catalina.core.ApplicationFilterChain.doFilter(ApplicationFilterChain.java:166)
		at org.apache.tomcat.websocket.server.WsFilter.doFilter(WsFilter.java:53)
		at org.apache.catalina.core.ApplicationFilterChain.internalDoFilter(ApplicationFilterChain.java:193)
		at org.apache.catalina.core.ApplicationFilterChain.doFilter(ApplicationFilterChain.java:166)
		at org.apache.catalina.core.StandardWrapperValve.invoke(StandardWrapperValve.java:202)
		at org.apache.catalina.core.StandardContextValve.invoke(StandardContextValve.java:97)
		at org.apache.catalina.authenticator.AuthenticatorBase.invoke(AuthenticatorBase.java:542)
		at org.apache.catalina.core.StandardHostValve.invoke(StandardHostValve.java:143)
		at org.apache.catalina.valves.ErrorReportValve.invoke(ErrorReportValve.java:92)
		at org.apache.catalina.valves.AbstractAccessLogValve.invoke(AbstractAccessLogValve.java:690)
		at org.apache.catalina.core.StandardEngineValve.invoke(StandardEngineValve.java:78)
		at org.apache.catalina.connector.CoyoteAdapter.service(CoyoteAdapter.java:343)
		at org.apache.coyote.http11.Http11Processor.service(Http11Processor.java:374)
		at org.apache.coyote.AbstractProcessorLight.process(AbstractProcessorLight.java:65)
		at org.apache.coyote.AbstractProtocol$ConnectionHandler.process(AbstractProtocol.java:888)
		at org.apache.tomcat.util.net.NioEndpoint$SocketProcessor.doRun(NioEndpoint.java:1597)
		at org.apache.tomcat.util.net.SocketProcessorBase.run(SocketProcessorBase.java:49)
		at java.base/java.util.concurrent.ThreadPoolExecutor.runWorker(ThreadPoolExecutor.java:1128)
		at java.base/java.util.concurrent.ThreadPoolExecutor$Worker.run(ThreadPoolExecutor.java:628)
		at org.apache.tomcat.util.threads.TaskThread$WrappingRunnable.run(TaskThread.java:61)
		at java.base/java.lang.Thread.run(Thread.java:834)
13-Feb-2021 16:25:36.805 SEVERE [http-nio-8084-exec-75] org.apache.catalina.core.StandardWrapperValve.invoke Servlet.service() para servlet [servlets.Controller] lanzó excepción
	java.lang.NumberFormatException: null
		at java.base/java.lang.Integer.parseInt(Integer.java:614)
		at java.base/java.lang.Integer.parseInt(Integer.java:770)
		at servlets.RealizarDevolucion.service(RealizarDevolucion.java:37)
		at javax.servlet.http.HttpServlet.service(HttpServlet.java:733)
		at org.apache.catalina.core.ApplicationFilterChain.internalDoFilter(ApplicationFilterChain.java:231)
		at org.apache.catalina.core.ApplicationFilterChain.doFilter(ApplicationFilterChain.java:166)
		at org.apache.tomcat.websocket.server.WsFilter.doFilter(WsFilter.java:53)
		at org.apache.catalina.core.ApplicationFilterChain.internalDoFilter(ApplicationFilterChain.java:193)
		at org.apache.catalina.core.ApplicationFilterChain.doFilter(ApplicationFilterChain.java:166)
		at org.apache.catalina.core.ApplicationDispatcher.invoke(ApplicationDispatcher.java:712)
		at org.apache.catalina.core.ApplicationDispatcher.processRequest(ApplicationDispatcher.java:459)
		at org.apache.catalina.core.ApplicationDispatcher.doForward(ApplicationDispatcher.java:384)
		at org.apache.catalina.core.ApplicationDispatcher.forward(ApplicationDispatcher.java:312)
		at servlets.Controller.service(Controller.java:73)
		at javax.servlet.http.HttpServlet.service(HttpServlet.java:733)
		at org.apache.catalina.core.ApplicationFilterChain.internalDoFilter(ApplicationFilterChain.java:231)
		at org.apache.catalina.core.ApplicationFilterChain.doFilter(ApplicationFilterChain.java:166)
		at org.apache.tomcat.websocket.server.WsFilter.doFilter(WsFilter.java:53)
		at org.apache.catalina.core.ApplicationFilterChain.internalDoFilter(ApplicationFilterChain.java:193)
		at org.apache.catalina.core.ApplicationFilterChain.doFilter(ApplicationFilterChain.java:166)
		at org.apache.catalina.core.StandardWrapperValve.invoke(StandardWrapperValve.java:202)
		at org.apache.catalina.core.StandardContextValve.invoke(StandardContextValve.java:97)
		at org.apache.catalina.authenticator.AuthenticatorBase.invoke(AuthenticatorBase.java:542)
		at org.apache.catalina.core.StandardHostValve.invoke(StandardHostValve.java:143)
		at org.apache.catalina.valves.ErrorReportValve.invoke(ErrorReportValve.java:92)
		at org.apache.catalina.valves.AbstractAccessLogValve.invoke(AbstractAccessLogValve.java:690)
		at org.apache.catalina.core.StandardEngineValve.invoke(StandardEngineValve.java:78)
		at org.apache.catalina.connector.CoyoteAdapter.service(CoyoteAdapter.java:343)
		at org.apache.coyote.http11.Http11Processor.service(Http11Processor.java:374)
		at org.apache.coyote.AbstractProcessorLight.process(AbstractProcessorLight.java:65)
		at org.apache.coyote.AbstractProtocol$ConnectionHandler.process(AbstractProtocol.java:888)
		at org.apache.tomcat.util.net.NioEndpoint$SocketProcessor.doRun(NioEndpoint.java:1597)
		at org.apache.tomcat.util.net.SocketProcessorBase.run(SocketProcessorBase.java:49)
		at java.base/java.util.concurrent.ThreadPoolExecutor.runWorker(ThreadPoolExecutor.java:1128)
		at java.base/java.util.concurrent.ThreadPoolExecutor$Worker.run(ThreadPoolExecutor.java:628)
		at org.apache.tomcat.util.threads.TaskThread$WrappingRunnable.run(TaskThread.java:61)
		at java.base/java.lang.Thread.run(Thread.java:834)
13-Feb-2021 16:32:21.616 SEVERE [http-nio-8084-exec-88] org.apache.catalina.core.ApplicationDispatcher.invoke El Servlet.service() para servlet [servlets.RealizarDevolucion] lanzó una excepción
	java.lang.NullPointerException
		at servlets.RealizarDevolucion.service(RealizarDevolucion.java:45)
		at javax.servlet.http.HttpServlet.service(HttpServlet.java:733)
		at org.apache.catalina.core.ApplicationFilterChain.internalDoFilter(ApplicationFilterChain.java:231)
		at org.apache.catalina.core.ApplicationFilterChain.doFilter(ApplicationFilterChain.java:166)
		at org.apache.tomcat.websocket.server.WsFilter.doFilter(WsFilter.java:53)
		at org.apache.catalina.core.ApplicationFilterChain.internalDoFilter(ApplicationFilterChain.java:193)
		at org.apache.catalina.core.ApplicationFilterChain.doFilter(ApplicationFilterChain.java:166)
		at org.apache.catalina.core.ApplicationDispatcher.invoke(ApplicationDispatcher.java:712)
		at org.apache.catalina.core.ApplicationDispatcher.processRequest(ApplicationDispatcher.java:459)
		at org.apache.catalina.core.ApplicationDispatcher.doForward(ApplicationDispatcher.java:384)
		at org.apache.catalina.core.ApplicationDispatcher.forward(ApplicationDispatcher.java:312)
		at servlets.Controller.service(Controller.java:73)
		at javax.servlet.http.HttpServlet.service(HttpServlet.java:733)
		at org.apache.catalina.core.ApplicationFilterChain.internalDoFilter(ApplicationFilterChain.java:231)
		at org.apache.catalina.core.ApplicationFilterChain.doFilter(ApplicationFilterChain.java:166)
		at org.apache.tomcat.websocket.server.WsFilter.doFilter(WsFilter.java:53)
		at org.apache.catalina.core.ApplicationFilterChain.internalDoFilter(ApplicationFilterChain.java:193)
		at org.apache.catalina.core.ApplicationFilterChain.doFilter(ApplicationFilterChain.java:166)
		at org.apache.catalina.core.StandardWrapperValve.invoke(StandardWrapperValve.java:202)
		at org.apache.catalina.core.StandardContextValve.invoke(StandardContextValve.java:97)
		at org.apache.catalina.authenticator.AuthenticatorBase.invoke(AuthenticatorBase.java:542)
		at org.apache.catalina.core.StandardHostValve.invoke(StandardHostValve.java:143)
		at org.apache.catalina.valves.ErrorReportValve.invoke(ErrorReportValve.java:92)
		at org.apache.catalina.valves.AbstractAccessLogValve.invoke(AbstractAccessLogValve.java:690)
		at org.apache.catalina.core.StandardEngineValve.invoke(StandardEngineValve.java:78)
		at org.apache.catalina.connector.CoyoteAdapter.service(CoyoteAdapter.java:343)
		at org.apache.coyote.http11.Http11Processor.service(Http11Processor.java:374)
		at org.apache.coyote.AbstractProcessorLight.process(AbstractProcessorLight.java:65)
		at org.apache.coyote.AbstractProtocol$ConnectionHandler.process(AbstractProtocol.java:888)
		at org.apache.tomcat.util.net.NioEndpoint$SocketProcessor.doRun(NioEndpoint.java:1597)
		at org.apache.tomcat.util.net.SocketProcessorBase.run(SocketProcessorBase.java:49)
		at java.base/java.util.concurrent.ThreadPoolExecutor.runWorker(ThreadPoolExecutor.java:1128)
		at java.base/java.util.concurrent.ThreadPoolExecutor$Worker.run(ThreadPoolExecutor.java:628)
		at org.apache.tomcat.util.threads.TaskThread$WrappingRunnable.run(TaskThread.java:61)
		at java.base/java.lang.Thread.run(Thread.java:834)
13-Feb-2021 16:32:21.617 SEVERE [http-nio-8084-exec-88] org.apache.catalina.core.StandardWrapperValve.invoke Servlet.service() para servlet [servlets.Controller] lanzó excepción
	java.lang.NullPointerException
		at servlets.RealizarDevolucion.service(RealizarDevolucion.java:45)
		at javax.servlet.http.HttpServlet.service(HttpServlet.java:733)
		at org.apache.catalina.core.ApplicationFilterChain.internalDoFilter(ApplicationFilterChain.java:231)
		at org.apache.catalina.core.ApplicationFilterChain.doFilter(ApplicationFilterChain.java:166)
		at org.apache.tomcat.websocket.server.WsFilter.doFilter(WsFilter.java:53)
		at org.apache.catalina.core.ApplicationFilterChain.internalDoFilter(ApplicationFilterChain.java:193)
		at org.apache.catalina.core.ApplicationFilterChain.doFilter(ApplicationFilterChain.java:166)
		at org.apache.catalina.core.ApplicationDispatcher.invoke(ApplicationDispatcher.java:712)
		at org.apache.catalina.core.ApplicationDispatcher.processRequest(ApplicationDispatcher.java:459)
		at org.apache.catalina.core.ApplicationDispatcher.doForward(ApplicationDispatcher.java:384)
		at org.apache.catalina.core.ApplicationDispatcher.forward(ApplicationDispatcher.java:312)
		at servlets.Controller.service(Controller.java:73)
		at javax.servlet.http.HttpServlet.service(HttpServlet.java:733)
		at org.apache.catalina.core.ApplicationFilterChain.internalDoFilter(ApplicationFilterChain.java:231)
		at org.apache.catalina.core.ApplicationFilterChain.doFilter(ApplicationFilterChain.java:166)
		at org.apache.tomcat.websocket.server.WsFilter.doFilter(WsFilter.java:53)
		at org.apache.catalina.core.ApplicationFilterChain.internalDoFilter(ApplicationFilterChain.java:193)
		at org.apache.catalina.core.ApplicationFilterChain.doFilter(ApplicationFilterChain.java:166)
		at org.apache.catalina.core.StandardWrapperValve.invoke(StandardWrapperValve.java:202)
		at org.apache.catalina.core.StandardContextValve.invoke(StandardContextValve.java:97)
		at org.apache.catalina.authenticator.AuthenticatorBase.invoke(AuthenticatorBase.java:542)
		at org.apache.catalina.core.StandardHostValve.invoke(StandardHostValve.java:143)
		at org.apache.catalina.valves.ErrorReportValve.invoke(ErrorReportValve.java:92)
		at org.apache.catalina.valves.AbstractAccessLogValve.invoke(AbstractAccessLogValve.java:690)
		at org.apache.catalina.core.StandardEngineValve.invoke(StandardEngineValve.java:78)
		at org.apache.catalina.connector.CoyoteAdapter.service(CoyoteAdapter.java:343)
		at org.apache.coyote.http11.Http11Processor.service(Http11Processor.java:374)
		at org.apache.coyote.AbstractProcessorLight.process(AbstractProcessorLight.java:65)
		at org.apache.coyote.AbstractProtocol$ConnectionHandler.process(AbstractProtocol.java:888)
		at org.apache.tomcat.util.net.NioEndpoint$SocketProcessor.doRun(NioEndpoint.java:1597)
		at org.apache.tomcat.util.net.SocketProcessorBase.run(SocketProcessorBase.java:49)
		at java.base/java.util.concurrent.ThreadPoolExecutor.runWorker(ThreadPoolExecutor.java:1128)
		at java.base/java.util.concurrent.ThreadPoolExecutor$Worker.run(ThreadPoolExecutor.java:628)
		at org.apache.tomcat.util.threads.TaskThread$WrappingRunnable.run(TaskThread.java:61)
		at java.base/java.lang.Thread.run(Thread.java:834)
13-Feb-2021 16:32:27.373 SEVERE [http-nio-8084-exec-83] org.apache.catalina.core.ApplicationDispatcher.invoke El Servlet.service() para servlet [servlets.RealizarDevolucion] lanzó una excepción
	java.lang.NullPointerException
		at servlets.RealizarDevolucion.service(RealizarDevolucion.java:45)
		at javax.servlet.http.HttpServlet.service(HttpServlet.java:733)
		at org.apache.catalina.core.ApplicationFilterChain.internalDoFilter(ApplicationFilterChain.java:231)
		at org.apache.catalina.core.ApplicationFilterChain.doFilter(ApplicationFilterChain.java:166)
		at org.apache.tomcat.websocket.server.WsFilter.doFilter(WsFilter.java:53)
		at org.apache.catalina.core.ApplicationFilterChain.internalDoFilter(ApplicationFilterChain.java:193)
		at org.apache.catalina.core.ApplicationFilterChain.doFilter(ApplicationFilterChain.java:166)
		at org.apache.catalina.core.ApplicationDispatcher.invoke(ApplicationDispatcher.java:712)
		at org.apache.catalina.core.ApplicationDispatcher.processRequest(ApplicationDispatcher.java:459)
		at org.apache.catalina.core.ApplicationDispatcher.doForward(ApplicationDispatcher.java:384)
		at org.apache.catalina.core.ApplicationDispatcher.forward(ApplicationDispatcher.java:312)
		at servlets.Controller.service(Controller.java:73)
		at javax.servlet.http.HttpServlet.service(HttpServlet.java:733)
		at org.apache.catalina.core.ApplicationFilterChain.internalDoFilter(ApplicationFilterChain.java:231)
		at org.apache.catalina.core.ApplicationFilterChain.doFilter(ApplicationFilterChain.java:166)
		at org.apache.tomcat.websocket.server.WsFilter.doFilter(WsFilter.java:53)
		at org.apache.catalina.core.ApplicationFilterChain.internalDoFilter(ApplicationFilterChain.java:193)
		at org.apache.catalina.core.ApplicationFilterChain.doFilter(ApplicationFilterChain.java:166)
		at org.apache.catalina.core.StandardWrapperValve.invoke(StandardWrapperValve.java:202)
		at org.apache.catalina.core.StandardContextValve.invoke(StandardContextValve.java:97)
		at org.apache.catalina.authenticator.AuthenticatorBase.invoke(AuthenticatorBase.java:542)
		at org.apache.catalina.core.StandardHostValve.invoke(StandardHostValve.java:143)
		at org.apache.catalina.valves.ErrorReportValve.invoke(ErrorReportValve.java:92)
		at org.apache.catalina.valves.AbstractAccessLogValve.invoke(AbstractAccessLogValve.java:690)
		at org.apache.catalina.core.StandardEngineValve.invoke(StandardEngineValve.java:78)
		at org.apache.catalina.connector.CoyoteAdapter.service(CoyoteAdapter.java:343)
		at org.apache.coyote.http11.Http11Processor.service(Http11Processor.java:374)
		at org.apache.coyote.AbstractProcessorLight.process(AbstractProcessorLight.java:65)
		at org.apache.coyote.AbstractProtocol$ConnectionHandler.process(AbstractProtocol.java:888)
		at org.apache.tomcat.util.net.NioEndpoint$SocketProcessor.doRun(NioEndpoint.java:1597)
		at org.apache.tomcat.util.net.SocketProcessorBase.run(SocketProcessorBase.java:49)
		at java.base/java.util.concurrent.ThreadPoolExecutor.runWorker(ThreadPoolExecutor.java:1128)
		at java.base/java.util.concurrent.ThreadPoolExecutor$Worker.run(ThreadPoolExecutor.java:628)
		at org.apache.tomcat.util.threads.TaskThread$WrappingRunnable.run(TaskThread.java:61)
		at java.base/java.lang.Thread.run(Thread.java:834)
13-Feb-2021 16:32:27.373 SEVERE [http-nio-8084-exec-83] org.apache.catalina.core.StandardWrapperValve.invoke Servlet.service() para servlet [servlets.Controller] lanzó excepción
	java.lang.NullPointerException
		at servlets.RealizarDevolucion.service(RealizarDevolucion.java:45)
		at javax.servlet.http.HttpServlet.service(HttpServlet.java:733)
		at org.apache.catalina.core.ApplicationFilterChain.internalDoFilter(ApplicationFilterChain.java:231)
		at org.apache.catalina.core.ApplicationFilterChain.doFilter(ApplicationFilterChain.java:166)
		at org.apache.tomcat.websocket.server.WsFilter.doFilter(WsFilter.java:53)
		at org.apache.catalina.core.ApplicationFilterChain.internalDoFilter(ApplicationFilterChain.java:193)
		at org.apache.catalina.core.ApplicationFilterChain.doFilter(ApplicationFilterChain.java:166)
		at org.apache.catalina.core.ApplicationDispatcher.invoke(ApplicationDispatcher.java:712)
		at org.apache.catalina.core.ApplicationDispatcher.processRequest(ApplicationDispatcher.java:459)
		at org.apache.catalina.core.ApplicationDispatcher.doForward(ApplicationDispatcher.java:384)
		at org.apache.catalina.core.ApplicationDispatcher.forward(ApplicationDispatcher.java:312)
		at servlets.Controller.service(Controller.java:73)
		at javax.servlet.http.HttpServlet.service(HttpServlet.java:733)
		at org.apache.catalina.core.ApplicationFilterChain.internalDoFilter(ApplicationFilterChain.java:231)
		at org.apache.catalina.core.ApplicationFilterChain.doFilter(ApplicationFilterChain.java:166)
		at org.apache.tomcat.websocket.server.WsFilter.doFilter(WsFilter.java:53)
		at org.apache.catalina.core.ApplicationFilterChain.internalDoFilter(ApplicationFilterChain.java:193)
		at org.apache.catalina.core.ApplicationFilterChain.doFilter(ApplicationFilterChain.java:166)
		at org.apache.catalina.core.StandardWrapperValve.invoke(StandardWrapperValve.java:202)
		at org.apache.catalina.core.StandardContextValve.invoke(StandardContextValve.java:97)
		at org.apache.catalina.authenticator.AuthenticatorBase.invoke(AuthenticatorBase.java:542)
		at org.apache.catalina.core.StandardHostValve.invoke(StandardHostValve.java:143)
		at org.apache.catalina.valves.ErrorReportValve.invoke(ErrorReportValve.java:92)
		at org.apache.catalina.valves.AbstractAccessLogValve.invoke(AbstractAccessLogValve.java:690)
		at org.apache.catalina.core.StandardEngineValve.invoke(StandardEngineValve.java:78)
		at org.apache.catalina.connector.CoyoteAdapter.service(CoyoteAdapter.java:343)
		at org.apache.coyote.http11.Http11Processor.service(Http11Processor.java:374)
		at org.apache.coyote.AbstractProcessorLight.process(AbstractProcessorLight.java:65)
		at org.apache.coyote.AbstractProtocol$ConnectionHandler.process(AbstractProtocol.java:888)
		at org.apache.tomcat.util.net.NioEndpoint$SocketProcessor.doRun(NioEndpoint.java:1597)
		at org.apache.tomcat.util.net.SocketProcessorBase.run(SocketProcessorBase.java:49)
		at java.base/java.util.concurrent.ThreadPoolExecutor.runWorker(ThreadPoolExecutor.java:1128)
		at java.base/java.util.concurrent.ThreadPoolExecutor$Worker.run(ThreadPoolExecutor.java:628)
		at org.apache.tomcat.util.threads.TaskThread$WrappingRunnable.run(TaskThread.java:61)
		at java.base/java.lang.Thread.run(Thread.java:834)
13-Feb-2021 16:59:13.293 SEVERE [http-nio-8084-exec-136] org.apache.catalina.core.ApplicationDispatcher.invoke El Servlet.service() para servlet [servlets.EliminarEwallet] lanzó una excepción
	javax.persistence.RollbackException: Exception [EclipseLink-4002] (Eclipse Persistence Services - 2.7.4.v20190115-ad5b7c6b2a): org.eclipse.persistence.exceptions.DatabaseException
Internal Exception: java.sql.SQLIntegrityConstraintViolationException: Cannot delete or update a parent row: a foreign key constraint fails (`comprin`.`compra`, CONSTRAINT `fk_Compra_E-wallet` FOREIGN KEY (`idwallet`) REFERENCES `ewallet` (`idwallet`))
Error Code: 1451
Call: DELETE FROM ewallet WHERE (idwallet = ?)
	bind => [1 parameter bound]
Query: DeleteObjectQuery( 6)
		at org.eclipse.persistence.internal.jpa.transaction.EntityTransactionImpl.commit(EntityTransactionImpl.java:161)
		at modelo.GestionEwallet.borrarwallet(GestionEwallet.java:60)
		at servlets.EliminarEwallet.service(EliminarEwallet.java:26)
		at javax.servlet.http.HttpServlet.service(HttpServlet.java:733)
		at org.apache.catalina.core.ApplicationFilterChain.internalDoFilter(ApplicationFilterChain.java:231)
		at org.apache.catalina.core.ApplicationFilterChain.doFilter(ApplicationFilterChain.java:166)
		at org.apache.tomcat.websocket.server.WsFilter.doFilter(WsFilter.java:53)
		at org.apache.catalina.core.ApplicationFilterChain.internalDoFilter(ApplicationFilterChain.java:193)
		at org.apache.catalina.core.ApplicationFilterChain.doFilter(ApplicationFilterChain.java:166)
		at org.apache.catalina.core.ApplicationDispatcher.invoke(ApplicationDispatcher.java:712)
		at org.apache.catalina.core.ApplicationDispatcher.processRequest(ApplicationDispatcher.java:459)
		at org.apache.catalina.core.ApplicationDispatcher.doForward(ApplicationDispatcher.java:384)
		at org.apache.catalina.core.ApplicationDispatcher.forward(ApplicationDispatcher.java:312)
		at servlets.Controller.service(Controller.java:74)
		at javax.servlet.http.HttpServlet.service(HttpServlet.java:733)
		at org.apache.catalina.core.ApplicationFilterChain.internalDoFilter(ApplicationFilterChain.java:231)
		at org.apache.catalina.core.ApplicationFilterChain.doFilter(ApplicationFilterChain.java:166)
		at org.apache.tomcat.websocket.server.WsFilter.doFilter(WsFilter.java:53)
		at org.apache.catalina.core.ApplicationFilterChain.internalDoFilter(ApplicationFilterChain.java:193)
		at org.apache.catalina.core.ApplicationFilterChain.doFilter(ApplicationFilterChain.java:166)
		at org.apache.catalina.core.StandardWrapperValve.invoke(StandardWrapperValve.java:202)
		at org.apache.catalina.core.StandardContextValve.invoke(StandardContextValve.java:97)
		at org.apache.catalina.authenticator.AuthenticatorBase.invoke(AuthenticatorBase.java:542)
		at org.apache.catalina.core.StandardHostValve.invoke(StandardHostValve.java:143)
		at org.apache.catalina.valves.ErrorReportValve.invoke(ErrorReportValve.java:92)
		at org.apache.catalina.valves.AbstractAccessLogValve.invoke(AbstractAccessLogValve.java:690)
		at org.apache.catalina.core.StandardEngineValve.invoke(StandardEngineValve.java:78)
		at org.apache.catalina.connector.CoyoteAdapter.service(CoyoteAdapter.java:343)
		at org.apache.coyote.http11.Http11Processor.service(Http11Processor.java:374)
		at org.apache.coyote.AbstractProcessorLight.process(AbstractProcessorLight.java:65)
		at org.apache.coyote.AbstractProtocol$ConnectionHandler.process(AbstractProtocol.java:888)
		at org.apache.tomcat.util.net.NioEndpoint$SocketProcessor.doRun(NioEndpoint.java:1597)
		at org.apache.tomcat.util.net.SocketProcessorBase.run(SocketProcessorBase.java:49)
		at java.base/java.util.concurrent.ThreadPoolExecutor.runWorker(ThreadPoolExecutor.java:1128)
		at java.base/java.util.concurrent.ThreadPoolExecutor$Worker.run(ThreadPoolExecutor.java:628)
		at org.apache.tomcat.util.threads.TaskThread$WrappingRunnable.run(TaskThread.java:61)
		at java.base/java.lang.Thread.run(Thread.java:834)
	Caused by: Exception [EclipseLink-4002] (Eclipse Persistence Services - 2.7.4.v20190115-ad5b7c6b2a): org.eclipse.persistence.exceptions.DatabaseException
Internal Exception: java.sql.SQLIntegrityConstraintViolationException: Cannot delete or update a parent row: a foreign key constraint fails (`comprin`.`compra`, CONSTRAINT `fk_Compra_E-wallet` FOREIGN KEY (`idwallet`) REFERENCES `ewallet` (`idwallet`))
Error Code: 1451
Call: DELETE FROM ewallet WHERE (idwallet = ?)
	bind => [1 parameter bound]
Query: DeleteObjectQuery( 6)
		at org.eclipse.persistence.exceptions.DatabaseException.sqlException(DatabaseException.java:333)
		at org.eclipse.persistence.internal.databaseaccess.DatabaseAccessor.executeDirectNoSelect(DatabaseAccessor.java:908)
		at org.eclipse.persistence.internal.databaseaccess.DatabaseAccessor.executeNoSelect(DatabaseAccessor.java:970)
		at org.eclipse.persistence.internal.databaseaccess.DatabaseAccessor.basicExecuteCall(DatabaseAccessor.java:640)
		at org.eclipse.persistence.internal.databaseaccess.DatabaseAccessor.executeCall(DatabaseAccessor.java:567)
		at org.eclipse.persistence.internal.sessions.AbstractSession.basicExecuteCall(AbstractSession.java:2096)
		at org.eclipse.persistence.sessions.server.ClientSession.executeCall(ClientSession.java:311)
		at org.eclipse.persistence.internal.queries.DatasourceCallQueryMechanism.executeCall(DatasourceCallQueryMechanism.java:275)
		at org.eclipse.persistence.internal.queries.DatasourceCallQueryMechanism.executeCall(DatasourceCallQueryMechanism.java:261)
		at org.eclipse.persistence.internal.queries.DatasourceCallQueryMechanism.deleteObject(DatasourceCallQueryMechanism.java:243)
		at org.eclipse.persistence.internal.queries.StatementQueryMechanism.deleteObject(StatementQueryMechanism.java:106)
		at org.eclipse.persistence.queries.DeleteObjectQuery.executeDatabaseQuery(DeleteObjectQuery.java:220)
		at org.eclipse.persistence.queries.DatabaseQuery.execute(DatabaseQuery.java:914)
		at org.eclipse.persistence.queries.DatabaseQuery.executeInUnitOfWork(DatabaseQuery.java:813)
		at org.eclipse.persistence.queries.ObjectLevelModifyQuery.executeInUnitOfWorkObjectLevelModifyQuery(ObjectLevelModifyQuery.java:110)
		at org.eclipse.persistence.queries.DeleteObjectQuery.executeInUnitOfWorkObjectLevelModifyQuery(DeleteObjectQuery.java:121)
		at org.eclipse.persistence.queries.ObjectLevelModifyQuery.executeInUnitOfWork(ObjectLevelModifyQuery.java:87)
		at org.eclipse.persistence.internal.sessions.UnitOfWorkImpl.internalExecuteQuery(UnitOfWorkImpl.java:2981)
		at org.eclipse.persistence.internal.sessions.AbstractSession.executeQuery(AbstractSession.java:1895)
		at org.eclipse.persistence.internal.sessions.AbstractSession.executeQuery(AbstractSession.java:1877)
		at org.eclipse.persistence.internal.sessions.AbstractSession.executeQuery(AbstractSession.java:1827)
		at org.eclipse.persistence.internal.sessions.CommitManager.deleteAllObjects(CommitManager.java:344)
		at org.eclipse.persistence.internal.sessions.CommitManager.deleteAllObjects(CommitManager.java:293)
		at org.eclipse.persistence.internal.sessions.UnitOfWorkImpl.commitToDatabase(UnitOfWorkImpl.java:1496)
		at org.eclipse.persistence.internal.sessions.UnitOfWorkImpl.commitToDatabaseWithChangeSet(UnitOfWorkImpl.java:1583)
		at org.eclipse.persistence.internal.sessions.RepeatableWriteUnitOfWork.commitRootUnitOfWork(RepeatableWriteUnitOfWork.java:280)
		at org.eclipse.persistence.internal.sessions.UnitOfWorkImpl.commitAndResume(UnitOfWorkImpl.java:1220)
		at org.eclipse.persistence.internal.jpa.transaction.EntityTransactionImpl.commit(EntityTransactionImpl.java:136)
		... 36 more
	Caused by: java.sql.SQLIntegrityConstraintViolationException: Cannot delete or update a parent row: a foreign key constraint fails (`comprin`.`compra`, CONSTRAINT `fk_Compra_E-wallet` FOREIGN KEY (`idwallet`) REFERENCES `ewallet` (`idwallet`))
		at com.mysql.cj.jdbc.exceptions.SQLError.createSQLException(SQLError.java:117)
		at com.mysql.cj.jdbc.exceptions.SQLError.createSQLException(SQLError.java:97)
		at com.mysql.cj.jdbc.exceptions.SQLExceptionsMapping.translateException(SQLExceptionsMapping.java:122)
		at com.mysql.cj.jdbc.ClientPreparedStatement.executeInternal(ClientPreparedStatement.java:953)
		at com.mysql.cj.jdbc.ClientPreparedStatement.executeUpdateInternal(ClientPreparedStatement.java:1092)
		at com.mysql.cj.jdbc.ClientPreparedStatement.executeUpdateInternal(ClientPreparedStatement.java:1040)
		at com.mysql.cj.jdbc.ClientPreparedStatement.executeLargeUpdate(ClientPreparedStatement.java:1340)
		at com.mysql.cj.jdbc.ClientPreparedStatement.executeUpdate(ClientPreparedStatement.java:1025)
		at org.eclipse.persistence.internal.databaseaccess.DatabaseAccessor.executeDirectNoSelect(DatabaseAccessor.java:898)
		... 62 more
13-Feb-2021 16:59:13.294 SEVERE [http-nio-8084-exec-136] org.apache.catalina.core.StandardWrapperValve.invoke Servlet.service() para servlet [servlets.Controller] lanzó excepción
	javax.persistence.RollbackException: Exception [EclipseLink-4002] (Eclipse Persistence Services - 2.7.4.v20190115-ad5b7c6b2a): org.eclipse.persistence.exceptions.DatabaseException
Internal Exception: java.sql.SQLIntegrityConstraintViolationException: Cannot delete or update a parent row: a foreign key constraint fails (`comprin`.`compra`, CONSTRAINT `fk_Compra_E-wallet` FOREIGN KEY (`idwallet`) REFERENCES `ewallet` (`idwallet`))
Error Code: 1451
Call: DELETE FROM ewallet WHERE (idwallet = ?)
	bind => [1 parameter bound]
Query: DeleteObjectQuery( 6)
		at org.eclipse.persistence.internal.jpa.transaction.EntityTransactionImpl.commit(EntityTransactionImpl.java:161)
		at modelo.GestionEwallet.borrarwallet(GestionEwallet.java:60)
		at servlets.EliminarEwallet.service(EliminarEwallet.java:26)
		at javax.servlet.http.HttpServlet.service(HttpServlet.java:733)
		at org.apache.catalina.core.ApplicationFilterChain.internalDoFilter(ApplicationFilterChain.java:231)
		at org.apache.catalina.core.ApplicationFilterChain.doFilter(ApplicationFilterChain.java:166)
		at org.apache.tomcat.websocket.server.WsFilter.doFilter(WsFilter.java:53)
		at org.apache.catalina.core.ApplicationFilterChain.internalDoFilter(ApplicationFilterChain.java:193)
		at org.apache.catalina.core.ApplicationFilterChain.doFilter(ApplicationFilterChain.java:166)
		at org.apache.catalina.core.ApplicationDispatcher.invoke(ApplicationDispatcher.java:712)
		at org.apache.catalina.core.ApplicationDispatcher.processRequest(ApplicationDispatcher.java:459)
		at org.apache.catalina.core.ApplicationDispatcher.doForward(ApplicationDispatcher.java:384)
		at org.apache.catalina.core.ApplicationDispatcher.forward(ApplicationDispatcher.java:312)
		at servlets.Controller.service(Controller.java:74)
		at javax.servlet.http.HttpServlet.service(HttpServlet.java:733)
		at org.apache.catalina.core.ApplicationFilterChain.internalDoFilter(ApplicationFilterChain.java:231)
		at org.apache.catalina.core.ApplicationFilterChain.doFilter(ApplicationFilterChain.java:166)
		at org.apache.tomcat.websocket.server.WsFilter.doFilter(WsFilter.java:53)
		at org.apache.catalina.core.ApplicationFilterChain.internalDoFilter(ApplicationFilterChain.java:193)
		at org.apache.catalina.core.ApplicationFilterChain.doFilter(ApplicationFilterChain.java:166)
		at org.apache.catalina.core.StandardWrapperValve.invoke(StandardWrapperValve.java:202)
		at org.apache.catalina.core.StandardContextValve.invoke(StandardContextValve.java:97)
		at org.apache.catalina.authenticator.AuthenticatorBase.invoke(AuthenticatorBase.java:542)
		at org.apache.catalina.core.StandardHostValve.invoke(StandardHostValve.java:143)
		at org.apache.catalina.valves.ErrorReportValve.invoke(ErrorReportValve.java:92)
		at org.apache.catalina.valves.AbstractAccessLogValve.invoke(AbstractAccessLogValve.java:690)
		at org.apache.catalina.core.StandardEngineValve.invoke(StandardEngineValve.java:78)
		at org.apache.catalina.connector.CoyoteAdapter.service(CoyoteAdapter.java:343)
		at org.apache.coyote.http11.Http11Processor.service(Http11Processor.java:374)
		at org.apache.coyote.AbstractProcessorLight.process(AbstractProcessorLight.java:65)
		at org.apache.coyote.AbstractProtocol$ConnectionHandler.process(AbstractProtocol.java:888)
		at org.apache.tomcat.util.net.NioEndpoint$SocketProcessor.doRun(NioEndpoint.java:1597)
		at org.apache.tomcat.util.net.SocketProcessorBase.run(SocketProcessorBase.java:49)
		at java.base/java.util.concurrent.ThreadPoolExecutor.runWorker(ThreadPoolExecutor.java:1128)
		at java.base/java.util.concurrent.ThreadPoolExecutor$Worker.run(ThreadPoolExecutor.java:628)
		at org.apache.tomcat.util.threads.TaskThread$WrappingRunnable.run(TaskThread.java:61)
		at java.base/java.lang.Thread.run(Thread.java:834)
	Caused by: Exception [EclipseLink-4002] (Eclipse Persistence Services - 2.7.4.v20190115-ad5b7c6b2a): org.eclipse.persistence.exceptions.DatabaseException
Internal Exception: java.sql.SQLIntegrityConstraintViolationException: Cannot delete or update a parent row: a foreign key constraint fails (`comprin`.`compra`, CONSTRAINT `fk_Compra_E-wallet` FOREIGN KEY (`idwallet`) REFERENCES `ewallet` (`idwallet`))
Error Code: 1451
Call: DELETE FROM ewallet WHERE (idwallet = ?)
	bind => [1 parameter bound]
Query: DeleteObjectQuery( 6)
		at org.eclipse.persistence.exceptions.DatabaseException.sqlException(DatabaseException.java:333)
		at org.eclipse.persistence.internal.databaseaccess.DatabaseAccessor.executeDirectNoSelect(DatabaseAccessor.java:908)
		at org.eclipse.persistence.internal.databaseaccess.DatabaseAccessor.executeNoSelect(DatabaseAccessor.java:970)
		at org.eclipse.persistence.internal.databaseaccess.DatabaseAccessor.basicExecuteCall(DatabaseAccessor.java:640)
		at org.eclipse.persistence.internal.databaseaccess.DatabaseAccessor.executeCall(DatabaseAccessor.java:567)
		at org.eclipse.persistence.internal.sessions.AbstractSession.basicExecuteCall(AbstractSession.java:2096)
		at org.eclipse.persistence.sessions.server.ClientSession.executeCall(ClientSession.java:311)
		at org.eclipse.persistence.internal.queries.DatasourceCallQueryMechanism.executeCall(DatasourceCallQueryMechanism.java:275)
		at org.eclipse.persistence.internal.queries.DatasourceCallQueryMechanism.executeCall(DatasourceCallQueryMechanism.java:261)
		at org.eclipse.persistence.internal.queries.DatasourceCallQueryMechanism.deleteObject(DatasourceCallQueryMechanism.java:243)
		at org.eclipse.persistence.internal.queries.StatementQueryMechanism.deleteObject(StatementQueryMechanism.java:106)
		at org.eclipse.persistence.queries.DeleteObjectQuery.executeDatabaseQuery(DeleteObjectQuery.java:220)
		at org.eclipse.persistence.queries.DatabaseQuery.execute(DatabaseQuery.java:914)
		at org.eclipse.persistence.queries.DatabaseQuery.executeInUnitOfWork(DatabaseQuery.java:813)
		at org.eclipse.persistence.queries.ObjectLevelModifyQuery.executeInUnitOfWorkObjectLevelModifyQuery(ObjectLevelModifyQuery.java:110)
		at org.eclipse.persistence.queries.DeleteObjectQuery.executeInUnitOfWorkObjectLevelModifyQuery(DeleteObjectQuery.java:121)
		at org.eclipse.persistence.queries.ObjectLevelModifyQuery.executeInUnitOfWork(ObjectLevelModifyQuery.java:87)
		at org.eclipse.persistence.internal.sessions.UnitOfWorkImpl.internalExecuteQuery(UnitOfWorkImpl.java:2981)
		at org.eclipse.persistence.internal.sessions.AbstractSession.executeQuery(AbstractSession.java:1895)
		at org.eclipse.persistence.internal.sessions.AbstractSession.executeQuery(AbstractSession.java:1877)
		at org.eclipse.persistence.internal.sessions.AbstractSession.executeQuery(AbstractSession.java:1827)
		at org.eclipse.persistence.internal.sessions.CommitManager.deleteAllObjects(CommitManager.java:344)
		at org.eclipse.persistence.internal.sessions.CommitManager.deleteAllObjects(CommitManager.java:293)
		at org.eclipse.persistence.internal.sessions.UnitOfWorkImpl.commitToDatabase(UnitOfWorkImpl.java:1496)
		at org.eclipse.persistence.internal.sessions.UnitOfWorkImpl.commitToDatabaseWithChangeSet(UnitOfWorkImpl.java:1583)
		at org.eclipse.persistence.internal.sessions.RepeatableWriteUnitOfWork.commitRootUnitOfWork(RepeatableWriteUnitOfWork.java:280)
		at org.eclipse.persistence.internal.sessions.UnitOfWorkImpl.commitAndResume(UnitOfWorkImpl.java:1220)
		at org.eclipse.persistence.internal.jpa.transaction.EntityTransactionImpl.commit(EntityTransactionImpl.java:136)
		... 36 more
	Caused by: java.sql.SQLIntegrityConstraintViolationException: Cannot delete or update a parent row: a foreign key constraint fails (`comprin`.`compra`, CONSTRAINT `fk_Compra_E-wallet` FOREIGN KEY (`idwallet`) REFERENCES `ewallet` (`idwallet`))
		at com.mysql.cj.jdbc.exceptions.SQLError.createSQLException(SQLError.java:117)
		at com.mysql.cj.jdbc.exceptions.SQLError.createSQLException(SQLError.java:97)
		at com.mysql.cj.jdbc.exceptions.SQLExceptionsMapping.translateException(SQLExceptionsMapping.java:122)
		at com.mysql.cj.jdbc.ClientPreparedStatement.executeInternal(ClientPreparedStatement.java:953)
		at com.mysql.cj.jdbc.ClientPreparedStatement.executeUpdateInternal(ClientPreparedStatement.java:1092)
		at com.mysql.cj.jdbc.ClientPreparedStatement.executeUpdateInternal(ClientPreparedStatement.java:1040)
		at com.mysql.cj.jdbc.ClientPreparedStatement.executeLargeUpdate(ClientPreparedStatement.java:1340)
		at com.mysql.cj.jdbc.ClientPreparedStatement.executeUpdate(ClientPreparedStatement.java:1025)
		at org.eclipse.persistence.internal.databaseaccess.DatabaseAccessor.executeDirectNoSelect(DatabaseAccessor.java:898)
		... 62 more
13-Feb-2021 17:04:44.596 SEVERE [http-nio-8084-exec-147] org.apache.catalina.core.ApplicationDispatcher.invoke El Servlet.service() para servlet [servlets.EliminarEwallet] lanzó una excepción
	java.lang.NumberFormatException: null
		at java.base/java.lang.Integer.parseInt(Integer.java:614)
		at java.base/java.lang.Integer.parseInt(Integer.java:770)
		at servlets.EliminarEwallet.service(EliminarEwallet.java:28)
		at javax.servlet.http.HttpServlet.service(HttpServlet.java:733)
		at org.apache.catalina.core.ApplicationFilterChain.internalDoFilter(ApplicationFilterChain.java:231)
		at org.apache.catalina.core.ApplicationFilterChain.doFilter(ApplicationFilterChain.java:166)
		at org.apache.tomcat.websocket.server.WsFilter.doFilter(WsFilter.java:53)
		at org.apache.catalina.core.ApplicationFilterChain.internalDoFilter(ApplicationFilterChain.java:193)
		at org.apache.catalina.core.ApplicationFilterChain.doFilter(ApplicationFilterChain.java:166)
		at org.apache.catalina.core.ApplicationDispatcher.invoke(ApplicationDispatcher.java:712)
		at org.apache.catalina.core.ApplicationDispatcher.processRequest(ApplicationDispatcher.java:459)
		at org.apache.catalina.core.ApplicationDispatcher.doForward(ApplicationDispatcher.java:384)
		at org.apache.catalina.core.ApplicationDispatcher.forward(ApplicationDispatcher.java:312)
		at servlets.Controller.service(Controller.java:74)
		at javax.servlet.http.HttpServlet.service(HttpServlet.java:733)
		at org.apache.catalina.core.ApplicationFilterChain.internalDoFilter(ApplicationFilterChain.java:231)
		at org.apache.catalina.core.ApplicationFilterChain.doFilter(ApplicationFilterChain.java:166)
		at org.apache.tomcat.websocket.server.WsFilter.doFilter(WsFilter.java:53)
		at org.apache.catalina.core.ApplicationFilterChain.internalDoFilter(ApplicationFilterChain.java:193)
		at org.apache.catalina.core.ApplicationFilterChain.doFilter(ApplicationFilterChain.java:166)
		at org.apache.catalina.core.StandardWrapperValve.invoke(StandardWrapperValve.java:202)
		at org.apache.catalina.core.StandardContextValve.invoke(StandardContextValve.java:97)
		at org.apache.catalina.authenticator.AuthenticatorBase.invoke(AuthenticatorBase.java:542)
		at org.apache.catalina.core.StandardHostValve.invoke(StandardHostValve.java:143)
		at org.apache.catalina.valves.ErrorReportValve.invoke(ErrorReportValve.java:92)
		at org.apache.catalina.valves.AbstractAccessLogValve.invoke(AbstractAccessLogValve.java:690)
		at org.apache.catalina.core.StandardEngineValve.invoke(StandardEngineValve.java:78)
		at org.apache.catalina.connector.CoyoteAdapter.service(CoyoteAdapter.java:343)
		at org.apache.coyote.http11.Http11Processor.service(Http11Processor.java:374)
		at org.apache.coyote.AbstractProcessorLight.process(AbstractProcessorLight.java:65)
		at org.apache.coyote.AbstractProtocol$ConnectionHandler.process(AbstractProtocol.java:888)
		at org.apache.tomcat.util.net.NioEndpoint$SocketProcessor.doRun(NioEndpoint.java:1597)
		at org.apache.tomcat.util.net.SocketProcessorBase.run(SocketProcessorBase.java:49)
		at java.base/java.util.concurrent.ThreadPoolExecutor.runWorker(ThreadPoolExecutor.java:1128)
		at java.base/java.util.concurrent.ThreadPoolExecutor$Worker.run(ThreadPoolExecutor.java:628)
		at org.apache.tomcat.util.threads.TaskThread$WrappingRunnable.run(TaskThread.java:61)
		at java.base/java.lang.Thread.run(Thread.java:834)
13-Feb-2021 17:04:44.597 SEVERE [http-nio-8084-exec-147] org.apache.catalina.core.StandardWrapperValve.invoke Servlet.service() para servlet [servlets.Controller] lanzó excepción
	java.lang.NumberFormatException: null
		at java.base/java.lang.Integer.parseInt(Integer.java:614)
		at java.base/java.lang.Integer.parseInt(Integer.java:770)
		at servlets.EliminarEwallet.service(EliminarEwallet.java:28)
		at javax.servlet.http.HttpServlet.service(HttpServlet.java:733)
		at org.apache.catalina.core.ApplicationFilterChain.internalDoFilter(ApplicationFilterChain.java:231)
		at org.apache.catalina.core.ApplicationFilterChain.doFilter(ApplicationFilterChain.java:166)
		at org.apache.tomcat.websocket.server.WsFilter.doFilter(WsFilter.java:53)
		at org.apache.catalina.core.ApplicationFilterChain.internalDoFilter(ApplicationFilterChain.java:193)
		at org.apache.catalina.core.ApplicationFilterChain.doFilter(ApplicationFilterChain.java:166)
		at org.apache.catalina.core.ApplicationDispatcher.invoke(ApplicationDispatcher.java:712)
		at org.apache.catalina.core.ApplicationDispatcher.processRequest(ApplicationDispatcher.java:459)
		at org.apache.catalina.core.ApplicationDispatcher.doForward(ApplicationDispatcher.java:384)
		at org.apache.catalina.core.ApplicationDispatcher.forward(ApplicationDispatcher.java:312)
		at servlets.Controller.service(Controller.java:74)
		at javax.servlet.http.HttpServlet.service(HttpServlet.java:733)
		at org.apache.catalina.core.ApplicationFilterChain.internalDoFilter(ApplicationFilterChain.java:231)
		at org.apache.catalina.core.ApplicationFilterChain.doFilter(ApplicationFilterChain.java:166)
		at org.apache.tomcat.websocket.server.WsFilter.doFilter(WsFilter.java:53)
		at org.apache.catalina.core.ApplicationFilterChain.internalDoFilter(ApplicationFilterChain.java:193)
		at org.apache.catalina.core.ApplicationFilterChain.doFilter(ApplicationFilterChain.java:166)
		at org.apache.catalina.core.StandardWrapperValve.invoke(StandardWrapperValve.java:202)
		at org.apache.catalina.core.StandardContextValve.invoke(StandardContextValve.java:97)
		at org.apache.catalina.authenticator.AuthenticatorBase.invoke(AuthenticatorBase.java:542)
		at org.apache.catalina.core.StandardHostValve.invoke(StandardHostValve.java:143)
		at org.apache.catalina.valves.ErrorReportValve.invoke(ErrorReportValve.java:92)
		at org.apache.catalina.valves.AbstractAccessLogValve.invoke(AbstractAccessLogValve.java:690)
		at org.apache.catalina.core.StandardEngineValve.invoke(StandardEngineValve.java:78)
		at org.apache.catalina.connector.CoyoteAdapter.service(CoyoteAdapter.java:343)
		at org.apache.coyote.http11.Http11Processor.service(Http11Processor.java:374)
		at org.apache.coyote.AbstractProcessorLight.process(AbstractProcessorLight.java:65)
		at org.apache.coyote.AbstractProtocol$ConnectionHandler.process(AbstractProtocol.java:888)
		at org.apache.tomcat.util.net.NioEndpoint$SocketProcessor.doRun(NioEndpoint.java:1597)
		at org.apache.tomcat.util.net.SocketProcessorBase.run(SocketProcessorBase.java:49)
		at java.base/java.util.concurrent.ThreadPoolExecutor.runWorker(ThreadPoolExecutor.java:1128)
		at java.base/java.util.concurrent.ThreadPoolExecutor$Worker.run(ThreadPoolExecutor.java:628)
		at org.apache.tomcat.util.threads.TaskThread$WrappingRunnable.run(TaskThread.java:61)
		at java.base/java.lang.Thread.run(Thread.java:834)
13-Feb-2021 17:08:46.932 SEVERE [http-nio-8084-exec-161] org.apache.catalina.core.ApplicationDispatcher.invoke El Servlet.service() para servlet [servlets.EliminarEwallet] lanzó una excepción
	java.lang.NumberFormatException: null
		at java.base/java.lang.Integer.parseInt(Integer.java:614)
		at java.base/java.lang.Integer.parseInt(Integer.java:770)
		at servlets.EliminarEwallet.service(EliminarEwallet.java:28)
		at javax.servlet.http.HttpServlet.service(HttpServlet.java:733)
		at org.apache.catalina.core.ApplicationFilterChain.internalDoFilter(ApplicationFilterChain.java:231)
		at org.apache.catalina.core.ApplicationFilterChain.doFilter(ApplicationFilterChain.java:166)
		at org.apache.tomcat.websocket.server.WsFilter.doFilter(WsFilter.java:53)
		at org.apache.catalina.core.ApplicationFilterChain.internalDoFilter(ApplicationFilterChain.java:193)
		at org.apache.catalina.core.ApplicationFilterChain.doFilter(ApplicationFilterChain.java:166)
		at org.apache.catalina.core.ApplicationDispatcher.invoke(ApplicationDispatcher.java:712)
		at org.apache.catalina.core.ApplicationDispatcher.processRequest(ApplicationDispatcher.java:459)
		at org.apache.catalina.core.ApplicationDispatcher.doForward(ApplicationDispatcher.java:384)
		at org.apache.catalina.core.ApplicationDispatcher.forward(ApplicationDispatcher.java:312)
		at servlets.Controller.service(Controller.java:70)
		at javax.servlet.http.HttpServlet.service(HttpServlet.java:733)
		at org.apache.catalina.core.ApplicationFilterChain.internalDoFilter(ApplicationFilterChain.java:231)
		at org.apache.catalina.core.ApplicationFilterChain.doFilter(ApplicationFilterChain.java:166)
		at org.apache.tomcat.websocket.server.WsFilter.doFilter(WsFilter.java:53)
		at org.apache.catalina.core.ApplicationFilterChain.internalDoFilter(ApplicationFilterChain.java:193)
		at org.apache.catalina.core.ApplicationFilterChain.doFilter(ApplicationFilterChain.java:166)
		at org.apache.catalina.core.StandardWrapperValve.invoke(StandardWrapperValve.java:202)
		at org.apache.catalina.core.StandardContextValve.invoke(StandardContextValve.java:97)
		at org.apache.catalina.authenticator.AuthenticatorBase.invoke(AuthenticatorBase.java:542)
		at org.apache.catalina.core.StandardHostValve.invoke(StandardHostValve.java:143)
		at org.apache.catalina.valves.ErrorReportValve.invoke(ErrorReportValve.java:92)
		at org.apache.catalina.valves.AbstractAccessLogValve.invoke(AbstractAccessLogValve.java:690)
		at org.apache.catalina.core.StandardEngineValve.invoke(StandardEngineValve.java:78)
		at org.apache.catalina.connector.CoyoteAdapter.service(CoyoteAdapter.java:343)
		at org.apache.coyote.http11.Http11Processor.service(Http11Processor.java:374)
		at org.apache.coyote.AbstractProcessorLight.process(AbstractProcessorLight.java:65)
		at org.apache.coyote.AbstractProtocol$ConnectionHandler.process(AbstractProtocol.java:888)
		at org.apache.tomcat.util.net.NioEndpoint$SocketProcessor.doRun(NioEndpoint.java:1597)
		at org.apache.tomcat.util.net.SocketProcessorBase.run(SocketProcessorBase.java:49)
		at java.base/java.util.concurrent.ThreadPoolExecutor.runWorker(ThreadPoolExecutor.java:1128)
		at java.base/java.util.concurrent.ThreadPoolExecutor$Worker.run(ThreadPoolExecutor.java:628)
		at org.apache.tomcat.util.threads.TaskThread$WrappingRunnable.run(TaskThread.java:61)
		at java.base/java.lang.Thread.run(Thread.java:834)
13-Feb-2021 17:08:46.932 SEVERE [http-nio-8084-exec-161] org.apache.catalina.core.StandardWrapperValve.invoke Servlet.service() para servlet [servlets.Controller] lanzó excepción
	java.lang.NumberFormatException: null
		at java.base/java.lang.Integer.parseInt(Integer.java:614)
		at java.base/java.lang.Integer.parseInt(Integer.java:770)
		at servlets.EliminarEwallet.service(EliminarEwallet.java:28)
		at javax.servlet.http.HttpServlet.service(HttpServlet.java:733)
		at org.apache.catalina.core.ApplicationFilterChain.internalDoFilter(ApplicationFilterChain.java:231)
		at org.apache.catalina.core.ApplicationFilterChain.doFilter(ApplicationFilterChain.java:166)
		at org.apache.tomcat.websocket.server.WsFilter.doFilter(WsFilter.java:53)
		at org.apache.catalina.core.ApplicationFilterChain.internalDoFilter(ApplicationFilterChain.java:193)
		at org.apache.catalina.core.ApplicationFilterChain.doFilter(ApplicationFilterChain.java:166)
		at org.apache.catalina.core.ApplicationDispatcher.invoke(ApplicationDispatcher.java:712)
		at org.apache.catalina.core.ApplicationDispatcher.processRequest(ApplicationDispatcher.java:459)
		at org.apache.catalina.core.ApplicationDispatcher.doForward(ApplicationDispatcher.java:384)
		at org.apache.catalina.core.ApplicationDispatcher.forward(ApplicationDispatcher.java:312)
		at servlets.Controller.service(Controller.java:70)
		at javax.servlet.http.HttpServlet.service(HttpServlet.java:733)
		at org.apache.catalina.core.ApplicationFilterChain.internalDoFilter(ApplicationFilterChain.java:231)
		at org.apache.catalina.core.ApplicationFilterChain.doFilter(ApplicationFilterChain.java:166)
		at org.apache.tomcat.websocket.server.WsFilter.doFilter(WsFilter.java:53)
		at org.apache.catalina.core.ApplicationFilterChain.internalDoFilter(ApplicationFilterChain.java:193)
		at org.apache.catalina.core.ApplicationFilterChain.doFilter(ApplicationFilterChain.java:166)
		at org.apache.catalina.core.StandardWrapperValve.invoke(StandardWrapperValve.java:202)
		at org.apache.catalina.core.StandardContextValve.invoke(StandardContextValve.java:97)
		at org.apache.catalina.authenticator.AuthenticatorBase.invoke(AuthenticatorBase.java:542)
		at org.apache.catalina.core.StandardHostValve.invoke(StandardHostValve.java:143)
		at org.apache.catalina.valves.ErrorReportValve.invoke(ErrorReportValve.java:92)
		at org.apache.catalina.valves.AbstractAccessLogValve.invoke(AbstractAccessLogValve.java:690)
		at org.apache.catalina.core.StandardEngineValve.invoke(StandardEngineValve.java:78)
		at org.apache.catalina.connector.CoyoteAdapter.service(CoyoteAdapter.java:343)
		at org.apache.coyote.http11.Http11Processor.service(Http11Processor.java:374)
		at org.apache.coyote.AbstractProcessorLight.process(AbstractProcessorLight.java:65)
		at org.apache.coyote.AbstractProtocol$ConnectionHandler.process(AbstractProtocol.java:888)
		at org.apache.tomcat.util.net.NioEndpoint$SocketProcessor.doRun(NioEndpoint.java:1597)
		at org.apache.tomcat.util.net.SocketProcessorBase.run(SocketProcessorBase.java:49)
		at java.base/java.util.concurrent.ThreadPoolExecutor.runWorker(ThreadPoolExecutor.java:1128)
		at java.base/java.util.concurrent.ThreadPoolExecutor$Worker.run(ThreadPoolExecutor.java:628)
		at org.apache.tomcat.util.threads.TaskThread$WrappingRunnable.run(TaskThread.java:61)
		at java.base/java.lang.Thread.run(Thread.java:834)
13-Feb-2021 17:10:01.814 INFO [main] org.apache.catalina.core.ApplicationContext.log SessionListener: contextDestroyed()
13-Feb-2021 17:10:01.814 INFO [main] org.apache.catalina.core.ApplicationContext.log ContextListener: contextDestroyed()
