17-Jan-2021 13:14:19.485 INFO [main] org.apache.catalina.core.ApplicationContext.log ContextListener: contextInitialized()
17-Jan-2021 13:14:19.485 INFO [main] org.apache.catalina.core.ApplicationContext.log SessionListener: contextInitialized()
17-Jan-2021 13:14:19.487 INFO [main] org.apache.catalina.core.ApplicationContext.log ContextListener: attributeAdded('StockTicker', 'async.Stockticker@1c89afe')
17-Jan-2021 13:14:56.181 INFO [main] org.apache.catalina.core.ApplicationContext.log SessionListener: contextDestroyed()
17-Jan-2021 13:14:56.182 INFO [main] org.apache.catalina.core.ApplicationContext.log ContextListener: contextDestroyed()
17-Jan-2021 13:15:57.164 INFO [main] org.apache.catalina.core.ApplicationContext.log ContextListener: contextInitialized()
17-Jan-2021 13:15:57.165 INFO [main] org.apache.catalina.core.ApplicationContext.log SessionListener: contextInitialized()
17-Jan-2021 13:15:57.170 INFO [main] org.apache.catalina.core.ApplicationContext.log ContextListener: attributeAdded('StockTicker', 'async.Stockticker@537caf04')
17-Jan-2021 13:42:09.153 SEVERE [http-nio-8084-exec-47] org.apache.catalina.core.ApplicationDispatcher.invoke El Servlet.service() para servlet [servlets.RecuperarPRO] lanzó una excepción
	javax.persistence.PersistenceException: Exception [EclipseLink-4002] (Eclipse Persistence Services - 2.7.4.v20190115-ad5b7c6b2a): org.eclipse.persistence.exceptions.DatabaseException
Internal Exception: java.sql.SQLSyntaxErrorException: Unknown column 'NOMBREPRODUTO' in 'field list'
Error Code: 1054
Call: SELECT IDPRODUCTO, NOMBREPRODUTO, PRECIOPRODUCTO, PUNTOSPRODUCTO FROM producto
Query: ReadAllQuery(referenceClass=Producto sql="SELECT IDPRODUCTO, NOMBREPRODUTO, PRECIOPRODUCTO, PUNTOSPRODUCTO FROM producto")
		at org.eclipse.persistence.internal.jpa.QueryImpl.getDetailedException(QueryImpl.java:391)
		at org.eclipse.persistence.internal.jpa.QueryImpl.executeReadQuery(QueryImpl.java:264)
		at org.eclipse.persistence.internal.jpa.QueryImpl.getResultList(QueryImpl.java:482)
		at modelo.GestionProducto.recuperarproductos(GestionProducto.java:31)
		at servlets.RecuperarPRO.service(RecuperarPRO.java:31)
		at javax.servlet.http.HttpServlet.service(HttpServlet.java:733)
		at org.apache.catalina.core.ApplicationFilterChain.internalDoFilter(ApplicationFilterChain.java:231)
		at org.apache.catalina.core.ApplicationFilterChain.doFilter(ApplicationFilterChain.java:166)
		at org.apache.tomcat.websocket.server.WsFilter.doFilter(WsFilter.java:53)
		at org.apache.catalina.core.ApplicationFilterChain.internalDoFilter(ApplicationFilterChain.java:193)
		at org.apache.catalina.core.ApplicationFilterChain.doFilter(ApplicationFilterChain.java:166)
		at org.apache.catalina.core.ApplicationDispatcher.invoke(ApplicationDispatcher.java:712)
		at org.apache.catalina.core.ApplicationDispatcher.processRequest(ApplicationDispatcher.java:459)
		at org.apache.catalina.core.ApplicationDispatcher.doForward(ApplicationDispatcher.java:384)
		at org.apache.catalina.core.ApplicationDispatcher.forward(ApplicationDispatcher.java:312)
		at servlets.Controller.service(Controller.java:40)
		at javax.servlet.http.HttpServlet.service(HttpServlet.java:733)
		at org.apache.catalina.core.ApplicationFilterChain.internalDoFilter(ApplicationFilterChain.java:231)
		at org.apache.catalina.core.ApplicationFilterChain.doFilter(ApplicationFilterChain.java:166)
		at org.apache.tomcat.websocket.server.WsFilter.doFilter(WsFilter.java:53)
		at org.apache.catalina.core.ApplicationFilterChain.internalDoFilter(ApplicationFilterChain.java:193)
		at org.apache.catalina.core.ApplicationFilterChain.doFilter(ApplicationFilterChain.java:166)
		at org.apache.catalina.core.StandardWrapperValve.invoke(StandardWrapperValve.java:202)
		at org.apache.catalina.core.StandardContextValve.invoke(StandardContextValve.java:97)
		at org.apache.catalina.authenticator.AuthenticatorBase.invoke(AuthenticatorBase.java:542)
		at org.apache.catalina.core.StandardHostValve.invoke(StandardHostValve.java:143)
		at org.apache.catalina.valves.ErrorReportValve.invoke(ErrorReportValve.java:92)
		at org.apache.catalina.valves.AbstractAccessLogValve.invoke(AbstractAccessLogValve.java:690)
		at org.apache.catalina.core.StandardEngineValve.invoke(StandardEngineValve.java:78)
		at org.apache.catalina.connector.CoyoteAdapter.service(CoyoteAdapter.java:343)
		at org.apache.coyote.http11.Http11Processor.service(Http11Processor.java:374)
		at org.apache.coyote.AbstractProcessorLight.process(AbstractProcessorLight.java:65)
		at org.apache.coyote.AbstractProtocol$ConnectionHandler.process(AbstractProtocol.java:888)
		at org.apache.tomcat.util.net.NioEndpoint$SocketProcessor.doRun(NioEndpoint.java:1597)
		at org.apache.tomcat.util.net.SocketProcessorBase.run(SocketProcessorBase.java:49)
		at java.base/java.util.concurrent.ThreadPoolExecutor.runWorker(ThreadPoolExecutor.java:1128)
		at java.base/java.util.concurrent.ThreadPoolExecutor$Worker.run(ThreadPoolExecutor.java:628)
		at org.apache.tomcat.util.threads.TaskThread$WrappingRunnable.run(TaskThread.java:61)
		at java.base/java.lang.Thread.run(Thread.java:834)
	Caused by: Exception [EclipseLink-4002] (Eclipse Persistence Services - 2.7.4.v20190115-ad5b7c6b2a): org.eclipse.persistence.exceptions.DatabaseException
Internal Exception: java.sql.SQLSyntaxErrorException: Unknown column 'NOMBREPRODUTO' in 'field list'
Error Code: 1054
Call: SELECT IDPRODUCTO, NOMBREPRODUTO, PRECIOPRODUCTO, PUNTOSPRODUCTO FROM producto
Query: ReadAllQuery(referenceClass=Producto sql="SELECT IDPRODUCTO, NOMBREPRODUTO, PRECIOPRODUCTO, PUNTOSPRODUCTO FROM producto")
		at org.eclipse.persistence.exceptions.DatabaseException.sqlException(DatabaseException.java:342)
		at org.eclipse.persistence.internal.databaseaccess.DatabaseAccessor.basicExecuteCall(DatabaseAccessor.java:691)
		at org.eclipse.persistence.internal.databaseaccess.DatabaseAccessor.executeCall(DatabaseAccessor.java:567)
		at org.eclipse.persistence.internal.sessions.AbstractSession.basicExecuteCall(AbstractSession.java:2096)
		at org.eclipse.persistence.sessions.server.ServerSession.executeCall(ServerSession.java:603)
		at org.eclipse.persistence.internal.queries.DatasourceCallQueryMechanism.executeCall(DatasourceCallQueryMechanism.java:275)
		at org.eclipse.persistence.internal.queries.DatasourceCallQueryMechanism.executeCall(DatasourceCallQueryMechanism.java:261)
		at org.eclipse.persistence.internal.queries.DatasourceCallQueryMechanism.executeSelectCall(DatasourceCallQueryMechanism.java:332)
		at org.eclipse.persistence.internal.queries.DatasourceCallQueryMechanism.selectAllRows(DatasourceCallQueryMechanism.java:728)
		at org.eclipse.persistence.internal.queries.ExpressionQueryMechanism.selectAllRowsFromTable(ExpressionQueryMechanism.java:2773)
		at org.eclipse.persistence.internal.queries.ExpressionQueryMechanism.selectAllRows(ExpressionQueryMechanism.java:2726)
		at org.eclipse.persistence.queries.ReadAllQuery.executeObjectLevelReadQuery(ReadAllQuery.java:584)
		at org.eclipse.persistence.queries.ObjectLevelReadQuery.executeDatabaseQuery(ObjectLevelReadQuery.java:1224)
		at org.eclipse.persistence.queries.DatabaseQuery.execute(DatabaseQuery.java:914)
		at org.eclipse.persistence.queries.ObjectLevelReadQuery.execute(ObjectLevelReadQuery.java:1183)
		at org.eclipse.persistence.queries.ReadAllQuery.execute(ReadAllQuery.java:485)
		at org.eclipse.persistence.queries.ObjectLevelReadQuery.executeInUnitOfWork(ObjectLevelReadQuery.java:1271)
		at org.eclipse.persistence.internal.sessions.UnitOfWorkImpl.internalExecuteQuery(UnitOfWorkImpl.java:2981)
		at org.eclipse.persistence.internal.sessions.AbstractSession.executeQuery(AbstractSession.java:1895)
		at org.eclipse.persistence.internal.sessions.AbstractSession.executeQuery(AbstractSession.java:1877)
		at org.eclipse.persistence.internal.sessions.AbstractSession.executeQuery(AbstractSession.java:1842)
		at org.eclipse.persistence.internal.jpa.QueryImpl.executeReadQuery(QueryImpl.java:262)
		... 37 more
	Caused by: java.sql.SQLSyntaxErrorException: Unknown column 'NOMBREPRODUTO' in 'field list'
		at com.mysql.cj.jdbc.exceptions.SQLError.createSQLException(SQLError.java:120)
		at com.mysql.cj.jdbc.exceptions.SQLError.createSQLException(SQLError.java:97)
		at com.mysql.cj.jdbc.exceptions.SQLExceptionsMapping.translateException(SQLExceptionsMapping.java:122)
		at com.mysql.cj.jdbc.ClientPreparedStatement.executeInternal(ClientPreparedStatement.java:953)
		at com.mysql.cj.jdbc.ClientPreparedStatement.executeQuery(ClientPreparedStatement.java:1003)
		at org.eclipse.persistence.internal.databaseaccess.DatabaseAccessor.executeSelect(DatabaseAccessor.java:1015)
		at org.eclipse.persistence.internal.databaseaccess.DatabaseAccessor.basicExecuteCall(DatabaseAccessor.java:651)
		... 57 more
17-Jan-2021 13:42:09.154 SEVERE [http-nio-8084-exec-47] org.apache.catalina.core.StandardWrapperValve.invoke Servlet.service() para servlet [servlets.Controller] lanzó excepción
	javax.persistence.PersistenceException: Exception [EclipseLink-4002] (Eclipse Persistence Services - 2.7.4.v20190115-ad5b7c6b2a): org.eclipse.persistence.exceptions.DatabaseException
Internal Exception: java.sql.SQLSyntaxErrorException: Unknown column 'NOMBREPRODUTO' in 'field list'
Error Code: 1054
Call: SELECT IDPRODUCTO, NOMBREPRODUTO, PRECIOPRODUCTO, PUNTOSPRODUCTO FROM producto
Query: ReadAllQuery(referenceClass=Producto sql="SELECT IDPRODUCTO, NOMBREPRODUTO, PRECIOPRODUCTO, PUNTOSPRODUCTO FROM producto")
		at org.eclipse.persistence.internal.jpa.QueryImpl.getDetailedException(QueryImpl.java:391)
		at org.eclipse.persistence.internal.jpa.QueryImpl.executeReadQuery(QueryImpl.java:264)
		at org.eclipse.persistence.internal.jpa.QueryImpl.getResultList(QueryImpl.java:482)
		at modelo.GestionProducto.recuperarproductos(GestionProducto.java:31)
		at servlets.RecuperarPRO.service(RecuperarPRO.java:31)
		at javax.servlet.http.HttpServlet.service(HttpServlet.java:733)
		at org.apache.catalina.core.ApplicationFilterChain.internalDoFilter(ApplicationFilterChain.java:231)
		at org.apache.catalina.core.ApplicationFilterChain.doFilter(ApplicationFilterChain.java:166)
		at org.apache.tomcat.websocket.server.WsFilter.doFilter(WsFilter.java:53)
		at org.apache.catalina.core.ApplicationFilterChain.internalDoFilter(ApplicationFilterChain.java:193)
		at org.apache.catalina.core.ApplicationFilterChain.doFilter(ApplicationFilterChain.java:166)
		at org.apache.catalina.core.ApplicationDispatcher.invoke(ApplicationDispatcher.java:712)
		at org.apache.catalina.core.ApplicationDispatcher.processRequest(ApplicationDispatcher.java:459)
		at org.apache.catalina.core.ApplicationDispatcher.doForward(ApplicationDispatcher.java:384)
		at org.apache.catalina.core.ApplicationDispatcher.forward(ApplicationDispatcher.java:312)
		at servlets.Controller.service(Controller.java:40)
		at javax.servlet.http.HttpServlet.service(HttpServlet.java:733)
		at org.apache.catalina.core.ApplicationFilterChain.internalDoFilter(ApplicationFilterChain.java:231)
		at org.apache.catalina.core.ApplicationFilterChain.doFilter(ApplicationFilterChain.java:166)
		at org.apache.tomcat.websocket.server.WsFilter.doFilter(WsFilter.java:53)
		at org.apache.catalina.core.ApplicationFilterChain.internalDoFilter(ApplicationFilterChain.java:193)
		at org.apache.catalina.core.ApplicationFilterChain.doFilter(ApplicationFilterChain.java:166)
		at org.apache.catalina.core.StandardWrapperValve.invoke(StandardWrapperValve.java:202)
		at org.apache.catalina.core.StandardContextValve.invoke(StandardContextValve.java:97)
		at org.apache.catalina.authenticator.AuthenticatorBase.invoke(AuthenticatorBase.java:542)
		at org.apache.catalina.core.StandardHostValve.invoke(StandardHostValve.java:143)
		at org.apache.catalina.valves.ErrorReportValve.invoke(ErrorReportValve.java:92)
		at org.apache.catalina.valves.AbstractAccessLogValve.invoke(AbstractAccessLogValve.java:690)
		at org.apache.catalina.core.StandardEngineValve.invoke(StandardEngineValve.java:78)
		at org.apache.catalina.connector.CoyoteAdapter.service(CoyoteAdapter.java:343)
		at org.apache.coyote.http11.Http11Processor.service(Http11Processor.java:374)
		at org.apache.coyote.AbstractProcessorLight.process(AbstractProcessorLight.java:65)
		at org.apache.coyote.AbstractProtocol$ConnectionHandler.process(AbstractProtocol.java:888)
		at org.apache.tomcat.util.net.NioEndpoint$SocketProcessor.doRun(NioEndpoint.java:1597)
		at org.apache.tomcat.util.net.SocketProcessorBase.run(SocketProcessorBase.java:49)
		at java.base/java.util.concurrent.ThreadPoolExecutor.runWorker(ThreadPoolExecutor.java:1128)
		at java.base/java.util.concurrent.ThreadPoolExecutor$Worker.run(ThreadPoolExecutor.java:628)
		at org.apache.tomcat.util.threads.TaskThread$WrappingRunnable.run(TaskThread.java:61)
		at java.base/java.lang.Thread.run(Thread.java:834)
	Caused by: Exception [EclipseLink-4002] (Eclipse Persistence Services - 2.7.4.v20190115-ad5b7c6b2a): org.eclipse.persistence.exceptions.DatabaseException
Internal Exception: java.sql.SQLSyntaxErrorException: Unknown column 'NOMBREPRODUTO' in 'field list'
Error Code: 1054
Call: SELECT IDPRODUCTO, NOMBREPRODUTO, PRECIOPRODUCTO, PUNTOSPRODUCTO FROM producto
Query: ReadAllQuery(referenceClass=Producto sql="SELECT IDPRODUCTO, NOMBREPRODUTO, PRECIOPRODUCTO, PUNTOSPRODUCTO FROM producto")
		at org.eclipse.persistence.exceptions.DatabaseException.sqlException(DatabaseException.java:342)
		at org.eclipse.persistence.internal.databaseaccess.DatabaseAccessor.basicExecuteCall(DatabaseAccessor.java:691)
		at org.eclipse.persistence.internal.databaseaccess.DatabaseAccessor.executeCall(DatabaseAccessor.java:567)
		at org.eclipse.persistence.internal.sessions.AbstractSession.basicExecuteCall(AbstractSession.java:2096)
		at org.eclipse.persistence.sessions.server.ServerSession.executeCall(ServerSession.java:603)
		at org.eclipse.persistence.internal.queries.DatasourceCallQueryMechanism.executeCall(DatasourceCallQueryMechanism.java:275)
		at org.eclipse.persistence.internal.queries.DatasourceCallQueryMechanism.executeCall(DatasourceCallQueryMechanism.java:261)
		at org.eclipse.persistence.internal.queries.DatasourceCallQueryMechanism.executeSelectCall(DatasourceCallQueryMechanism.java:332)
		at org.eclipse.persistence.internal.queries.DatasourceCallQueryMechanism.selectAllRows(DatasourceCallQueryMechanism.java:728)
		at org.eclipse.persistence.internal.queries.ExpressionQueryMechanism.selectAllRowsFromTable(ExpressionQueryMechanism.java:2773)
		at org.eclipse.persistence.internal.queries.ExpressionQueryMechanism.selectAllRows(ExpressionQueryMechanism.java:2726)
		at org.eclipse.persistence.queries.ReadAllQuery.executeObjectLevelReadQuery(ReadAllQuery.java:584)
		at org.eclipse.persistence.queries.ObjectLevelReadQuery.executeDatabaseQuery(ObjectLevelReadQuery.java:1224)
		at org.eclipse.persistence.queries.DatabaseQuery.execute(DatabaseQuery.java:914)
		at org.eclipse.persistence.queries.ObjectLevelReadQuery.execute(ObjectLevelReadQuery.java:1183)
		at org.eclipse.persistence.queries.ReadAllQuery.execute(ReadAllQuery.java:485)
		at org.eclipse.persistence.queries.ObjectLevelReadQuery.executeInUnitOfWork(ObjectLevelReadQuery.java:1271)
		at org.eclipse.persistence.internal.sessions.UnitOfWorkImpl.internalExecuteQuery(UnitOfWorkImpl.java:2981)
		at org.eclipse.persistence.internal.sessions.AbstractSession.executeQuery(AbstractSession.java:1895)
		at org.eclipse.persistence.internal.sessions.AbstractSession.executeQuery(AbstractSession.java:1877)
		at org.eclipse.persistence.internal.sessions.AbstractSession.executeQuery(AbstractSession.java:1842)
		at org.eclipse.persistence.internal.jpa.QueryImpl.executeReadQuery(QueryImpl.java:262)
		... 37 more
	Caused by: java.sql.SQLSyntaxErrorException: Unknown column 'NOMBREPRODUTO' in 'field list'
		at com.mysql.cj.jdbc.exceptions.SQLError.createSQLException(SQLError.java:120)
		at com.mysql.cj.jdbc.exceptions.SQLError.createSQLException(SQLError.java:97)
		at com.mysql.cj.jdbc.exceptions.SQLExceptionsMapping.translateException(SQLExceptionsMapping.java:122)
		at com.mysql.cj.jdbc.ClientPreparedStatement.executeInternal(ClientPreparedStatement.java:953)
		at com.mysql.cj.jdbc.ClientPreparedStatement.executeQuery(ClientPreparedStatement.java:1003)
		at org.eclipse.persistence.internal.databaseaccess.DatabaseAccessor.executeSelect(DatabaseAccessor.java:1015)
		at org.eclipse.persistence.internal.databaseaccess.DatabaseAccessor.basicExecuteCall(DatabaseAccessor.java:651)
		... 57 more
17-Jan-2021 13:44:37.026 SEVERE [http-nio-8084-exec-53] org.apache.catalina.core.ApplicationDispatcher.invoke El Servlet.service() para servlet [jsp] lanzó una excepción
	javax.el.PropertyNotFoundException: Propiedad [idwallet] no hallada en el tipo [mx.com.gm.sga.domain.Producto]
		at javax.el.BeanELResolver$BeanProperties.get(BeanELResolver.java:260)
		at javax.el.BeanELResolver$BeanProperties.access$300(BeanELResolver.java:212)
		at javax.el.BeanELResolver.property(BeanELResolver.java:333)
		at javax.el.BeanELResolver.getValue(BeanELResolver.java:92)
		at org.apache.jasper.el.JasperELResolver.getValue(JasperELResolver.java:125)
		at org.apache.el.parser.AstValue.getValue(AstValue.java:169)
		at org.apache.el.ValueExpressionImpl.getValue(ValueExpressionImpl.java:190)
		at org.apache.jasper.runtime.PageContextImpl.proprietaryEvaluate(PageContextImpl.java:701)
		at org.apache.jsp.producto_jsp._jspx_meth_c_005fforEach_005f0(producto_jsp.java:345)
		at org.apache.jsp.producto_jsp._jspx_meth_c_005fwhen_005f0(producto_jsp.java:287)
		at org.apache.jsp.producto_jsp._jspx_meth_c_005fchoose_005f0(producto_jsp.java:234)
		at org.apache.jsp.producto_jsp._jspService(producto_jsp.java:165)
		at org.apache.jasper.runtime.HttpJspBase.service(HttpJspBase.java:71)
		at javax.servlet.http.HttpServlet.service(HttpServlet.java:733)
		at org.apache.jasper.servlet.JspServletWrapper.service(JspServletWrapper.java:477)
		at org.apache.jasper.servlet.JspServlet.serviceJspFile(JspServlet.java:385)
		at org.apache.jasper.servlet.JspServlet.service(JspServlet.java:329)
		at javax.servlet.http.HttpServlet.service(HttpServlet.java:733)
		at org.apache.catalina.core.ApplicationFilterChain.internalDoFilter(ApplicationFilterChain.java:231)
		at org.apache.catalina.core.ApplicationFilterChain.doFilter(ApplicationFilterChain.java:166)
		at org.apache.tomcat.websocket.server.WsFilter.doFilter(WsFilter.java:53)
		at org.apache.catalina.core.ApplicationFilterChain.internalDoFilter(ApplicationFilterChain.java:193)
		at org.apache.catalina.core.ApplicationFilterChain.doFilter(ApplicationFilterChain.java:166)
		at org.apache.catalina.core.ApplicationDispatcher.invoke(ApplicationDispatcher.java:712)
		at org.apache.catalina.core.ApplicationDispatcher.processRequest(ApplicationDispatcher.java:459)
		at org.apache.catalina.core.ApplicationDispatcher.doForward(ApplicationDispatcher.java:384)
		at org.apache.catalina.core.ApplicationDispatcher.forward(ApplicationDispatcher.java:312)
		at servlets.RecuperarPRO.service(RecuperarPRO.java:35)
		at javax.servlet.http.HttpServlet.service(HttpServlet.java:733)
		at org.apache.catalina.core.ApplicationFilterChain.internalDoFilter(ApplicationFilterChain.java:231)
		at org.apache.catalina.core.ApplicationFilterChain.doFilter(ApplicationFilterChain.java:166)
		at org.apache.tomcat.websocket.server.WsFilter.doFilter(WsFilter.java:53)
		at org.apache.catalina.core.ApplicationFilterChain.internalDoFilter(ApplicationFilterChain.java:193)
		at org.apache.catalina.core.ApplicationFilterChain.doFilter(ApplicationFilterChain.java:166)
		at org.apache.catalina.core.ApplicationDispatcher.invoke(ApplicationDispatcher.java:712)
		at org.apache.catalina.core.ApplicationDispatcher.processRequest(ApplicationDispatcher.java:459)
		at org.apache.catalina.core.ApplicationDispatcher.doForward(ApplicationDispatcher.java:384)
		at org.apache.catalina.core.ApplicationDispatcher.forward(ApplicationDispatcher.java:312)
		at servlets.Controller.service(Controller.java:40)
		at javax.servlet.http.HttpServlet.service(HttpServlet.java:733)
		at org.apache.catalina.core.ApplicationFilterChain.internalDoFilter(ApplicationFilterChain.java:231)
		at org.apache.catalina.core.ApplicationFilterChain.doFilter(ApplicationFilterChain.java:166)
		at org.apache.tomcat.websocket.server.WsFilter.doFilter(WsFilter.java:53)
		at org.apache.catalina.core.ApplicationFilterChain.internalDoFilter(ApplicationFilterChain.java:193)
		at org.apache.catalina.core.ApplicationFilterChain.doFilter(ApplicationFilterChain.java:166)
		at org.apache.catalina.core.StandardWrapperValve.invoke(StandardWrapperValve.java:202)
		at org.apache.catalina.core.StandardContextValve.invoke(StandardContextValve.java:97)
		at org.apache.catalina.authenticator.AuthenticatorBase.invoke(AuthenticatorBase.java:542)
		at org.apache.catalina.core.StandardHostValve.invoke(StandardHostValve.java:143)
		at org.apache.catalina.valves.ErrorReportValve.invoke(ErrorReportValve.java:92)
		at org.apache.catalina.valves.AbstractAccessLogValve.invoke(AbstractAccessLogValve.java:690)
		at org.apache.catalina.core.StandardEngineValve.invoke(StandardEngineValve.java:78)
		at org.apache.catalina.connector.CoyoteAdapter.service(CoyoteAdapter.java:343)
		at org.apache.coyote.http11.Http11Processor.service(Http11Processor.java:374)
		at org.apache.coyote.AbstractProcessorLight.process(AbstractProcessorLight.java:65)
		at org.apache.coyote.AbstractProtocol$ConnectionHandler.process(AbstractProtocol.java:888)
		at org.apache.tomcat.util.net.NioEndpoint$SocketProcessor.doRun(NioEndpoint.java:1597)
		at org.apache.tomcat.util.net.SocketProcessorBase.run(SocketProcessorBase.java:49)
		at java.base/java.util.concurrent.ThreadPoolExecutor.runWorker(ThreadPoolExecutor.java:1128)
		at java.base/java.util.concurrent.ThreadPoolExecutor$Worker.run(ThreadPoolExecutor.java:628)
		at org.apache.tomcat.util.threads.TaskThread$WrappingRunnable.run(TaskThread.java:61)
		at java.base/java.lang.Thread.run(Thread.java:834)
17-Jan-2021 13:44:37.026 SEVERE [http-nio-8084-exec-53] org.apache.catalina.core.ApplicationDispatcher.invoke El Servlet.service() para servlet [servlets.RecuperarPRO] lanzó una excepción
	javax.el.PropertyNotFoundException: Propiedad [idwallet] no hallada en el tipo [mx.com.gm.sga.domain.Producto]
		at javax.el.BeanELResolver$BeanProperties.get(BeanELResolver.java:260)
		at javax.el.BeanELResolver$BeanProperties.access$300(BeanELResolver.java:212)
		at javax.el.BeanELResolver.property(BeanELResolver.java:333)
		at javax.el.BeanELResolver.getValue(BeanELResolver.java:92)
		at org.apache.jasper.el.JasperELResolver.getValue(JasperELResolver.java:125)
		at org.apache.el.parser.AstValue.getValue(AstValue.java:169)
		at org.apache.el.ValueExpressionImpl.getValue(ValueExpressionImpl.java:190)
		at org.apache.jasper.runtime.PageContextImpl.proprietaryEvaluate(PageContextImpl.java:701)
		at org.apache.jsp.producto_jsp._jspx_meth_c_005fforEach_005f0(producto_jsp.java:345)
		at org.apache.jsp.producto_jsp._jspx_meth_c_005fwhen_005f0(producto_jsp.java:287)
		at org.apache.jsp.producto_jsp._jspx_meth_c_005fchoose_005f0(producto_jsp.java:234)
		at org.apache.jsp.producto_jsp._jspService(producto_jsp.java:165)
		at org.apache.jasper.runtime.HttpJspBase.service(HttpJspBase.java:71)
		at javax.servlet.http.HttpServlet.service(HttpServlet.java:733)
		at org.apache.jasper.servlet.JspServletWrapper.service(JspServletWrapper.java:477)
		at org.apache.jasper.servlet.JspServlet.serviceJspFile(JspServlet.java:385)
		at org.apache.jasper.servlet.JspServlet.service(JspServlet.java:329)
		at javax.servlet.http.HttpServlet.service(HttpServlet.java:733)
		at org.apache.catalina.core.ApplicationFilterChain.internalDoFilter(ApplicationFilterChain.java:231)
		at org.apache.catalina.core.ApplicationFilterChain.doFilter(ApplicationFilterChain.java:166)
		at org.apache.tomcat.websocket.server.WsFilter.doFilter(WsFilter.java:53)
		at org.apache.catalina.core.ApplicationFilterChain.internalDoFilter(ApplicationFilterChain.java:193)
		at org.apache.catalina.core.ApplicationFilterChain.doFilter(ApplicationFilterChain.java:166)
		at org.apache.catalina.core.ApplicationDispatcher.invoke(ApplicationDispatcher.java:712)
		at org.apache.catalina.core.ApplicationDispatcher.processRequest(ApplicationDispatcher.java:459)
		at org.apache.catalina.core.ApplicationDispatcher.doForward(ApplicationDispatcher.java:384)
		at org.apache.catalina.core.ApplicationDispatcher.forward(ApplicationDispatcher.java:312)
		at servlets.RecuperarPRO.service(RecuperarPRO.java:35)
		at javax.servlet.http.HttpServlet.service(HttpServlet.java:733)
		at org.apache.catalina.core.ApplicationFilterChain.internalDoFilter(ApplicationFilterChain.java:231)
		at org.apache.catalina.core.ApplicationFilterChain.doFilter(ApplicationFilterChain.java:166)
		at org.apache.tomcat.websocket.server.WsFilter.doFilter(WsFilter.java:53)
		at org.apache.catalina.core.ApplicationFilterChain.internalDoFilter(ApplicationFilterChain.java:193)
		at org.apache.catalina.core.ApplicationFilterChain.doFilter(ApplicationFilterChain.java:166)
		at org.apache.catalina.core.ApplicationDispatcher.invoke(ApplicationDispatcher.java:712)
		at org.apache.catalina.core.ApplicationDispatcher.processRequest(ApplicationDispatcher.java:459)
		at org.apache.catalina.core.ApplicationDispatcher.doForward(ApplicationDispatcher.java:384)
		at org.apache.catalina.core.ApplicationDispatcher.forward(ApplicationDispatcher.java:312)
		at servlets.Controller.service(Controller.java:40)
		at javax.servlet.http.HttpServlet.service(HttpServlet.java:733)
		at org.apache.catalina.core.ApplicationFilterChain.internalDoFilter(ApplicationFilterChain.java:231)
		at org.apache.catalina.core.ApplicationFilterChain.doFilter(ApplicationFilterChain.java:166)
		at org.apache.tomcat.websocket.server.WsFilter.doFilter(WsFilter.java:53)
		at org.apache.catalina.core.ApplicationFilterChain.internalDoFilter(ApplicationFilterChain.java:193)
		at org.apache.catalina.core.ApplicationFilterChain.doFilter(ApplicationFilterChain.java:166)
		at org.apache.catalina.core.StandardWrapperValve.invoke(StandardWrapperValve.java:202)
		at org.apache.catalina.core.StandardContextValve.invoke(StandardContextValve.java:97)
		at org.apache.catalina.authenticator.AuthenticatorBase.invoke(AuthenticatorBase.java:542)
		at org.apache.catalina.core.StandardHostValve.invoke(StandardHostValve.java:143)
		at org.apache.catalina.valves.ErrorReportValve.invoke(ErrorReportValve.java:92)
		at org.apache.catalina.valves.AbstractAccessLogValve.invoke(AbstractAccessLogValve.java:690)
		at org.apache.catalina.core.StandardEngineValve.invoke(StandardEngineValve.java:78)
		at org.apache.catalina.connector.CoyoteAdapter.service(CoyoteAdapter.java:343)
		at org.apache.coyote.http11.Http11Processor.service(Http11Processor.java:374)
		at org.apache.coyote.AbstractProcessorLight.process(AbstractProcessorLight.java:65)
		at org.apache.coyote.AbstractProtocol$ConnectionHandler.process(AbstractProtocol.java:888)
		at org.apache.tomcat.util.net.NioEndpoint$SocketProcessor.doRun(NioEndpoint.java:1597)
		at org.apache.tomcat.util.net.SocketProcessorBase.run(SocketProcessorBase.java:49)
		at java.base/java.util.concurrent.ThreadPoolExecutor.runWorker(ThreadPoolExecutor.java:1128)
		at java.base/java.util.concurrent.ThreadPoolExecutor$Worker.run(ThreadPoolExecutor.java:628)
		at org.apache.tomcat.util.threads.TaskThread$WrappingRunnable.run(TaskThread.java:61)
		at java.base/java.lang.Thread.run(Thread.java:834)
17-Jan-2021 13:44:37.027 SEVERE [http-nio-8084-exec-53] org.apache.catalina.core.StandardWrapperValve.invoke El Servlet.service() para el servlet [servlets.Controller] en el contexto con ruta [/WEMCOMPRIN1] lanzó la excepción [Ha sucedido una excepción al procesar la página JSP [/producto.jsp] en línea [44]

41:                             <td>${cont.precioproducto}</td>
42:                             <td>${cont.puntosproducto}</td>
43:         
44:                             <td><a href="Controller?op=doEliminar&idContacto=${cont.idwallet}">Eliminar</a></td></tr>
45: 
46: 
47:                     </c:forEach>


Stacktrace:] con causa raíz
	javax.el.PropertyNotFoundException: Propiedad [idwallet] no hallada en el tipo [mx.com.gm.sga.domain.Producto]
		at javax.el.BeanELResolver$BeanProperties.get(BeanELResolver.java:260)
		at javax.el.BeanELResolver$BeanProperties.access$300(BeanELResolver.java:212)
		at javax.el.BeanELResolver.property(BeanELResolver.java:333)
		at javax.el.BeanELResolver.getValue(BeanELResolver.java:92)
		at org.apache.jasper.el.JasperELResolver.getValue(JasperELResolver.java:125)
		at org.apache.el.parser.AstValue.getValue(AstValue.java:169)
		at org.apache.el.ValueExpressionImpl.getValue(ValueExpressionImpl.java:190)
		at org.apache.jasper.runtime.PageContextImpl.proprietaryEvaluate(PageContextImpl.java:701)
		at org.apache.jsp.producto_jsp._jspx_meth_c_005fforEach_005f0(producto_jsp.java:345)
		at org.apache.jsp.producto_jsp._jspx_meth_c_005fwhen_005f0(producto_jsp.java:287)
		at org.apache.jsp.producto_jsp._jspx_meth_c_005fchoose_005f0(producto_jsp.java:234)
		at org.apache.jsp.producto_jsp._jspService(producto_jsp.java:165)
		at org.apache.jasper.runtime.HttpJspBase.service(HttpJspBase.java:71)
		at javax.servlet.http.HttpServlet.service(HttpServlet.java:733)
		at org.apache.jasper.servlet.JspServletWrapper.service(JspServletWrapper.java:477)
		at org.apache.jasper.servlet.JspServlet.serviceJspFile(JspServlet.java:385)
		at org.apache.jasper.servlet.JspServlet.service(JspServlet.java:329)
		at javax.servlet.http.HttpServlet.service(HttpServlet.java:733)
		at org.apache.catalina.core.ApplicationFilterChain.internalDoFilter(ApplicationFilterChain.java:231)
		at org.apache.catalina.core.ApplicationFilterChain.doFilter(ApplicationFilterChain.java:166)
		at org.apache.tomcat.websocket.server.WsFilter.doFilter(WsFilter.java:53)
		at org.apache.catalina.core.ApplicationFilterChain.internalDoFilter(ApplicationFilterChain.java:193)
		at org.apache.catalina.core.ApplicationFilterChain.doFilter(ApplicationFilterChain.java:166)
		at org.apache.catalina.core.ApplicationDispatcher.invoke(ApplicationDispatcher.java:712)
		at org.apache.catalina.core.ApplicationDispatcher.processRequest(ApplicationDispatcher.java:459)
		at org.apache.catalina.core.ApplicationDispatcher.doForward(ApplicationDispatcher.java:384)
		at org.apache.catalina.core.ApplicationDispatcher.forward(ApplicationDispatcher.java:312)
		at servlets.RecuperarPRO.service(RecuperarPRO.java:35)
		at javax.servlet.http.HttpServlet.service(HttpServlet.java:733)
		at org.apache.catalina.core.ApplicationFilterChain.internalDoFilter(ApplicationFilterChain.java:231)
		at org.apache.catalina.core.ApplicationFilterChain.doFilter(ApplicationFilterChain.java:166)
		at org.apache.tomcat.websocket.server.WsFilter.doFilter(WsFilter.java:53)
		at org.apache.catalina.core.ApplicationFilterChain.internalDoFilter(ApplicationFilterChain.java:193)
		at org.apache.catalina.core.ApplicationFilterChain.doFilter(ApplicationFilterChain.java:166)
		at org.apache.catalina.core.ApplicationDispatcher.invoke(ApplicationDispatcher.java:712)
		at org.apache.catalina.core.ApplicationDispatcher.processRequest(ApplicationDispatcher.java:459)
		at org.apache.catalina.core.ApplicationDispatcher.doForward(ApplicationDispatcher.java:384)
		at org.apache.catalina.core.ApplicationDispatcher.forward(ApplicationDispatcher.java:312)
		at servlets.Controller.service(Controller.java:40)
		at javax.servlet.http.HttpServlet.service(HttpServlet.java:733)
		at org.apache.catalina.core.ApplicationFilterChain.internalDoFilter(ApplicationFilterChain.java:231)
		at org.apache.catalina.core.ApplicationFilterChain.doFilter(ApplicationFilterChain.java:166)
		at org.apache.tomcat.websocket.server.WsFilter.doFilter(WsFilter.java:53)
		at org.apache.catalina.core.ApplicationFilterChain.internalDoFilter(ApplicationFilterChain.java:193)
		at org.apache.catalina.core.ApplicationFilterChain.doFilter(ApplicationFilterChain.java:166)
		at org.apache.catalina.core.StandardWrapperValve.invoke(StandardWrapperValve.java:202)
		at org.apache.catalina.core.StandardContextValve.invoke(StandardContextValve.java:97)
		at org.apache.catalina.authenticator.AuthenticatorBase.invoke(AuthenticatorBase.java:542)
		at org.apache.catalina.core.StandardHostValve.invoke(StandardHostValve.java:143)
		at org.apache.catalina.valves.ErrorReportValve.invoke(ErrorReportValve.java:92)
		at org.apache.catalina.valves.AbstractAccessLogValve.invoke(AbstractAccessLogValve.java:690)
		at org.apache.catalina.core.StandardEngineValve.invoke(StandardEngineValve.java:78)
		at org.apache.catalina.connector.CoyoteAdapter.service(CoyoteAdapter.java:343)
		at org.apache.coyote.http11.Http11Processor.service(Http11Processor.java:374)
		at org.apache.coyote.AbstractProcessorLight.process(AbstractProcessorLight.java:65)
		at org.apache.coyote.AbstractProtocol$ConnectionHandler.process(AbstractProtocol.java:888)
		at org.apache.tomcat.util.net.NioEndpoint$SocketProcessor.doRun(NioEndpoint.java:1597)
		at org.apache.tomcat.util.net.SocketProcessorBase.run(SocketProcessorBase.java:49)
		at java.base/java.util.concurrent.ThreadPoolExecutor.runWorker(ThreadPoolExecutor.java:1128)
		at java.base/java.util.concurrent.ThreadPoolExecutor$Worker.run(ThreadPoolExecutor.java:628)
		at org.apache.tomcat.util.threads.TaskThread$WrappingRunnable.run(TaskThread.java:61)
		at java.base/java.lang.Thread.run(Thread.java:834)
