13-Jan-2021 15:04:10.265 INFO [http-nio-8084-exec-6] org.apache.catalina.core.ApplicationContext.log Manager: init: Associated with Deployer 'Catalina:type=Deployer,host=localhost'
13-Jan-2021 15:04:10.267 INFO [http-nio-8084-exec-6] org.apache.catalina.core.ApplicationContext.log Manager: init: Global resources are available
13-Jan-2021 15:04:10.330 INFO [http-nio-8084-exec-9] org.apache.catalina.core.ApplicationContext.log Manager: list: Listing contexts for virtual host 'localhost'
13-Jan-2021 15:04:10.342 INFO [http-nio-8084-exec-10] org.apache.catalina.core.ApplicationContext.log Manager: list: Listing contexts for virtual host 'localhost'
13-Jan-2021 15:04:10.388 INFO [http-nio-8084-exec-3] org.apache.catalina.core.ApplicationContext.log Manager: undeploy: Undeploying web application at '/Wcom'
13-Jan-2021 15:04:10.944 INFO [http-nio-8084-exec-10] org.apache.catalina.core.ApplicationContext.log Manager: install: Installing context configuration at 'file:/var/folders/h0/c85z4t193ql1f1s5fjrnlpb40000gn/T/context6465439730071648624.xml'
13-Jan-2021 15:04:12.607 INFO [http-nio-8084-exec-2] org.apache.catalina.core.ApplicationContext.log Manager: start: Starting web application '/Wcom'
13-Jan-2021 15:07:26.123 INFO [http-nio-8084-exec-13] org.apache.catalina.core.ApplicationContext.log Manager: list: Listing contexts for virtual host 'localhost'
13-Jan-2021 15:07:26.161 INFO [http-nio-8084-exec-14] org.apache.catalina.core.ApplicationContext.log Manager: restart: Reloading web application '/Wcom'
13-Jan-2021 15:07:47.864 INFO [http-nio-8084-exec-3] org.apache.catalina.core.ApplicationContext.log Manager: init: Associated with Deployer 'Catalina:type=Deployer,host=localhost'
13-Jan-2021 15:07:47.864 INFO [http-nio-8084-exec-3] org.apache.catalina.core.ApplicationContext.log Manager: init: Global resources are available
13-Jan-2021 15:07:47.865 INFO [http-nio-8084-exec-3] org.apache.catalina.core.ApplicationContext.log Manager: list: Listing contexts for virtual host 'localhost'
13-Jan-2021 15:07:47.889 INFO [http-nio-8084-exec-8] org.apache.catalina.core.ApplicationContext.log Manager: list: Listing contexts for virtual host 'localhost'
13-Jan-2021 15:07:47.916 INFO [http-nio-8084-exec-3] org.apache.catalina.core.ApplicationContext.log Manager: undeploy: Undeploying web application at '/Wcom'
13-Jan-2021 15:07:48.457 INFO [http-nio-8084-exec-10] org.apache.catalina.core.ApplicationContext.log Manager: install: Installing context configuration at 'file:/var/folders/h0/c85z4t193ql1f1s5fjrnlpb40000gn/T/context3906348973561341729.xml'
13-Jan-2021 15:07:49.607 INFO [http-nio-8084-exec-10] org.apache.catalina.core.ApplicationContext.log Manager: start: Starting web application '/Wcom'
13-Jan-2021 15:09:56.358 INFO [http-nio-8084-exec-5] org.apache.catalina.core.ApplicationContext.log Manager: list: Listing contexts for virtual host 'localhost'
13-Jan-2021 15:09:56.374 INFO [http-nio-8084-exec-18] org.apache.catalina.core.ApplicationContext.log Manager: undeploy: Undeploying web application at '/Wcom'
13-Jan-2021 15:10:29.114 INFO [http-nio-8084-exec-15] org.apache.catalina.core.ApplicationContext.log Manager: list: Listing contexts for virtual host 'localhost'
13-Jan-2021 15:10:29.125 INFO [http-nio-8084-exec-14] org.apache.catalina.core.ApplicationContext.log Manager: list: Listing contexts for virtual host 'localhost'
13-Jan-2021 15:10:29.145 INFO [http-nio-8084-exec-18] org.apache.catalina.core.ApplicationContext.log Manager: install: Installing context configuration at 'file:/var/folders/h0/c85z4t193ql1f1s5fjrnlpb40000gn/T/context4037321570355772537.xml'
13-Jan-2021 15:10:30.240 INFO [http-nio-8084-exec-20] org.apache.catalina.core.ApplicationContext.log Manager: start: Starting web application '/Wcom'
13-Jan-2021 15:13:12.323 INFO [http-nio-8084-exec-24] org.apache.catalina.core.ApplicationContext.log Manager: list: Listing contexts for virtual host 'localhost'
13-Jan-2021 15:13:12.355 INFO [http-nio-8084-exec-26] org.apache.catalina.core.ApplicationContext.log Manager: undeploy: Undeploying web application at '/NuevaAgendaWebJPA'
13-Jan-2021 15:13:12.886 INFO [http-nio-8084-exec-14] org.apache.catalina.core.ApplicationContext.log Manager: install: Installing context configuration at 'file:/var/folders/h0/c85z4t193ql1f1s5fjrnlpb40000gn/T/context5533062826034182812.xml'
13-Jan-2021 15:13:13.894 INFO [http-nio-8084-exec-15] org.apache.catalina.core.ApplicationContext.log Manager: start: Starting web application '/NuevaAgendaWebJPA'
13-Jan-2021 15:15:49.906 INFO [http-nio-8084-exec-31] org.apache.catalina.core.ApplicationContext.log Manager: list: Listing contexts for virtual host 'localhost'
13-Jan-2021 15:15:50.032 INFO [http-nio-8084-exec-30] org.apache.catalina.core.ApplicationContext.log Manager: restart: Reloading web application '/NuevaAgendaWebJPA'
13-Jan-2021 15:15:51.993 INFO [http-nio-8084-exec-30] org.apache.catalina.core.ApplicationContext.log Manager: list: Listing contexts for virtual host 'localhost'
13-Jan-2021 15:15:52.029 INFO [http-nio-8084-exec-34] org.apache.catalina.core.ApplicationContext.log Manager: restart: Reloading web application '/NuevaAgendaWebJPA'
13-Jan-2021 15:23:59.601 INFO [http-nio-8084-exec-40] org.apache.catalina.core.ApplicationContext.log Manager: list: Listing contexts for virtual host 'localhost'
13-Jan-2021 15:23:59.619 INFO [http-nio-8084-exec-42] org.apache.catalina.core.ApplicationContext.log Manager: restart: Reloading web application '/NuevaAgendaWebJPA'
13-Jan-2021 15:24:01.593 INFO [http-nio-8084-exec-45] org.apache.catalina.core.ApplicationContext.log Manager: list: Listing contexts for virtual host 'localhost'
13-Jan-2021 15:24:01.620 INFO [http-nio-8084-exec-42] org.apache.catalina.core.ApplicationContext.log Manager: restart: Reloading web application '/NuevaAgendaWebJPA'
13-Jan-2021 15:24:16.877 INFO [http-nio-8084-exec-45] org.apache.catalina.core.ApplicationContext.log Manager: list: Listing contexts for virtual host 'localhost'
13-Jan-2021 15:24:16.906 INFO [http-nio-8084-exec-47] org.apache.catalina.core.ApplicationContext.log Manager: restart: Reloading web application '/NuevaAgendaWebJPA'
13-Jan-2021 15:24:18.955 INFO [http-nio-8084-exec-45] org.apache.catalina.core.ApplicationContext.log Manager: list: Listing contexts for virtual host 'localhost'
13-Jan-2021 15:24:18.983 INFO [http-nio-8084-exec-49] org.apache.catalina.core.ApplicationContext.log Manager: restart: Reloading web application '/NuevaAgendaWebJPA'
13-Jan-2021 15:24:26.129 INFO [http-nio-8084-exec-40] org.apache.catalina.core.ApplicationContext.log Manager: list: Listing contexts for virtual host 'localhost'
13-Jan-2021 15:24:26.156 INFO [http-nio-8084-exec-41] org.apache.catalina.core.ApplicationContext.log Manager: restart: Reloading web application '/NuevaAgendaWebJPA'
13-Jan-2021 15:24:28.163 INFO [http-nio-8084-exec-52] org.apache.catalina.core.ApplicationContext.log Manager: list: Listing contexts for virtual host 'localhost'
13-Jan-2021 15:24:28.196 INFO [http-nio-8084-exec-43] org.apache.catalina.core.ApplicationContext.log Manager: restart: Reloading web application '/NuevaAgendaWebJPA'
13-Jan-2021 15:25:15.550 INFO [http-nio-8084-exec-57] org.apache.catalina.core.ApplicationContext.log Manager: list: Listing contexts for virtual host 'localhost'
13-Jan-2021 15:25:15.651 INFO [http-nio-8084-exec-39] org.apache.catalina.core.ApplicationContext.log Manager: restart: Reloading web application '/NuevaAgendaWebJPA'
13-Jan-2021 15:25:17.664 INFO [http-nio-8084-exec-45] org.apache.catalina.core.ApplicationContext.log Manager: list: Listing contexts for virtual host 'localhost'
13-Jan-2021 15:25:17.702 INFO [http-nio-8084-exec-55] org.apache.catalina.core.ApplicationContext.log Manager: restart: Reloading web application '/NuevaAgendaWebJPA'
13-Jan-2021 15:27:09.444 INFO [http-nio-8084-exec-52] org.apache.catalina.core.ApplicationContext.log Manager: list: Listing contexts for virtual host 'localhost'
13-Jan-2021 15:27:09.467 INFO [http-nio-8084-exec-43] org.apache.catalina.core.ApplicationContext.log Manager: restart: Reloading web application '/NuevaAgendaWebJPA'
13-Jan-2021 15:27:10.928 INFO [http-nio-8084-exec-56] org.apache.catalina.core.ApplicationContext.log Manager: list: Listing contexts for virtual host 'localhost'
13-Jan-2021 15:27:10.948 INFO [http-nio-8084-exec-55] org.apache.catalina.core.ApplicationContext.log Manager: restart: Reloading web application '/NuevaAgendaWebJPA'
13-Jan-2021 15:30:13.291 INFO [http-nio-8084-exec-66] org.apache.catalina.core.ApplicationContext.log Manager: list: Listing contexts for virtual host 'localhost'
13-Jan-2021 15:30:13.314 INFO [http-nio-8084-exec-68] org.apache.catalina.core.ApplicationContext.log Manager: restart: Reloading web application '/NuevaAgendaWebJPA'
13-Jan-2021 15:39:14.289 INFO [http-nio-8084-exec-70] org.apache.catalina.core.ApplicationContext.log Manager: list: Listing contexts for virtual host 'localhost'
13-Jan-2021 15:39:14.379 INFO [http-nio-8084-exec-71] org.apache.catalina.core.ApplicationContext.log Manager: restart: Reloading web application '/NuevaAgendaWebJPA'
13-Jan-2021 15:39:16.089 INFO [http-nio-8084-exec-74] org.apache.catalina.core.ApplicationContext.log Manager: list: Listing contexts for virtual host 'localhost'
13-Jan-2021 15:39:16.123 INFO [http-nio-8084-exec-78] org.apache.catalina.core.ApplicationContext.log Manager: restart: Reloading web application '/NuevaAgendaWebJPA'
13-Jan-2021 15:39:20.045 INFO [http-nio-8084-exec-76] org.apache.catalina.core.ApplicationContext.log Manager: list: Listing contexts for virtual host 'localhost'
13-Jan-2021 15:39:20.307 INFO [http-nio-8084-exec-69] org.apache.catalina.core.ApplicationContext.log Manager: list: Listing contexts for virtual host 'localhost'
13-Jan-2021 15:39:20.354 INFO [http-nio-8084-exec-72] org.apache.catalina.core.ApplicationContext.log Manager: restart: Reloading web application '/NuevaAgendaWebJPA'
13-Jan-2021 15:39:30.391 INFO [http-nio-8084-exec-76] org.apache.catalina.core.ApplicationContext.log Manager: list: Listing contexts for virtual host 'localhost'
13-Jan-2021 15:39:30.610 INFO [http-nio-8084-exec-70] org.apache.catalina.core.ApplicationContext.log Manager: list: Listing contexts for virtual host 'localhost'
13-Jan-2021 15:39:30.634 INFO [http-nio-8084-exec-82] org.apache.catalina.core.ApplicationContext.log Manager: restart: Reloading web application '/NuevaAgendaWebJPA'
13-Jan-2021 15:40:45.318 INFO [http-nio-8084-exec-69] org.apache.catalina.core.ApplicationContext.log Manager: list: Listing contexts for virtual host 'localhost'
13-Jan-2021 15:40:45.344 INFO [http-nio-8084-exec-76] org.apache.catalina.core.ApplicationContext.log Manager: restart: Reloading web application '/NuevaAgendaWebJPA'
13-Jan-2021 15:41:14.460 INFO [http-nio-8084-exec-85] org.apache.catalina.core.ApplicationContext.log Manager: list: Listing contexts for virtual host 'localhost'
13-Jan-2021 15:41:14.801 INFO [http-nio-8084-exec-86] org.apache.catalina.core.ApplicationContext.log Manager: list: Listing contexts for virtual host 'localhost'
13-Jan-2021 15:41:18.643 INFO [http-nio-8084-exec-85] org.apache.catalina.core.ApplicationContext.log Manager: list: Listing contexts for virtual host 'localhost'
13-Jan-2021 15:41:18.692 INFO [http-nio-8084-exec-86] org.apache.catalina.core.ApplicationContext.log Manager: list: Listing contexts for virtual host 'localhost'
13-Jan-2021 15:41:53.485 INFO [http-nio-8084-exec-77] org.apache.catalina.core.ApplicationContext.log Manager: list: Listing contexts for virtual host 'localhost'
13-Jan-2021 15:41:53.537 INFO [http-nio-8084-exec-70] org.apache.catalina.core.ApplicationContext.log Manager: list: Listing contexts for virtual host 'localhost'
13-Jan-2021 15:42:05.864 INFO [http-nio-8084-exec-69] org.apache.catalina.core.ApplicationContext.log Manager: list: Listing contexts for virtual host 'localhost'
13-Jan-2021 15:42:11.739 INFO [http-nio-8084-exec-92] org.apache.catalina.core.ApplicationContext.log Manager: list: Listing contexts for virtual host 'localhost'
13-Jan-2021 15:42:12.078 INFO [http-nio-8084-exec-69] org.apache.catalina.core.ApplicationContext.log Manager: list: Listing contexts for virtual host 'localhost'
13-Jan-2021 15:42:21.385 INFO [http-nio-8084-exec-87] org.apache.catalina.core.ApplicationContext.log Manager: list: Listing contexts for virtual host 'localhost'
13-Jan-2021 15:51:21.591 INFO [http-nio-8084-exec-91] org.apache.catalina.core.ApplicationContext.log Manager: list: Listing contexts for virtual host 'localhost'
13-Jan-2021 15:51:37.232 INFO [http-nio-8084-exec-88] org.apache.catalina.core.ApplicationContext.log Manager: list: Listing contexts for virtual host 'localhost'
13-Jan-2021 15:52:48.982 INFO [http-nio-8084-exec-94] org.apache.catalina.core.ApplicationContext.log Manager: list: Listing contexts for virtual host 'localhost'
13-Jan-2021 15:52:49.319 INFO [http-nio-8084-exec-96] org.apache.catalina.core.ApplicationContext.log Manager: list: Listing contexts for virtual host 'localhost'
13-Jan-2021 15:52:49.357 INFO [http-nio-8084-exec-88] org.apache.catalina.core.ApplicationContext.log Manager: restart: Reloading web application '/NuevaAgendaWebJPA'
13-Jan-2021 15:52:58.616 INFO [http-nio-8084-exec-92] org.apache.catalina.core.ApplicationContext.log Manager: list: Listing contexts for virtual host 'localhost'
13-Jan-2021 15:54:48.574 INFO [http-nio-8084-exec-99] org.apache.catalina.core.ApplicationContext.log Manager: list: Listing contexts for virtual host 'localhost'
13-Jan-2021 15:54:48.598 INFO [http-nio-8084-exec-100] org.apache.catalina.core.ApplicationContext.log Manager: restart: Reloading web application '/NuevaAgendaWebJPA'
13-Jan-2021 15:55:30.928 INFO [http-nio-8084-exec-92] org.apache.catalina.core.ApplicationContext.log Manager: list: Listing contexts for virtual host 'localhost'
13-Jan-2021 15:55:57.074 INFO [http-nio-8084-exec-92] org.apache.catalina.core.ApplicationContext.log Manager: list: Listing contexts for virtual host 'localhost'
13-Jan-2021 15:55:57.083 INFO [http-nio-8084-exec-93] org.apache.catalina.core.ApplicationContext.log Manager: list: Listing contexts for virtual host 'localhost'
13-Jan-2021 15:55:57.126 INFO [http-nio-8084-exec-90] org.apache.catalina.core.ApplicationContext.log Manager: undeploy: Undeploying web application at '/NuevaAgendaWebJPA'
13-Jan-2021 15:55:57.220 INFO [http-nio-8084-exec-103] org.apache.catalina.core.ApplicationContext.log Manager: list: Listing contexts for virtual host 'localhost'
13-Jan-2021 15:55:57.648 INFO [http-nio-8084-exec-104] org.apache.catalina.core.ApplicationContext.log Manager: restart: Reloading web application '/NuevaAgendaWebJPA'
13-Jan-2021 15:55:57.658 INFO [http-nio-8084-exec-87] org.apache.catalina.core.ApplicationContext.log Manager: install: Installing context configuration at 'file:/var/folders/h0/c85z4t193ql1f1s5fjrnlpb40000gn/T/context8028762872792465135.xml'
13-Jan-2021 15:55:58.482 INFO [http-nio-8084-exec-101] org.apache.catalina.core.ApplicationContext.log Manager: start: Starting web application '/NuevaAgendaWebJPA'
13-Jan-2021 15:56:51.924 INFO [http-nio-8084-exec-107] org.apache.catalina.core.ApplicationContext.log Manager: list: Listing contexts for virtual host 'localhost'
13-Jan-2021 15:56:51.936 INFO [http-nio-8084-exec-99] org.apache.catalina.core.ApplicationContext.log Manager: list: Listing contexts for virtual host 'localhost'
13-Jan-2021 15:56:51.957 INFO [http-nio-8084-exec-92] org.apache.catalina.core.ApplicationContext.log Manager: undeploy: Undeploying web application at '/NuevaAgendaWebJPA'
13-Jan-2021 15:56:52.524 INFO [http-nio-8084-exec-107] org.apache.catalina.core.ApplicationContext.log Manager: install: Installing context configuration at 'file:/var/folders/h0/c85z4t193ql1f1s5fjrnlpb40000gn/T/context11019841397470093147.xml'
13-Jan-2021 15:56:53.509 INFO [http-nio-8084-exec-109] org.apache.catalina.core.ApplicationContext.log Manager: start: Starting web application '/NuevaAgendaWebJPA'
13-Jan-2021 15:57:45.600 INFO [http-nio-8084-exec-92] org.apache.catalina.core.ApplicationContext.log Manager: list: Listing contexts for virtual host 'localhost'
13-Jan-2021 15:57:45.625 INFO [http-nio-8084-exec-90] org.apache.catalina.core.ApplicationContext.log Manager: restart: Reloading web application '/NuevaAgendaWebJPA'
13-Jan-2021 15:57:48.591 INFO [http-nio-8084-exec-111] org.apache.catalina.core.ApplicationContext.log Manager: list: Listing contexts for virtual host 'localhost'
13-Jan-2021 15:57:48.602 INFO [http-nio-8084-exec-112] org.apache.catalina.core.ApplicationContext.log Manager: undeploy: Undeploying web application at '/NuevaAgendaWebJPA'
13-Jan-2021 15:58:20.340 INFO [http-nio-8084-exec-92] org.apache.catalina.core.ApplicationContext.log Manager: list: Listing contexts for virtual host 'localhost'
13-Jan-2021 15:58:20.355 INFO [http-nio-8084-exec-113] org.apache.catalina.core.ApplicationContext.log Manager: list: Listing contexts for virtual host 'localhost'
13-Jan-2021 15:58:20.373 INFO [http-nio-8084-exec-112] org.apache.catalina.core.ApplicationContext.log Manager: install: Installing context configuration at 'file:/var/folders/h0/c85z4t193ql1f1s5fjrnlpb40000gn/T/context16647596499757889674.xml'
13-Jan-2021 15:58:21.317 INFO [http-nio-8084-exec-114] org.apache.catalina.core.ApplicationContext.log Manager: start: Starting web application '/NuevaAgendaWebJPA'
13-Jan-2021 16:06:17.507 INFO [http-nio-8084-exec-6] org.apache.catalina.core.ApplicationContext.log Manager: init: Associated with Deployer 'Catalina:type=Deployer,host=localhost'
13-Jan-2021 16:06:17.507 INFO [http-nio-8084-exec-6] org.apache.catalina.core.ApplicationContext.log Manager: init: Global resources are available
13-Jan-2021 16:06:17.555 INFO [http-nio-8084-exec-9] org.apache.catalina.core.ApplicationContext.log Manager: list: Listing contexts for virtual host 'localhost'
13-Jan-2021 16:06:17.565 INFO [http-nio-8084-exec-10] org.apache.catalina.core.ApplicationContext.log Manager: list: Listing contexts for virtual host 'localhost'
13-Jan-2021 16:06:17.597 INFO [http-nio-8084-exec-2] org.apache.catalina.core.ApplicationContext.log Manager: undeploy: Undeploying web application at '/NuevaAgendaWebJPA'
13-Jan-2021 16:06:18.167 INFO [http-nio-8084-exec-1] org.apache.catalina.core.ApplicationContext.log Manager: install: Installing context configuration at 'file:/var/folders/h0/c85z4t193ql1f1s5fjrnlpb40000gn/T/context9831188793179873864.xml'
13-Jan-2021 16:06:20.499 INFO [http-nio-8084-exec-10] org.apache.catalina.core.ApplicationContext.log Manager: start: Starting web application '/NuevaAgendaWebJPA'
13-Jan-2021 16:09:03.993 INFO [http-nio-8084-exec-12] org.apache.catalina.core.ApplicationContext.log Manager: list: Listing contexts for virtual host 'localhost'
13-Jan-2021 16:09:04.108 INFO [http-nio-8084-exec-14] org.apache.catalina.core.ApplicationContext.log Manager: restart: Reloading web application '/NuevaAgendaWebJPA'
