15-Jan-2021 11:40:14.809 INFO [http-nio-8084-exec-6] org.apache.catalina.core.ApplicationContext.log Manager: init: Associated with Deployer 'Catalina:type=Deployer,host=localhost'
15-Jan-2021 11:40:14.810 INFO [http-nio-8084-exec-6] org.apache.catalina.core.ApplicationContext.log Manager: init: Global resources are available
15-Jan-2021 11:40:14.947 INFO [http-nio-8084-exec-7] org.apache.catalina.core.ApplicationContext.log Manager: list: Listing contexts for virtual host 'localhost'
15-Jan-2021 11:40:14.974 INFO [http-nio-8084-exec-2] org.apache.catalina.core.ApplicationContext.log Manager: list: Listing contexts for virtual host 'localhost'
15-Jan-2021 11:40:15.008 INFO [http-nio-8084-exec-1] org.apache.catalina.core.ApplicationContext.log Manager: install: Installing context configuration at 'file:/var/folders/h0/c85z4t193ql1f1s5fjrnlpb40000gn/T/context11574646037311600184.xml'
15-Jan-2021 11:40:15.130 INFO [http-nio-8084-exec-3] org.apache.catalina.core.ApplicationContext.log Manager: start: Starting web application '/WEBCOMPRIM'
15-Jan-2021 11:41:56.044 INFO [http-nio-8084-exec-4] org.apache.catalina.core.ApplicationContext.log Manager: list: Listing contexts for virtual host 'localhost'
15-Jan-2021 11:41:56.068 INFO [http-nio-8084-exec-7] org.apache.catalina.core.ApplicationContext.log Manager: undeploy: Undeploying web application at '/WEBCOMPRIM'
15-Jan-2021 11:42:13.521 INFO [http-nio-8084-exec-6] org.apache.catalina.core.ApplicationContext.log Manager: list: Listing contexts for virtual host 'localhost'
15-Jan-2021 11:42:13.530 INFO [http-nio-8084-exec-3] org.apache.catalina.core.ApplicationContext.log Manager: list: Listing contexts for virtual host 'localhost'
15-Jan-2021 11:42:13.551 INFO [http-nio-8084-exec-4] org.apache.catalina.core.ApplicationContext.log Manager: install: Installing context configuration at 'file:/var/folders/h0/c85z4t193ql1f1s5fjrnlpb40000gn/T/context12588545716716218588.xml'
15-Jan-2021 11:42:13.594 INFO [http-nio-8084-exec-5] org.apache.catalina.core.ApplicationContext.log Manager: start: Starting web application '/WEBCOMPRIM'
15-Jan-2021 11:43:16.211 INFO [http-nio-8084-exec-9] org.apache.catalina.core.ApplicationContext.log Manager: list: Listing contexts for virtual host 'localhost'
15-Jan-2021 11:43:16.224 INFO [http-nio-8084-exec-6] org.apache.catalina.core.ApplicationContext.log Manager: list: Listing contexts for virtual host 'localhost'
15-Jan-2021 11:43:16.241 INFO [http-nio-8084-exec-3] org.apache.catalina.core.ApplicationContext.log Manager: undeploy: Undeploying web application at '/WEBCOMPRIM'
15-Jan-2021 11:43:16.768 INFO [http-nio-8084-exec-9] org.apache.catalina.core.ApplicationContext.log Manager: install: Installing context configuration at 'file:/var/folders/h0/c85z4t193ql1f1s5fjrnlpb40000gn/T/context18304157366019678741.xml'
15-Jan-2021 11:43:16.807 INFO [http-nio-8084-exec-12] org.apache.catalina.core.ApplicationContext.log Manager: start: Starting web application '/WEBCOMPRIM'
15-Jan-2021 11:46:19.634 INFO [http-nio-8084-exec-18] org.apache.catalina.core.ApplicationContext.log Manager: list: Listing contexts for virtual host 'localhost'
15-Jan-2021 11:46:19.757 INFO [http-nio-8084-exec-19] org.apache.catalina.core.ApplicationContext.log Manager: restart: Reloading web application '/WEBCOMPRIM'
15-Jan-2021 11:46:22.951 INFO [http-nio-8084-exec-3] org.apache.catalina.core.ApplicationContext.log Manager: list: Listing contexts for virtual host 'localhost'
15-Jan-2021 11:46:22.986 INFO [http-nio-8084-exec-18] org.apache.catalina.core.ApplicationContext.log Manager: restart: Reloading web application '/WEBCOMPRIM'
15-Jan-2021 11:47:37.698 INFO [http-nio-8084-exec-21] org.apache.catalina.core.ApplicationContext.log Manager: list: Listing contexts for virtual host 'localhost'
15-Jan-2021 11:47:37.849 INFO [http-nio-8084-exec-22] org.apache.catalina.core.ApplicationContext.log Manager: restart: Reloading web application '/WEBCOMPRIM'
15-Jan-2021 11:47:38.163 INFO [http-nio-8084-exec-19] org.apache.catalina.core.ApplicationContext.log Manager: list: Listing contexts for virtual host 'localhost'
15-Jan-2021 11:47:38.194 INFO [http-nio-8084-exec-24] org.apache.catalina.core.ApplicationContext.log Manager: restart: Reloading web application '/WEBCOMPRIM'
15-Jan-2021 11:50:10.172 INFO [http-nio-8084-exec-28] org.apache.catalina.core.ApplicationContext.log Manager: list: Listing contexts for virtual host 'localhost'
15-Jan-2021 11:50:10.208 INFO [http-nio-8084-exec-27] org.apache.catalina.core.ApplicationContext.log Manager: restart: Reloading web application '/WEBCOMPRIM'
15-Jan-2021 11:50:19.797 INFO [http-nio-8084-exec-20] org.apache.catalina.core.ApplicationContext.log Manager: list: Listing contexts for virtual host 'localhost'
15-Jan-2021 11:50:19.974 INFO [http-nio-8084-exec-27] org.apache.catalina.core.ApplicationContext.log Manager: list: Listing contexts for virtual host 'localhost'
15-Jan-2021 11:50:20.073 INFO [http-nio-8084-exec-12] org.apache.catalina.core.ApplicationContext.log Manager: restart: Reloading web application '/WEBCOMPRIM'
15-Jan-2021 11:57:07.384 INFO [http-nio-8084-exec-31] org.apache.catalina.core.ApplicationContext.log Manager: list: Listing contexts for virtual host 'localhost'
15-Jan-2021 11:57:07.414 INFO [http-nio-8084-exec-32] org.apache.catalina.core.ApplicationContext.log Manager: restart: Reloading web application '/WEBCOMPRIM'
15-Jan-2021 12:01:38.494 INFO [http-nio-8084-exec-38] org.apache.catalina.core.ApplicationContext.log Manager: list: Listing contexts for virtual host 'localhost'
15-Jan-2021 12:01:38.532 INFO [http-nio-8084-exec-41] org.apache.catalina.core.ApplicationContext.log Manager: restart: Reloading web application '/WEBCOMPRIM'
15-Jan-2021 12:02:48.104 INFO [http-nio-8084-exec-31] org.apache.catalina.core.ApplicationContext.log Manager: list: Listing contexts for virtual host 'localhost'
15-Jan-2021 12:02:48.154 INFO [http-nio-8084-exec-39] org.apache.catalina.core.ApplicationContext.log Manager: restart: Reloading web application '/WEBCOMPRIM'
15-Jan-2021 12:05:55.824 INFO [http-nio-8084-exec-35] org.apache.catalina.core.ApplicationContext.log Manager: list: Listing contexts for virtual host 'localhost'
15-Jan-2021 12:05:55.861 INFO [http-nio-8084-exec-47] org.apache.catalina.core.ApplicationContext.log Manager: restart: Reloading web application '/WEBCOMPRIM'
15-Jan-2021 12:08:08.478 INFO [http-nio-8084-exec-39] org.apache.catalina.core.ApplicationContext.log Manager: list: Listing contexts for virtual host 'localhost'
15-Jan-2021 12:08:08.492 INFO [http-nio-8084-exec-46] org.apache.catalina.core.ApplicationContext.log Manager: restart: Reloading web application '/WEBCOMPRIM'
15-Jan-2021 12:08:08.874 INFO [http-nio-8084-exec-47] org.apache.catalina.core.ApplicationContext.log Manager: list: Listing contexts for virtual host 'localhost'
15-Jan-2021 12:08:08.890 INFO [http-nio-8084-exec-50] org.apache.catalina.core.ApplicationContext.log Manager: restart: Reloading web application '/WEBCOMPRIM'
15-Jan-2021 12:09:47.616 INFO [http-nio-8084-exec-43] org.apache.catalina.core.ApplicationContext.log Manager: list: Listing contexts for virtual host 'localhost'
15-Jan-2021 12:09:47.640 INFO [http-nio-8084-exec-46] org.apache.catalina.core.ApplicationContext.log Manager: restart: Reloading web application '/WEBCOMPRIM'
15-Jan-2021 12:09:48.039 INFO [http-nio-8084-exec-50] org.apache.catalina.core.ApplicationContext.log Manager: list: Listing contexts for virtual host 'localhost'
15-Jan-2021 12:09:48.061 INFO [http-nio-8084-exec-47] org.apache.catalina.core.ApplicationContext.log Manager: restart: Reloading web application '/WEBCOMPRIM'
15-Jan-2021 12:10:03.105 INFO [http-nio-8084-exec-46] org.apache.catalina.core.ApplicationContext.log Manager: list: Listing contexts for virtual host 'localhost'
15-Jan-2021 12:10:03.121 INFO [http-nio-8084-exec-49] org.apache.catalina.core.ApplicationContext.log Manager: restart: Reloading web application '/WEBCOMPRIM'
15-Jan-2021 12:14:49.669 INFO [http-nio-8084-exec-56] org.apache.catalina.core.ApplicationContext.log Manager: list: Listing contexts for virtual host 'localhost'
15-Jan-2021 12:14:49.689 INFO [http-nio-8084-exec-58] org.apache.catalina.core.ApplicationContext.log Manager: restart: Reloading web application '/WEBCOMPRIM'
15-Jan-2021 12:15:23.379 INFO [http-nio-8084-exec-56] org.apache.catalina.core.ApplicationContext.log Manager: list: Listing contexts for virtual host 'localhost'
15-Jan-2021 12:15:23.411 INFO [http-nio-8084-exec-55] org.apache.catalina.core.ApplicationContext.log Manager: restart: Reloading web application '/WEBCOMPRIM'
15-Jan-2021 12:15:58.704 INFO [http-nio-8084-exec-47] org.apache.catalina.core.ApplicationContext.log Manager: list: Listing contexts for virtual host 'localhost'
15-Jan-2021 12:15:58.723 INFO [http-nio-8084-exec-50] org.apache.catalina.core.ApplicationContext.log Manager: undeploy: Undeploying web application at '/WEBCOMPRIM'
15-Jan-2021 12:15:58.811 INFO [http-nio-8084-exec-55] org.apache.catalina.core.ApplicationContext.log Manager: list: Listing contexts for virtual host 'localhost'
15-Jan-2021 12:15:59.239 INFO [http-nio-8084-exec-37] org.apache.catalina.core.ApplicationContext.log Manager: restart: Reloading web application '/WEBCOMPRIM'
15-Jan-2021 12:16:13.147 INFO [http-nio-8084-exec-55] org.apache.catalina.core.ApplicationContext.log Manager: list: Listing contexts for virtual host 'localhost'
15-Jan-2021 12:16:13.171 INFO [http-nio-8084-exec-56] org.apache.catalina.core.ApplicationContext.log Manager: list: Listing contexts for virtual host 'localhost'
15-Jan-2021 12:16:13.236 INFO [http-nio-8084-exec-50] org.apache.catalina.core.ApplicationContext.log Manager: install: Installing context configuration at 'file:/var/folders/h0/c85z4t193ql1f1s5fjrnlpb40000gn/T/context855618064640012304.xml'
15-Jan-2021 12:16:15.254 INFO [http-nio-8084-exec-37] org.apache.catalina.core.ApplicationContext.log Manager: start: Starting web application '/WEBCOMPRIM'
15-Jan-2021 12:17:43.925 INFO [http-nio-8084-exec-55] org.apache.catalina.core.ApplicationContext.log Manager: list: Listing contexts for virtual host 'localhost'
15-Jan-2021 12:17:43.938 INFO [http-nio-8084-exec-65] org.apache.catalina.core.ApplicationContext.log Manager: restart: Reloading web application '/WEBCOMPRIM'
15-Jan-2021 12:18:28.719 INFO [http-nio-8084-exec-62] org.apache.catalina.core.ApplicationContext.log Manager: list: Listing contexts for virtual host 'localhost'
15-Jan-2021 12:18:28.735 INFO [http-nio-8084-exec-58] org.apache.catalina.core.ApplicationContext.log Manager: restart: Reloading web application '/WEBCOMPRIM'
15-Jan-2021 12:21:22.507 INFO [http-nio-8084-exec-70] org.apache.catalina.core.ApplicationContext.log Manager: list: Listing contexts for virtual host 'localhost'
15-Jan-2021 12:21:22.682 INFO [http-nio-8084-exec-73] org.apache.catalina.core.ApplicationContext.log Manager: restart: Reloading web application '/WEBCOMPRIM'
15-Jan-2021 12:21:24.848 INFO [http-nio-8084-exec-70] org.apache.catalina.core.ApplicationContext.log Manager: list: Listing contexts for virtual host 'localhost'
15-Jan-2021 12:21:24.965 INFO [http-nio-8084-exec-72] org.apache.catalina.core.ApplicationContext.log Manager: restart: Reloading web application '/WEBCOMPRIM'
15-Jan-2021 12:21:54.509 INFO [http-nio-8084-exec-55] org.apache.catalina.core.ApplicationContext.log Manager: list: Listing contexts for virtual host 'localhost'
15-Jan-2021 12:21:54.529 INFO [http-nio-8084-exec-68] org.apache.catalina.core.ApplicationContext.log Manager: restart: Reloading web application '/WEBCOMPRIM'
15-Jan-2021 12:22:14.389 INFO [http-nio-8084-exec-71] org.apache.catalina.core.ApplicationContext.log Manager: list: Listing contexts for virtual host 'localhost'
15-Jan-2021 12:22:14.425 INFO [http-nio-8084-exec-55] org.apache.catalina.core.ApplicationContext.log Manager: restart: Reloading web application '/WEBCOMPRIM'
15-Jan-2021 12:22:15.933 INFO [http-nio-8084-exec-74] org.apache.catalina.core.ApplicationContext.log Manager: list: Listing contexts for virtual host 'localhost'
15-Jan-2021 12:22:15.973 INFO [http-nio-8084-exec-55] org.apache.catalina.core.ApplicationContext.log Manager: restart: Reloading web application '/WEBCOMPRIM'
15-Jan-2021 12:22:26.592 INFO [http-nio-8084-exec-71] org.apache.catalina.core.ApplicationContext.log Manager: list: Listing contexts for virtual host 'localhost'
15-Jan-2021 12:22:26.631 INFO [http-nio-8084-exec-76] org.apache.catalina.core.ApplicationContext.log Manager: restart: Reloading web application '/WEBCOMPRIM'
15-Jan-2021 12:23:08.565 INFO [http-nio-8084-exec-81] org.apache.catalina.core.ApplicationContext.log Manager: list: Listing contexts for virtual host 'localhost'
15-Jan-2021 12:23:08.600 INFO [http-nio-8084-exec-71] org.apache.catalina.core.ApplicationContext.log Manager: restart: Reloading web application '/WEBCOMPRIM'
15-Jan-2021 12:30:08.839 INFO [http-nio-8084-exec-6] org.apache.catalina.core.ApplicationContext.log Manager: init: Associated with Deployer 'Catalina:type=Deployer,host=localhost'
15-Jan-2021 12:30:08.842 INFO [http-nio-8084-exec-6] org.apache.catalina.core.ApplicationContext.log Manager: init: Global resources are available
15-Jan-2021 12:30:08.907 INFO [http-nio-8084-exec-10] org.apache.catalina.core.ApplicationContext.log Manager: list: Listing contexts for virtual host 'localhost'
15-Jan-2021 12:30:08.972 INFO [http-nio-8084-exec-2] org.apache.catalina.core.ApplicationContext.log Manager: list: Listing contexts for virtual host 'localhost'
15-Jan-2021 12:30:09.035 INFO [http-nio-8084-exec-1] org.apache.catalina.core.ApplicationContext.log Manager: install: Installing context configuration at 'file:/var/folders/h0/c85z4t193ql1f1s5fjrnlpb40000gn/T/context8102909999634223611.xml'
15-Jan-2021 12:30:09.118 INFO [http-nio-8084-exec-3] org.apache.catalina.core.ApplicationContext.log Manager: start: Starting web application '/WEMCOMPRIN1'
15-Jan-2021 12:32:02.186 INFO [http-nio-8084-exec-6] org.apache.catalina.core.ApplicationContext.log Manager: list: Listing contexts for virtual host 'localhost'
15-Jan-2021 12:32:02.209 INFO [http-nio-8084-exec-7] org.apache.catalina.core.ApplicationContext.log Manager: undeploy: Undeploying web application at '/WEMCOMPRIN1'
15-Jan-2021 12:35:07.439 INFO [http-nio-8084-exec-12] org.apache.catalina.core.ApplicationContext.log Manager: list: Listing contexts for virtual host 'localhost'
15-Jan-2021 12:35:07.775 INFO [http-nio-8084-exec-11] org.apache.catalina.core.ApplicationContext.log Manager: list: Listing contexts for virtual host 'localhost'
15-Jan-2021 12:35:36.995 INFO [http-nio-8084-exec-16] org.apache.catalina.core.ApplicationContext.log Manager: list: Listing contexts for virtual host 'localhost'
15-Jan-2021 12:35:37.332 INFO [http-nio-8084-exec-14] org.apache.catalina.core.ApplicationContext.log Manager: list: Listing contexts for virtual host 'localhost'
15-Jan-2021 12:37:29.181 INFO [http-nio-8084-exec-11] org.apache.catalina.core.ApplicationContext.log Manager: list: Listing contexts for virtual host 'localhost'
15-Jan-2021 12:37:29.834 INFO [http-nio-8084-exec-15] org.apache.catalina.core.ApplicationContext.log Manager: list: Listing contexts for virtual host 'localhost'
15-Jan-2021 12:37:30.343 INFO [http-nio-8084-exec-8] org.apache.catalina.core.ApplicationContext.log Manager: list: Listing contexts for virtual host 'localhost'
15-Jan-2021 12:37:30.767 INFO [http-nio-8084-exec-18] org.apache.catalina.core.ApplicationContext.log Manager: list: Listing contexts for virtual host 'localhost'
15-Jan-2021 12:38:01.232 INFO [http-nio-8084-exec-15] org.apache.catalina.core.ApplicationContext.log Manager: list: Listing contexts for virtual host 'localhost'
15-Jan-2021 12:38:01.393 INFO [http-nio-8084-exec-20] org.apache.catalina.core.ApplicationContext.log Manager: list: Listing contexts for virtual host 'localhost'
15-Jan-2021 12:38:02.675 INFO [http-nio-8084-exec-19] org.apache.catalina.core.ApplicationContext.log Manager: list: Listing contexts for virtual host 'localhost'
15-Jan-2021 12:38:35.935 INFO [http-nio-8084-exec-13] org.apache.catalina.core.ApplicationContext.log Manager: list: Listing contexts for virtual host 'localhost'
15-Jan-2021 12:38:45.974 INFO [http-nio-8084-exec-14] org.apache.catalina.core.ApplicationContext.log Manager: list: Listing contexts for virtual host 'localhost'
15-Jan-2021 14:19:19.852 INFO [http-nio-8084-exec-7] org.apache.catalina.core.ApplicationContext.log Manager: init: Associated with Deployer 'Catalina:type=Deployer,host=localhost'
15-Jan-2021 14:19:19.855 INFO [http-nio-8084-exec-7] org.apache.catalina.core.ApplicationContext.log Manager: init: Global resources are available
15-Jan-2021 14:19:19.942 INFO [http-nio-8084-exec-3] org.apache.catalina.core.ApplicationContext.log Manager: list: Listing contexts for virtual host 'localhost'
15-Jan-2021 14:19:19.960 INFO [http-nio-8084-exec-1] org.apache.catalina.core.ApplicationContext.log Manager: list: Listing contexts for virtual host 'localhost'
15-Jan-2021 14:19:20.010 INFO [http-nio-8084-exec-4] org.apache.catalina.core.ApplicationContext.log Manager: install: Installing context configuration at 'file:/var/folders/h0/c85z4t193ql1f1s5fjrnlpb40000gn/T/context17176605546532468641.xml'
15-Jan-2021 14:19:23.259 INFO [http-nio-8084-exec-5] org.apache.catalina.core.ApplicationContext.log Manager: start: Starting web application '/WEMCOMPRIN1'
15-Jan-2021 14:21:32.684 INFO [http-nio-8084-exec-1] org.apache.catalina.core.ApplicationContext.log Manager: list: Listing contexts for virtual host 'localhost'
15-Jan-2021 14:21:32.833 INFO [http-nio-8084-exec-3] org.apache.catalina.core.ApplicationContext.log Manager: restart: Reloading web application '/WEMCOMPRIN1'
15-Jan-2021 14:22:12.838 INFO [http-nio-8084-exec-6] org.apache.catalina.core.ApplicationContext.log Manager: list: Listing contexts for virtual host 'localhost'
15-Jan-2021 14:22:13.234 INFO [http-nio-8084-exec-8] org.apache.catalina.core.ApplicationContext.log Manager: list: Listing contexts for virtual host 'localhost'
15-Jan-2021 14:30:07.614 INFO [http-nio-8084-exec-12] org.apache.catalina.core.ApplicationContext.log Manager: list: Listing contexts for virtual host 'localhost'
15-Jan-2021 14:30:07.977 INFO [http-nio-8084-exec-13] org.apache.catalina.core.ApplicationContext.log Manager: list: Listing contexts for virtual host 'localhost'
15-Jan-2021 14:31:20.671 INFO [http-nio-8084-exec-20] org.apache.catalina.core.ApplicationContext.log Manager: list: Listing contexts for virtual host 'localhost'
15-Jan-2021 14:31:21.186 INFO [http-nio-8084-exec-11] org.apache.catalina.core.ApplicationContext.log Manager: list: Listing contexts for virtual host 'localhost'
15-Jan-2021 14:31:21.215 INFO [http-nio-8084-exec-13] org.apache.catalina.core.ApplicationContext.log Manager: restart: Reloading web application '/WEMCOMPRIN1'
15-Jan-2021 14:31:25.364 INFO [http-nio-8084-exec-16] org.apache.catalina.core.ApplicationContext.log Manager: list: Listing contexts for virtual host 'localhost'
15-Jan-2021 14:31:25.414 INFO [http-nio-8084-exec-21] org.apache.catalina.core.ApplicationContext.log Manager: undeploy: Undeploying web application at '/WEMCOMPRIN1'
15-Jan-2021 14:31:39.783 INFO [http-nio-8084-exec-15] org.apache.catalina.core.ApplicationContext.log Manager: list: Listing contexts for virtual host 'localhost'
15-Jan-2021 14:31:39.806 INFO [http-nio-8084-exec-21] org.apache.catalina.core.ApplicationContext.log Manager: undeploy: Undeploying web application at '/Agendaweb'
15-Jan-2021 14:32:14.540 INFO [http-nio-8084-exec-22] org.apache.catalina.core.ApplicationContext.log Manager: list: Listing contexts for virtual host 'localhost'
15-Jan-2021 14:32:14.549 INFO [http-nio-8084-exec-19] org.apache.catalina.core.ApplicationContext.log Manager: list: Listing contexts for virtual host 'localhost'
15-Jan-2021 14:32:14.583 INFO [http-nio-8084-exec-11] org.apache.catalina.core.ApplicationContext.log Manager: install: Installing context configuration at 'file:/var/folders/h0/c85z4t193ql1f1s5fjrnlpb40000gn/T/context7999646111735700899.xml'
15-Jan-2021 14:32:16.138 INFO [http-nio-8084-exec-21] org.apache.catalina.core.ApplicationContext.log Manager: start: Starting web application '/WEMCOMPRIN1'
15-Jan-2021 14:34:55.154 INFO [http-nio-8084-exec-23] org.apache.catalina.core.ApplicationContext.log Manager: list: Listing contexts for virtual host 'localhost'
15-Jan-2021 14:34:55.292 INFO [http-nio-8084-exec-26] org.apache.catalina.core.ApplicationContext.log Manager: restart: Reloading web application '/WEMCOMPRIN1'
15-Jan-2021 14:34:59.366 INFO [http-nio-8084-exec-30] org.apache.catalina.core.ApplicationContext.log Manager: list: Listing contexts for virtual host 'localhost'
15-Jan-2021 14:34:59.409 INFO [http-nio-8084-exec-29] org.apache.catalina.core.ApplicationContext.log Manager: restart: Reloading web application '/WEMCOMPRIN1'
15-Jan-2021 14:35:41.431 INFO [http-nio-8084-exec-28] org.apache.catalina.core.ApplicationContext.log Manager: list: Listing contexts for virtual host 'localhost'
15-Jan-2021 14:35:41.466 INFO [http-nio-8084-exec-23] org.apache.catalina.core.ApplicationContext.log Manager: restart: Reloading web application '/WEMCOMPRIN1'
15-Jan-2021 14:36:48.748 INFO [http-nio-8084-exec-38] org.apache.catalina.core.ApplicationContext.log Manager: list: Listing contexts for virtual host 'localhost'
15-Jan-2021 14:36:48.780 INFO [http-nio-8084-exec-33] org.apache.catalina.core.ApplicationContext.log Manager: restart: Reloading web application '/WEMCOMPRIN1'
15-Jan-2021 14:37:16.751 INFO [http-nio-8084-exec-38] org.apache.catalina.core.ApplicationContext.log Manager: list: Listing contexts for virtual host 'localhost'
15-Jan-2021 14:37:16.776 INFO [http-nio-8084-exec-37] org.apache.catalina.core.ApplicationContext.log Manager: restart: Reloading web application '/WEMCOMPRIN1'
15-Jan-2021 14:38:33.329 INFO [http-nio-8084-exec-44] org.apache.catalina.core.ApplicationContext.log Manager: list: Listing contexts for virtual host 'localhost'
15-Jan-2021 14:38:33.422 INFO [http-nio-8084-exec-27] org.apache.catalina.core.ApplicationContext.log Manager: restart: Reloading web application '/WEMCOMPRIN1'
15-Jan-2021 14:38:36.285 INFO [http-nio-8084-exec-43] org.apache.catalina.core.ApplicationContext.log Manager: list: Listing contexts for virtual host 'localhost'
15-Jan-2021 14:38:36.315 INFO [http-nio-8084-exec-37] org.apache.catalina.core.ApplicationContext.log Manager: restart: Reloading web application '/WEMCOMPRIN1'
15-Jan-2021 14:40:37.592 INFO [http-nio-8084-exec-6] org.apache.catalina.core.ApplicationContext.log Manager: init: Associated with Deployer 'Catalina:type=Deployer,host=localhost'
15-Jan-2021 14:40:37.594 INFO [http-nio-8084-exec-6] org.apache.catalina.core.ApplicationContext.log Manager: init: Global resources are available
15-Jan-2021 14:40:37.695 INFO [http-nio-8084-exec-3] org.apache.catalina.core.ApplicationContext.log Manager: list: Listing contexts for virtual host 'localhost'
15-Jan-2021 14:40:37.718 INFO [http-nio-8084-exec-2] org.apache.catalina.core.ApplicationContext.log Manager: list: Listing contexts for virtual host 'localhost'
15-Jan-2021 14:40:37.780 INFO [http-nio-8084-exec-4] org.apache.catalina.core.ApplicationContext.log Manager: install: Installing context configuration at 'file:/var/folders/h0/c85z4t193ql1f1s5fjrnlpb40000gn/T/context10988756037743571757.xml'
15-Jan-2021 14:40:39.804 INFO [http-nio-8084-exec-1] org.apache.catalina.core.ApplicationContext.log Manager: start: Starting web application '/Agendaweb'
15-Jan-2021 14:45:16.807 INFO [http-nio-8084-exec-4] org.apache.catalina.core.ApplicationContext.log Manager: list: Listing contexts for virtual host 'localhost'
15-Jan-2021 14:45:16.854 INFO [http-nio-8084-exec-1] org.apache.catalina.core.ApplicationContext.log Manager: restart: Reloading web application '/WEMCOMPRIN1'
15-Jan-2021 14:46:08.560 INFO [http-nio-8084-exec-9] org.apache.catalina.core.ApplicationContext.log Manager: list: Listing contexts for virtual host 'localhost'
15-Jan-2021 14:46:08.677 INFO [http-nio-8084-exec-5] org.apache.catalina.core.ApplicationContext.log Manager: restart: Reloading web application '/WEMCOMPRIN1'
15-Jan-2021 14:46:11.330 INFO [http-nio-8084-exec-10] org.apache.catalina.core.ApplicationContext.log Manager: list: Listing contexts for virtual host 'localhost'
15-Jan-2021 14:46:11.360 INFO [http-nio-8084-exec-12] org.apache.catalina.core.ApplicationContext.log Manager: restart: Reloading web application '/WEMCOMPRIN1'
15-Jan-2021 14:46:45.679 INFO [http-nio-8084-exec-3] org.apache.catalina.core.ApplicationContext.log Manager: list: Listing contexts for virtual host 'localhost'
15-Jan-2021 14:46:45.745 INFO [http-nio-8084-exec-7] org.apache.catalina.core.ApplicationContext.log Manager: restart: Reloading web application '/WEMCOMPRIN1'
15-Jan-2021 14:46:48.021 INFO [http-nio-8084-exec-10] org.apache.catalina.core.ApplicationContext.log Manager: list: Listing contexts for virtual host 'localhost'
15-Jan-2021 14:46:48.048 INFO [http-nio-8084-exec-15] org.apache.catalina.core.ApplicationContext.log Manager: restart: Reloading web application '/WEMCOMPRIN1'
15-Jan-2021 14:49:46.073 INFO [http-nio-8084-exec-17] org.apache.catalina.core.ApplicationContext.log Manager: list: Listing contexts for virtual host 'localhost'
15-Jan-2021 14:49:46.110 INFO [http-nio-8084-exec-18] org.apache.catalina.core.ApplicationContext.log Manager: restart: Reloading web application '/WEMCOMPRIN1'
15-Jan-2021 14:52:44.999 INFO [http-nio-8084-exec-23] org.apache.catalina.core.ApplicationContext.log Manager: list: Listing contexts for virtual host 'localhost'
15-Jan-2021 14:52:45.026 INFO [http-nio-8084-exec-24] org.apache.catalina.core.ApplicationContext.log Manager: restart: Reloading web application '/WEMCOMPRIN1'
15-Jan-2021 14:52:46.416 INFO [http-nio-8084-exec-24] org.apache.catalina.core.ApplicationContext.log Manager: list: Listing contexts for virtual host 'localhost'
15-Jan-2021 14:52:46.443 INFO [http-nio-8084-exec-16] org.apache.catalina.core.ApplicationContext.log Manager: restart: Reloading web application '/WEMCOMPRIN1'
15-Jan-2021 14:52:54.108 INFO [http-nio-8084-exec-29] org.apache.catalina.core.ApplicationContext.log Manager: list: Listing contexts for virtual host 'localhost'
15-Jan-2021 14:52:54.169 INFO [http-nio-8084-exec-28] org.apache.catalina.core.ApplicationContext.log Manager: restart: Reloading web application '/WEMCOMPRIN1'
15-Jan-2021 14:53:34.580 INFO [http-nio-8084-exec-31] org.apache.catalina.core.ApplicationContext.log Manager: list: Listing contexts for virtual host 'localhost'
15-Jan-2021 14:53:34.588 INFO [http-nio-8084-exec-23] org.apache.catalina.core.ApplicationContext.log Manager: list: Listing contexts for virtual host 'localhost'
15-Jan-2021 14:53:34.622 INFO [http-nio-8084-exec-24] org.apache.catalina.core.ApplicationContext.log Manager: undeploy: Undeploying web application at '/WEMCOMPRIN1'
15-Jan-2021 14:53:35.164 INFO [http-nio-8084-exec-33] org.apache.catalina.core.ApplicationContext.log Manager: install: Installing context configuration at 'file:/var/folders/h0/c85z4t193ql1f1s5fjrnlpb40000gn/T/context11474295372545432802.xml'
15-Jan-2021 14:53:35.970 INFO [http-nio-8084-exec-23] org.apache.catalina.core.ApplicationContext.log Manager: start: Starting web application '/WEMCOMPRIN1'
15-Jan-2021 14:53:39.876 INFO [http-nio-8084-exec-27] org.apache.catalina.core.ApplicationContext.log Manager: list: Listing contexts for virtual host 'localhost'
15-Jan-2021 14:53:39.890 INFO [http-nio-8084-exec-24] org.apache.catalina.core.ApplicationContext.log Manager: list: Listing contexts for virtual host 'localhost'
15-Jan-2021 14:53:39.912 INFO [http-nio-8084-exec-34] org.apache.catalina.core.ApplicationContext.log Manager: undeploy: Undeploying web application at '/WEMCOMPRIN1'
15-Jan-2021 14:53:40.445 INFO [http-nio-8084-exec-35] org.apache.catalina.core.ApplicationContext.log Manager: install: Installing context configuration at 'file:/var/folders/h0/c85z4t193ql1f1s5fjrnlpb40000gn/T/context17816483051818356877.xml'
15-Jan-2021 14:53:41.325 INFO [http-nio-8084-exec-31] org.apache.catalina.core.ApplicationContext.log Manager: start: Starting web application '/WEMCOMPRIN1'
15-Jan-2021 14:53:44.858 INFO [http-nio-8084-exec-24] org.apache.catalina.core.ApplicationContext.log Manager: list: Listing contexts for virtual host 'localhost'
15-Jan-2021 14:53:44.867 INFO [http-nio-8084-exec-34] org.apache.catalina.core.ApplicationContext.log Manager: list: Listing contexts for virtual host 'localhost'
15-Jan-2021 14:53:44.885 INFO [http-nio-8084-exec-36] org.apache.catalina.core.ApplicationContext.log Manager: undeploy: Undeploying web application at '/WEMCOMPRIN1'
15-Jan-2021 14:53:45.419 INFO [http-nio-8084-exec-27] org.apache.catalina.core.ApplicationContext.log Manager: install: Installing context configuration at 'file:/var/folders/h0/c85z4t193ql1f1s5fjrnlpb40000gn/T/context1034258949379892847.xml'
15-Jan-2021 14:53:46.398 INFO [http-nio-8084-exec-31] org.apache.catalina.core.ApplicationContext.log Manager: start: Starting web application '/WEMCOMPRIN1'
15-Jan-2021 17:27:10.542 INFO [http-nio-8084-exec-9] org.apache.catalina.core.ApplicationContext.log Manager: init: Associated with Deployer 'Catalina:type=Deployer,host=localhost'
15-Jan-2021 17:27:10.545 INFO [http-nio-8084-exec-9] org.apache.catalina.core.ApplicationContext.log Manager: init: Global resources are available
15-Jan-2021 17:27:10.643 INFO [http-nio-8084-exec-3] org.apache.catalina.core.ApplicationContext.log Manager: list: Listing contexts for virtual host 'localhost'
15-Jan-2021 17:27:10.657 INFO [http-nio-8084-exec-2] org.apache.catalina.core.ApplicationContext.log Manager: list: Listing contexts for virtual host 'localhost'
15-Jan-2021 17:27:10.737 INFO [http-nio-8084-exec-1] org.apache.catalina.core.ApplicationContext.log Manager: undeploy: Undeploying web application at '/WEMCOMPRIN1'
15-Jan-2021 17:27:11.295 INFO [http-nio-8084-exec-2] org.apache.catalina.core.ApplicationContext.log Manager: install: Installing context configuration at 'file:/var/folders/h0/c85z4t193ql1f1s5fjrnlpb40000gn/T/context7309959866931658143.xml'
15-Jan-2021 17:27:13.186 INFO [http-nio-8084-exec-2] org.apache.catalina.core.ApplicationContext.log Manager: start: Starting web application '/WEMCOMPRIN1'
15-Jan-2021 17:29:06.014 INFO [http-nio-8084-exec-16] org.apache.catalina.core.ApplicationContext.log Manager: list: Listing contexts for virtual host 'localhost'
15-Jan-2021 17:29:06.053 INFO [http-nio-8084-exec-8] org.apache.catalina.core.ApplicationContext.log Manager: undeploy: Undeploying web application at '/WEMCOMPRIN1'
15-Jan-2021 17:29:27.935 INFO [http-nio-8084-exec-14] org.apache.catalina.core.ApplicationContext.log Manager: list: Listing contexts for virtual host 'localhost'
15-Jan-2021 17:29:30.115 INFO [http-nio-8084-exec-18] org.apache.catalina.core.ApplicationContext.log Manager: list: Listing contexts for virtual host 'localhost'
15-Jan-2021 17:29:30.133 INFO [http-nio-8084-exec-14] org.apache.catalina.core.ApplicationContext.log Manager: list: Listing contexts for virtual host 'localhost'
15-Jan-2021 17:29:30.185 INFO [http-nio-8084-exec-17] org.apache.catalina.core.ApplicationContext.log Manager: install: Installing context configuration at 'file:/var/folders/h0/c85z4t193ql1f1s5fjrnlpb40000gn/T/context6897193227918723468.xml'
15-Jan-2021 17:29:33.652 INFO [http-nio-8084-exec-17] org.apache.catalina.core.ApplicationContext.log Manager: start: Starting web application '/WEMCOMPRIN1'
15-Jan-2021 17:32:12.617 INFO [http-nio-8084-exec-21] org.apache.catalina.core.ApplicationContext.log Manager: list: Listing contexts for virtual host 'localhost'
15-Jan-2021 17:32:12.973 INFO [http-nio-8084-exec-22] org.apache.catalina.core.ApplicationContext.log Manager: restart: Reloading web application '/WEMCOMPRIN1'
15-Jan-2021 18:54:54.077 INFO [http-nio-8084-exec-4] org.apache.catalina.core.ApplicationContext.log Manager: init: Associated with Deployer 'Catalina:type=Deployer,host=localhost'
15-Jan-2021 18:54:54.078 INFO [http-nio-8084-exec-4] org.apache.catalina.core.ApplicationContext.log Manager: init: Global resources are available
15-Jan-2021 18:54:54.079 INFO [http-nio-8084-exec-4] org.apache.catalina.core.ApplicationContext.log Manager: list: Listing contexts for virtual host 'localhost'
15-Jan-2021 18:54:54.090 INFO [http-nio-8084-exec-10] org.apache.catalina.core.ApplicationContext.log Manager: list: Listing contexts for virtual host 'localhost'
15-Jan-2021 18:54:54.133 INFO [http-nio-8084-exec-2] org.apache.catalina.core.ApplicationContext.log Manager: undeploy: Undeploying web application at '/WEMCOMPRIN1'
15-Jan-2021 18:54:54.705 INFO [http-nio-8084-exec-8] org.apache.catalina.core.ApplicationContext.log Manager: install: Installing context configuration at 'file:/var/folders/h0/c85z4t193ql1f1s5fjrnlpb40000gn/T/context4650441477576879573.xml'
15-Jan-2021 18:54:58.126 INFO [http-nio-8084-exec-1] org.apache.catalina.core.ApplicationContext.log Manager: start: Starting web application '/WEMCOMPRIN1'
15-Jan-2021 18:57:05.237 INFO [http-nio-8084-exec-16] org.apache.catalina.core.ApplicationContext.log Manager: list: Listing contexts for virtual host 'localhost'
15-Jan-2021 18:59:08.184 INFO [http-nio-8084-exec-16] org.apache.catalina.core.ApplicationContext.log Manager: list: Listing contexts for virtual host 'localhost'
15-Jan-2021 18:59:08.211 INFO [http-nio-8084-exec-15] org.apache.catalina.core.ApplicationContext.log Manager: list: Listing contexts for virtual host 'localhost'
15-Jan-2021 18:59:08.253 INFO [http-nio-8084-exec-17] org.apache.catalina.core.ApplicationContext.log Manager: undeploy: Undeploying web application at '/WEMCOMPRIN1'
15-Jan-2021 18:59:08.805 INFO [http-nio-8084-exec-14] org.apache.catalina.core.ApplicationContext.log Manager: install: Installing context configuration at 'file:/var/folders/h0/c85z4t193ql1f1s5fjrnlpb40000gn/T/context9395211737085868913.xml'
15-Jan-2021 18:59:13.314 INFO [http-nio-8084-exec-14] org.apache.catalina.core.ApplicationContext.log Manager: start: Starting web application '/WEMCOMPRIN1'
15-Jan-2021 19:01:40.312 INFO [http-nio-8084-exec-22] org.apache.catalina.core.ApplicationContext.log Manager: list: Listing contexts for virtual host 'localhost'
15-Jan-2021 19:01:40.368 INFO [http-nio-8084-exec-23] org.apache.catalina.core.ApplicationContext.log Manager: restart: Reloading web application '/WEMCOMPRIN1'
15-Jan-2021 19:02:55.941 INFO [http-nio-8084-exec-34] org.apache.catalina.core.ApplicationContext.log Manager: list: Listing contexts for virtual host 'localhost'
15-Jan-2021 19:02:55.976 INFO [http-nio-8084-exec-30] org.apache.catalina.core.ApplicationContext.log Manager: restart: Reloading web application '/WEMCOMPRIN1'
15-Jan-2021 19:02:57.582 INFO [http-nio-8084-exec-24] org.apache.catalina.core.ApplicationContext.log Manager: list: Listing contexts for virtual host 'localhost'
15-Jan-2021 19:02:57.594 INFO [http-nio-8084-exec-29] org.apache.catalina.core.ApplicationContext.log Manager: list: Listing contexts for virtual host 'localhost'
15-Jan-2021 19:02:58.580 INFO [http-nio-8084-exec-35] org.apache.catalina.core.ApplicationContext.log Manager: undeploy: Undeploying web application at '/WEMCOMPRIN1'
15-Jan-2021 19:02:58.930 INFO [http-nio-8084-exec-32] org.apache.catalina.core.ApplicationContext.log Manager: list: Listing contexts for virtual host 'localhost'
15-Jan-2021 19:02:59.111 INFO [http-nio-8084-exec-30] org.apache.catalina.core.ApplicationContext.log Manager: restart: Reloading web application '/WEMCOMPRIN1'
15-Jan-2021 19:02:59.123 INFO [http-nio-8084-exec-31] org.apache.catalina.core.ApplicationContext.log Manager: install: Installing context configuration at 'file:/var/folders/h0/c85z4t193ql1f1s5fjrnlpb40000gn/T/context12330053758492176455.xml'
15-Jan-2021 19:03:00.718 INFO [http-nio-8084-exec-36] org.apache.catalina.core.ApplicationContext.log Manager: start: Starting web application '/WEMCOMPRIN1'
