04-Jan-2021 12:29:44.558 INFO [http-nio-8084-exec-6] org.apache.catalina.core.ApplicationContext.log Manager: init: Associated with Deployer 'Catalina:type=Deployer,host=localhost'
04-Jan-2021 12:29:44.564 INFO [http-nio-8084-exec-6] org.apache.catalina.core.ApplicationContext.log Manager: init: Global resources are available
04-Jan-2021 12:29:44.662 INFO [http-nio-8084-exec-10] org.apache.catalina.core.ApplicationContext.log Manager: list: Listing contexts for virtual host 'localhost'
04-Jan-2021 12:29:44.673 INFO [http-nio-8084-exec-2] org.apache.catalina.core.ApplicationContext.log Manager: list: Listing contexts for virtual host 'localhost'
04-Jan-2021 12:29:44.712 INFO [http-nio-8084-exec-1] org.apache.catalina.core.ApplicationContext.log Manager: undeploy: Undeploying web application at '/Agendaweb'
04-Jan-2021 12:29:45.298 INFO [http-nio-8084-exec-5] org.apache.catalina.core.ApplicationContext.log Manager: install: Installing context configuration at 'file:/var/folders/h0/c85z4t193ql1f1s5fjrnlpb40000gn/T/context568410074593290016.xml'
04-Jan-2021 12:29:47.415 INFO [http-nio-8084-exec-6] org.apache.catalina.core.ApplicationContext.log Manager: start: Starting web application '/Agendaweb'
04-Jan-2021 12:39:41.035 INFO [http-nio-8084-exec-5] org.apache.catalina.core.ApplicationContext.log Manager: init: Associated with Deployer 'Catalina:type=Deployer,host=localhost'
04-Jan-2021 12:39:41.038 INFO [http-nio-8084-exec-5] org.apache.catalina.core.ApplicationContext.log Manager: init: Global resources are available
04-Jan-2021 12:39:41.086 INFO [http-nio-8084-exec-9] org.apache.catalina.core.ApplicationContext.log Manager: list: Listing contexts for virtual host 'localhost'
04-Jan-2021 12:39:41.110 INFO [http-nio-8084-exec-2] org.apache.catalina.core.ApplicationContext.log Manager: list: Listing contexts for virtual host 'localhost'
04-Jan-2021 12:39:41.139 INFO [http-nio-8084-exec-10] org.apache.catalina.core.ApplicationContext.log Manager: undeploy: Undeploying web application at '/Agendaweb'
04-Jan-2021 12:39:41.721 INFO [http-nio-8084-exec-2] org.apache.catalina.core.ApplicationContext.log Manager: install: Installing context configuration at 'file:/var/folders/h0/c85z4t193ql1f1s5fjrnlpb40000gn/T/context5712293444867868568.xml'
04-Jan-2021 12:39:48.723 INFO [http-nio-8084-exec-4] org.apache.catalina.core.ApplicationContext.log Manager: start: Starting web application '/Agendaweb'
04-Jan-2021 12:40:34.823 INFO [http-nio-8084-exec-3] org.apache.catalina.core.ApplicationContext.log Manager: init: Associated with Deployer 'Catalina:type=Deployer,host=localhost'
04-Jan-2021 12:40:34.823 INFO [http-nio-8084-exec-3] org.apache.catalina.core.ApplicationContext.log Manager: init: Global resources are available
04-Jan-2021 12:40:34.858 INFO [http-nio-8084-exec-3] org.apache.catalina.core.ApplicationContext.log Manager: list: Listing contexts for virtual host 'localhost'
04-Jan-2021 12:40:34.876 INFO [http-nio-8084-exec-5] org.apache.catalina.core.ApplicationContext.log Manager: list: Listing contexts for virtual host 'localhost'
04-Jan-2021 12:40:34.892 INFO [http-nio-8084-exec-6] org.apache.catalina.core.ApplicationContext.log Manager: undeploy: Undeploying web application at '/Agendaweb'
04-Jan-2021 12:40:35.475 INFO [http-nio-8084-exec-8] org.apache.catalina.core.ApplicationContext.log Manager: install: Installing context configuration at 'file:/var/folders/h0/c85z4t193ql1f1s5fjrnlpb40000gn/T/context6057172708343412892.xml'
04-Jan-2021 12:40:37.883 INFO [http-nio-8084-exec-10] org.apache.catalina.core.ApplicationContext.log Manager: start: Starting web application '/Agendaweb'
04-Jan-2021 12:41:52.096 INFO [http-nio-8084-exec-3] org.apache.catalina.core.ApplicationContext.log Manager: init: Associated with Deployer 'Catalina:type=Deployer,host=localhost'
04-Jan-2021 12:41:52.096 INFO [http-nio-8084-exec-3] org.apache.catalina.core.ApplicationContext.log Manager: init: Global resources are available
04-Jan-2021 12:41:52.130 INFO [http-nio-8084-exec-10] org.apache.catalina.core.ApplicationContext.log Manager: list: Listing contexts for virtual host 'localhost'
04-Jan-2021 12:41:52.144 INFO [http-nio-8084-exec-3] org.apache.catalina.core.ApplicationContext.log Manager: list: Listing contexts for virtual host 'localhost'
04-Jan-2021 12:41:52.163 INFO [http-nio-8084-exec-7] org.apache.catalina.core.ApplicationContext.log Manager: undeploy: Undeploying web application at '/Agendaweb'
04-Jan-2021 12:41:52.722 INFO [http-nio-8084-exec-6] org.apache.catalina.core.ApplicationContext.log Manager: install: Installing context configuration at 'file:/var/folders/h0/c85z4t193ql1f1s5fjrnlpb40000gn/T/context9013159419192844307.xml'
04-Jan-2021 12:41:56.104 INFO [http-nio-8084-exec-9] org.apache.catalina.core.ApplicationContext.log Manager: start: Starting web application '/Agendaweb'
04-Jan-2021 12:43:08.601 INFO [http-nio-8084-exec-15] org.apache.catalina.core.ApplicationContext.log Manager: list: Listing contexts for virtual host 'localhost'
04-Jan-2021 12:43:08.628 INFO [http-nio-8084-exec-2] org.apache.catalina.core.ApplicationContext.log Manager: list: Listing contexts for virtual host 'localhost'
04-Jan-2021 12:43:08.680 INFO [http-nio-8084-exec-18] org.apache.catalina.core.ApplicationContext.log Manager: undeploy: Undeploying web application at '/Agendaweb'
04-Jan-2021 12:43:09.227 INFO [http-nio-8084-exec-12] org.apache.catalina.core.ApplicationContext.log Manager: install: Installing context configuration at 'file:/var/folders/h0/c85z4t193ql1f1s5fjrnlpb40000gn/T/context13583159552552292265.xml'
04-Jan-2021 12:43:11.106 INFO [http-nio-8084-exec-2] org.apache.catalina.core.ApplicationContext.log Manager: start: Starting web application '/Agendaweb'
04-Jan-2021 12:46:25.641 INFO [http-nio-8084-exec-9] org.apache.catalina.core.ApplicationContext.log Manager: init: Associated with Deployer 'Catalina:type=Deployer,host=localhost'
04-Jan-2021 12:46:25.643 INFO [http-nio-8084-exec-9] org.apache.catalina.core.ApplicationContext.log Manager: init: Global resources are available
04-Jan-2021 12:46:25.703 INFO [http-nio-8084-exec-1] org.apache.catalina.core.ApplicationContext.log Manager: list: Listing contexts for virtual host 'localhost'
04-Jan-2021 12:46:25.713 INFO [http-nio-8084-exec-3] org.apache.catalina.core.ApplicationContext.log Manager: list: Listing contexts for virtual host 'localhost'
04-Jan-2021 12:46:25.743 INFO [http-nio-8084-exec-5] org.apache.catalina.core.ApplicationContext.log Manager: undeploy: Undeploying web application at '/Agendaweb'
04-Jan-2021 12:46:26.317 INFO [http-nio-8084-exec-10] org.apache.catalina.core.ApplicationContext.log Manager: install: Installing context configuration at 'file:/var/folders/h0/c85z4t193ql1f1s5fjrnlpb40000gn/T/context626638938348094374.xml'
04-Jan-2021 12:46:27.186 INFO [http-nio-8084-exec-2] org.apache.catalina.core.ApplicationContext.log Manager: list: Listing contexts for virtual host 'localhost'
04-Jan-2021 12:46:30.423 INFO [http-nio-8084-exec-4] org.apache.catalina.core.ApplicationContext.log Manager: restart: Reloading web application '/Agendaweb'
04-Jan-2021 12:46:34.471 INFO [http-nio-8084-exec-8] org.apache.catalina.core.ApplicationContext.log Manager: start: Starting web application '/Agendaweb'
04-Jan-2021 12:46:38.153 INFO [http-nio-8084-exec-7] org.apache.catalina.core.ApplicationContext.log Manager: list: Listing contexts for virtual host 'localhost'
04-Jan-2021 12:46:38.235 INFO [http-nio-8084-exec-2] org.apache.catalina.core.ApplicationContext.log Manager: restart: Reloading web application '/Agendaweb'
04-Jan-2021 12:46:59.942 INFO [http-nio-8084-exec-7] org.apache.catalina.core.ApplicationContext.log Manager: list: Listing contexts for virtual host 'localhost'
04-Jan-2021 12:46:59.992 INFO [http-nio-8084-exec-6] org.apache.catalina.core.ApplicationContext.log Manager: restart: Reloading web application '/Agendaweb'
04-Jan-2021 12:47:03.468 INFO [http-nio-8084-exec-14] org.apache.catalina.core.ApplicationContext.log Manager: list: Listing contexts for virtual host 'localhost'
04-Jan-2021 12:47:03.501 INFO [http-nio-8084-exec-16] org.apache.catalina.core.ApplicationContext.log Manager: restart: Reloading web application '/Agendaweb'
04-Jan-2021 12:47:17.617 INFO [http-nio-8084-exec-18] org.apache.catalina.core.ApplicationContext.log Manager: list: Listing contexts for virtual host 'localhost'
04-Jan-2021 12:47:17.653 INFO [http-nio-8084-exec-17] org.apache.catalina.core.ApplicationContext.log Manager: restart: Reloading web application '/Agendaweb'
04-Jan-2021 12:47:21.400 INFO [http-nio-8084-exec-20] org.apache.catalina.core.ApplicationContext.log Manager: list: Listing contexts for virtual host 'localhost'
04-Jan-2021 12:47:21.437 INFO [http-nio-8084-exec-18] org.apache.catalina.core.ApplicationContext.log Manager: restart: Reloading web application '/Agendaweb'
04-Jan-2021 12:48:22.066 INFO [http-nio-8084-exec-3] org.apache.catalina.core.ApplicationContext.log Manager: init: Associated with Deployer 'Catalina:type=Deployer,host=localhost'
04-Jan-2021 12:48:22.067 INFO [http-nio-8084-exec-3] org.apache.catalina.core.ApplicationContext.log Manager: init: Global resources are available
04-Jan-2021 12:48:22.103 INFO [http-nio-8084-exec-5] org.apache.catalina.core.ApplicationContext.log Manager: list: Listing contexts for virtual host 'localhost'
04-Jan-2021 12:48:22.114 INFO [http-nio-8084-exec-6] org.apache.catalina.core.ApplicationContext.log Manager: list: Listing contexts for virtual host 'localhost'
04-Jan-2021 12:48:22.133 INFO [http-nio-8084-exec-7] org.apache.catalina.core.ApplicationContext.log Manager: undeploy: Undeploying web application at '/Agendaweb'
04-Jan-2021 12:48:22.693 INFO [http-nio-8084-exec-10] org.apache.catalina.core.ApplicationContext.log Manager: install: Installing context configuration at 'file:/var/folders/h0/c85z4t193ql1f1s5fjrnlpb40000gn/T/context8773110480480273490.xml'
04-Jan-2021 12:48:24.643 INFO [http-nio-8084-exec-4] org.apache.catalina.core.ApplicationContext.log Manager: start: Starting web application '/Agendaweb'
04-Jan-2021 12:50:07.755 INFO [http-nio-8084-exec-3] org.apache.catalina.core.ApplicationContext.log Manager: init: Associated with Deployer 'Catalina:type=Deployer,host=localhost'
04-Jan-2021 12:50:07.756 INFO [http-nio-8084-exec-3] org.apache.catalina.core.ApplicationContext.log Manager: init: Global resources are available
04-Jan-2021 12:50:07.795 INFO [http-nio-8084-exec-4] org.apache.catalina.core.ApplicationContext.log Manager: list: Listing contexts for virtual host 'localhost'
04-Jan-2021 12:50:07.806 INFO [http-nio-8084-exec-5] org.apache.catalina.core.ApplicationContext.log Manager: list: Listing contexts for virtual host 'localhost'
04-Jan-2021 12:50:07.888 INFO [http-nio-8084-exec-6] org.apache.catalina.core.ApplicationContext.log Manager: undeploy: Undeploying web application at '/Agendaweb'
04-Jan-2021 12:50:08.443 INFO [http-nio-8084-exec-3] org.apache.catalina.core.ApplicationContext.log Manager: install: Installing context configuration at 'file:/var/folders/h0/c85z4t193ql1f1s5fjrnlpb40000gn/T/context18188766738690816267.xml'
04-Jan-2021 12:50:09.775 INFO [http-nio-8084-exec-7] org.apache.catalina.core.ApplicationContext.log Manager: start: Starting web application '/Agendaweb'
04-Jan-2021 12:52:28.056 INFO [http-nio-8084-exec-15] org.apache.catalina.core.ApplicationContext.log Manager: list: Listing contexts for virtual host 'localhost'
04-Jan-2021 12:52:28.070 INFO [http-nio-8084-exec-16] org.apache.catalina.core.ApplicationContext.log Manager: list: Listing contexts for virtual host 'localhost'
04-Jan-2021 12:52:28.108 INFO [http-nio-8084-exec-17] org.apache.catalina.core.ApplicationContext.log Manager: undeploy: Undeploying web application at '/Agendaweb'
04-Jan-2021 12:52:28.669 INFO [http-nio-8084-exec-14] org.apache.catalina.core.ApplicationContext.log Manager: install: Installing context configuration at 'file:/var/folders/h0/c85z4t193ql1f1s5fjrnlpb40000gn/T/context5464891906737958513.xml'
04-Jan-2021 12:52:32.791 INFO [http-nio-8084-exec-14] org.apache.catalina.core.ApplicationContext.log Manager: start: Starting web application '/Agendaweb'
04-Jan-2021 12:52:37.659 INFO [http-nio-8084-exec-11] org.apache.catalina.core.ApplicationContext.log Manager: list: Listing contexts for virtual host 'localhost'
04-Jan-2021 12:52:37.675 INFO [http-nio-8084-exec-17] org.apache.catalina.core.ApplicationContext.log Manager: list: Listing contexts for virtual host 'localhost'
04-Jan-2021 12:52:37.694 INFO [http-nio-8084-exec-13] org.apache.catalina.core.ApplicationContext.log Manager: undeploy: Undeploying web application at '/Agendaweb'
04-Jan-2021 12:52:38.235 INFO [http-nio-8084-exec-16] org.apache.catalina.core.ApplicationContext.log Manager: install: Installing context configuration at 'file:/var/folders/h0/c85z4t193ql1f1s5fjrnlpb40000gn/T/context7197025933619724693.xml'
04-Jan-2021 12:52:39.556 INFO [http-nio-8084-exec-19] org.apache.catalina.core.ApplicationContext.log Manager: start: Starting web application '/Agendaweb'
04-Jan-2021 12:54:14.233 INFO [http-nio-8084-exec-24] org.apache.catalina.core.ApplicationContext.log Manager: list: Listing contexts for virtual host 'localhost'
04-Jan-2021 12:54:14.283 INFO [http-nio-8084-exec-25] org.apache.catalina.core.ApplicationContext.log Manager: restart: Reloading web application '/Agendaweb'
04-Jan-2021 12:54:17.167 INFO [http-nio-8084-exec-20] org.apache.catalina.core.ApplicationContext.log Manager: list: Listing contexts for virtual host 'localhost'
04-Jan-2021 12:54:17.210 INFO [http-nio-8084-exec-17] org.apache.catalina.core.ApplicationContext.log Manager: restart: Reloading web application '/Agendaweb'
04-Jan-2021 12:54:26.224 INFO [http-nio-8084-exec-13] org.apache.catalina.core.ApplicationContext.log Manager: list: Listing contexts for virtual host 'localhost'
04-Jan-2021 12:54:26.242 INFO [http-nio-8084-exec-29] org.apache.catalina.core.ApplicationContext.log Manager: list: Listing contexts for virtual host 'localhost'
04-Jan-2021 12:54:26.256 INFO [http-nio-8084-exec-30] org.apache.catalina.core.ApplicationContext.log Manager: undeploy: Undeploying web application at '/Agendaweb'
04-Jan-2021 12:54:26.781 INFO [http-nio-8084-exec-13] org.apache.catalina.core.ApplicationContext.log Manager: install: Installing context configuration at 'file:/var/folders/h0/c85z4t193ql1f1s5fjrnlpb40000gn/T/context4647948121313798497.xml'
04-Jan-2021 12:54:27.662 INFO [http-nio-8084-exec-17] org.apache.catalina.core.ApplicationContext.log Manager: start: Starting web application '/Agendaweb'
04-Jan-2021 12:56:14.525 INFO [http-nio-8084-exec-33] org.apache.catalina.core.ApplicationContext.log Manager: list: Listing contexts for virtual host 'localhost'
04-Jan-2021 12:56:14.561 INFO [http-nio-8084-exec-34] org.apache.catalina.core.ApplicationContext.log Manager: restart: Reloading web application '/Agendaweb'
04-Jan-2021 12:56:23.625 INFO [http-nio-8084-exec-36] org.apache.catalina.core.ApplicationContext.log Manager: list: Listing contexts for virtual host 'localhost'
04-Jan-2021 12:56:23.655 INFO [http-nio-8084-exec-32] org.apache.catalina.core.ApplicationContext.log Manager: list: Listing contexts for virtual host 'localhost'
04-Jan-2021 12:56:23.678 INFO [http-nio-8084-exec-35] org.apache.catalina.core.ApplicationContext.log Manager: undeploy: Undeploying web application at '/Agendaweb'
04-Jan-2021 12:56:24.208 INFO [http-nio-8084-exec-33] org.apache.catalina.core.ApplicationContext.log Manager: install: Installing context configuration at 'file:/var/folders/h0/c85z4t193ql1f1s5fjrnlpb40000gn/T/context17811087640966573247.xml'
04-Jan-2021 12:56:24.750 INFO [http-nio-8084-exec-35] org.apache.catalina.core.ApplicationContext.log Manager: list: Listing contexts for virtual host 'localhost'
04-Jan-2021 12:56:25.533 INFO [http-nio-8084-exec-41] org.apache.catalina.core.ApplicationContext.log Manager: restart: Reloading web application '/Agendaweb'
04-Jan-2021 12:56:26.806 INFO [http-nio-8084-exec-11] org.apache.catalina.core.ApplicationContext.log Manager: start: Starting web application '/Agendaweb'
