13-Feb-2021 15:03:21.673 INFO [http-nio-8084-exec-8] org.apache.catalina.core.ApplicationContext.log Manager: init: Associated with Deployer 'Catalina:type=Deployer,host=localhost'
13-Feb-2021 15:03:21.674 INFO [http-nio-8084-exec-8] org.apache.catalina.core.ApplicationContext.log Manager: init: Global resources are available
13-Feb-2021 15:03:21.778 INFO [http-nio-8084-exec-3] org.apache.catalina.core.ApplicationContext.log Manager: list: Listing contexts for virtual host 'localhost'
13-Feb-2021 15:03:21.794 INFO [http-nio-8084-exec-4] org.apache.catalina.core.ApplicationContext.log Manager: list: Listing contexts for virtual host 'localhost'
13-Feb-2021 15:03:21.874 INFO [http-nio-8084-exec-5] org.apache.catalina.core.ApplicationContext.log Manager: undeploy: Undeploying web application at '/WEMCOMPRIN1'
13-Feb-2021 15:03:22.475 INFO [http-nio-8084-exec-3] org.apache.catalina.core.ApplicationContext.log Manager: install: Installing context configuration at 'file:/var/folders/h0/c85z4t193ql1f1s5fjrnlpb40000gn/T/context1024672857574879777.xml'
13-Feb-2021 15:03:25.045 INFO [http-nio-8084-exec-8] org.apache.catalina.core.ApplicationContext.log Manager: start: Starting web application '/WEMCOMPRIN1'
13-Feb-2021 15:06:57.306 INFO [http-nio-8084-exec-18] org.apache.catalina.core.ApplicationContext.log Manager: list: Listing contexts for virtual host 'localhost'
13-Feb-2021 15:06:57.314 INFO [http-nio-8084-exec-11] org.apache.catalina.core.ApplicationContext.log Manager: list: Listing contexts for virtual host 'localhost'
13-Feb-2021 15:06:57.372 INFO [http-nio-8084-exec-12] org.apache.catalina.core.ApplicationContext.log Manager: undeploy: Undeploying web application at '/WEMCOMPRIN1'
13-Feb-2021 15:06:57.949 INFO [http-nio-8084-exec-13] org.apache.catalina.core.ApplicationContext.log Manager: install: Installing context configuration at 'file:/var/folders/h0/c85z4t193ql1f1s5fjrnlpb40000gn/T/context1704793095873866957.xml'
13-Feb-2021 15:06:58.352 INFO [http-nio-8084-exec-18] org.apache.catalina.core.ApplicationContext.log Manager: list: Listing contexts for virtual host 'localhost'
13-Feb-2021 15:07:00.711 INFO [http-nio-8084-exec-21] org.apache.catalina.core.ApplicationContext.log Manager: restart: Reloading web application '/WEMCOMPRIN1'
13-Feb-2021 15:07:02.943 INFO [http-nio-8084-exec-21] org.apache.catalina.core.ApplicationContext.log Manager: start: Starting web application '/WEMCOMPRIN1'
13-Feb-2021 15:17:52.171 INFO [http-nio-8084-exec-7] org.apache.catalina.core.ApplicationContext.log Manager: init: Associated with Deployer 'Catalina:type=Deployer,host=localhost'
13-Feb-2021 15:17:52.171 INFO [http-nio-8084-exec-7] org.apache.catalina.core.ApplicationContext.log Manager: init: Global resources are available
13-Feb-2021 15:17:52.251 INFO [http-nio-8084-exec-10] org.apache.catalina.core.ApplicationContext.log Manager: list: Listing contexts for virtual host 'localhost'
13-Feb-2021 15:17:52.270 INFO [http-nio-8084-exec-1] org.apache.catalina.core.ApplicationContext.log Manager: list: Listing contexts for virtual host 'localhost'
13-Feb-2021 15:17:52.321 INFO [http-nio-8084-exec-4] org.apache.catalina.core.ApplicationContext.log Manager: undeploy: Undeploying web application at '/WEMCOMPRIN1'
13-Feb-2021 15:17:52.920 INFO [http-nio-8084-exec-5] org.apache.catalina.core.ApplicationContext.log Manager: install: Installing context configuration at 'file:/var/folders/h0/c85z4t193ql1f1s5fjrnlpb40000gn/T/context14644496403936169174.xml'
13-Feb-2021 15:17:55.820 INFO [http-nio-8084-exec-5] org.apache.catalina.core.ApplicationContext.log Manager: start: Starting web application '/WEMCOMPRIN1'
13-Feb-2021 15:19:06.527 INFO [http-nio-8084-exec-14] org.apache.catalina.core.ApplicationContext.log Manager: list: Listing contexts for virtual host 'localhost'
13-Feb-2021 15:19:06.680 INFO [http-nio-8084-exec-15] org.apache.catalina.core.ApplicationContext.log Manager: restart: Reloading web application '/WEMCOMPRIN1'
13-Feb-2021 15:19:12.369 INFO [http-nio-8084-exec-12] org.apache.catalina.core.ApplicationContext.log Manager: list: Listing contexts for virtual host 'localhost'
13-Feb-2021 15:19:12.414 INFO [http-nio-8084-exec-19] org.apache.catalina.core.ApplicationContext.log Manager: restart: Reloading web application '/WEMCOMPRIN1'
13-Feb-2021 15:19:15.417 INFO [http-nio-8084-exec-14] org.apache.catalina.core.ApplicationContext.log Manager: list: Listing contexts for virtual host 'localhost'
13-Feb-2021 15:19:15.450 INFO [http-nio-8084-exec-22] org.apache.catalina.core.ApplicationContext.log Manager: restart: Reloading web application '/WEMCOMPRIN1'
13-Feb-2021 15:21:20.852 INFO [http-nio-8084-exec-30] org.apache.catalina.core.ApplicationContext.log Manager: list: Listing contexts for virtual host 'localhost'
13-Feb-2021 15:21:21.250 INFO [http-nio-8084-exec-17] org.apache.catalina.core.ApplicationContext.log Manager: list: Listing contexts for virtual host 'localhost'
13-Feb-2021 15:21:21.295 INFO [http-nio-8084-exec-26] org.apache.catalina.core.ApplicationContext.log Manager: restart: Reloading web application '/WEMCOMPRIN1'
13-Feb-2021 15:22:41.285 INFO [http-nio-8084-exec-34] org.apache.catalina.core.ApplicationContext.log Manager: list: Listing contexts for virtual host 'localhost'
13-Feb-2021 15:23:15.264 INFO [http-nio-8084-exec-31] org.apache.catalina.core.ApplicationContext.log Manager: list: Listing contexts for virtual host 'localhost'
13-Feb-2021 15:23:15.314 INFO [http-nio-8084-exec-25] org.apache.catalina.core.ApplicationContext.log Manager: restart: Reloading web application '/WEMCOMPRIN1'
13-Feb-2021 15:23:17.925 INFO [http-nio-8084-exec-39] org.apache.catalina.core.ApplicationContext.log Manager: list: Listing contexts for virtual host 'localhost'
13-Feb-2021 15:23:17.962 INFO [http-nio-8084-exec-25] org.apache.catalina.core.ApplicationContext.log Manager: restart: Reloading web application '/WEMCOMPRIN1'
13-Feb-2021 15:23:36.184 INFO [http-nio-8084-exec-35] org.apache.catalina.core.ApplicationContext.log Manager: list: Listing contexts for virtual host 'localhost'
13-Feb-2021 15:23:36.372 INFO [http-nio-8084-exec-36] org.apache.catalina.core.ApplicationContext.log Manager: restart: Reloading web application '/WEMCOMPRIN1'
13-Feb-2021 15:23:38.823 INFO [http-nio-8084-exec-31] org.apache.catalina.core.ApplicationContext.log Manager: list: Listing contexts for virtual host 'localhost'
13-Feb-2021 15:23:38.857 INFO [http-nio-8084-exec-38] org.apache.catalina.core.ApplicationContext.log Manager: restart: Reloading web application '/WEMCOMPRIN1'
13-Feb-2021 15:25:27.239 INFO [http-nio-8084-exec-37] org.apache.catalina.core.ApplicationContext.log Manager: list: Listing contexts for virtual host 'localhost'
13-Feb-2021 15:25:27.257 INFO [http-nio-8084-exec-45] org.apache.catalina.core.ApplicationContext.log Manager: restart: Reloading web application '/WEMCOMPRIN1'
13-Feb-2021 15:25:29.402 INFO [http-nio-8084-exec-39] org.apache.catalina.core.ApplicationContext.log Manager: list: Listing contexts for virtual host 'localhost'
13-Feb-2021 15:25:29.483 INFO [http-nio-8084-exec-42] org.apache.catalina.core.ApplicationContext.log Manager: restart: Reloading web application '/WEMCOMPRIN1'
13-Feb-2021 15:59:18.168 INFO [http-nio-8084-exec-7] org.apache.catalina.core.ApplicationContext.log Manager: init: Associated with Deployer 'Catalina:type=Deployer,host=localhost'
13-Feb-2021 15:59:18.168 INFO [http-nio-8084-exec-7] org.apache.catalina.core.ApplicationContext.log Manager: init: Global resources are available
13-Feb-2021 15:59:18.233 INFO [http-nio-8084-exec-3] org.apache.catalina.core.ApplicationContext.log Manager: list: Listing contexts for virtual host 'localhost'
13-Feb-2021 15:59:18.245 INFO [http-nio-8084-exec-2] org.apache.catalina.core.ApplicationContext.log Manager: list: Listing contexts for virtual host 'localhost'
13-Feb-2021 15:59:18.326 INFO [http-nio-8084-exec-4] org.apache.catalina.core.ApplicationContext.log Manager: undeploy: Undeploying web application at '/WEMCOMPRIN1'
13-Feb-2021 15:59:18.904 INFO [http-nio-8084-exec-6] org.apache.catalina.core.ApplicationContext.log Manager: install: Installing context configuration at 'file:/var/folders/h0/c85z4t193ql1f1s5fjrnlpb40000gn/T/context539310783219204922.xml'
13-Feb-2021 15:59:21.646 INFO [http-nio-8084-exec-2] org.apache.catalina.core.ApplicationContext.log Manager: start: Starting web application '/WEMCOMPRIN1'
13-Feb-2021 16:01:41.759 INFO [http-nio-8084-exec-20] org.apache.catalina.core.ApplicationContext.log Manager: list: Listing contexts for virtual host 'localhost'
13-Feb-2021 16:01:41.769 INFO [http-nio-8084-exec-13] org.apache.catalina.core.ApplicationContext.log Manager: list: Listing contexts for virtual host 'localhost'
13-Feb-2021 16:01:41.778 INFO [http-nio-8084-exec-15] org.apache.catalina.core.ApplicationContext.log Manager: undeploy: Undeploying web application at '/WEMCOMPRIN1'
13-Feb-2021 16:01:42.321 INFO [http-nio-8084-exec-11] org.apache.catalina.core.ApplicationContext.log Manager: restart: Reloading web application '/WEMCOMPRIN1'
13-Feb-2021 16:01:54.065 INFO [http-nio-8084-exec-19] org.apache.catalina.core.ApplicationContext.log Manager: list: Listing contexts for virtual host 'localhost'
13-Feb-2021 16:01:54.089 INFO [http-nio-8084-exec-13] org.apache.catalina.core.ApplicationContext.log Manager: list: Listing contexts for virtual host 'localhost'
13-Feb-2021 16:01:54.128 INFO [http-nio-8084-exec-14] org.apache.catalina.core.ApplicationContext.log Manager: install: Installing context configuration at 'file:/var/folders/h0/c85z4t193ql1f1s5fjrnlpb40000gn/T/context2405091400436025426.xml'
13-Feb-2021 16:01:55.707 INFO [http-nio-8084-exec-21] org.apache.catalina.core.ApplicationContext.log Manager: start: Starting web application '/WEMCOMPRIN1'
13-Feb-2021 16:04:58.777 INFO [http-nio-8084-exec-28] org.apache.catalina.core.ApplicationContext.log Manager: list: Listing contexts for virtual host 'localhost'
13-Feb-2021 16:04:58.790 INFO [http-nio-8084-exec-27] org.apache.catalina.core.ApplicationContext.log Manager: list: Listing contexts for virtual host 'localhost'
13-Feb-2021 16:04:58.823 INFO [http-nio-8084-exec-29] org.apache.catalina.core.ApplicationContext.log Manager: undeploy: Undeploying web application at '/WEMCOMPRIN1'
13-Feb-2021 16:04:59.390 INFO [http-nio-8084-exec-22] org.apache.catalina.core.ApplicationContext.log Manager: install: Installing context configuration at 'file:/var/folders/h0/c85z4t193ql1f1s5fjrnlpb40000gn/T/context15871322189927116743.xml'
13-Feb-2021 16:05:01.454 INFO [http-nio-8084-exec-26] org.apache.catalina.core.ApplicationContext.log Manager: start: Starting web application '/WEMCOMPRIN1'
13-Feb-2021 16:06:21.446 INFO [http-nio-8084-exec-28] org.apache.catalina.core.ApplicationContext.log Manager: list: Listing contexts for virtual host 'localhost'
13-Feb-2021 16:06:21.547 INFO [http-nio-8084-exec-33] org.apache.catalina.core.ApplicationContext.log Manager: restart: Reloading web application '/WEMCOMPRIN1'
13-Feb-2021 16:06:23.188 INFO [http-nio-8084-exec-31] org.apache.catalina.core.ApplicationContext.log Manager: list: Listing contexts for virtual host 'localhost'
13-Feb-2021 16:06:23.208 INFO [http-nio-8084-exec-24] org.apache.catalina.core.ApplicationContext.log Manager: list: Listing contexts for virtual host 'localhost'
13-Feb-2021 16:06:23.756 INFO [http-nio-8084-exec-36] org.apache.catalina.core.ApplicationContext.log Manager: undeploy: Undeploying web application at '/WEMCOMPRIN1'
13-Feb-2021 16:06:24.303 INFO [http-nio-8084-exec-34] org.apache.catalina.core.ApplicationContext.log Manager: install: Installing context configuration at 'file:/var/folders/h0/c85z4t193ql1f1s5fjrnlpb40000gn/T/context17835891770175086488.xml'
13-Feb-2021 16:06:25.477 INFO [http-nio-8084-exec-31] org.apache.catalina.core.ApplicationContext.log Manager: start: Starting web application '/WEMCOMPRIN1'
13-Feb-2021 16:11:37.737 INFO [http-nio-8084-exec-40] org.apache.catalina.core.ApplicationContext.log Manager: list: Listing contexts for virtual host 'localhost'
13-Feb-2021 16:11:37.780 INFO [http-nio-8084-exec-39] org.apache.catalina.core.ApplicationContext.log Manager: restart: Reloading web application '/WEMCOMPRIN1'
13-Feb-2021 16:17:22.089 INFO [http-nio-8084-exec-49] org.apache.catalina.core.ApplicationContext.log Manager: list: Listing contexts for virtual host 'localhost'
13-Feb-2021 16:17:22.130 INFO [http-nio-8084-exec-50] org.apache.catalina.core.ApplicationContext.log Manager: restart: Reloading web application '/WEMCOMPRIN1'
13-Feb-2021 16:19:26.184 INFO [http-nio-8084-exec-58] org.apache.catalina.core.ApplicationContext.log Manager: list: Listing contexts for virtual host 'localhost'
13-Feb-2021 16:19:26.221 INFO [http-nio-8084-exec-61] org.apache.catalina.core.ApplicationContext.log Manager: restart: Reloading web application '/WEMCOMPRIN1'
13-Feb-2021 16:23:11.864 INFO [http-nio-8084-exec-65] org.apache.catalina.core.ApplicationContext.log Manager: list: Listing contexts for virtual host 'localhost'
13-Feb-2021 16:23:11.892 INFO [http-nio-8084-exec-64] org.apache.catalina.core.ApplicationContext.log Manager: restart: Reloading web application '/WEMCOMPRIN1'
13-Feb-2021 16:25:07.024 INFO [http-nio-8084-exec-72] org.apache.catalina.core.ApplicationContext.log Manager: list: Listing contexts for virtual host 'localhost'
13-Feb-2021 16:25:07.046 INFO [http-nio-8084-exec-65] org.apache.catalina.core.ApplicationContext.log Manager: list: Listing contexts for virtual host 'localhost'
13-Feb-2021 16:25:07.104 INFO [http-nio-8084-exec-68] org.apache.catalina.core.ApplicationContext.log Manager: undeploy: Undeploying web application at '/WEMCOMPRIN1'
13-Feb-2021 16:25:07.246 INFO [http-nio-8084-exec-69] org.apache.catalina.core.ApplicationContext.log Manager: list: Listing contexts for virtual host 'localhost'
13-Feb-2021 16:25:07.659 INFO [http-nio-8084-exec-65] org.apache.catalina.core.ApplicationContext.log Manager: restart: Reloading web application '/WEMCOMPRIN1'
13-Feb-2021 16:25:07.679 INFO [http-nio-8084-exec-71] org.apache.catalina.core.ApplicationContext.log Manager: install: Installing context configuration at 'file:/var/folders/h0/c85z4t193ql1f1s5fjrnlpb40000gn/T/context8814531238657557505.xml'
13-Feb-2021 16:25:07.752 INFO [http-nio-8084-exec-68] org.apache.catalina.core.ApplicationContext.log Manager: list: Listing contexts for virtual host 'localhost'
13-Feb-2021 16:25:07.777 INFO [http-nio-8084-exec-65] org.apache.catalina.core.ApplicationContext.log Manager: list: Listing contexts for virtual host 'localhost'
13-Feb-2021 16:25:09.329 INFO [http-nio-8084-exec-70] org.apache.catalina.core.ApplicationContext.log Manager: undeploy: Undeploying web application at '/WEMCOMPRIN1'
13-Feb-2021 16:25:09.868 INFO [http-nio-8084-exec-72] org.apache.catalina.core.ApplicationContext.log Manager: start: Starting web application '/WEMCOMPRIN1'
13-Feb-2021 16:25:09.881 INFO [http-nio-8084-exec-68] org.apache.catalina.core.ApplicationContext.log Manager: install: Installing context configuration at 'file:/var/folders/h0/c85z4t193ql1f1s5fjrnlpb40000gn/T/context9794941212937918463.xml'
13-Feb-2021 16:25:11.381 INFO [http-nio-8084-exec-54] org.apache.catalina.core.ApplicationContext.log Manager: start: Starting web application '/WEMCOMPRIN1'
13-Feb-2021 16:29:56.640 INFO [http-nio-8084-exec-75] org.apache.catalina.core.ApplicationContext.log Manager: list: Listing contexts for virtual host 'localhost'
13-Feb-2021 16:30:04.665 INFO [http-nio-8084-exec-76] org.apache.catalina.core.ApplicationContext.log Manager: list: Listing contexts for virtual host 'localhost'
13-Feb-2021 16:30:04.697 INFO [http-nio-8084-exec-77] org.apache.catalina.core.ApplicationContext.log Manager: restart: Reloading web application '/WEMCOMPRIN1'
13-Feb-2021 16:30:06.880 INFO [http-nio-8084-exec-79] org.apache.catalina.core.ApplicationContext.log Manager: list: Listing contexts for virtual host 'localhost'
13-Feb-2021 16:30:06.921 INFO [http-nio-8084-exec-81] org.apache.catalina.core.ApplicationContext.log Manager: restart: Reloading web application '/WEMCOMPRIN1'
13-Feb-2021 16:31:08.204 INFO [http-nio-8084-exec-82] org.apache.catalina.core.ApplicationContext.log Manager: list: Listing contexts for virtual host 'localhost'
13-Feb-2021 16:31:08.495 INFO [http-nio-8084-exec-88] org.apache.catalina.core.ApplicationContext.log Manager: list: Listing contexts for virtual host 'localhost'
13-Feb-2021 16:31:08.533 INFO [http-nio-8084-exec-87] org.apache.catalina.core.ApplicationContext.log Manager: restart: Reloading web application '/WEMCOMPRIN1'
13-Feb-2021 16:31:10.715 INFO [http-nio-8084-exec-83] org.apache.catalina.core.ApplicationContext.log Manager: list: Listing contexts for virtual host 'localhost'
13-Feb-2021 16:31:10.746 INFO [http-nio-8084-exec-89] org.apache.catalina.core.ApplicationContext.log Manager: undeploy: Undeploying web application at '/WEMCOMPRIN1'
13-Feb-2021 16:31:36.445 INFO [http-nio-8084-exec-88] org.apache.catalina.core.ApplicationContext.log Manager: list: Listing contexts for virtual host 'localhost'
13-Feb-2021 16:31:36.456 INFO [http-nio-8084-exec-83] org.apache.catalina.core.ApplicationContext.log Manager: list: Listing contexts for virtual host 'localhost'
13-Feb-2021 16:31:36.478 INFO [http-nio-8084-exec-90] org.apache.catalina.core.ApplicationContext.log Manager: install: Installing context configuration at 'file:/var/folders/h0/c85z4t193ql1f1s5fjrnlpb40000gn/T/context12666678695273082505.xml'
13-Feb-2021 16:31:37.240 INFO [http-nio-8084-exec-91] org.apache.catalina.core.ApplicationContext.log Manager: start: Starting web application '/WEMCOMPRIN1'
13-Feb-2021 16:35:57.939 INFO [http-nio-8084-exec-93] org.apache.catalina.core.ApplicationContext.log Manager: list: Listing contexts for virtual host 'localhost'
13-Feb-2021 16:35:58.021 INFO [http-nio-8084-exec-92] org.apache.catalina.core.ApplicationContext.log Manager: restart: Reloading web application '/WEMCOMPRIN1'
13-Feb-2021 16:36:24.951 INFO [http-nio-8084-exec-93] org.apache.catalina.core.ApplicationContext.log Manager: list: Listing contexts for virtual host 'localhost'
13-Feb-2021 16:36:24.977 INFO [http-nio-8084-exec-97] org.apache.catalina.core.ApplicationContext.log Manager: restart: Reloading web application '/WEMCOMPRIN1'
13-Feb-2021 16:36:26.612 INFO [http-nio-8084-exec-96] org.apache.catalina.core.ApplicationContext.log Manager: list: Listing contexts for virtual host 'localhost'
13-Feb-2021 16:36:26.935 INFO [http-nio-8084-exec-94] org.apache.catalina.core.ApplicationContext.log Manager: list: Listing contexts for virtual host 'localhost'
13-Feb-2021 16:36:26.969 INFO [http-nio-8084-exec-101] org.apache.catalina.core.ApplicationContext.log Manager: restart: Reloading web application '/WEMCOMPRIN1'
13-Feb-2021 16:40:23.630 INFO [http-nio-8084-exec-106] org.apache.catalina.core.ApplicationContext.log Manager: list: Listing contexts for virtual host 'localhost'
13-Feb-2021 16:40:23.654 INFO [http-nio-8084-exec-105] org.apache.catalina.core.ApplicationContext.log Manager: restart: Reloading web application '/WEMCOMPRIN1'
13-Feb-2021 16:40:24.940 INFO [http-nio-8084-exec-108] org.apache.catalina.core.ApplicationContext.log Manager: list: Listing contexts for virtual host 'localhost'
13-Feb-2021 16:40:24.979 INFO [http-nio-8084-exec-109] org.apache.catalina.core.ApplicationContext.log Manager: restart: Reloading web application '/WEMCOMPRIN1'
13-Feb-2021 16:43:00.870 INFO [http-nio-8084-exec-114] org.apache.catalina.core.ApplicationContext.log Manager: list: Listing contexts for virtual host 'localhost'
13-Feb-2021 16:43:01.224 INFO [http-nio-8084-exec-109] org.apache.catalina.core.ApplicationContext.log Manager: list: Listing contexts for virtual host 'localhost'
13-Feb-2021 16:43:01.264 INFO [http-nio-8084-exec-113] org.apache.catalina.core.ApplicationContext.log Manager: restart: Reloading web application '/WEMCOMPRIN1'
13-Feb-2021 16:43:08.360 INFO [http-nio-8084-exec-109] org.apache.catalina.core.ApplicationContext.log Manager: list: Listing contexts for virtual host 'localhost'
13-Feb-2021 16:43:08.399 INFO [http-nio-8084-exec-110] org.apache.catalina.core.ApplicationContext.log Manager: undeploy: Undeploying web application at '/WEMCOMPRIN1'
13-Feb-2021 16:43:25.367 INFO [http-nio-8084-exec-116] org.apache.catalina.core.ApplicationContext.log Manager: list: Listing contexts for virtual host 'localhost'
13-Feb-2021 16:43:25.378 INFO [http-nio-8084-exec-98] org.apache.catalina.core.ApplicationContext.log Manager: list: Listing contexts for virtual host 'localhost'
13-Feb-2021 16:43:25.406 INFO [http-nio-8084-exec-103] org.apache.catalina.core.ApplicationContext.log Manager: install: Installing context configuration at 'file:/var/folders/h0/c85z4t193ql1f1s5fjrnlpb40000gn/T/context16419620613854804921.xml'
13-Feb-2021 16:43:26.109 INFO [http-nio-8084-exec-110] org.apache.catalina.core.ApplicationContext.log Manager: start: Starting web application '/WEMCOMPRIN1'
13-Feb-2021 16:44:16.748 INFO [http-nio-8084-exec-119] org.apache.catalina.core.ApplicationContext.log Manager: list: Listing contexts for virtual host 'localhost'
13-Feb-2021 16:44:16.760 INFO [http-nio-8084-exec-120] org.apache.catalina.core.ApplicationContext.log Manager: undeploy: Undeploying web application at '/WEMCOMPRIN1'
13-Feb-2021 16:44:26.780 INFO [http-nio-8084-exec-116] org.apache.catalina.core.ApplicationContext.log Manager: list: Listing contexts for virtual host 'localhost'
13-Feb-2021 16:44:26.795 INFO [http-nio-8084-exec-98] org.apache.catalina.core.ApplicationContext.log Manager: list: Listing contexts for virtual host 'localhost'
13-Feb-2021 16:44:26.815 INFO [http-nio-8084-exec-103] org.apache.catalina.core.ApplicationContext.log Manager: install: Installing context configuration at 'file:/var/folders/h0/c85z4t193ql1f1s5fjrnlpb40000gn/T/context17719549517478787366.xml'
13-Feb-2021 16:44:27.529 INFO [http-nio-8084-exec-120] org.apache.catalina.core.ApplicationContext.log Manager: start: Starting web application '/WEMCOMPRIN1'
13-Feb-2021 16:54:16.568 INFO [http-nio-8084-exec-124] org.apache.catalina.core.ApplicationContext.log Manager: list: Listing contexts for virtual host 'localhost'
13-Feb-2021 16:54:16.619 INFO [http-nio-8084-exec-125] org.apache.catalina.core.ApplicationContext.log Manager: restart: Reloading web application '/WEMCOMPRIN1'
13-Feb-2021 16:54:17.905 INFO [http-nio-8084-exec-126] org.apache.catalina.core.ApplicationContext.log Manager: list: Listing contexts for virtual host 'localhost'
13-Feb-2021 16:54:17.931 INFO [http-nio-8084-exec-124] org.apache.catalina.core.ApplicationContext.log Manager: restart: Reloading web application '/WEMCOMPRIN1'
13-Feb-2021 16:54:25.469 INFO [http-nio-8084-exec-129] org.apache.catalina.core.ApplicationContext.log Manager: list: Listing contexts for virtual host 'localhost'
13-Feb-2021 16:54:25.525 INFO [http-nio-8084-exec-131] org.apache.catalina.core.ApplicationContext.log Manager: restart: Reloading web application '/WEMCOMPRIN1'
13-Feb-2021 16:54:25.665 INFO [http-nio-8084-exec-133] org.apache.catalina.core.ApplicationContext.log Manager: list: Listing contexts for virtual host 'localhost'
13-Feb-2021 16:54:25.807 INFO [http-nio-8084-exec-126] org.apache.catalina.core.ApplicationContext.log Manager: list: Listing contexts for virtual host 'localhost'
13-Feb-2021 16:54:25.836 INFO [http-nio-8084-exec-128] org.apache.catalina.core.ApplicationContext.log Manager: restart: Reloading web application '/WEMCOMPRIN1'
13-Feb-2021 16:54:25.836 SEVERE [http-nio-8084-exec-128] org.apache.catalina.core.ApplicationContext.log Manager: Error reloading [/WEMCOMPRIN1]
	java.lang.IllegalStateException: Aún no se ha arrancado el Contexto [/WEMCOMPRIN1]
		at org.apache.catalina.core.StandardContext.reload(StandardContext.java:3775)
		at org.apache.catalina.manager.ManagerServlet.reload(ManagerServlet.java:1127)
		at org.apache.catalina.manager.ManagerServlet.doGet(ManagerServlet.java:366)
		at javax.servlet.http.HttpServlet.service(HttpServlet.java:626)
		at javax.servlet.http.HttpServlet.service(HttpServlet.java:733)
		at org.apache.catalina.core.ApplicationFilterChain.internalDoFilter(ApplicationFilterChain.java:231)
		at org.apache.catalina.core.ApplicationFilterChain.doFilter(ApplicationFilterChain.java:166)
		at org.apache.tomcat.websocket.server.WsFilter.doFilter(WsFilter.java:53)
		at org.apache.catalina.core.ApplicationFilterChain.internalDoFilter(ApplicationFilterChain.java:193)
		at org.apache.catalina.core.ApplicationFilterChain.doFilter(ApplicationFilterChain.java:166)
		at org.apache.catalina.filters.HttpHeaderSecurityFilter.doFilter(HttpHeaderSecurityFilter.java:126)
		at org.apache.catalina.core.ApplicationFilterChain.internalDoFilter(ApplicationFilterChain.java:193)
		at org.apache.catalina.core.ApplicationFilterChain.doFilter(ApplicationFilterChain.java:166)
		at org.apache.catalina.core.StandardWrapperValve.invoke(StandardWrapperValve.java:202)
		at org.apache.catalina.core.StandardContextValve.invoke(StandardContextValve.java:97)
		at org.apache.catalina.authenticator.AuthenticatorBase.invoke(AuthenticatorBase.java:667)
		at org.apache.catalina.valves.RequestFilterValve.process(RequestFilterValve.java:348)
		at org.apache.catalina.valves.RemoteAddrValve.invoke(RemoteAddrValve.java:53)
		at org.apache.catalina.core.StandardHostValve.invoke(StandardHostValve.java:143)
		at org.apache.catalina.valves.ErrorReportValve.invoke(ErrorReportValve.java:92)
		at org.apache.catalina.valves.AbstractAccessLogValve.invoke(AbstractAccessLogValve.java:690)
		at org.apache.catalina.core.StandardEngineValve.invoke(StandardEngineValve.java:78)
		at org.apache.catalina.connector.CoyoteAdapter.service(CoyoteAdapter.java:343)
		at org.apache.coyote.http11.Http11Processor.service(Http11Processor.java:374)
		at org.apache.coyote.AbstractProcessorLight.process(AbstractProcessorLight.java:65)
		at org.apache.coyote.AbstractProtocol$ConnectionHandler.process(AbstractProtocol.java:888)
		at org.apache.tomcat.util.net.NioEndpoint$SocketProcessor.doRun(NioEndpoint.java:1597)
		at org.apache.tomcat.util.net.SocketProcessorBase.run(SocketProcessorBase.java:49)
		at java.base/java.util.concurrent.ThreadPoolExecutor.runWorker(ThreadPoolExecutor.java:1128)
		at java.base/java.util.concurrent.ThreadPoolExecutor$Worker.run(ThreadPoolExecutor.java:628)
		at org.apache.tomcat.util.threads.TaskThread$WrappingRunnable.run(TaskThread.java:61)
		at java.base/java.lang.Thread.run(Thread.java:834)
13-Feb-2021 16:58:19.920 INFO [http-nio-8084-exec-132] org.apache.catalina.core.ApplicationContext.log Manager: list: Listing contexts for virtual host 'localhost'
13-Feb-2021 16:58:19.947 INFO [http-nio-8084-exec-134] org.apache.catalina.core.ApplicationContext.log Manager: list: Listing contexts for virtual host 'localhost'
13-Feb-2021 16:58:20.000 INFO [http-nio-8084-exec-133] org.apache.catalina.core.ApplicationContext.log Manager: undeploy: Undeploying web application at '/WEMCOMPRIN1'
13-Feb-2021 16:58:20.533 INFO [http-nio-8084-exec-132] org.apache.catalina.core.ApplicationContext.log Manager: install: Installing context configuration at 'file:/var/folders/h0/c85z4t193ql1f1s5fjrnlpb40000gn/T/context5282839444714506254.xml'
13-Feb-2021 16:58:21.571 INFO [http-nio-8084-exec-134] org.apache.catalina.core.ApplicationContext.log Manager: start: Starting web application '/WEMCOMPRIN1'
13-Feb-2021 16:58:21.782 INFO [http-nio-8084-exec-140] org.apache.catalina.core.ApplicationContext.log Manager: list: Listing contexts for virtual host 'localhost'
13-Feb-2021 16:58:21.803 INFO [http-nio-8084-exec-134] org.apache.catalina.core.ApplicationContext.log Manager: undeploy: Undeploying web application at '/WEMCOMPRIN1'
13-Feb-2021 16:58:21.895 INFO [http-nio-8084-exec-137] org.apache.catalina.core.ApplicationContext.log Manager: list: Listing contexts for virtual host 'localhost'
13-Feb-2021 16:58:22.336 INFO [http-nio-8084-exec-140] org.apache.catalina.core.ApplicationContext.log Manager: restart: Reloading web application '/WEMCOMPRIN1'
13-Feb-2021 16:58:23.300 INFO [http-nio-8084-exec-137] org.apache.catalina.core.ApplicationContext.log Manager: list: Listing contexts for virtual host 'localhost'
13-Feb-2021 16:58:23.313 INFO [http-nio-8084-exec-136] org.apache.catalina.core.ApplicationContext.log Manager: list: Listing contexts for virtual host 'localhost'
13-Feb-2021 16:58:23.345 INFO [http-nio-8084-exec-134] org.apache.catalina.core.ApplicationContext.log Manager: install: Installing context configuration at 'file:/var/folders/h0/c85z4t193ql1f1s5fjrnlpb40000gn/T/context10793132135699706565.xml'
13-Feb-2021 16:58:24.593 INFO [http-nio-8084-exec-140] org.apache.catalina.core.ApplicationContext.log Manager: start: Starting web application '/WEMCOMPRIN1'
13-Feb-2021 16:58:45.661 INFO [http-nio-8084-exec-136] org.apache.catalina.core.ApplicationContext.log Manager: list: Listing contexts for virtual host 'localhost'
13-Feb-2021 16:58:45.671 INFO [http-nio-8084-exec-135] org.apache.catalina.core.ApplicationContext.log Manager: list: Listing contexts for virtual host 'localhost'
13-Feb-2021 16:58:45.698 INFO [http-nio-8084-exec-143] org.apache.catalina.core.ApplicationContext.log Manager: undeploy: Undeploying web application at '/WEMCOMPRIN1'
13-Feb-2021 16:58:46.217 INFO [http-nio-8084-exec-141] org.apache.catalina.core.ApplicationContext.log Manager: install: Installing context configuration at 'file:/var/folders/h0/c85z4t193ql1f1s5fjrnlpb40000gn/T/context10163136308936983276.xml'
13-Feb-2021 16:58:46.962 INFO [http-nio-8084-exec-133] org.apache.catalina.core.ApplicationContext.log Manager: start: Starting web application '/WEMCOMPRIN1'
13-Feb-2021 17:04:15.800 INFO [http-nio-8084-exec-152] org.apache.catalina.core.ApplicationContext.log Manager: list: Listing contexts for virtual host 'localhost'
13-Feb-2021 17:04:15.815 INFO [http-nio-8084-exec-151] org.apache.catalina.core.ApplicationContext.log Manager: list: Listing contexts for virtual host 'localhost'
13-Feb-2021 17:04:15.850 INFO [http-nio-8084-exec-153] org.apache.catalina.core.ApplicationContext.log Manager: undeploy: Undeploying web application at '/WEMCOMPRIN1'
13-Feb-2021 17:04:16.383 INFO [http-nio-8084-exec-154] org.apache.catalina.core.ApplicationContext.log Manager: install: Installing context configuration at 'file:/var/folders/h0/c85z4t193ql1f1s5fjrnlpb40000gn/T/context12506279381169895592.xml'
13-Feb-2021 17:04:17.276 INFO [http-nio-8084-exec-145] org.apache.catalina.core.ApplicationContext.log Manager: start: Starting web application '/WEMCOMPRIN1'
13-Feb-2021 17:04:19.323 INFO [http-nio-8084-exec-148] org.apache.catalina.core.ApplicationContext.log Manager: list: Listing contexts for virtual host 'localhost'
13-Feb-2021 17:04:19.350 INFO [http-nio-8084-exec-146] org.apache.catalina.core.ApplicationContext.log Manager: undeploy: Undeploying web application at '/WEMCOMPRIN1'
13-Feb-2021 17:04:27.728 INFO [http-nio-8084-exec-150] org.apache.catalina.core.ApplicationContext.log Manager: list: Listing contexts for virtual host 'localhost'
13-Feb-2021 17:04:27.740 INFO [http-nio-8084-exec-156] org.apache.catalina.core.ApplicationContext.log Manager: list: Listing contexts for virtual host 'localhost'
13-Feb-2021 17:04:27.757 INFO [http-nio-8084-exec-155] org.apache.catalina.core.ApplicationContext.log Manager: install: Installing context configuration at 'file:/var/folders/h0/c85z4t193ql1f1s5fjrnlpb40000gn/T/context12247507695738166947.xml'
13-Feb-2021 17:04:28.468 INFO [http-nio-8084-exec-146] org.apache.catalina.core.ApplicationContext.log Manager: start: Starting web application '/WEMCOMPRIN1'
13-Feb-2021 17:08:16.070 INFO [http-nio-8084-exec-158] org.apache.catalina.core.ApplicationContext.log Manager: list: Listing contexts for virtual host 'localhost'
13-Feb-2021 17:08:16.102 INFO [http-nio-8084-exec-157] org.apache.catalina.core.ApplicationContext.log Manager: list: Listing contexts for virtual host 'localhost'
13-Feb-2021 17:08:16.112 INFO [http-nio-8084-exec-159] org.apache.catalina.core.ApplicationContext.log Manager: undeploy: Undeploying web application at '/WEMCOMPRIN1'
13-Feb-2021 17:08:16.642 INFO [http-nio-8084-exec-160] org.apache.catalina.core.ApplicationContext.log Manager: restart: Reloading web application '/WEMCOMPRIN1'
13-Feb-2021 17:08:16.977 INFO [http-nio-8084-exec-161] org.apache.catalina.core.ApplicationContext.log Manager: list: Listing contexts for virtual host 'localhost'
13-Feb-2021 17:08:16.993 INFO [http-nio-8084-exec-158] org.apache.catalina.core.ApplicationContext.log Manager: list: Listing contexts for virtual host 'localhost'
13-Feb-2021 17:08:17.019 INFO [http-nio-8084-exec-159] org.apache.catalina.core.ApplicationContext.log Manager: install: Installing context configuration at 'file:/var/folders/h0/c85z4t193ql1f1s5fjrnlpb40000gn/T/context8454168063513071447.xml'
13-Feb-2021 17:08:18.306 INFO [http-nio-8084-exec-160] org.apache.catalina.core.ApplicationContext.log Manager: start: Starting web application '/WEMCOMPRIN1'
13-Feb-2021 17:08:27.260 INFO [http-nio-8084-exec-162] org.apache.catalina.core.ApplicationContext.log Manager: list: Listing contexts for virtual host 'localhost'
13-Feb-2021 17:08:27.274 INFO [http-nio-8084-exec-157] org.apache.catalina.core.ApplicationContext.log Manager: list: Listing contexts for virtual host 'localhost'
13-Feb-2021 17:08:27.296 INFO [http-nio-8084-exec-164] org.apache.catalina.core.ApplicationContext.log Manager: undeploy: Undeploying web application at '/WEMCOMPRIN1'
13-Feb-2021 17:08:27.825 INFO [http-nio-8084-exec-160] org.apache.catalina.core.ApplicationContext.log Manager: install: Installing context configuration at 'file:/var/folders/h0/c85z4t193ql1f1s5fjrnlpb40000gn/T/context11199722444949678721.xml'
13-Feb-2021 17:08:28.589 INFO [http-nio-8084-exec-162] org.apache.catalina.core.ApplicationContext.log Manager: start: Starting web application '/WEMCOMPRIN1'
