21-Dec-2020 10:54:28.817 INFO [http-nio-8084-exec-5] org.apache.catalina.core.ApplicationContext.log Manager: init: Associated with Deployer 'Catalina:type=Deployer,host=localhost'
21-Dec-2020 10:54:28.824 INFO [http-nio-8084-exec-5] org.apache.catalina.core.ApplicationContext.log Manager: init: Global resources are available
21-Dec-2020 10:54:28.949 INFO [http-nio-8084-exec-9] org.apache.catalina.core.ApplicationContext.log Manager: list: Listing contexts for virtual host 'localhost'
21-Dec-2020 10:54:28.967 INFO [http-nio-8084-exec-2] org.apache.catalina.core.ApplicationContext.log Manager: list: Listing contexts for virtual host 'localhost'
21-Dec-2020 10:54:28.995 INFO [http-nio-8084-exec-10] org.apache.catalina.core.ApplicationContext.log Manager: undeploy: Undeploying web application at '/Agendaweb'
21-Dec-2020 10:54:29.580 INFO [http-nio-8084-exec-2] org.apache.catalina.core.ApplicationContext.log Manager: install: Installing context configuration at 'file:/var/folders/h0/c85z4t193ql1f1s5fjrnlpb40000gn/T/context16733153565346840461.xml'
21-Dec-2020 10:54:31.250 INFO [http-nio-8084-exec-6] org.apache.catalina.core.ApplicationContext.log Manager: start: Starting web application '/Agendaweb'
21-Dec-2020 10:55:08.593 INFO [http-nio-8084-exec-3] org.apache.catalina.core.ApplicationContext.log Manager: init: Associated with Deployer 'Catalina:type=Deployer,host=localhost'
21-Dec-2020 10:55:08.593 INFO [http-nio-8084-exec-3] org.apache.catalina.core.ApplicationContext.log Manager: init: Global resources are available
21-Dec-2020 10:55:08.636 INFO [http-nio-8084-exec-5] org.apache.catalina.core.ApplicationContext.log Manager: list: Listing contexts for virtual host 'localhost'
21-Dec-2020 10:55:08.661 INFO [http-nio-8084-exec-6] org.apache.catalina.core.ApplicationContext.log Manager: list: Listing contexts for virtual host 'localhost'
21-Dec-2020 10:55:08.688 INFO [http-nio-8084-exec-7] org.apache.catalina.core.ApplicationContext.log Manager: undeploy: Undeploying web application at '/Agendaweb'
21-Dec-2020 10:55:09.242 INFO [http-nio-8084-exec-3] org.apache.catalina.core.ApplicationContext.log Manager: install: Installing context configuration at 'file:/var/folders/h0/c85z4t193ql1f1s5fjrnlpb40000gn/T/context17444784403765514304.xml'
21-Dec-2020 10:55:10.593 INFO [http-nio-8084-exec-4] org.apache.catalina.core.ApplicationContext.log Manager: start: Starting web application '/Agendaweb'
21-Dec-2020 10:55:51.172 INFO [http-nio-8084-exec-3] org.apache.catalina.core.ApplicationContext.log Manager: init: Associated with Deployer 'Catalina:type=Deployer,host=localhost'
21-Dec-2020 10:55:51.172 INFO [http-nio-8084-exec-3] org.apache.catalina.core.ApplicationContext.log Manager: init: Global resources are available
21-Dec-2020 10:55:51.223 INFO [http-nio-8084-exec-3] org.apache.catalina.core.ApplicationContext.log Manager: list: Listing contexts for virtual host 'localhost'
21-Dec-2020 10:55:51.245 INFO [http-nio-8084-exec-5] org.apache.catalina.core.ApplicationContext.log Manager: list: Listing contexts for virtual host 'localhost'
21-Dec-2020 10:55:51.271 INFO [http-nio-8084-exec-6] org.apache.catalina.core.ApplicationContext.log Manager: undeploy: Undeploying web application at '/Agendaweb'
21-Dec-2020 10:55:51.845 INFO [http-nio-8084-exec-4] org.apache.catalina.core.ApplicationContext.log Manager: install: Installing context configuration at 'file:/var/folders/h0/c85z4t193ql1f1s5fjrnlpb40000gn/T/context1621534663094151973.xml'
21-Dec-2020 10:55:54.956 INFO [http-nio-8084-exec-10] org.apache.catalina.core.ApplicationContext.log Manager: start: Starting web application '/Agendaweb'
21-Dec-2020 10:59:20.622 INFO [http-nio-8084-exec-4] org.apache.catalina.core.ApplicationContext.log Manager: init: Associated with Deployer 'Catalina:type=Deployer,host=localhost'
21-Dec-2020 10:59:20.623 INFO [http-nio-8084-exec-4] org.apache.catalina.core.ApplicationContext.log Manager: init: Global resources are available
21-Dec-2020 10:59:20.667 INFO [http-nio-8084-exec-8] org.apache.catalina.core.ApplicationContext.log Manager: list: Listing contexts for virtual host 'localhost'
21-Dec-2020 10:59:20.677 INFO [http-nio-8084-exec-9] org.apache.catalina.core.ApplicationContext.log Manager: list: Listing contexts for virtual host 'localhost'
21-Dec-2020 10:59:20.694 INFO [http-nio-8084-exec-10] org.apache.catalina.core.ApplicationContext.log Manager: undeploy: Undeploying web application at '/Agendaweb'
21-Dec-2020 10:59:21.257 INFO [http-nio-8084-exec-3] org.apache.catalina.core.ApplicationContext.log Manager: install: Installing context configuration at 'file:/var/folders/h0/c85z4t193ql1f1s5fjrnlpb40000gn/T/context12041848715619482598.xml'
21-Dec-2020 10:59:22.547 INFO [http-nio-8084-exec-9] org.apache.catalina.core.ApplicationContext.log Manager: start: Starting web application '/Agendaweb'
21-Dec-2020 10:59:46.795 INFO [http-nio-8084-exec-1] org.apache.catalina.core.ApplicationContext.log Manager: list: Listing contexts for virtual host 'localhost'
21-Dec-2020 10:59:46.805 INFO [http-nio-8084-exec-11] org.apache.catalina.core.ApplicationContext.log Manager: list: Listing contexts for virtual host 'localhost'
21-Dec-2020 10:59:46.843 INFO [http-nio-8084-exec-2] org.apache.catalina.core.ApplicationContext.log Manager: undeploy: Undeploying web application at '/Agendaweb'
21-Dec-2020 10:59:47.379 INFO [http-nio-8084-exec-11] org.apache.catalina.core.ApplicationContext.log Manager: install: Installing context configuration at 'file:/var/folders/h0/c85z4t193ql1f1s5fjrnlpb40000gn/T/context16351199048251617337.xml'
21-Dec-2020 10:59:49.121 INFO [http-nio-8084-exec-6] org.apache.catalina.core.ApplicationContext.log Manager: start: Starting web application '/Agendaweb'
21-Dec-2020 11:00:54.676 INFO [http-nio-8084-exec-12] org.apache.catalina.core.ApplicationContext.log Manager: list: Listing contexts for virtual host 'localhost'
21-Dec-2020 11:00:54.686 INFO [http-nio-8084-exec-16] org.apache.catalina.core.ApplicationContext.log Manager: list: Listing contexts for virtual host 'localhost'
21-Dec-2020 11:00:54.706 INFO [http-nio-8084-exec-17] org.apache.catalina.core.ApplicationContext.log Manager: undeploy: Undeploying web application at '/Agendaweb'
21-Dec-2020 11:00:55.242 INFO [http-nio-8084-exec-16] org.apache.catalina.core.ApplicationContext.log Manager: install: Installing context configuration at 'file:/var/folders/h0/c85z4t193ql1f1s5fjrnlpb40000gn/T/context8117880100562559278.xml'
21-Dec-2020 11:00:56.278 INFO [http-nio-8084-exec-18] org.apache.catalina.core.ApplicationContext.log Manager: start: Starting web application '/Agendaweb'
21-Dec-2020 11:01:13.476 INFO [http-nio-8084-exec-15] org.apache.catalina.core.ApplicationContext.log Manager: list: Listing contexts for virtual host 'localhost'
21-Dec-2020 11:01:13.485 INFO [http-nio-8084-exec-19] org.apache.catalina.core.ApplicationContext.log Manager: list: Listing contexts for virtual host 'localhost'
21-Dec-2020 11:01:13.510 INFO [http-nio-8084-exec-17] org.apache.catalina.core.ApplicationContext.log Manager: undeploy: Undeploying web application at '/Agendaweb'
21-Dec-2020 11:01:14.038 INFO [http-nio-8084-exec-18] org.apache.catalina.core.ApplicationContext.log Manager: install: Installing context configuration at 'file:/var/folders/h0/c85z4t193ql1f1s5fjrnlpb40000gn/T/context7366104832102846337.xml'
21-Dec-2020 11:01:15.126 INFO [http-nio-8084-exec-1] org.apache.catalina.core.ApplicationContext.log Manager: start: Starting web application '/Agendaweb'
21-Dec-2020 11:01:54.395 INFO [http-nio-8084-exec-23] org.apache.catalina.core.ApplicationContext.log Manager: list: Listing contexts for virtual host 'localhost'
21-Dec-2020 11:01:54.405 INFO [http-nio-8084-exec-15] org.apache.catalina.core.ApplicationContext.log Manager: list: Listing contexts for virtual host 'localhost'
21-Dec-2020 11:01:54.421 INFO [http-nio-8084-exec-24] org.apache.catalina.core.ApplicationContext.log Manager: undeploy: Undeploying web application at '/Agendaweb'
21-Dec-2020 11:01:54.983 INFO [http-nio-8084-exec-1] org.apache.catalina.core.ApplicationContext.log Manager: install: Installing context configuration at 'file:/var/folders/h0/c85z4t193ql1f1s5fjrnlpb40000gn/T/context18427513841355242430.xml'
21-Dec-2020 11:01:56.005 INFO [http-nio-8084-exec-15] org.apache.catalina.core.ApplicationContext.log Manager: start: Starting web application '/Agendaweb'
21-Dec-2020 11:02:23.376 INFO [http-nio-8084-exec-26] org.apache.catalina.core.ApplicationContext.log Manager: list: Listing contexts for virtual host 'localhost'
21-Dec-2020 11:02:23.391 INFO [http-nio-8084-exec-30] org.apache.catalina.core.ApplicationContext.log Manager: list: Listing contexts for virtual host 'localhost'
21-Dec-2020 11:02:23.409 INFO [http-nio-8084-exec-22] org.apache.catalina.core.ApplicationContext.log Manager: undeploy: Undeploying web application at '/Agendaweb'
21-Dec-2020 11:02:23.937 INFO [http-nio-8084-exec-29] org.apache.catalina.core.ApplicationContext.log Manager: install: Installing context configuration at 'file:/var/folders/h0/c85z4t193ql1f1s5fjrnlpb40000gn/T/context8981663918729094768.xml'
21-Dec-2020 11:02:24.159 INFO [http-nio-8084-exec-27] org.apache.catalina.core.ApplicationContext.log Manager: list: Listing contexts for virtual host 'localhost'
21-Dec-2020 11:02:25.702 INFO [http-nio-8084-exec-22] org.apache.catalina.core.ApplicationContext.log Manager: restart: Reloading web application '/Agendaweb'
21-Dec-2020 11:02:26.758 INFO [http-nio-8084-exec-15] org.apache.catalina.core.ApplicationContext.log Manager: start: Starting web application '/Agendaweb'
