20-Jan-2021 15:42:18.822 INFO [http-nio-8084-exec-7] org.apache.catalina.core.ApplicationContext.log Manager: init: Associated with Deployer 'Catalina:type=Deployer,host=localhost'
20-Jan-2021 15:42:18.826 INFO [http-nio-8084-exec-7] org.apache.catalina.core.ApplicationContext.log Manager: init: Global resources are available
20-Jan-2021 15:42:18.886 INFO [http-nio-8084-exec-2] org.apache.catalina.core.ApplicationContext.log Manager: list: Listing contexts for virtual host 'localhost'
20-Jan-2021 15:42:18.899 INFO [http-nio-8084-exec-1] org.apache.catalina.core.ApplicationContext.log Manager: list: Listing contexts for virtual host 'localhost'
20-Jan-2021 15:42:18.926 INFO [http-nio-8084-exec-4] org.apache.catalina.core.ApplicationContext.log Manager: undeploy: Undeploying web application at '/WEMCOMPRIN1'
20-Jan-2021 15:42:19.515 INFO [http-nio-8084-exec-1] org.apache.catalina.core.ApplicationContext.log Manager: install: Installing context configuration at 'file:/var/folders/h0/c85z4t193ql1f1s5fjrnlpb40000gn/T/context2385982097030314786.xml'
20-Jan-2021 15:42:20.874 INFO [http-nio-8084-exec-6] org.apache.catalina.core.ApplicationContext.log Manager: start: Starting web application '/WEMCOMPRIN1'
20-Jan-2021 15:44:14.377 INFO [http-nio-8084-exec-14] org.apache.catalina.core.ApplicationContext.log Manager: list: Listing contexts for virtual host 'localhost'
20-Jan-2021 15:44:48.849 INFO [http-nio-8084-exec-11] org.apache.catalina.core.ApplicationContext.log Manager: list: Listing contexts for virtual host 'localhost'
20-Jan-2021 15:45:02.582 INFO [http-nio-8084-exec-17] org.apache.catalina.core.ApplicationContext.log Manager: list: Listing contexts for virtual host 'localhost'
20-Jan-2021 15:45:03.073 INFO [http-nio-8084-exec-12] org.apache.catalina.core.ApplicationContext.log Manager: list: Listing contexts for virtual host 'localhost'
20-Jan-2021 15:45:03.109 INFO [http-nio-8084-exec-18] org.apache.catalina.core.ApplicationContext.log Manager: restart: Reloading web application '/WEMCOMPRIN1'
20-Jan-2021 15:45:13.197 INFO [http-nio-8084-exec-12] org.apache.catalina.core.ApplicationContext.log Manager: list: Listing contexts for virtual host 'localhost'
20-Jan-2021 15:45:48.363 INFO [http-nio-8084-exec-18] org.apache.catalina.core.ApplicationContext.log Manager: list: Listing contexts for virtual host 'localhost'
20-Jan-2021 15:45:48.384 INFO [http-nio-8084-exec-23] org.apache.catalina.core.ApplicationContext.log Manager: restart: Reloading web application '/WEMCOMPRIN1'
20-Jan-2021 15:46:12.769 INFO [http-nio-8084-exec-22] org.apache.catalina.core.ApplicationContext.log Manager: list: Listing contexts for virtual host 'localhost'
20-Jan-2021 15:46:12.874 INFO [http-nio-8084-exec-12] org.apache.catalina.core.ApplicationContext.log Manager: restart: Reloading web application '/WEMCOMPRIN1'
20-Jan-2021 15:46:15.499 INFO [http-nio-8084-exec-15] org.apache.catalina.core.ApplicationContext.log Manager: list: Listing contexts for virtual host 'localhost'
20-Jan-2021 15:46:15.531 INFO [http-nio-8084-exec-22] org.apache.catalina.core.ApplicationContext.log Manager: restart: Reloading web application '/WEMCOMPRIN1'
20-Jan-2021 15:52:34.333 INFO [http-nio-8084-exec-30] org.apache.catalina.core.ApplicationContext.log Manager: list: Listing contexts for virtual host 'localhost'
20-Jan-2021 15:52:34.360 INFO [http-nio-8084-exec-29] org.apache.catalina.core.ApplicationContext.log Manager: restart: Reloading web application '/WEMCOMPRIN1'
20-Jan-2021 15:53:36.407 INFO [http-nio-8084-exec-34] org.apache.catalina.core.ApplicationContext.log Manager: list: Listing contexts for virtual host 'localhost'
20-Jan-2021 15:53:36.458 INFO [http-nio-8084-exec-32] org.apache.catalina.core.ApplicationContext.log Manager: restart: Reloading web application '/WEMCOMPRIN1'
20-Jan-2021 15:54:49.410 INFO [http-nio-8084-exec-41] org.apache.catalina.core.ApplicationContext.log Manager: list: Listing contexts for virtual host 'localhost'
20-Jan-2021 15:54:49.471 INFO [http-nio-8084-exec-34] org.apache.catalina.core.ApplicationContext.log Manager: restart: Reloading web application '/WEMCOMPRIN1'
20-Jan-2021 15:54:51.362 INFO [http-nio-8084-exec-39] org.apache.catalina.core.ApplicationContext.log Manager: list: Listing contexts for virtual host 'localhost'
20-Jan-2021 15:54:51.391 INFO [http-nio-8084-exec-27] org.apache.catalina.core.ApplicationContext.log Manager: restart: Reloading web application '/WEMCOMPRIN1'
20-Jan-2021 15:58:05.750 INFO [http-nio-8084-exec-46] org.apache.catalina.core.ApplicationContext.log Manager: list: Listing contexts for virtual host 'localhost'
20-Jan-2021 15:58:06.101 INFO [http-nio-8084-exec-43] org.apache.catalina.core.ApplicationContext.log Manager: list: Listing contexts for virtual host 'localhost'
20-Jan-2021 15:58:17.979 INFO [http-nio-8084-exec-47] org.apache.catalina.core.ApplicationContext.log Manager: list: Listing contexts for virtual host 'localhost'
20-Jan-2021 15:58:31.071 INFO [http-nio-8084-exec-30] org.apache.catalina.core.ApplicationContext.log Manager: list: Listing contexts for virtual host 'localhost'
20-Jan-2021 15:58:31.166 INFO [http-nio-8084-exec-46] org.apache.catalina.core.ApplicationContext.log Manager: list: Listing contexts for virtual host 'localhost'
20-Jan-2021 16:04:07.633 INFO [http-nio-8084-exec-50] org.apache.catalina.core.ApplicationContext.log Manager: list: Listing contexts for virtual host 'localhost'
20-Jan-2021 16:04:07.973 INFO [http-nio-8084-exec-49] org.apache.catalina.core.ApplicationContext.log Manager: list: Listing contexts for virtual host 'localhost'
20-Jan-2021 16:04:08.011 INFO [http-nio-8084-exec-51] org.apache.catalina.core.ApplicationContext.log Manager: restart: Reloading web application '/WEMCOMPRIN1'
20-Jan-2021 16:04:18.398 INFO [http-nio-8084-exec-49] org.apache.catalina.core.ApplicationContext.log Manager: list: Listing contexts for virtual host 'localhost'
20-Jan-2021 16:04:18.417 INFO [http-nio-8084-exec-48] org.apache.catalina.core.ApplicationContext.log Manager: undeploy: Undeploying web application at '/WEMCOMPRIN1'
20-Jan-2021 16:04:39.004 INFO [http-nio-8084-exec-56] org.apache.catalina.core.ApplicationContext.log Manager: list: Listing contexts for virtual host 'localhost'
20-Jan-2021 16:04:39.030 INFO [http-nio-8084-exec-52] org.apache.catalina.core.ApplicationContext.log Manager: list: Listing contexts for virtual host 'localhost'
20-Jan-2021 16:04:39.064 INFO [http-nio-8084-exec-47] org.apache.catalina.core.ApplicationContext.log Manager: install: Installing context configuration at 'file:/var/folders/h0/c85z4t193ql1f1s5fjrnlpb40000gn/T/context1481471195712865846.xml'
20-Jan-2021 16:04:39.879 INFO [http-nio-8084-exec-48] org.apache.catalina.core.ApplicationContext.log Manager: start: Starting web application '/WEMCOMPRIN1'
20-Jan-2021 16:08:32.942 INFO [http-nio-8084-exec-47] org.apache.catalina.core.ApplicationContext.log Manager: list: Listing contexts for virtual host 'localhost'
20-Jan-2021 16:08:32.956 INFO [http-nio-8084-exec-48] org.apache.catalina.core.ApplicationContext.log Manager: undeploy: Undeploying web application at '/WEMCOMPRIN1'
20-Jan-2021 16:08:46.544 INFO [http-nio-8084-exec-61] org.apache.catalina.core.ApplicationContext.log Manager: list: Listing contexts for virtual host 'localhost'
20-Jan-2021 16:09:58.307 INFO [http-nio-8084-exec-48] org.apache.catalina.core.ApplicationContext.log Manager: list: Listing contexts for virtual host 'localhost'
20-Jan-2021 16:10:25.007 INFO [http-nio-8084-exec-69] org.apache.catalina.core.ApplicationContext.log Manager: list: Listing contexts for virtual host 'localhost'
20-Jan-2021 16:10:25.017 INFO [http-nio-8084-exec-60] org.apache.catalina.core.ApplicationContext.log Manager: list: Listing contexts for virtual host 'localhost'
20-Jan-2021 16:10:25.046 INFO [http-nio-8084-exec-48] org.apache.catalina.core.ApplicationContext.log Manager: install: Installing context configuration at 'file:/var/folders/h0/c85z4t193ql1f1s5fjrnlpb40000gn/T/context4386834668762291582.xml'
20-Jan-2021 16:10:25.819 INFO [http-nio-8084-exec-71] org.apache.catalina.core.ApplicationContext.log Manager: start: Starting web application '/WEMCOMPRIN1'
20-Jan-2021 16:14:58.954 INFO [http-nio-8084-exec-6] org.apache.catalina.core.ApplicationContext.log Manager: init: Associated with Deployer 'Catalina:type=Deployer,host=localhost'
20-Jan-2021 16:14:58.956 INFO [http-nio-8084-exec-6] org.apache.catalina.core.ApplicationContext.log Manager: init: Global resources are available
20-Jan-2021 16:14:59.041 INFO [http-nio-8084-exec-10] org.apache.catalina.core.ApplicationContext.log Manager: list: Listing contexts for virtual host 'localhost'
20-Jan-2021 16:14:59.073 INFO [http-nio-8084-exec-3] org.apache.catalina.core.ApplicationContext.log Manager: list: Listing contexts for virtual host 'localhost'
20-Jan-2021 16:14:59.113 INFO [http-nio-8084-exec-1] org.apache.catalina.core.ApplicationContext.log Manager: undeploy: Undeploying web application at '/WEMCOMPRIN1'
20-Jan-2021 16:14:59.710 INFO [http-nio-8084-exec-7] org.apache.catalina.core.ApplicationContext.log Manager: install: Installing context configuration at 'file:/var/folders/h0/c85z4t193ql1f1s5fjrnlpb40000gn/T/context14068285810920469759.xml'
20-Jan-2021 16:15:00.948 INFO [http-nio-8084-exec-2] org.apache.catalina.core.ApplicationContext.log Manager: start: Starting web application '/WEMCOMPRIN1'
20-Jan-2021 16:15:40.629 INFO [http-nio-8084-exec-11] org.apache.catalina.core.ApplicationContext.log Manager: list: Listing contexts for virtual host 'localhost'
20-Jan-2021 16:15:40.648 INFO [http-nio-8084-exec-14] org.apache.catalina.core.ApplicationContext.log Manager: list: Listing contexts for virtual host 'localhost'
20-Jan-2021 16:15:40.688 INFO [http-nio-8084-exec-13] org.apache.catalina.core.ApplicationContext.log Manager: undeploy: Undeploying web application at '/WEMCOMPRIN1'
20-Jan-2021 16:15:40.737 INFO [http-nio-8084-exec-11] org.apache.catalina.core.ApplicationContext.log Manager: list: Listing contexts for virtual host 'localhost'
20-Jan-2021 16:15:41.236 INFO [http-nio-8084-exec-14] org.apache.catalina.core.ApplicationContext.log Manager: restart: Reloading web application '/WEMCOMPRIN1'
20-Jan-2021 16:15:41.244 INFO [http-nio-8084-exec-12] org.apache.catalina.core.ApplicationContext.log Manager: install: Installing context configuration at 'file:/var/folders/h0/c85z4t193ql1f1s5fjrnlpb40000gn/T/context17229263062757587288.xml'
20-Jan-2021 16:15:42.828 INFO [http-nio-8084-exec-15] org.apache.catalina.core.ApplicationContext.log Manager: start: Starting web application '/WEMCOMPRIN1'
20-Jan-2021 16:17:19.053 INFO [http-nio-8084-exec-4] org.apache.catalina.core.ApplicationContext.log Manager: init: Associated with Deployer 'Catalina:type=Deployer,host=localhost'
20-Jan-2021 16:17:19.053 INFO [http-nio-8084-exec-4] org.apache.catalina.core.ApplicationContext.log Manager: init: Global resources are available
20-Jan-2021 16:17:19.086 INFO [http-nio-8084-exec-7] org.apache.catalina.core.ApplicationContext.log Manager: list: Listing contexts for virtual host 'localhost'
20-Jan-2021 16:17:19.103 INFO [http-nio-8084-exec-8] org.apache.catalina.core.ApplicationContext.log Manager: list: Listing contexts for virtual host 'localhost'
20-Jan-2021 16:17:19.134 INFO [http-nio-8084-exec-9] org.apache.catalina.core.ApplicationContext.log Manager: undeploy: Undeploying web application at '/WEMCOMPRIN1'
20-Jan-2021 16:17:19.694 INFO [http-nio-8084-exec-4] org.apache.catalina.core.ApplicationContext.log Manager: install: Installing context configuration at 'file:/var/folders/h0/c85z4t193ql1f1s5fjrnlpb40000gn/T/context17640939490321356345.xml'
20-Jan-2021 16:17:20.761 INFO [http-nio-8084-exec-10] org.apache.catalina.core.ApplicationContext.log Manager: start: Starting web application '/WEMCOMPRIN1'
20-Jan-2021 16:17:22.524 INFO [http-nio-8084-exec-10] org.apache.catalina.core.ApplicationContext.log Manager: list: Listing contexts for virtual host 'localhost'
20-Jan-2021 16:17:22.628 INFO [http-nio-8084-exec-8] org.apache.catalina.core.ApplicationContext.log Manager: restart: Reloading web application '/WEMCOMPRIN1'
20-Jan-2021 16:33:46.855 INFO [http-nio-8084-exec-4] org.apache.catalina.core.ApplicationContext.log Manager: init: Associated with Deployer 'Catalina:type=Deployer,host=localhost'
20-Jan-2021 16:33:46.855 INFO [http-nio-8084-exec-4] org.apache.catalina.core.ApplicationContext.log Manager: init: Global resources are available
20-Jan-2021 16:33:46.902 INFO [http-nio-8084-exec-9] org.apache.catalina.core.ApplicationContext.log Manager: list: Listing contexts for virtual host 'localhost'
20-Jan-2021 16:33:46.931 INFO [http-nio-8084-exec-10] org.apache.catalina.core.ApplicationContext.log Manager: list: Listing contexts for virtual host 'localhost'
20-Jan-2021 16:33:46.965 INFO [http-nio-8084-exec-2] org.apache.catalina.core.ApplicationContext.log Manager: undeploy: Undeploying web application at '/WEMCOMPRIN1'
20-Jan-2021 16:33:47.565 INFO [http-nio-8084-exec-7] org.apache.catalina.core.ApplicationContext.log Manager: list: Listing contexts for virtual host 'localhost'
20-Jan-2021 16:33:47.581 INFO [http-nio-8084-exec-4] org.apache.catalina.core.ApplicationContext.log Manager: list: Listing contexts for virtual host 'localhost'
20-Jan-2021 16:33:47.582 INFO [http-nio-8084-exec-8] org.apache.catalina.core.ApplicationContext.log Manager: install: Installing context configuration at 'file:/var/folders/h0/c85z4t193ql1f1s5fjrnlpb40000gn/T/context4954160077836913881.xml'
20-Jan-2021 16:33:48.736 INFO [http-nio-8084-exec-10] org.apache.catalina.core.ApplicationContext.log Manager: install: Installing context configuration at 'file:/var/folders/h0/c85z4t193ql1f1s5fjrnlpb40000gn/T/context194444558576218382.xml'
20-Jan-2021 16:33:48.743 INFO [http-nio-8084-exec-11] org.apache.catalina.core.ApplicationContext.log Manager: start: Starting web application '/WEMCOMPRIN1'
20-Jan-2021 16:33:54.991 INFO [http-nio-8084-exec-7] org.apache.catalina.core.ApplicationContext.log Manager: list: Listing contexts for virtual host 'localhost'
20-Jan-2021 16:33:55.001 INFO [http-nio-8084-exec-10] org.apache.catalina.core.ApplicationContext.log Manager: list: Listing contexts for virtual host 'localhost'
20-Jan-2021 16:33:55.019 INFO [http-nio-8084-exec-4] org.apache.catalina.core.ApplicationContext.log Manager: undeploy: Undeploying web application at '/WEMCOMPRIN1'
20-Jan-2021 16:33:55.541 INFO [http-nio-8084-exec-10] org.apache.catalina.core.ApplicationContext.log Manager: install: Installing context configuration at 'file:/var/folders/h0/c85z4t193ql1f1s5fjrnlpb40000gn/T/context6193072330116791784.xml'
20-Jan-2021 16:33:56.565 INFO [http-nio-8084-exec-5] org.apache.catalina.core.ApplicationContext.log Manager: start: Starting web application '/WEMCOMPRIN1'
20-Jan-2021 16:36:16.468 INFO [http-nio-8084-exec-15] org.apache.catalina.core.ApplicationContext.log Manager: list: Listing contexts for virtual host 'localhost'
20-Jan-2021 16:36:16.481 INFO [http-nio-8084-exec-16] org.apache.catalina.core.ApplicationContext.log Manager: list: Listing contexts for virtual host 'localhost'
20-Jan-2021 16:36:16.497 INFO [http-nio-8084-exec-17] org.apache.catalina.core.ApplicationContext.log Manager: undeploy: Undeploying web application at '/WEMCOMPRIN1'
20-Jan-2021 16:36:17.084 INFO [http-nio-8084-exec-16] org.apache.catalina.core.ApplicationContext.log Manager: restart: Reloading web application '/WEMCOMPRIN1'
20-Jan-2021 16:36:44.283 INFO [http-nio-8084-exec-20] org.apache.catalina.core.ApplicationContext.log Manager: list: Listing contexts for virtual host 'localhost'
20-Jan-2021 16:36:44.290 INFO [http-nio-8084-exec-19] org.apache.catalina.core.ApplicationContext.log Manager: list: Listing contexts for virtual host 'localhost'
20-Jan-2021 16:36:44.315 INFO [http-nio-8084-exec-24] org.apache.catalina.core.ApplicationContext.log Manager: install: Installing context configuration at 'file:/var/folders/h0/c85z4t193ql1f1s5fjrnlpb40000gn/T/context8516916666669511718.xml'
20-Jan-2021 16:36:45.443 INFO [http-nio-8084-exec-15] org.apache.catalina.core.ApplicationContext.log Manager: start: Starting web application '/WEMCOMPRIN1'
20-Jan-2021 16:39:06.037 INFO [http-nio-8084-exec-24] org.apache.catalina.core.ApplicationContext.log Manager: list: Listing contexts for virtual host 'localhost'
20-Jan-2021 16:39:06.062 INFO [http-nio-8084-exec-29] org.apache.catalina.core.ApplicationContext.log Manager: list: Listing contexts for virtual host 'localhost'
20-Jan-2021 16:39:06.117 INFO [http-nio-8084-exec-31] org.apache.catalina.core.ApplicationContext.log Manager: undeploy: Undeploying web application at '/WEMCOMPRIN1'
20-Jan-2021 16:39:06.648 INFO [http-nio-8084-exec-24] org.apache.catalina.core.ApplicationContext.log Manager: install: Installing context configuration at 'file:/var/folders/h0/c85z4t193ql1f1s5fjrnlpb40000gn/T/context4603318870278275182.xml'
20-Jan-2021 16:39:07.833 INFO [http-nio-8084-exec-27] org.apache.catalina.core.ApplicationContext.log Manager: list: Listing contexts for virtual host 'localhost'
20-Jan-2021 16:39:08.073 INFO [http-nio-8084-exec-32] org.apache.catalina.core.ApplicationContext.log Manager: undeploy: Undeploying web application at '/WEMCOMPRIN1'
20-Jan-2021 16:39:08.599 INFO [http-nio-8084-exec-31] org.apache.catalina.core.ApplicationContext.log Manager: start: Starting web application '/WEMCOMPRIN1'
20-Jan-2021 16:39:21.164 INFO [http-nio-8084-exec-33] org.apache.catalina.core.ApplicationContext.log Manager: list: Listing contexts for virtual host 'localhost'
20-Jan-2021 16:39:21.175 INFO [http-nio-8084-exec-25] org.apache.catalina.core.ApplicationContext.log Manager: list: Listing contexts for virtual host 'localhost'
20-Jan-2021 16:39:21.239 INFO [http-nio-8084-exec-30] org.apache.catalina.core.ApplicationContext.log Manager: install: Installing context configuration at 'file:/var/folders/h0/c85z4t193ql1f1s5fjrnlpb40000gn/T/context7078160403200124910.xml'
20-Jan-2021 16:39:22.174 INFO [http-nio-8084-exec-29] org.apache.catalina.core.ApplicationContext.log Manager: start: Starting web application '/WEMCOMPRIN1'
20-Jan-2021 16:40:59.887 INFO [http-nio-8084-exec-39] org.apache.catalina.core.ApplicationContext.log Manager: list: Listing contexts for virtual host 'localhost'
20-Jan-2021 16:40:59.900 INFO [http-nio-8084-exec-40] org.apache.catalina.core.ApplicationContext.log Manager: list: Listing contexts for virtual host 'localhost'
20-Jan-2021 16:40:59.929 INFO [http-nio-8084-exec-41] org.apache.catalina.core.ApplicationContext.log Manager: undeploy: Undeploying web application at '/WEMCOMPRIN1'
20-Jan-2021 16:41:00.029 INFO [http-nio-8084-exec-37] org.apache.catalina.core.ApplicationContext.log Manager: list: Listing contexts for virtual host 'localhost'
20-Jan-2021 16:41:00.460 INFO [http-nio-8084-exec-35] org.apache.catalina.core.ApplicationContext.log Manager: restart: Reloading web application '/WEMCOMPRIN1'
20-Jan-2021 16:41:00.473 INFO [http-nio-8084-exec-40] org.apache.catalina.core.ApplicationContext.log Manager: install: Installing context configuration at 'file:/var/folders/h0/c85z4t193ql1f1s5fjrnlpb40000gn/T/context3934428286145332156.xml'
20-Jan-2021 16:41:01.701 INFO [http-nio-8084-exec-42] org.apache.catalina.core.ApplicationContext.log Manager: start: Starting web application '/WEMCOMPRIN1'
20-Jan-2021 20:44:58.242 INFO [http-nio-8084-exec-50] org.apache.catalina.core.ApplicationContext.log Manager: list: Listing contexts for virtual host 'localhost'
20-Jan-2021 20:44:58.258 INFO [http-nio-8084-exec-51] org.apache.catalina.core.ApplicationContext.log Manager: list: Listing contexts for virtual host 'localhost'
20-Jan-2021 20:44:58.286 INFO [http-nio-8084-exec-44] org.apache.catalina.core.ApplicationContext.log Manager: undeploy: Undeploying web application at '/WEMCOMPRIN1'
20-Jan-2021 20:44:58.831 INFO [http-nio-8084-exec-52] org.apache.catalina.core.ApplicationContext.log Manager: install: Installing context configuration at 'file:/var/folders/h0/c85z4t193ql1f1s5fjrnlpb40000gn/T/context4404301355764499059.xml'
20-Jan-2021 20:45:00.216 INFO [http-nio-8084-exec-47] org.apache.catalina.core.ApplicationContext.log Manager: start: Starting web application '/WEMCOMPRIN1'
