12-Jan-2021 10:15:44.120 INFO [http-nio-8084-exec-8] org.apache.catalina.core.ApplicationContext.log Manager: init: Associated with Deployer 'Catalina:type=Deployer,host=localhost'
12-Jan-2021 10:15:44.128 INFO [http-nio-8084-exec-8] org.apache.catalina.core.ApplicationContext.log Manager: init: Global resources are available
12-Jan-2021 10:15:44.223 INFO [http-nio-8084-exec-3] org.apache.catalina.core.ApplicationContext.log Manager: list: Listing contexts for virtual host 'localhost'
12-Jan-2021 10:15:44.243 INFO [http-nio-8084-exec-1] org.apache.catalina.core.ApplicationContext.log Manager: list: Listing contexts for virtual host 'localhost'
12-Jan-2021 10:15:44.276 INFO [http-nio-8084-exec-4] org.apache.catalina.core.ApplicationContext.log Manager: undeploy: Undeploying web application at '/Wcom'
12-Jan-2021 10:15:44.849 INFO [http-nio-8084-exec-1] org.apache.catalina.core.ApplicationContext.log Manager: install: Installing context configuration at 'file:/var/folders/h0/c85z4t193ql1f1s5fjrnlpb40000gn/T/context11147596576446147067.xml'
12-Jan-2021 10:15:46.554 INFO [http-nio-8084-exec-6] org.apache.catalina.core.ApplicationContext.log Manager: start: Starting web application '/Wcom'
12-Jan-2021 10:38:40.155 INFO [http-nio-8084-exec-15] org.apache.catalina.core.ApplicationContext.log Manager: list: Listing contexts for virtual host 'localhost'
12-Jan-2021 10:38:40.184 INFO [http-nio-8084-exec-11] org.apache.catalina.core.ApplicationContext.log Manager: list: Listing contexts for virtual host 'localhost'
12-Jan-2021 10:38:40.198 INFO [http-nio-8084-exec-20] org.apache.catalina.core.ApplicationContext.log Manager: list: Listing contexts for virtual host 'localhost'
12-Jan-2021 10:38:40.233 INFO [http-nio-8084-exec-15] org.apache.catalina.core.ApplicationContext.log Manager: undeploy: Undeploying web application at '/Wcom'
12-Jan-2021 10:38:40.797 INFO [http-nio-8084-exec-13] org.apache.catalina.core.ApplicationContext.log Manager: install: Installing context configuration at 'file:/var/folders/h0/c85z4t193ql1f1s5fjrnlpb40000gn/T/context18019243434287614862.xml'
12-Jan-2021 10:38:44.590 INFO [http-nio-8084-exec-20] org.apache.catalina.core.ApplicationContext.log Manager: start: Starting web application '/Wcom'
12-Jan-2021 10:48:10.755 INFO [http-nio-8084-exec-6] org.apache.catalina.core.ApplicationContext.log Manager: init: Associated with Deployer 'Catalina:type=Deployer,host=localhost'
12-Jan-2021 10:48:10.756 INFO [http-nio-8084-exec-6] org.apache.catalina.core.ApplicationContext.log Manager: init: Global resources are available
12-Jan-2021 10:48:10.833 INFO [http-nio-8084-exec-10] org.apache.catalina.core.ApplicationContext.log Manager: list: Listing contexts for virtual host 'localhost'
12-Jan-2021 10:48:10.845 INFO [http-nio-8084-exec-2] org.apache.catalina.core.ApplicationContext.log Manager: list: Listing contexts for virtual host 'localhost'
12-Jan-2021 10:48:10.882 INFO [http-nio-8084-exec-3] org.apache.catalina.core.ApplicationContext.log Manager: undeploy: Undeploying web application at '/Wcom'
12-Jan-2021 10:48:11.448 INFO [http-nio-8084-exec-1] org.apache.catalina.core.ApplicationContext.log Manager: install: Installing context configuration at 'file:/var/folders/h0/c85z4t193ql1f1s5fjrnlpb40000gn/T/context5103068833348426013.xml'
12-Jan-2021 10:48:13.761 INFO [http-nio-8084-exec-9] org.apache.catalina.core.ApplicationContext.log Manager: start: Starting web application '/Wcom'
12-Jan-2021 10:53:41.829 INFO [http-nio-8084-exec-15] org.apache.catalina.core.ApplicationContext.log Manager: list: Listing contexts for virtual host 'localhost'
12-Jan-2021 13:06:55.243 INFO [http-nio-8084-exec-7] org.apache.catalina.core.ApplicationContext.log Manager: init: Associated with Deployer 'Catalina:type=Deployer,host=localhost'
12-Jan-2021 13:06:55.246 INFO [http-nio-8084-exec-7] org.apache.catalina.core.ApplicationContext.log Manager: init: Global resources are available
12-Jan-2021 13:06:55.330 INFO [http-nio-8084-exec-10] org.apache.catalina.core.ApplicationContext.log Manager: list: Listing contexts for virtual host 'localhost'
12-Jan-2021 13:06:55.343 INFO [http-nio-8084-exec-1] org.apache.catalina.core.ApplicationContext.log Manager: list: Listing contexts for virtual host 'localhost'
12-Jan-2021 13:06:55.372 INFO [http-nio-8084-exec-3] org.apache.catalina.core.ApplicationContext.log Manager: undeploy: Undeploying web application at '/Wcom'
12-Jan-2021 13:06:55.941 INFO [http-nio-8084-exec-6] org.apache.catalina.core.ApplicationContext.log Manager: install: Installing context configuration at 'file:/var/folders/h0/c85z4t193ql1f1s5fjrnlpb40000gn/T/context10835108159318408945.xml'
12-Jan-2021 13:06:57.035 INFO [http-nio-8084-exec-5] org.apache.catalina.core.ApplicationContext.log Manager: start: Starting web application '/Wcom'
12-Jan-2021 13:08:06.354 INFO [http-nio-8084-exec-7] org.apache.catalina.core.ApplicationContext.log Manager: list: Listing contexts for virtual host 'localhost'
12-Jan-2021 13:08:06.369 INFO [http-nio-8084-exec-16] org.apache.catalina.core.ApplicationContext.log Manager: undeploy: Undeploying web application at '/Wcom'
12-Jan-2021 13:08:25.547 INFO [http-nio-8084-exec-7] org.apache.catalina.core.ApplicationContext.log Manager: list: Listing contexts for virtual host 'localhost'
12-Jan-2021 13:08:25.561 INFO [http-nio-8084-exec-17] org.apache.catalina.core.ApplicationContext.log Manager: list: Listing contexts for virtual host 'localhost'
12-Jan-2021 13:08:25.581 INFO [http-nio-8084-exec-18] org.apache.catalina.core.ApplicationContext.log Manager: install: Installing context configuration at 'file:/var/folders/h0/c85z4t193ql1f1s5fjrnlpb40000gn/T/context4191246655421238816.xml'
12-Jan-2021 13:08:26.837 INFO [http-nio-8084-exec-14] org.apache.catalina.core.ApplicationContext.log Manager: start: Starting web application '/Wcom'
12-Jan-2021 13:13:16.147 INFO [http-nio-8084-exec-23] org.apache.catalina.core.ApplicationContext.log Manager: list: Listing contexts for virtual host 'localhost'
12-Jan-2021 13:13:16.161 INFO [http-nio-8084-exec-26] org.apache.catalina.core.ApplicationContext.log Manager: list: Listing contexts for virtual host 'localhost'
12-Jan-2021 13:13:16.174 INFO [http-nio-8084-exec-25] org.apache.catalina.core.ApplicationContext.log Manager: undeploy: Undeploying web application at '/Wcom'
12-Jan-2021 13:13:16.714 INFO [http-nio-8084-exec-21] org.apache.catalina.core.ApplicationContext.log Manager: install: Installing context configuration at 'file:/var/folders/h0/c85z4t193ql1f1s5fjrnlpb40000gn/T/context11361208361524576228.xml'
12-Jan-2021 13:13:17.901 INFO [http-nio-8084-exec-23] org.apache.catalina.core.ApplicationContext.log Manager: start: Starting web application '/Wcom'
12-Jan-2021 14:32:40.722 INFO [http-nio-8084-exec-7] org.apache.catalina.core.ApplicationContext.log Manager: init: Associated with Deployer 'Catalina:type=Deployer,host=localhost'
12-Jan-2021 14:32:40.724 INFO [http-nio-8084-exec-7] org.apache.catalina.core.ApplicationContext.log Manager: init: Global resources are available
12-Jan-2021 14:32:40.783 INFO [http-nio-8084-exec-3] org.apache.catalina.core.ApplicationContext.log Manager: list: Listing contexts for virtual host 'localhost'
12-Jan-2021 14:32:40.794 INFO [http-nio-8084-exec-2] org.apache.catalina.core.ApplicationContext.log Manager: list: Listing contexts for virtual host 'localhost'
12-Jan-2021 14:32:40.818 INFO [http-nio-8084-exec-4] org.apache.catalina.core.ApplicationContext.log Manager: undeploy: Undeploying web application at '/Wcom'
12-Jan-2021 14:32:41.372 INFO [http-nio-8084-exec-5] org.apache.catalina.core.ApplicationContext.log Manager: install: Installing context configuration at 'file:/var/folders/h0/c85z4t193ql1f1s5fjrnlpb40000gn/T/context4185510831645356910.xml'
12-Jan-2021 14:32:42.561 INFO [http-nio-8084-exec-9] org.apache.catalina.core.ApplicationContext.log Manager: start: Starting web application '/Wcom'
12-Jan-2021 14:33:50.266 INFO [http-nio-8084-exec-11] org.apache.catalina.core.ApplicationContext.log Manager: list: Listing contexts for virtual host 'localhost'
12-Jan-2021 14:33:50.435 INFO [http-nio-8084-exec-12] org.apache.catalina.core.ApplicationContext.log Manager: restart: Reloading web application '/Wcom'
12-Jan-2021 14:36:41.630 INFO [http-nio-8084-exec-4] org.apache.catalina.core.ApplicationContext.log Manager: init: Associated with Deployer 'Catalina:type=Deployer,host=localhost'
12-Jan-2021 14:36:41.631 INFO [http-nio-8084-exec-4] org.apache.catalina.core.ApplicationContext.log Manager: init: Global resources are available
12-Jan-2021 14:36:41.666 INFO [http-nio-8084-exec-7] org.apache.catalina.core.ApplicationContext.log Manager: list: Listing contexts for virtual host 'localhost'
12-Jan-2021 14:36:41.685 INFO [http-nio-8084-exec-8] org.apache.catalina.core.ApplicationContext.log Manager: list: Listing contexts for virtual host 'localhost'
12-Jan-2021 14:36:41.711 INFO [http-nio-8084-exec-9] org.apache.catalina.core.ApplicationContext.log Manager: undeploy: Undeploying web application at '/Wcom'
12-Jan-2021 14:36:42.270 INFO [http-nio-8084-exec-8] org.apache.catalina.core.ApplicationContext.log Manager: install: Installing context configuration at 'file:/var/folders/h0/c85z4t193ql1f1s5fjrnlpb40000gn/T/context2312933099896390248.xml'
12-Jan-2021 14:36:43.591 INFO [http-nio-8084-exec-6] org.apache.catalina.core.ApplicationContext.log Manager: start: Starting web application '/Wcom'
