17-Jan-2021 13:14:22.307 INFO [http-nio-8084-exec-8] org.apache.catalina.core.ApplicationContext.log Manager: init: Associated with Deployer 'Catalina:type=Deployer,host=localhost'
17-Jan-2021 13:14:22.311 INFO [http-nio-8084-exec-8] org.apache.catalina.core.ApplicationContext.log Manager: init: Global resources are available
17-Jan-2021 13:14:22.450 INFO [http-nio-8084-exec-9] org.apache.catalina.core.ApplicationContext.log Manager: list: Listing contexts for virtual host 'localhost'
17-Jan-2021 13:14:22.480 INFO [http-nio-8084-exec-5] org.apache.catalina.core.ApplicationContext.log Manager: list: Listing contexts for virtual host 'localhost'
17-Jan-2021 13:14:22.521 INFO [http-nio-8084-exec-1] org.apache.catalina.core.ApplicationContext.log Manager: undeploy: Undeploying web application at '/WEMCOMPRIN1'
17-Jan-2021 13:14:23.106 INFO [http-nio-8084-exec-7] org.apache.catalina.core.ApplicationContext.log Manager: install: Installing context configuration at 'file:/var/folders/h0/c85z4t193ql1f1s5fjrnlpb40000gn/T/context16707145238743854151.xml'
17-Jan-2021 13:14:26.571 INFO [http-nio-8084-exec-7] org.apache.catalina.core.ApplicationContext.log Manager: start: Starting web application '/WEMCOMPRIN1'
17-Jan-2021 13:16:00.231 INFO [http-nio-8084-exec-9] org.apache.catalina.core.ApplicationContext.log Manager: init: Associated with Deployer 'Catalina:type=Deployer,host=localhost'
17-Jan-2021 13:16:00.232 INFO [http-nio-8084-exec-9] org.apache.catalina.core.ApplicationContext.log Manager: init: Global resources are available
17-Jan-2021 13:16:00.355 INFO [http-nio-8084-exec-6] org.apache.catalina.core.ApplicationContext.log Manager: list: Listing contexts for virtual host 'localhost'
17-Jan-2021 13:16:00.377 INFO [http-nio-8084-exec-1] org.apache.catalina.core.ApplicationContext.log Manager: list: Listing contexts for virtual host 'localhost'
17-Jan-2021 13:16:00.414 INFO [http-nio-8084-exec-2] org.apache.catalina.core.ApplicationContext.log Manager: undeploy: Undeploying web application at '/WEMCOMPRIN1'
17-Jan-2021 13:16:01.040 INFO [http-nio-8084-exec-5] org.apache.catalina.core.ApplicationContext.log Manager: install: Installing context configuration at 'file:/var/folders/h0/c85z4t193ql1f1s5fjrnlpb40000gn/T/context9462611955754459303.xml'
17-Jan-2021 13:16:05.414 INFO [http-nio-8084-exec-6] org.apache.catalina.core.ApplicationContext.log Manager: start: Starting web application '/WEMCOMPRIN1'
17-Jan-2021 13:18:16.156 INFO [http-nio-8084-exec-12] org.apache.catalina.core.ApplicationContext.log Manager: list: Listing contexts for virtual host 'localhost'
17-Jan-2021 13:18:16.262 INFO [http-nio-8084-exec-14] org.apache.catalina.core.ApplicationContext.log Manager: restart: Reloading web application '/WEMCOMPRIN1'
17-Jan-2021 13:18:22.473 INFO [http-nio-8084-exec-17] org.apache.catalina.core.ApplicationContext.log Manager: list: Listing contexts for virtual host 'localhost'
17-Jan-2021 13:18:22.524 INFO [http-nio-8084-exec-16] org.apache.catalina.core.ApplicationContext.log Manager: restart: Reloading web application '/WEMCOMPRIN1'
17-Jan-2021 13:18:57.341 INFO [http-nio-8084-exec-20] org.apache.catalina.core.ApplicationContext.log Manager: list: Listing contexts for virtual host 'localhost'
17-Jan-2021 13:18:57.491 INFO [http-nio-8084-exec-23] org.apache.catalina.core.ApplicationContext.log Manager: list: Listing contexts for virtual host 'localhost'
17-Jan-2021 13:18:58.008 INFO [http-nio-8084-exec-11] org.apache.catalina.core.ApplicationContext.log Manager: list: Listing contexts for virtual host 'localhost'
17-Jan-2021 13:18:58.046 INFO [http-nio-8084-exec-22] org.apache.catalina.core.ApplicationContext.log Manager: restart: Reloading web application '/WEMCOMPRIN1'
17-Jan-2021 13:23:29.159 INFO [http-nio-8084-exec-26] org.apache.catalina.core.ApplicationContext.log Manager: list: Listing contexts for virtual host 'localhost'
17-Jan-2021 13:23:29.185 INFO [http-nio-8084-exec-27] org.apache.catalina.core.ApplicationContext.log Manager: restart: Reloading web application '/WEMCOMPRIN1'
17-Jan-2021 13:23:57.035 INFO [http-nio-8084-exec-34] org.apache.catalina.core.ApplicationContext.log Manager: list: Listing contexts for virtual host 'localhost'
17-Jan-2021 13:23:57.060 INFO [http-nio-8084-exec-32] org.apache.catalina.core.ApplicationContext.log Manager: restart: Reloading web application '/WEMCOMPRIN1'
17-Jan-2021 13:25:26.200 INFO [http-nio-8084-exec-33] org.apache.catalina.core.ApplicationContext.log Manager: list: Listing contexts for virtual host 'localhost'
17-Jan-2021 13:40:57.412 INFO [http-nio-8084-exec-43] org.apache.catalina.core.ApplicationContext.log Manager: list: Listing contexts for virtual host 'localhost'
17-Jan-2021 13:40:57.417 INFO [http-nio-8084-exec-36] org.apache.catalina.core.ApplicationContext.log Manager: list: Listing contexts for virtual host 'localhost'
17-Jan-2021 13:40:57.434 INFO [http-nio-8084-exec-37] org.apache.catalina.core.ApplicationContext.log Manager: undeploy: Undeploying web application at '/WEMCOMPRIN1'
17-Jan-2021 13:40:57.647 INFO [http-nio-8084-exec-38] org.apache.catalina.core.ApplicationContext.log Manager: list: Listing contexts for virtual host 'localhost'
17-Jan-2021 13:40:57.956 INFO [http-nio-8084-exec-42] org.apache.catalina.core.ApplicationContext.log Manager: restart: Reloading web application '/WEMCOMPRIN1'
17-Jan-2021 13:41:42.564 INFO [http-nio-8084-exec-38] org.apache.catalina.core.ApplicationContext.log Manager: list: Listing contexts for virtual host 'localhost'
17-Jan-2021 13:41:42.582 INFO [http-nio-8084-exec-37] org.apache.catalina.core.ApplicationContext.log Manager: list: Listing contexts for virtual host 'localhost'
17-Jan-2021 13:41:42.625 INFO [http-nio-8084-exec-42] org.apache.catalina.core.ApplicationContext.log Manager: install: Installing context configuration at 'file:/var/folders/h0/c85z4t193ql1f1s5fjrnlpb40000gn/T/context8535427051698211816.xml'
17-Jan-2021 13:41:43.806 INFO [http-nio-8084-exec-35] org.apache.catalina.core.ApplicationContext.log Manager: start: Starting web application '/WEMCOMPRIN1'
17-Jan-2021 13:41:51.247 INFO [http-nio-8084-exec-46] org.apache.catalina.core.ApplicationContext.log Manager: list: Listing contexts for virtual host 'localhost'
17-Jan-2021 13:41:51.260 INFO [http-nio-8084-exec-45] org.apache.catalina.core.ApplicationContext.log Manager: list: Listing contexts for virtual host 'localhost'
17-Jan-2021 13:41:51.276 INFO [http-nio-8084-exec-41] org.apache.catalina.core.ApplicationContext.log Manager: undeploy: Undeploying web application at '/WEMCOMPRIN1'
17-Jan-2021 13:41:51.801 INFO [http-nio-8084-exec-35] org.apache.catalina.core.ApplicationContext.log Manager: install: Installing context configuration at 'file:/var/folders/h0/c85z4t193ql1f1s5fjrnlpb40000gn/T/context17558617263602435481.xml'
17-Jan-2021 13:41:52.670 INFO [http-nio-8084-exec-35] org.apache.catalina.core.ApplicationContext.log Manager: start: Starting web application '/WEMCOMPRIN1'
17-Jan-2021 13:42:48.880 INFO [http-nio-8084-exec-39] org.apache.catalina.core.ApplicationContext.log Manager: list: Listing contexts for virtual host 'localhost'
17-Jan-2021 13:42:49.021 INFO [http-nio-8084-exec-44] org.apache.catalina.core.ApplicationContext.log Manager: restart: Reloading web application '/WEMCOMPRIN1'
17-Jan-2021 13:42:50.652 INFO [http-nio-8084-exec-49] org.apache.catalina.core.ApplicationContext.log Manager: list: Listing contexts for virtual host 'localhost'
17-Jan-2021 13:42:50.698 INFO [http-nio-8084-exec-41] org.apache.catalina.core.ApplicationContext.log Manager: restart: Reloading web application '/WEMCOMPRIN1'
17-Jan-2021 13:43:47.569 INFO [http-nio-8084-exec-48] org.apache.catalina.core.ApplicationContext.log Manager: list: Listing contexts for virtual host 'localhost'
17-Jan-2021 13:43:47.596 INFO [http-nio-8084-exec-39] org.apache.catalina.core.ApplicationContext.log Manager: restart: Reloading web application '/WEMCOMPRIN1'
17-Jan-2021 13:43:49.192 INFO [http-nio-8084-exec-49] org.apache.catalina.core.ApplicationContext.log Manager: list: Listing contexts for virtual host 'localhost'
17-Jan-2021 13:43:49.229 INFO [http-nio-8084-exec-55] org.apache.catalina.core.ApplicationContext.log Manager: restart: Reloading web application '/WEMCOMPRIN1'
17-Jan-2021 13:43:57.836 INFO [http-nio-8084-exec-50] org.apache.catalina.core.ApplicationContext.log Manager: list: Listing contexts for virtual host 'localhost'
17-Jan-2021 13:43:57.859 INFO [http-nio-8084-exec-53] org.apache.catalina.core.ApplicationContext.log Manager: list: Listing contexts for virtual host 'localhost'
17-Jan-2021 13:43:57.919 INFO [http-nio-8084-exec-56] org.apache.catalina.core.ApplicationContext.log Manager: undeploy: Undeploying web application at '/WEMCOMPRIN1'
17-Jan-2021 13:43:58.444 INFO [http-nio-8084-exec-59] org.apache.catalina.core.ApplicationContext.log Manager: install: Installing context configuration at 'file:/var/folders/h0/c85z4t193ql1f1s5fjrnlpb40000gn/T/context2524849004401561501.xml'
17-Jan-2021 13:43:59.216 INFO [http-nio-8084-exec-58] org.apache.catalina.core.ApplicationContext.log Manager: start: Starting web application '/WEMCOMPRIN1'
17-Jan-2021 13:45:06.790 INFO [http-nio-8084-exec-63] org.apache.catalina.core.ApplicationContext.log Manager: list: Listing contexts for virtual host 'localhost'
17-Jan-2021 13:45:18.765 INFO [http-nio-8084-exec-62] org.apache.catalina.core.ApplicationContext.log Manager: list: Listing contexts for virtual host 'localhost'
17-Jan-2021 13:45:18.776 INFO [http-nio-8084-exec-64] org.apache.catalina.core.ApplicationContext.log Manager: list: Listing contexts for virtual host 'localhost'
17-Jan-2021 13:45:18.795 INFO [http-nio-8084-exec-44] org.apache.catalina.core.ApplicationContext.log Manager: undeploy: Undeploying web application at '/WEMCOMPRIN1'
17-Jan-2021 13:45:19.325 INFO [http-nio-8084-exec-68] org.apache.catalina.core.ApplicationContext.log Manager: install: Installing context configuration at 'file:/var/folders/h0/c85z4t193ql1f1s5fjrnlpb40000gn/T/context11785808255289619798.xml'
17-Jan-2021 13:45:20.195 INFO [http-nio-8084-exec-66] org.apache.catalina.core.ApplicationContext.log Manager: start: Starting web application '/WEMCOMPRIN1'
17-Jan-2021 13:45:56.636 INFO [http-nio-8084-exec-44] org.apache.catalina.core.ApplicationContext.log Manager: list: Listing contexts for virtual host 'localhost'
17-Jan-2021 13:45:59.126 INFO [http-nio-8084-exec-63] org.apache.catalina.core.ApplicationContext.log Manager: list: Listing contexts for virtual host 'localhost'
17-Jan-2021 13:45:59.135 INFO [http-nio-8084-exec-69] org.apache.catalina.core.ApplicationContext.log Manager: list: Listing contexts for virtual host 'localhost'
17-Jan-2021 13:45:59.154 INFO [http-nio-8084-exec-70] org.apache.catalina.core.ApplicationContext.log Manager: undeploy: Undeploying web application at '/WEMCOMPRIN1'
17-Jan-2021 13:45:59.686 INFO [http-nio-8084-exec-66] org.apache.catalina.core.ApplicationContext.log Manager: install: Installing context configuration at 'file:/var/folders/h0/c85z4t193ql1f1s5fjrnlpb40000gn/T/context4654220768808814350.xml'
17-Jan-2021 13:46:00.550 INFO [http-nio-8084-exec-73] org.apache.catalina.core.ApplicationContext.log Manager: start: Starting web application '/WEMCOMPRIN1'
