19-Jan-2021 17:16:45.616 INFO [http-nio-8084-exec-8] org.apache.catalina.core.ApplicationContext.log Manager: init: Associated with Deployer 'Catalina:type=Deployer,host=localhost'
19-Jan-2021 17:16:45.619 INFO [http-nio-8084-exec-8] org.apache.catalina.core.ApplicationContext.log Manager: init: Global resources are available
19-Jan-2021 17:16:45.706 INFO [http-nio-8084-exec-2] org.apache.catalina.core.ApplicationContext.log Manager: list: Listing contexts for virtual host 'localhost'
19-Jan-2021 17:16:45.727 INFO [http-nio-8084-exec-3] org.apache.catalina.core.ApplicationContext.log Manager: list: Listing contexts for virtual host 'localhost'
19-Jan-2021 17:16:45.762 INFO [http-nio-8084-exec-5] org.apache.catalina.core.ApplicationContext.log Manager: undeploy: Undeploying web application at '/WEMCOMPRIN1'
19-Jan-2021 17:16:46.336 INFO [http-nio-8084-exec-2] org.apache.catalina.core.ApplicationContext.log Manager: install: Installing context configuration at 'file:/var/folders/h0/c85z4t193ql1f1s5fjrnlpb40000gn/T/context4968555209739004368.xml'
19-Jan-2021 17:16:47.800 INFO [http-nio-8084-exec-7] org.apache.catalina.core.ApplicationContext.log Manager: start: Starting web application '/WEMCOMPRIN1'
19-Jan-2021 17:17:59.398 INFO [http-nio-8084-exec-11] org.apache.catalina.core.ApplicationContext.log Manager: list: Listing contexts for virtual host 'localhost'
19-Jan-2021 17:17:59.492 INFO [http-nio-8084-exec-12] org.apache.catalina.core.ApplicationContext.log Manager: restart: Reloading web application '/WEMCOMPRIN1'
19-Jan-2021 17:18:04.962 INFO [http-nio-8084-exec-11] org.apache.catalina.core.ApplicationContext.log Manager: list: Listing contexts for virtual host 'localhost'
19-Jan-2021 17:18:05.007 INFO [http-nio-8084-exec-15] org.apache.catalina.core.ApplicationContext.log Manager: restart: Reloading web application '/WEMCOMPRIN1'
19-Jan-2021 17:23:50.270 INFO [http-nio-8084-exec-23] org.apache.catalina.core.ApplicationContext.log Manager: list: Listing contexts for virtual host 'localhost'
19-Jan-2021 17:23:50.390 INFO [http-nio-8084-exec-24] org.apache.catalina.core.ApplicationContext.log Manager: restart: Reloading web application '/WEMCOMPRIN1'
19-Jan-2021 17:23:53.798 INFO [http-nio-8084-exec-27] org.apache.catalina.core.ApplicationContext.log Manager: list: Listing contexts for virtual host 'localhost'
19-Jan-2021 17:23:53.827 INFO [http-nio-8084-exec-28] org.apache.catalina.core.ApplicationContext.log Manager: restart: Reloading web application '/WEMCOMPRIN1'
19-Jan-2021 17:28:11.698 INFO [http-nio-8084-exec-34] org.apache.catalina.core.ApplicationContext.log Manager: list: Listing contexts for virtual host 'localhost'
19-Jan-2021 17:28:11.734 INFO [http-nio-8084-exec-36] org.apache.catalina.core.ApplicationContext.log Manager: restart: Reloading web application '/WEMCOMPRIN1'
19-Jan-2021 17:28:14.196 INFO [http-nio-8084-exec-35] org.apache.catalina.core.ApplicationContext.log Manager: list: Listing contexts for virtual host 'localhost'
19-Jan-2021 17:28:14.223 INFO [http-nio-8084-exec-40] org.apache.catalina.core.ApplicationContext.log Manager: restart: Reloading web application '/WEMCOMPRIN1'
19-Jan-2021 17:30:53.367 INFO [http-nio-8084-exec-49] org.apache.catalina.core.ApplicationContext.log Manager: list: Listing contexts for virtual host 'localhost'
19-Jan-2021 17:30:53.625 INFO [http-nio-8084-exec-37] org.apache.catalina.core.ApplicationContext.log Manager: list: Listing contexts for virtual host 'localhost'
19-Jan-2021 17:30:53.664 INFO [http-nio-8084-exec-34] org.apache.catalina.core.ApplicationContext.log Manager: restart: Reloading web application '/WEMCOMPRIN1'
19-Jan-2021 17:33:36.999 INFO [http-nio-8084-exec-52] org.apache.catalina.core.ApplicationContext.log Manager: list: Listing contexts for virtual host 'localhost'
19-Jan-2021 17:33:37.366 INFO [http-nio-8084-exec-33] org.apache.catalina.core.ApplicationContext.log Manager: list: Listing contexts for virtual host 'localhost'
19-Jan-2021 17:34:13.399 INFO [http-nio-8084-exec-51] org.apache.catalina.core.ApplicationContext.log Manager: list: Listing contexts for virtual host 'localhost'
19-Jan-2021 17:36:23.358 INFO [http-nio-8084-exec-50] org.apache.catalina.core.ApplicationContext.log Manager: list: Listing contexts for virtual host 'localhost'
19-Jan-2021 17:36:23.387 INFO [http-nio-8084-exec-56] org.apache.catalina.core.ApplicationContext.log Manager: restart: Reloading web application '/WEMCOMPRIN1'
19-Jan-2021 17:38:29.243 INFO [http-nio-8084-exec-61] org.apache.catalina.core.ApplicationContext.log Manager: list: Listing contexts for virtual host 'localhost'
19-Jan-2021 17:38:29.287 INFO [http-nio-8084-exec-62] org.apache.catalina.core.ApplicationContext.log Manager: restart: Reloading web application '/WEMCOMPRIN1'
19-Jan-2021 17:38:31.160 INFO [http-nio-8084-exec-63] org.apache.catalina.core.ApplicationContext.log Manager: list: Listing contexts for virtual host 'localhost'
19-Jan-2021 17:38:31.204 INFO [http-nio-8084-exec-59] org.apache.catalina.core.ApplicationContext.log Manager: restart: Reloading web application '/WEMCOMPRIN1'
19-Jan-2021 17:39:49.208 INFO [http-nio-8084-exec-57] org.apache.catalina.core.ApplicationContext.log Manager: list: Listing contexts for virtual host 'localhost'
19-Jan-2021 17:43:40.341 INFO [http-nio-8084-exec-70] org.apache.catalina.core.ApplicationContext.log Manager: list: Listing contexts for virtual host 'localhost'
19-Jan-2021 17:43:40.402 INFO [http-nio-8084-exec-67] org.apache.catalina.core.ApplicationContext.log Manager: restart: Reloading web application '/WEMCOMPRIN1'
19-Jan-2021 17:43:42.287 INFO [http-nio-8084-exec-72] org.apache.catalina.core.ApplicationContext.log Manager: list: Listing contexts for virtual host 'localhost'
19-Jan-2021 17:43:42.322 INFO [http-nio-8084-exec-68] org.apache.catalina.core.ApplicationContext.log Manager: restart: Reloading web application '/WEMCOMPRIN1'
19-Jan-2021 17:47:35.195 INFO [http-nio-8084-exec-78] org.apache.catalina.core.ApplicationContext.log Manager: list: Listing contexts for virtual host 'localhost'
19-Jan-2021 17:47:35.378 INFO [http-nio-8084-exec-75] org.apache.catalina.core.ApplicationContext.log Manager: list: Listing contexts for virtual host 'localhost'
19-Jan-2021 17:47:35.415 INFO [http-nio-8084-exec-72] org.apache.catalina.core.ApplicationContext.log Manager: restart: Reloading web application '/WEMCOMPRIN1'
19-Jan-2021 17:47:36.966 INFO [http-nio-8084-exec-81] org.apache.catalina.core.ApplicationContext.log Manager: list: Listing contexts for virtual host 'localhost'
19-Jan-2021 17:47:36.997 INFO [http-nio-8084-exec-78] org.apache.catalina.core.ApplicationContext.log Manager: restart: Reloading web application '/WEMCOMPRIN1'
19-Jan-2021 17:48:03.673 INFO [http-nio-8084-exec-80] org.apache.catalina.core.ApplicationContext.log Manager: list: Listing contexts for virtual host 'localhost'
19-Jan-2021 17:48:03.695 INFO [http-nio-8084-exec-66] org.apache.catalina.core.ApplicationContext.log Manager: restart: Reloading web application '/WEMCOMPRIN1'
19-Jan-2021 17:49:28.005 INFO [http-nio-8084-exec-81] org.apache.catalina.core.ApplicationContext.log Manager: list: Listing contexts for virtual host 'localhost'
19-Jan-2021 17:49:28.427 INFO [http-nio-8084-exec-72] org.apache.catalina.core.ApplicationContext.log Manager: list: Listing contexts for virtual host 'localhost'
19-Jan-2021 17:49:28.460 INFO [http-nio-8084-exec-85] org.apache.catalina.core.ApplicationContext.log Manager: restart: Reloading web application '/WEMCOMPRIN1'
19-Jan-2021 17:50:06.824 INFO [http-nio-8084-exec-86] org.apache.catalina.core.ApplicationContext.log Manager: list: Listing contexts for virtual host 'localhost'
19-Jan-2021 17:50:06.847 INFO [http-nio-8084-exec-82] org.apache.catalina.core.ApplicationContext.log Manager: restart: Reloading web application '/WEMCOMPRIN1'
19-Jan-2021 17:50:20.594 INFO [http-nio-8084-exec-84] org.apache.catalina.core.ApplicationContext.log Manager: list: Listing contexts for virtual host 'localhost'
19-Jan-2021 17:50:20.773 INFO [http-nio-8084-exec-86] org.apache.catalina.core.ApplicationContext.log Manager: list: Listing contexts for virtual host 'localhost'
19-Jan-2021 17:50:20.786 INFO [http-nio-8084-exec-88] org.apache.catalina.core.ApplicationContext.log Manager: list: Listing contexts for virtual host 'localhost'
19-Jan-2021 17:50:20.831 INFO [http-nio-8084-exec-72] org.apache.catalina.core.ApplicationContext.log Manager: undeploy: Undeploying web application at '/WEMCOMPRIN1'
19-Jan-2021 17:50:21.364 INFO [http-nio-8084-exec-87] org.apache.catalina.core.ApplicationContext.log Manager: install: Installing context configuration at 'file:/var/folders/h0/c85z4t193ql1f1s5fjrnlpb40000gn/T/context2228582050480188774.xml'
19-Jan-2021 17:50:22.344 INFO [http-nio-8084-exec-84] org.apache.catalina.core.ApplicationContext.log Manager: start: Starting web application '/WEMCOMPRIN1'
19-Jan-2021 17:55:44.916 INFO [http-nio-8084-exec-93] org.apache.catalina.core.ApplicationContext.log Manager: list: Listing contexts for virtual host 'localhost'
19-Jan-2021 17:55:44.922 INFO [http-nio-8084-exec-94] org.apache.catalina.core.ApplicationContext.log Manager: list: Listing contexts for virtual host 'localhost'
19-Jan-2021 17:55:44.939 INFO [http-nio-8084-exec-101] org.apache.catalina.core.ApplicationContext.log Manager: list: Listing contexts for virtual host 'localhost'
19-Jan-2021 17:55:44.954 INFO [http-nio-8084-exec-95] org.apache.catalina.core.ApplicationContext.log Manager: restart: Reloading web application '/WEMCOMPRIN1'
19-Jan-2021 17:55:45.996 INFO [http-nio-8084-exec-93] org.apache.catalina.core.ApplicationContext.log Manager: undeploy: Undeploying web application at '/WEMCOMPRIN1'
19-Jan-2021 17:55:46.316 INFO [http-nio-8084-exec-97] org.apache.catalina.core.ApplicationContext.log Manager: list: Listing contexts for virtual host 'localhost'
19-Jan-2021 17:55:46.534 INFO [http-nio-8084-exec-92] org.apache.catalina.core.ApplicationContext.log Manager: restart: Reloading web application '/WEMCOMPRIN1'
19-Jan-2021 17:55:46.545 INFO [http-nio-8084-exec-96] org.apache.catalina.core.ApplicationContext.log Manager: install: Installing context configuration at 'file:/var/folders/h0/c85z4t193ql1f1s5fjrnlpb40000gn/T/context3829726255226599640.xml'
19-Jan-2021 17:55:47.680 INFO [http-nio-8084-exec-100] org.apache.catalina.core.ApplicationContext.log Manager: start: Starting web application '/WEMCOMPRIN1'
19-Jan-2021 17:56:41.430 INFO [http-nio-8084-exec-107] org.apache.catalina.core.ApplicationContext.log Manager: list: Listing contexts for virtual host 'localhost'
19-Jan-2021 17:56:41.456 INFO [http-nio-8084-exec-108] org.apache.catalina.core.ApplicationContext.log Manager: undeploy: Undeploying web application at '/WEMCOMPRIN1'
19-Jan-2021 17:56:41.489 INFO [http-nio-8084-exec-99] org.apache.catalina.core.ApplicationContext.log Manager: list: Listing contexts for virtual host 'localhost'
19-Jan-2021 17:56:41.504 INFO [http-nio-8084-exec-105] org.apache.catalina.core.ApplicationContext.log Manager: list: Listing contexts for virtual host 'localhost'
19-Jan-2021 17:56:41.981 INFO [http-nio-8084-exec-104] org.apache.catalina.core.ApplicationContext.log Manager: undeploy: Undeploying web application at '/WEMCOMPRIN1'
19-Jan-2021 17:56:42.000 INFO [http-nio-8084-exec-100] org.apache.catalina.core.ApplicationContext.log Manager: install: Installing context configuration at 'file:/var/folders/h0/c85z4t193ql1f1s5fjrnlpb40000gn/T/context7630694298304549797.xml'
19-Jan-2021 17:56:43.642 INFO [http-nio-8084-exec-100] org.apache.catalina.core.ApplicationContext.log Manager: start: Starting web application '/WEMCOMPRIN1'
19-Jan-2021 17:57:31.898 INFO [http-nio-8084-exec-109] org.apache.catalina.core.ApplicationContext.log Manager: list: Listing contexts for virtual host 'localhost'
19-Jan-2021 17:57:54.627 INFO [http-nio-8084-exec-111] org.apache.catalina.core.ApplicationContext.log Manager: list: Listing contexts for virtual host 'localhost'
19-Jan-2021 17:57:54.644 INFO [http-nio-8084-exec-110] org.apache.catalina.core.ApplicationContext.log Manager: list: Listing contexts for virtual host 'localhost'
19-Jan-2021 17:57:54.664 INFO [http-nio-8084-exec-104] org.apache.catalina.core.ApplicationContext.log Manager: undeploy: Undeploying web application at '/WEMCOMPRIN1'
19-Jan-2021 17:57:55.188 INFO [http-nio-8084-exec-100] org.apache.catalina.core.ApplicationContext.log Manager: install: Installing context configuration at 'file:/var/folders/h0/c85z4t193ql1f1s5fjrnlpb40000gn/T/context8024820634209204898.xml'
19-Jan-2021 17:57:55.909 INFO [http-nio-8084-exec-112] org.apache.catalina.core.ApplicationContext.log Manager: start: Starting web application '/WEMCOMPRIN1'
19-Jan-2021 17:58:35.187 INFO [http-nio-8084-exec-115] org.apache.catalina.core.ApplicationContext.log Manager: list: Listing contexts for virtual host 'localhost'
19-Jan-2021 18:00:45.836 INFO [http-nio-8084-exec-121] org.apache.catalina.core.ApplicationContext.log Manager: list: Listing contexts for virtual host 'localhost'
19-Jan-2021 18:00:45.908 INFO [http-nio-8084-exec-114] org.apache.catalina.core.ApplicationContext.log Manager: restart: Reloading web application '/WEMCOMPRIN1'
19-Jan-2021 18:00:46.875 INFO [http-nio-8084-exec-120] org.apache.catalina.core.ApplicationContext.log Manager: list: Listing contexts for virtual host 'localhost'
19-Jan-2021 18:00:46.885 INFO [http-nio-8084-exec-122] org.apache.catalina.core.ApplicationContext.log Manager: list: Listing contexts for virtual host 'localhost'
19-Jan-2021 18:00:47.532 INFO [http-nio-8084-exec-123] org.apache.catalina.core.ApplicationContext.log Manager: undeploy: Undeploying web application at '/WEMCOMPRIN1'
19-Jan-2021 18:00:48.064 INFO [http-nio-8084-exec-115] org.apache.catalina.core.ApplicationContext.log Manager: install: Installing context configuration at 'file:/var/folders/h0/c85z4t193ql1f1s5fjrnlpb40000gn/T/context5507009442784876116.xml'
19-Jan-2021 18:00:49.042 INFO [http-nio-8084-exec-117] org.apache.catalina.core.ApplicationContext.log Manager: start: Starting web application '/WEMCOMPRIN1'
19-Jan-2021 18:02:28.398 INFO [http-nio-8084-exec-127] org.apache.catalina.core.ApplicationContext.log Manager: list: Listing contexts for virtual host 'localhost'
19-Jan-2021 18:05:34.755 INFO [http-nio-8084-exec-126] org.apache.catalina.core.ApplicationContext.log Manager: list: Listing contexts for virtual host 'localhost'
19-Jan-2021 18:05:45.707 INFO [http-nio-8084-exec-133] org.apache.catalina.core.ApplicationContext.log Manager: list: Listing contexts for virtual host 'localhost'
19-Jan-2021 18:05:45.728 INFO [http-nio-8084-exec-132] org.apache.catalina.core.ApplicationContext.log Manager: restart: Reloading web application '/WEMCOMPRIN1'
19-Jan-2021 18:07:52.034 INFO [http-nio-8084-exec-137] org.apache.catalina.core.ApplicationContext.log Manager: list: Listing contexts for virtual host 'localhost'
19-Jan-2021 18:07:52.058 INFO [http-nio-8084-exec-140] org.apache.catalina.core.ApplicationContext.log Manager: restart: Reloading web application '/WEMCOMPRIN1'
19-Jan-2021 18:08:22.598 INFO [http-nio-8084-exec-130] org.apache.catalina.core.ApplicationContext.log Manager: list: Listing contexts for virtual host 'localhost'
19-Jan-2021 18:08:22.623 INFO [http-nio-8084-exec-129] org.apache.catalina.core.ApplicationContext.log Manager: restart: Reloading web application '/WEMCOMPRIN1'
19-Jan-2021 18:08:28.021 INFO [http-nio-8084-exec-138] org.apache.catalina.core.ApplicationContext.log Manager: list: Listing contexts for virtual host 'localhost'
19-Jan-2021 18:08:28.038 INFO [http-nio-8084-exec-142] org.apache.catalina.core.ApplicationContext.log Manager: undeploy: Undeploying web application at '/WEMCOMPRIN1'
19-Jan-2021 18:09:37.439 INFO [http-nio-8084-exec-143] org.apache.catalina.core.ApplicationContext.log Manager: list: Listing contexts for virtual host 'localhost'
19-Jan-2021 18:09:37.778 INFO [http-nio-8084-exec-141] org.apache.catalina.core.ApplicationContext.log Manager: list: Listing contexts for virtual host 'localhost'
19-Jan-2021 18:09:37.793 INFO [http-nio-8084-exec-147] org.apache.catalina.core.ApplicationContext.log Manager: list: Listing contexts for virtual host 'localhost'
19-Jan-2021 18:09:37.962 INFO [http-nio-8084-exec-145] org.apache.catalina.core.ApplicationContext.log Manager: install: Installing context configuration at 'file:/var/folders/h0/c85z4t193ql1f1s5fjrnlpb40000gn/T/context3436227903106003373.xml'
19-Jan-2021 18:09:39.272 INFO [http-nio-8084-exec-143] org.apache.catalina.core.ApplicationContext.log Manager: start: Starting web application '/WEMCOMPRIN1'
19-Jan-2021 18:12:03.438 INFO [http-nio-8084-exec-5] org.apache.catalina.core.ApplicationContext.log Manager: init: Associated with Deployer 'Catalina:type=Deployer,host=localhost'
19-Jan-2021 18:12:03.439 INFO [http-nio-8084-exec-5] org.apache.catalina.core.ApplicationContext.log Manager: init: Global resources are available
19-Jan-2021 18:12:03.500 INFO [http-nio-8084-exec-1] org.apache.catalina.core.ApplicationContext.log Manager: list: Listing contexts for virtual host 'localhost'
19-Jan-2021 18:12:03.573 INFO [http-nio-8084-exec-7] org.apache.catalina.core.ApplicationContext.log Manager: list: Listing contexts for virtual host 'localhost'
19-Jan-2021 18:12:03.603 INFO [http-nio-8084-exec-8] org.apache.catalina.core.ApplicationContext.log Manager: undeploy: Undeploying web application at '/WEMCOMPRIN1'
19-Jan-2021 18:12:04.202 INFO [http-nio-8084-exec-7] org.apache.catalina.core.ApplicationContext.log Manager: install: Installing context configuration at 'file:/var/folders/h0/c85z4t193ql1f1s5fjrnlpb40000gn/T/context9402617602689199674.xml'
19-Jan-2021 18:12:05.957 INFO [http-nio-8084-exec-10] org.apache.catalina.core.ApplicationContext.log Manager: start: Starting web application '/WEMCOMPRIN1'
19-Jan-2021 18:18:10.399 INFO [http-nio-8084-exec-12] org.apache.catalina.core.ApplicationContext.log Manager: list: Listing contexts for virtual host 'localhost'
19-Jan-2021 18:18:10.490 INFO [http-nio-8084-exec-13] org.apache.catalina.core.ApplicationContext.log Manager: restart: Reloading web application '/WEMCOMPRIN1'
19-Jan-2021 18:19:45.818 INFO [http-nio-8084-exec-22] org.apache.catalina.core.ApplicationContext.log Manager: list: Listing contexts for virtual host 'localhost'
19-Jan-2021 18:19:45.847 INFO [http-nio-8084-exec-23] org.apache.catalina.core.ApplicationContext.log Manager: restart: Reloading web application '/WEMCOMPRIN1'
19-Jan-2021 18:19:49.479 INFO [http-nio-8084-exec-24] org.apache.catalina.core.ApplicationContext.log Manager: list: Listing contexts for virtual host 'localhost'
19-Jan-2021 18:19:49.499 INFO [http-nio-8084-exec-28] org.apache.catalina.core.ApplicationContext.log Manager: list: Listing contexts for virtual host 'localhost'
19-Jan-2021 18:19:49.545 INFO [http-nio-8084-exec-27] org.apache.catalina.core.ApplicationContext.log Manager: undeploy: Undeploying web application at '/WEMCOMPRIN1'
19-Jan-2021 18:19:50.098 INFO [http-nio-8084-exec-25] org.apache.catalina.core.ApplicationContext.log Manager: install: Installing context configuration at 'file:/var/folders/h0/c85z4t193ql1f1s5fjrnlpb40000gn/T/context2113697749336202945.xml'
19-Jan-2021 18:19:51.846 INFO [http-nio-8084-exec-12] org.apache.catalina.core.ApplicationContext.log Manager: start: Starting web application '/WEMCOMPRIN1'
19-Jan-2021 18:26:01.695 INFO [http-nio-8084-exec-31] org.apache.catalina.core.ApplicationContext.log Manager: list: Listing contexts for virtual host 'localhost'
19-Jan-2021 18:26:22.275 INFO [http-nio-8084-exec-33] org.apache.catalina.core.ApplicationContext.log Manager: list: Listing contexts for virtual host 'localhost'
19-Jan-2021 18:26:22.698 INFO [http-nio-8084-exec-29] org.apache.catalina.core.ApplicationContext.log Manager: list: Listing contexts for virtual host 'localhost'
19-Jan-2021 18:26:22.719 INFO [http-nio-8084-exec-34] org.apache.catalina.core.ApplicationContext.log Manager: list: Listing contexts for virtual host 'localhost'
19-Jan-2021 18:26:22.745 INFO [http-nio-8084-exec-33] org.apache.catalina.core.ApplicationContext.log Manager: undeploy: Undeploying web application at '/WEMCOMPRIN1'
19-Jan-2021 18:26:23.295 INFO [http-nio-8084-exec-34] org.apache.catalina.core.ApplicationContext.log Manager: install: Installing context configuration at 'file:/var/folders/h0/c85z4t193ql1f1s5fjrnlpb40000gn/T/context4212071632219246839.xml'
19-Jan-2021 18:26:24.873 INFO [http-nio-8084-exec-38] org.apache.catalina.core.ApplicationContext.log Manager: start: Starting web application '/WEMCOMPRIN1'
19-Jan-2021 18:27:27.467 INFO [http-nio-8084-exec-40] org.apache.catalina.core.ApplicationContext.log Manager: list: Listing contexts for virtual host 'localhost'
19-Jan-2021 18:27:27.563 INFO [http-nio-8084-exec-48] org.apache.catalina.core.ApplicationContext.log Manager: list: Listing contexts for virtual host 'localhost'
19-Jan-2021 18:27:27.593 INFO [http-nio-8084-exec-43] org.apache.catalina.core.ApplicationContext.log Manager: restart: Reloading web application '/WEMCOMPRIN1'
19-Jan-2021 18:28:01.772 INFO [http-nio-8084-exec-50] org.apache.catalina.core.ApplicationContext.log Manager: list: Listing contexts for virtual host 'localhost'
19-Jan-2021 18:28:01.836 INFO [http-nio-8084-exec-41] org.apache.catalina.core.ApplicationContext.log Manager: restart: Reloading web application '/WEMCOMPRIN1'
19-Jan-2021 18:28:27.428 INFO [http-nio-8084-exec-45] org.apache.catalina.core.ApplicationContext.log Manager: list: Listing contexts for virtual host 'localhost'
19-Jan-2021 18:28:27.446 INFO [http-nio-8084-exec-49] org.apache.catalina.core.ApplicationContext.log Manager: list: Listing contexts for virtual host 'localhost'
19-Jan-2021 18:28:27.497 INFO [http-nio-8084-exec-42] org.apache.catalina.core.ApplicationContext.log Manager: undeploy: Undeploying web application at '/WEMCOMPRIN1'
19-Jan-2021 18:28:28.031 INFO [http-nio-8084-exec-45] org.apache.catalina.core.ApplicationContext.log Manager: install: Installing context configuration at 'file:/var/folders/h0/c85z4t193ql1f1s5fjrnlpb40000gn/T/context2530762975402412117.xml'
19-Jan-2021 18:28:29.002 INFO [http-nio-8084-exec-49] org.apache.catalina.core.ApplicationContext.log Manager: start: Starting web application '/WEMCOMPRIN1'
19-Jan-2021 18:29:50.352 INFO [http-nio-8084-exec-56] org.apache.catalina.core.ApplicationContext.log Manager: list: Listing contexts for virtual host 'localhost'
