08-Jan-2021 14:49:41.219 INFO [http-nio-8084-exec-5] org.apache.catalina.core.ApplicationContext.log Manager: init: Associated with Deployer 'Catalina:type=Deployer,host=localhost'
08-Jan-2021 14:49:41.220 INFO [http-nio-8084-exec-5] org.apache.catalina.core.ApplicationContext.log Manager: init: Global resources are available
08-Jan-2021 14:49:41.310 INFO [http-nio-8084-exec-3] org.apache.catalina.core.ApplicationContext.log Manager: list: Listing contexts for virtual host 'localhost'
08-Jan-2021 14:49:41.339 INFO [http-nio-8084-exec-9] org.apache.catalina.core.ApplicationContext.log Manager: list: Listing contexts for virtual host 'localhost'
08-Jan-2021 14:49:41.367 INFO [http-nio-8084-exec-1] org.apache.catalina.core.ApplicationContext.log Manager: install: Installing context configuration at 'file:/var/folders/h0/c85z4t193ql1f1s5fjrnlpb40000gn/T/context11723033263757424100.xml'
08-Jan-2021 14:49:42.542 INFO [http-nio-8084-exec-2] org.apache.catalina.core.ApplicationContext.log Manager: start: Starting web application '/NuevaAgendaWebJPA'
08-Jan-2021 14:50:53.636 INFO [http-nio-8084-exec-10] org.apache.catalina.core.ApplicationContext.log Manager: list: Listing contexts for virtual host 'localhost'
08-Jan-2021 14:50:53.722 INFO [http-nio-8084-exec-8] org.apache.catalina.core.ApplicationContext.log Manager: restart: Reloading web application '/NuevaAgendaWebJPA'
08-Jan-2021 14:51:36.839 INFO [http-nio-8084-exec-3] org.apache.catalina.core.ApplicationContext.log Manager: init: Associated with Deployer 'Catalina:type=Deployer,host=localhost'
08-Jan-2021 14:51:36.839 INFO [http-nio-8084-exec-3] org.apache.catalina.core.ApplicationContext.log Manager: init: Global resources are available
08-Jan-2021 14:51:36.873 INFO [http-nio-8084-exec-4] org.apache.catalina.core.ApplicationContext.log Manager: list: Listing contexts for virtual host 'localhost'
08-Jan-2021 14:51:36.888 INFO [http-nio-8084-exec-5] org.apache.catalina.core.ApplicationContext.log Manager: list: Listing contexts for virtual host 'localhost'
08-Jan-2021 14:51:36.909 INFO [http-nio-8084-exec-6] org.apache.catalina.core.ApplicationContext.log Manager: undeploy: Undeploying web application at '/NuevaAgendaWebJPA'
08-Jan-2021 14:51:37.459 INFO [http-nio-8084-exec-4] org.apache.catalina.core.ApplicationContext.log Manager: install: Installing context configuration at 'file:/var/folders/h0/c85z4t193ql1f1s5fjrnlpb40000gn/T/context5585328959328750628.xml'
08-Jan-2021 14:51:38.751 INFO [http-nio-8084-exec-9] org.apache.catalina.core.ApplicationContext.log Manager: start: Starting web application '/NuevaAgendaWebJPA'
08-Jan-2021 14:51:54.409 INFO [http-nio-8084-exec-10] org.apache.catalina.core.ApplicationContext.log Manager: list: Listing contexts for virtual host 'localhost'
08-Jan-2021 14:51:54.417 INFO [http-nio-8084-exec-11] org.apache.catalina.core.ApplicationContext.log Manager: list: Listing contexts for virtual host 'localhost'
08-Jan-2021 14:51:54.431 INFO [http-nio-8084-exec-12] org.apache.catalina.core.ApplicationContext.log Manager: undeploy: Undeploying web application at '/NuevaAgendaWebJPA'
08-Jan-2021 14:51:54.975 INFO [http-nio-8084-exec-3] org.apache.catalina.core.ApplicationContext.log Manager: install: Installing context configuration at 'file:/var/folders/h0/c85z4t193ql1f1s5fjrnlpb40000gn/T/context18278600005857501611.xml'
08-Jan-2021 14:51:56.503 INFO [http-nio-8084-exec-13] org.apache.catalina.core.ApplicationContext.log Manager: start: Starting web application '/NuevaAgendaWebJPA'
08-Jan-2021 14:53:12.240 INFO [http-nio-8084-exec-22] org.apache.catalina.core.ApplicationContext.log Manager: list: Listing contexts for virtual host 'localhost'
08-Jan-2021 14:53:12.256 INFO [http-nio-8084-exec-14] org.apache.catalina.core.ApplicationContext.log Manager: list: Listing contexts for virtual host 'localhost'
08-Jan-2021 14:53:12.275 INFO [http-nio-8084-exec-23] org.apache.catalina.core.ApplicationContext.log Manager: undeploy: Undeploying web application at '/NuevaAgendaWebJPA'
08-Jan-2021 14:53:12.930 INFO [http-nio-8084-exec-16] org.apache.catalina.core.ApplicationContext.log Manager: install: Installing context configuration at 'file:/var/folders/h0/c85z4t193ql1f1s5fjrnlpb40000gn/T/context921728484767880157.xml'
08-Jan-2021 14:53:18.564 INFO [http-nio-8084-exec-18] org.apache.catalina.core.ApplicationContext.log Manager: start: Starting web application '/NuevaAgendaWebJPA'
08-Jan-2021 14:54:34.166 INFO [http-nio-8084-exec-26] org.apache.catalina.core.ApplicationContext.log Manager: list: Listing contexts for virtual host 'localhost'
08-Jan-2021 14:54:34.190 INFO [http-nio-8084-exec-27] org.apache.catalina.core.ApplicationContext.log Manager: undeploy: Undeploying web application at '/NuevaAgendaWebJPA'
08-Jan-2021 14:54:34.729 INFO [http-nio-8084-exec-29] org.apache.catalina.core.ApplicationContext.log Manager: install: Installing context configuration at 'file:/var/folders/h0/c85z4t193ql1f1s5fjrnlpb40000gn/T/context1670507615587193984.xml'
08-Jan-2021 14:54:39.597 INFO [http-nio-8084-exec-17] org.apache.catalina.core.ApplicationContext.log Manager: list: Listing contexts for virtual host 'localhost'
08-Jan-2021 14:54:39.615 INFO [http-nio-8084-exec-30] org.apache.catalina.core.ApplicationContext.log Manager: list: Listing contexts for virtual host 'localhost'
08-Jan-2021 14:54:39.644 INFO [http-nio-8084-exec-32] org.apache.catalina.core.ApplicationContext.log Manager: undeploy: Undeploying web application at '/NuevaAgendaWebJPA'
08-Jan-2021 14:54:40.183 INFO [http-nio-8084-exec-31] org.apache.catalina.core.ApplicationContext.log Manager: install: Installing context configuration at 'file:/var/folders/h0/c85z4t193ql1f1s5fjrnlpb40000gn/T/context3024879827342047589.xml'
08-Jan-2021 14:54:41.415 INFO [http-nio-8084-exec-30] org.apache.catalina.core.ApplicationContext.log Manager: start: Starting web application '/NuevaAgendaWebJPA/login.html'
08-Jan-2021 14:55:34.216 INFO [http-nio-8084-exec-28] org.apache.catalina.core.ApplicationContext.log Manager: list: Listing contexts for virtual host 'localhost'
08-Jan-2021 14:55:34.233 INFO [http-nio-8084-exec-17] org.apache.catalina.core.ApplicationContext.log Manager: undeploy: Undeploying web application at '/NuevaAgendaWebJPA/login.html'
08-Jan-2021 14:55:34.755 INFO [http-nio-8084-exec-40] org.apache.catalina.core.ApplicationContext.log Manager: install: Installing context configuration at 'file:/var/folders/h0/c85z4t193ql1f1s5fjrnlpb40000gn/T/context17419496499742310259.xml'
08-Jan-2021 14:55:37.156 INFO [http-nio-8084-exec-34] org.apache.catalina.core.ApplicationContext.log Manager: list: Listing contexts for virtual host 'localhost'
08-Jan-2021 14:55:37.178 INFO [http-nio-8084-exec-28] org.apache.catalina.core.ApplicationContext.log Manager: list: Listing contexts for virtual host 'localhost'
08-Jan-2021 14:55:37.227 INFO [http-nio-8084-exec-41] org.apache.catalina.core.ApplicationContext.log Manager: undeploy: Undeploying web application at '/NuevaAgendaWebJPA/login.html'
08-Jan-2021 14:55:37.754 INFO [http-nio-8084-exec-40] org.apache.catalina.core.ApplicationContext.log Manager: install: Installing context configuration at 'file:/var/folders/h0/c85z4t193ql1f1s5fjrnlpb40000gn/T/context7121277896066904547.xml'
08-Jan-2021 14:55:38.659 INFO [http-nio-8084-exec-39] org.apache.catalina.core.ApplicationContext.log Manager: start: Starting web application '/NuevaAgendaWebJPA'
08-Jan-2021 14:56:36.841 INFO [http-nio-8084-exec-42] org.apache.catalina.core.ApplicationContext.log Manager: list: Listing contexts for virtual host 'localhost'
08-Jan-2021 14:56:36.873 INFO [http-nio-8084-exec-41] org.apache.catalina.core.ApplicationContext.log Manager: restart: Reloading web application '/NuevaAgendaWebJPA'
08-Jan-2021 14:56:41.261 INFO [http-nio-8084-exec-37] org.apache.catalina.core.ApplicationContext.log Manager: list: Listing contexts for virtual host 'localhost'
08-Jan-2021 14:56:41.287 INFO [http-nio-8084-exec-48] org.apache.catalina.core.ApplicationContext.log Manager: undeploy: Undeploying web application at '/NuevaAgendaWebJPA'
08-Jan-2021 14:57:31.195 INFO [http-nio-8084-exec-42] org.apache.catalina.core.ApplicationContext.log Manager: list: Listing contexts for virtual host 'localhost'
08-Jan-2021 14:57:31.205 INFO [http-nio-8084-exec-45] org.apache.catalina.core.ApplicationContext.log Manager: list: Listing contexts for virtual host 'localhost'
08-Jan-2021 14:57:31.294 INFO [http-nio-8084-exec-17] org.apache.catalina.core.ApplicationContext.log Manager: install: Installing context configuration at 'file:/var/folders/h0/c85z4t193ql1f1s5fjrnlpb40000gn/T/context5372220529890879513.xml'
08-Jan-2021 14:57:33.526 INFO [http-nio-8084-exec-48] org.apache.catalina.core.ApplicationContext.log Manager: start: Starting web application '/NuevaAgendaWebJPA'
08-Jan-2021 14:58:15.460 INFO [http-nio-8084-exec-49] org.apache.catalina.core.ApplicationContext.log Manager: list: Listing contexts for virtual host 'localhost'
08-Jan-2021 14:58:15.560 INFO [http-nio-8084-exec-42] org.apache.catalina.core.ApplicationContext.log Manager: restart: Reloading web application '/NuevaAgendaWebJPA'
08-Jan-2021 14:58:24.976 INFO [http-nio-8084-exec-45] org.apache.catalina.core.ApplicationContext.log Manager: list: Listing contexts for virtual host 'localhost'
08-Jan-2021 14:58:25.003 INFO [http-nio-8084-exec-51] org.apache.catalina.core.ApplicationContext.log Manager: list: Listing contexts for virtual host 'localhost'
08-Jan-2021 14:58:25.017 INFO [http-nio-8084-exec-48] org.apache.catalina.core.ApplicationContext.log Manager: undeploy: Undeploying web application at '/NuevaAgendaWebJPA'
08-Jan-2021 14:58:25.538 INFO [http-nio-8084-exec-54] org.apache.catalina.core.ApplicationContext.log Manager: install: Installing context configuration at 'file:/var/folders/h0/c85z4t193ql1f1s5fjrnlpb40000gn/T/context3608844872245293075.xml'
08-Jan-2021 14:58:26.494 INFO [http-nio-8084-exec-57] org.apache.catalina.core.ApplicationContext.log Manager: start: Starting web application '/NuevaAgendaWebJPA'
08-Jan-2021 15:31:21.910 INFO [http-nio-8084-exec-6] org.apache.catalina.core.ApplicationContext.log Manager: init: Associated with Deployer 'Catalina:type=Deployer,host=localhost'
08-Jan-2021 15:31:21.910 INFO [http-nio-8084-exec-6] org.apache.catalina.core.ApplicationContext.log Manager: init: Global resources are available
08-Jan-2021 15:31:21.972 INFO [http-nio-8084-exec-6] org.apache.catalina.core.ApplicationContext.log Manager: list: Listing contexts for virtual host 'localhost'
08-Jan-2021 15:31:22.003 INFO [http-nio-8084-exec-10] org.apache.catalina.core.ApplicationContext.log Manager: list: Listing contexts for virtual host 'localhost'
08-Jan-2021 15:31:22.044 INFO [http-nio-8084-exec-1] org.apache.catalina.core.ApplicationContext.log Manager: install: Installing context configuration at 'file:/var/folders/h0/c85z4t193ql1f1s5fjrnlpb40000gn/T/context2233381845798171569.xml'
08-Jan-2021 15:31:22.106 INFO [http-nio-8084-exec-2] org.apache.catalina.core.ApplicationContext.log Manager: start: Starting web application '/WebComprin'
08-Jan-2021 15:48:39.759 INFO [http-nio-8084-exec-5] org.apache.catalina.core.ApplicationContext.log Manager: list: Listing contexts for virtual host 'localhost'
08-Jan-2021 15:48:39.776 INFO [http-nio-8084-exec-4] org.apache.catalina.core.ApplicationContext.log Manager: undeploy: Undeploying web application at '/WebComprin'
08-Jan-2021 15:57:44.751 INFO [http-nio-8084-exec-13] org.apache.catalina.core.ApplicationContext.log Manager: list: Listing contexts for virtual host 'localhost'
08-Jan-2021 16:01:25.324 INFO [http-nio-8084-exec-16] org.apache.catalina.core.ApplicationContext.log Manager: list: Listing contexts for virtual host 'localhost'
08-Jan-2021 16:01:25.652 INFO [http-nio-8084-exec-15] org.apache.catalina.core.ApplicationContext.log Manager: list: Listing contexts for virtual host 'localhost'
08-Jan-2021 16:01:31.492 INFO [http-nio-8084-exec-18] org.apache.catalina.core.ApplicationContext.log Manager: list: Listing contexts for virtual host 'localhost'
08-Jan-2021 16:01:38.313 INFO [http-nio-8084-exec-12] org.apache.catalina.core.ApplicationContext.log Manager: list: Listing contexts for virtual host 'localhost'
08-Jan-2021 16:01:41.351 INFO [http-nio-8084-exec-20] org.apache.catalina.core.ApplicationContext.log Manager: list: Listing contexts for virtual host 'localhost'
08-Jan-2021 16:01:52.985 INFO [http-nio-8084-exec-16] org.apache.catalina.core.ApplicationContext.log Manager: list: Listing contexts for virtual host 'localhost'
08-Jan-2021 16:09:52.695 INFO [http-nio-8084-exec-12] org.apache.catalina.core.ApplicationContext.log Manager: list: Listing contexts for virtual host 'localhost'
08-Jan-2021 16:09:53.028 INFO [http-nio-8084-exec-17] org.apache.catalina.core.ApplicationContext.log Manager: list: Listing contexts for virtual host 'localhost'
08-Jan-2021 16:09:53.635 INFO [http-nio-8084-exec-16] org.apache.catalina.core.ApplicationContext.log Manager: list: Listing contexts for virtual host 'localhost'
08-Jan-2021 16:10:03.955 INFO [http-nio-8084-exec-19] org.apache.catalina.core.ApplicationContext.log Manager: list: Listing contexts for virtual host 'localhost'
08-Jan-2021 16:10:39.210 INFO [http-nio-8084-exec-13] org.apache.catalina.core.ApplicationContext.log Manager: list: Listing contexts for virtual host 'localhost'
08-Jan-2021 16:10:39.560 INFO [http-nio-8084-exec-12] org.apache.catalina.core.ApplicationContext.log Manager: list: Listing contexts for virtual host 'localhost'
08-Jan-2021 16:15:50.239 INFO [http-nio-8084-exec-14] org.apache.catalina.core.ApplicationContext.log Manager: list: Listing contexts for virtual host 'localhost'
08-Jan-2021 16:16:07.099 INFO [http-nio-8084-exec-16] org.apache.catalina.core.ApplicationContext.log Manager: list: Listing contexts for virtual host 'localhost'
08-Jan-2021 16:16:13.554 INFO [http-nio-8084-exec-19] org.apache.catalina.core.ApplicationContext.log Manager: list: Listing contexts for virtual host 'localhost'
08-Jan-2021 16:18:13.363 INFO [http-nio-8084-exec-11] org.apache.catalina.core.ApplicationContext.log Manager: list: Listing contexts for virtual host 'localhost'
08-Jan-2021 16:38:35.223 INFO [http-nio-8084-exec-6] org.apache.catalina.core.ApplicationContext.log Manager: init: Associated with Deployer 'Catalina:type=Deployer,host=localhost'
08-Jan-2021 16:38:35.223 INFO [http-nio-8084-exec-6] org.apache.catalina.core.ApplicationContext.log Manager: init: Global resources are available
08-Jan-2021 16:38:35.259 INFO [http-nio-8084-exec-9] org.apache.catalina.core.ApplicationContext.log Manager: list: Listing contexts for virtual host 'localhost'
08-Jan-2021 16:38:35.276 INFO [http-nio-8084-exec-1] org.apache.catalina.core.ApplicationContext.log Manager: list: Listing contexts for virtual host 'localhost'
08-Jan-2021 16:38:35.319 INFO [http-nio-8084-exec-10] org.apache.catalina.core.ApplicationContext.log Manager: install: Installing context configuration at 'file:/var/folders/h0/c85z4t193ql1f1s5fjrnlpb40000gn/T/context2640503960769270323.xml'
08-Jan-2021 16:38:38.112 INFO [http-nio-8084-exec-2] org.apache.catalina.core.ApplicationContext.log Manager: start: Starting web application '/Wcom'
08-Jan-2021 16:39:27.983 INFO [http-nio-8084-exec-9] org.apache.catalina.core.ApplicationContext.log Manager: list: Listing contexts for virtual host 'localhost'
08-Jan-2021 16:39:40.696 INFO [http-nio-8084-exec-7] org.apache.catalina.core.ApplicationContext.log Manager: init: Associated with Deployer 'Catalina:type=Deployer,host=localhost'
08-Jan-2021 16:39:40.696 INFO [http-nio-8084-exec-7] org.apache.catalina.core.ApplicationContext.log Manager: init: Global resources are available
08-Jan-2021 16:39:40.746 INFO [http-nio-8084-exec-9] org.apache.catalina.core.ApplicationContext.log Manager: list: Listing contexts for virtual host 'localhost'
08-Jan-2021 16:39:40.756 INFO [http-nio-8084-exec-6] org.apache.catalina.core.ApplicationContext.log Manager: list: Listing contexts for virtual host 'localhost'
08-Jan-2021 16:39:40.777 INFO [http-nio-8084-exec-7] org.apache.catalina.core.ApplicationContext.log Manager: undeploy: Undeploying web application at '/Wcom'
08-Jan-2021 16:39:41.324 INFO [http-nio-8084-exec-10] org.apache.catalina.core.ApplicationContext.log Manager: install: Installing context configuration at 'file:/var/folders/h0/c85z4t193ql1f1s5fjrnlpb40000gn/T/context5491369910815783560.xml'
08-Jan-2021 16:39:42.350 INFO [http-nio-8084-exec-10] org.apache.catalina.core.ApplicationContext.log Manager: start: Starting web application '/Wcom'
08-Jan-2021 16:40:04.326 INFO [http-nio-8084-exec-14] org.apache.catalina.core.ApplicationContext.log Manager: list: Listing contexts for virtual host 'localhost'
08-Jan-2021 16:40:15.846 INFO [http-nio-8084-exec-1] org.apache.catalina.core.ApplicationContext.log Manager: init: Associated with Deployer 'Catalina:type=Deployer,host=localhost'
08-Jan-2021 16:40:15.847 INFO [http-nio-8084-exec-1] org.apache.catalina.core.ApplicationContext.log Manager: init: Global resources are available
08-Jan-2021 16:40:15.848 INFO [http-nio-8084-exec-1] org.apache.catalina.core.ApplicationContext.log Manager: list: Listing contexts for virtual host 'localhost'
08-Jan-2021 16:40:15.867 INFO [http-nio-8084-exec-9] org.apache.catalina.core.ApplicationContext.log Manager: list: Listing contexts for virtual host 'localhost'
08-Jan-2021 16:40:15.892 INFO [http-nio-8084-exec-4] org.apache.catalina.core.ApplicationContext.log Manager: undeploy: Undeploying web application at '/Wcom'
08-Jan-2021 16:40:16.447 INFO [http-nio-8084-exec-1] org.apache.catalina.core.ApplicationContext.log Manager: install: Installing context configuration at 'file:/var/folders/h0/c85z4t193ql1f1s5fjrnlpb40000gn/T/context8864115313942677389.xml'
08-Jan-2021 16:40:17.402 INFO [http-nio-8084-exec-1] org.apache.catalina.core.ApplicationContext.log Manager: start: Starting web application '/Wcom'
08-Jan-2021 16:42:56.941 INFO [http-nio-8084-exec-13] org.apache.catalina.core.ApplicationContext.log Manager: list: Listing contexts for virtual host 'localhost'
08-Jan-2021 16:42:56.950 INFO [http-nio-8084-exec-16] org.apache.catalina.core.ApplicationContext.log Manager: list: Listing contexts for virtual host 'localhost'
08-Jan-2021 16:42:56.994 INFO [http-nio-8084-exec-12] org.apache.catalina.core.ApplicationContext.log Manager: undeploy: Undeploying web application at '/Wcom'
08-Jan-2021 16:42:57.535 INFO [http-nio-8084-exec-16] org.apache.catalina.core.ApplicationContext.log Manager: install: Installing context configuration at 'file:/var/folders/h0/c85z4t193ql1f1s5fjrnlpb40000gn/T/context13532085281957160839.xml'
08-Jan-2021 16:42:58.657 INFO [http-nio-8084-exec-13] org.apache.catalina.core.ApplicationContext.log Manager: start: Starting web application '/Wcom'
08-Jan-2021 16:46:00.746 INFO [http-nio-8084-exec-21] org.apache.catalina.core.ApplicationContext.log Manager: list: Listing contexts for virtual host 'localhost'
08-Jan-2021 16:46:00.874 INFO [http-nio-8084-exec-23] org.apache.catalina.core.ApplicationContext.log Manager: restart: Reloading web application '/Wcom'
08-Jan-2021 16:46:03.857 INFO [http-nio-8084-exec-29] org.apache.catalina.core.ApplicationContext.log Manager: list: Listing contexts for virtual host 'localhost'
08-Jan-2021 16:46:03.888 INFO [http-nio-8084-exec-22] org.apache.catalina.core.ApplicationContext.log Manager: restart: Reloading web application '/Wcom'
08-Jan-2021 16:47:44.098 INFO [http-nio-8084-exec-35] org.apache.catalina.core.ApplicationContext.log Manager: list: Listing contexts for virtual host 'localhost'
08-Jan-2021 16:47:44.118 INFO [http-nio-8084-exec-28] org.apache.catalina.core.ApplicationContext.log Manager: restart: Reloading web application '/Wcom'
08-Jan-2021 16:47:56.719 INFO [http-nio-8084-exec-34] org.apache.catalina.core.ApplicationContext.log Manager: list: Listing contexts for virtual host 'localhost'
08-Jan-2021 16:47:56.740 INFO [http-nio-8084-exec-36] org.apache.catalina.core.ApplicationContext.log Manager: list: Listing contexts for virtual host 'localhost'
08-Jan-2021 16:47:56.758 INFO [http-nio-8084-exec-30] org.apache.catalina.core.ApplicationContext.log Manager: undeploy: Undeploying web application at '/Wcom'
08-Jan-2021 16:47:57.299 INFO [http-nio-8084-exec-26] org.apache.catalina.core.ApplicationContext.log Manager: install: Installing context configuration at 'file:/var/folders/h0/c85z4t193ql1f1s5fjrnlpb40000gn/T/context3398837941370551299.xml'
08-Jan-2021 16:47:58.414 INFO [http-nio-8084-exec-37] org.apache.catalina.core.ApplicationContext.log Manager: start: Starting web application '/Wcom'
08-Jan-2021 16:50:08.060 INFO [http-nio-8084-exec-44] org.apache.catalina.core.ApplicationContext.log Manager: list: Listing contexts for virtual host 'localhost'
08-Jan-2021 16:50:08.084 INFO [http-nio-8084-exec-38] org.apache.catalina.core.ApplicationContext.log Manager: list: Listing contexts for virtual host 'localhost'
08-Jan-2021 16:50:08.090 INFO [http-nio-8084-exec-39] org.apache.catalina.core.ApplicationContext.log Manager: list: Listing contexts for virtual host 'localhost'
08-Jan-2021 16:50:08.105 INFO [http-nio-8084-exec-40] org.apache.catalina.core.ApplicationContext.log Manager: undeploy: Undeploying web application at '/Wcom'
08-Jan-2021 16:50:08.650 INFO [http-nio-8084-exec-43] org.apache.catalina.core.ApplicationContext.log Manager: restart: Reloading web application '/Wcom'
08-Jan-2021 16:50:08.661 INFO [http-nio-8084-exec-44] org.apache.catalina.core.ApplicationContext.log Manager: install: Installing context configuration at 'file:/var/folders/h0/c85z4t193ql1f1s5fjrnlpb40000gn/T/context11221272732108701704.xml'
08-Jan-2021 16:50:10.253 INFO [http-nio-8084-exec-38] org.apache.catalina.core.ApplicationContext.log Manager: start: Starting web application '/Wcom'
08-Jan-2021 17:18:10.616 INFO [http-nio-8084-exec-52] org.apache.catalina.core.ApplicationContext.log Manager: list: Listing contexts for virtual host 'localhost'
08-Jan-2021 17:18:10.626 INFO [http-nio-8084-exec-53] org.apache.catalina.core.ApplicationContext.log Manager: list: Listing contexts for virtual host 'localhost'
08-Jan-2021 17:18:10.641 INFO [http-nio-8084-exec-54] org.apache.catalina.core.ApplicationContext.log Manager: undeploy: Undeploying web application at '/Wcom'
08-Jan-2021 17:18:11.165 INFO [http-nio-8084-exec-48] org.apache.catalina.core.ApplicationContext.log Manager: install: Installing context configuration at 'file:/var/folders/h0/c85z4t193ql1f1s5fjrnlpb40000gn/T/context6680755933284082365.xml'
08-Jan-2021 17:18:12.475 INFO [http-nio-8084-exec-52] org.apache.catalina.core.ApplicationContext.log Manager: start: Starting web application '/Wcom'
08-Jan-2021 17:18:13.250 INFO [http-nio-8084-exec-57] org.apache.catalina.core.ApplicationContext.log Manager: list: Listing contexts for virtual host 'localhost'
08-Jan-2021 17:18:13.281 INFO [http-nio-8084-exec-58] org.apache.catalina.core.ApplicationContext.log Manager: list: Listing contexts for virtual host 'localhost'
08-Jan-2021 17:18:13.301 INFO [http-nio-8084-exec-52] org.apache.catalina.core.ApplicationContext.log Manager: undeploy: Undeploying web application at '/Wcom'
08-Jan-2021 17:18:13.825 INFO [http-nio-8084-exec-55] org.apache.catalina.core.ApplicationContext.log Manager: install: Installing context configuration at 'file:/var/folders/h0/c85z4t193ql1f1s5fjrnlpb40000gn/T/context9878122089569749678.xml'
08-Jan-2021 17:18:14.565 INFO [http-nio-8084-exec-49] org.apache.catalina.core.ApplicationContext.log Manager: start: Starting web application '/Wcom'
08-Jan-2021 17:21:51.218 INFO [http-nio-8084-exec-61] org.apache.catalina.core.ApplicationContext.log Manager: list: Listing contexts for virtual host 'localhost'
08-Jan-2021 17:21:51.234 INFO [http-nio-8084-exec-63] org.apache.catalina.core.ApplicationContext.log Manager: restart: Reloading web application '/Wcom'
08-Jan-2021 17:27:31.533 INFO [http-nio-8084-exec-70] org.apache.catalina.core.ApplicationContext.log Manager: list: Listing contexts for virtual host 'localhost'
08-Jan-2021 17:27:32.485 INFO [http-nio-8084-exec-70] org.apache.catalina.core.ApplicationContext.log Manager: list: Listing contexts for virtual host 'localhost'
08-Jan-2021 17:27:32.495 INFO [http-nio-8084-exec-71] org.apache.catalina.core.ApplicationContext.log Manager: list: Listing contexts for virtual host 'localhost'
08-Jan-2021 17:27:32.516 INFO [http-nio-8084-exec-72] org.apache.catalina.core.ApplicationContext.log Manager: undeploy: Undeploying web application at '/Wcom'
08-Jan-2021 17:27:33.047 INFO [http-nio-8084-exec-78] org.apache.catalina.core.ApplicationContext.log Manager: install: Installing context configuration at 'file:/var/folders/h0/c85z4t193ql1f1s5fjrnlpb40000gn/T/context18001335391380666297.xml'
08-Jan-2021 17:27:34.012 INFO [http-nio-8084-exec-69] org.apache.catalina.core.ApplicationContext.log Manager: start: Starting web application '/Wcom'
08-Jan-2021 17:30:09.732 INFO [http-nio-8084-exec-80] org.apache.catalina.core.ApplicationContext.log Manager: list: Listing contexts for virtual host 'localhost'
08-Jan-2021 17:30:09.747 INFO [http-nio-8084-exec-82] org.apache.catalina.core.ApplicationContext.log Manager: restart: Reloading web application '/Wcom'
08-Jan-2021 17:30:10.411 INFO [http-nio-8084-exec-87] org.apache.catalina.core.ApplicationContext.log Manager: list: Listing contexts for virtual host 'localhost'
08-Jan-2021 17:30:10.432 INFO [http-nio-8084-exec-70] org.apache.catalina.core.ApplicationContext.log Manager: list: Listing contexts for virtual host 'localhost'
08-Jan-2021 17:30:11.136 INFO [http-nio-8084-exec-87] org.apache.catalina.core.ApplicationContext.log Manager: undeploy: Undeploying web application at '/Wcom'
08-Jan-2021 17:30:11.668 INFO [http-nio-8084-exec-86] org.apache.catalina.core.ApplicationContext.log Manager: install: Installing context configuration at 'file:/var/folders/h0/c85z4t193ql1f1s5fjrnlpb40000gn/T/context12145691012872417128.xml'
08-Jan-2021 17:30:12.605 INFO [http-nio-8084-exec-80] org.apache.catalina.core.ApplicationContext.log Manager: start: Starting web application '/Wcom'
08-Jan-2021 17:31:23.217 INFO [http-nio-8084-exec-90] org.apache.catalina.core.ApplicationContext.log Manager: list: Listing contexts for virtual host 'localhost'
08-Jan-2021 17:31:23.245 INFO [http-nio-8084-exec-80] org.apache.catalina.core.ApplicationContext.log Manager: list: Listing contexts for virtual host 'localhost'
08-Jan-2021 17:31:23.246 INFO [http-nio-8084-exec-89] org.apache.catalina.core.ApplicationContext.log Manager: restart: Reloading web application '/Wcom'
08-Jan-2021 17:31:23.273 INFO [http-nio-8084-exec-90] org.apache.catalina.core.ApplicationContext.log Manager: list: Listing contexts for virtual host 'localhost'
08-Jan-2021 17:31:24.412 INFO [http-nio-8084-exec-70] org.apache.catalina.core.ApplicationContext.log Manager: undeploy: Undeploying web application at '/Wcom'
08-Jan-2021 17:31:24.941 INFO [http-nio-8084-exec-96] org.apache.catalina.core.ApplicationContext.log Manager: install: Installing context configuration at 'file:/var/folders/h0/c85z4t193ql1f1s5fjrnlpb40000gn/T/context8756653755728560231.xml'
08-Jan-2021 17:31:26.271 INFO [http-nio-8084-exec-90] org.apache.catalina.core.ApplicationContext.log Manager: start: Starting web application '/Wcom'
08-Jan-2021 17:34:21.068 INFO [http-nio-8084-exec-33] org.apache.catalina.core.ApplicationContext.log Manager: init: Associated with Deployer 'Catalina:type=Deployer,host=localhost'
08-Jan-2021 17:34:21.068 INFO [http-nio-8084-exec-33] org.apache.catalina.core.ApplicationContext.log Manager: init: Global resources are available
08-Jan-2021 17:37:34.802 INFO [http-nio-8084-exec-7] org.apache.catalina.core.ApplicationContext.log Manager: init: Associated with Deployer 'Catalina:type=Deployer,host=localhost'
08-Jan-2021 17:37:34.803 INFO [http-nio-8084-exec-7] org.apache.catalina.core.ApplicationContext.log Manager: init: Global resources are available
08-Jan-2021 17:37:34.888 INFO [http-nio-8084-exec-1] org.apache.catalina.core.ApplicationContext.log Manager: list: Listing contexts for virtual host 'localhost'
08-Jan-2021 17:37:34.907 INFO [http-nio-8084-exec-3] org.apache.catalina.core.ApplicationContext.log Manager: list: Listing contexts for virtual host 'localhost'
08-Jan-2021 17:37:34.934 INFO [http-nio-8084-exec-2] org.apache.catalina.core.ApplicationContext.log Manager: undeploy: Undeploying web application at '/Wcom'
08-Jan-2021 17:37:35.494 INFO [http-nio-8084-exec-9] org.apache.catalina.core.ApplicationContext.log Manager: install: Installing context configuration at 'file:/var/folders/h0/c85z4t193ql1f1s5fjrnlpb40000gn/T/context5861173735581775116.xml'
08-Jan-2021 17:37:37.308 INFO [http-nio-8084-exec-3] org.apache.catalina.core.ApplicationContext.log Manager: start: Starting web application '/Wcom'
08-Jan-2021 17:38:19.448 INFO [http-nio-8084-exec-17] org.apache.catalina.core.ApplicationContext.log Manager: list: Listing contexts for virtual host 'localhost'
08-Jan-2021 17:38:19.499 INFO [http-nio-8084-exec-1] org.apache.catalina.core.ApplicationContext.log Manager: restart: Reloading web application '/Wcom'
08-Jan-2021 17:38:23.841 INFO [http-nio-8084-exec-14] org.apache.catalina.core.ApplicationContext.log Manager: list: Listing contexts for virtual host 'localhost'
08-Jan-2021 17:38:23.883 INFO [http-nio-8084-exec-18] org.apache.catalina.core.ApplicationContext.log Manager: restart: Reloading web application '/Wcom'
08-Jan-2021 17:41:18.755 INFO [http-nio-8084-exec-5] org.apache.catalina.core.ApplicationContext.log Manager: init: Associated with Deployer 'Catalina:type=Deployer,host=localhost'
08-Jan-2021 17:41:18.756 INFO [http-nio-8084-exec-5] org.apache.catalina.core.ApplicationContext.log Manager: init: Global resources are available
08-Jan-2021 17:41:18.792 INFO [http-nio-8084-exec-2] org.apache.catalina.core.ApplicationContext.log Manager: list: Listing contexts for virtual host 'localhost'
08-Jan-2021 17:41:18.803 INFO [http-nio-8084-exec-8] org.apache.catalina.core.ApplicationContext.log Manager: list: Listing contexts for virtual host 'localhost'
08-Jan-2021 17:41:18.823 INFO [http-nio-8084-exec-9] org.apache.catalina.core.ApplicationContext.log Manager: undeploy: Undeploying web application at '/Wcom'
08-Jan-2021 17:41:19.372 INFO [http-nio-8084-exec-7] org.apache.catalina.core.ApplicationContext.log Manager: install: Installing context configuration at 'file:/var/folders/h0/c85z4t193ql1f1s5fjrnlpb40000gn/T/context7007392663116225565.xml'
08-Jan-2021 17:41:20.344 INFO [http-nio-8084-exec-5] org.apache.catalina.core.ApplicationContext.log Manager: start: Starting web application '/Wcom'
08-Jan-2021 17:42:12.595 INFO [http-nio-8084-exec-13] org.apache.catalina.core.ApplicationContext.log Manager: list: Listing contexts for virtual host 'localhost'
08-Jan-2021 17:42:12.614 INFO [http-nio-8084-exec-14] org.apache.catalina.core.ApplicationContext.log Manager: undeploy: Undeploying web application at '/Wcom'
08-Jan-2021 17:42:39.145 INFO [http-nio-8084-exec-4] org.apache.catalina.core.ApplicationContext.log Manager: list: Listing contexts for virtual host 'localhost'
08-Jan-2021 17:42:39.160 INFO [http-nio-8084-exec-15] org.apache.catalina.core.ApplicationContext.log Manager: list: Listing contexts for virtual host 'localhost'
08-Jan-2021 17:42:39.186 INFO [http-nio-8084-exec-5] org.apache.catalina.core.ApplicationContext.log Manager: install: Installing context configuration at 'file:/var/folders/h0/c85z4t193ql1f1s5fjrnlpb40000gn/T/context10743473114531904913.xml'
08-Jan-2021 17:42:40.334 INFO [http-nio-8084-exec-14] org.apache.catalina.core.ApplicationContext.log Manager: start: Starting web application '/Wcom'
